Log file open, 08/15/17 10:49:32
LogInit:Display: Running engine for game: Speedy
LogPlatformFile: Not using cached read wrapper
LogInit:Display: RandInit(-169363718) SRandInit(-169363718).
LogTaskGraph: Started task graph with 5 named threads and 6 total threads with 1 sets of task threads.
LogStats: Stats thread started at 0.064768
LogInit: Using libcurl 7.47.1
LogInit:  - built for x86_64-pc-win32
LogInit:  - supports SSL with OpenSSL/1.0.2g
LogInit:  - supports HTTP deflate (compression) using libz 1.2.8
LogInit:  - other features:
LogInit:      CURL_VERSION_SSL
LogInit:      CURL_VERSION_LIBZ
LogInit:      CURL_VERSION_IPV6
LogInit:      CURL_VERSION_ASYNCHDNS
LogInit:      CURL_VERSION_LARGEFILE
LogInit:      CURL_VERSION_IDN
LogInit:  CurlRequestOptions (configurable via config and command line):
LogInit:  - bVerifyPeer = false  - Libcurl will NOT verify peer certificate
LogInit:  - bUseHttpProxy = false  - Libcurl will NOT use HTTP proxy
LogInit:  - bDontReuseConnections = false  - Libcurl will reuse connections
LogInit:  - CertBundlePath = nullptr  - Libcurl will use whatever was configured at build time.
LogInit: Build: ++UE4+Release-4.16-CL-3561208
LogInit: Engine Version: 4.16.3-3561208+++UE4+Release-4.16
LogInit: Compatible Engine Version: 4.16.0-3452394+++UE4+Release-4.16
LogInit: Net CL: 3452394
LogDevObjectVersion: Number of dev versions registered: 16
LogDevObjectVersion:   Dev-Blueprints (B0D832E4-1F89-4F0D-ACCF-7EB736FD4AA2): 9
LogDevObjectVersion:   Dev-Build (E1C64328-A22C-4D53-A36C-8E866417BD8C): 0
LogDevObjectVersion:   Dev-Core (375EC13C-06E4-48FB-B500-84F0262A717E): 2
LogDevObjectVersion:   Dev-Editor (E4B068ED-F494-42E9-A231-DA0B2E46BB41): 17
LogDevObjectVersion:   Dev-Framework (CFFC743F-43B0-4480-9391-14DF171D2073): 23
LogDevObjectVersion:   Dev-Mobile (B02B49B5-BB20-44E9-A304-32B752E40360): 0
LogDevObjectVersion:   Dev-Networking (A4E4105C-59A1-49B5-A7C5-40C4547EDFEE): 0
LogDevObjectVersion:   Dev-Online (39C831C9-5AE6-47DC-9A44-9C173E1C8E7C): 0
LogDevObjectVersion:   Dev-Physics (78F01B33-EBEA-4F98-B9B4-84EACCB95AA2): 0
LogDevObjectVersion:   Dev-Platform (6631380F-2D4D-43E0-8009-CF276956A95A): 0
LogDevObjectVersion:   Dev-Rendering (12F88B9F-8875-4AFC-A67C-D90C383ABD29): 15
LogDevObjectVersion:   Dev-Sequencer (7B5AE74C-D270-4C10-A958-57980B212A5A): 4
LogDevObjectVersion:   Dev-VR (D7296918-1DD6-4BDD-9DE2-64A83CC13884): 0
LogDevObjectVersion:   Dev-LoadTimes (C2A15278-BFE7-4AFE-6C17-90FF531DF755): 1
LogDevObjectVersion:   Private-Geometry (6EACA3D4-40EC-4CC1-B786-8BED09428FC5): 1
LogDevObjectVersion:   Dev-AnimPhys (29E575DD-E0A3-4627-9D10-D276232CDCEA): 3
LogInit: Compiled (64-bit): Jul 28 2017 11:49:47
LogInit: Compiled with Visual C++: 19.00.24215.01
LogInit: Build Configuration: Development
LogInit: Branch Name: ++UE4+Release-4.16
LogInit: Command line:  
LogInit: Base directory: D:/UE_4.16/Engine/Binaries/Win64/
LogInit: Installed Engine Build: 1
LogInit: Presizing for max 8388607 objects, including 0 objects not considered by GC, pre-allocating 0 bytes for permanent pool.
LogInit: Object subsystem initialized
[2017.08.15-01.49.32:952][  0]LogInit: Selected Device Profile: [Windows]
[2017.08.15-01.49.32:952][  0]LogInit: Applying CVar settings loaded from the selected device profile: [Windows]
[2017.08.15-01.49.32:961][  0]LogInit: Computer: DESKTOP-RM5SNBE
[2017.08.15-01.49.32:961][  0]LogInit: User: user
[2017.08.15-01.49.32:961][  0]LogInit: CPU Page size=4096, Cores=2
[2017.08.15-01.49.32:961][  0]LogInit: High frequency timer resolution =2.648442 MHz
[2017.08.15-01.49.32:961][  0]LogMemory: Memory total: Physical=7.9GB (8GB approx)
[2017.08.15-01.49.32:961][  0]LogMemory: Platform Memory Stats for Windows
[2017.08.15-01.49.32:961][  0]LogMemory: Process Physical Memory: 273.69 MB used, 273.69 MB peak
[2017.08.15-01.49.32:961][  0]LogMemory: Process Virtual Memory: 266.37 MB used, 266.37 MB peak
[2017.08.15-01.49.32:961][  0]LogMemory: Physical Memory: 2775.73 MB used,  5303.21 MB free, 8078.94 MB total
[2017.08.15-01.49.32:961][  0]LogMemory: Virtual Memory: 641.68 MB used,  5303.21 MB free, 134217728.00 MB total
[2017.08.15-01.49.33:221][  0]LogInit: Using OS detected language (ko-KR).
[2017.08.15-01.49.33:221][  0]LogInit: Using OS detected locale (ko-KR).
[2017.08.15-01.49.33:225][  0]LogTextLocalizationManager: No specific localization for 'ko-KR' exists, so the 'ko' localization will be used.
[2017.08.15-01.49.34:043][  0]LogD3D11RHI: D3D11 adapters:
[2017.08.15-01.49.34:066][  0]LogD3D11RHI:    0. 'NVIDIA GeForce 940MX' (Feature Level 11_0)
[2017.08.15-01.49.34:066][  0]LogD3D11RHI:       2019/0/4039 MB DedicatedVideo/DedicatedSystem/SharedSystem, Outputs:1, VendorId:0x10de
[2017.08.15-01.49.34:074][  0]LogD3D11RHI:    1. 'Intel(R) HD Graphics 620' (Feature Level 11_0)
[2017.08.15-01.49.34:074][  0]LogD3D11RHI:       128/0/4039 MB DedicatedVideo/DedicatedSystem/SharedSystem, Outputs:0, VendorId:0x8086
[2017.08.15-01.49.34:076][  0]LogD3D11RHI:    2. 'Microsoft Basic Render Driver' (Feature Level 11_0)
[2017.08.15-01.49.34:076][  0]LogD3D11RHI:       0/0/4039 MB DedicatedVideo/DedicatedSystem/SharedSystem, Outputs:0, VendorId:0x1414
[2017.08.15-01.49.34:076][  0]LogD3D11RHI: Chosen D3D11 Adapter: 0
[2017.08.15-01.49.34:080][  0]LogD3D11RHI: Creating new Direct3DDevice
[2017.08.15-01.49.34:080][  0]LogD3D11RHI:     GPU DeviceId: 0x134d (for the marketing name, search the web for "GPU Device Id")
[2017.08.15-01.49.34:080][  0]LogWindows: EnumDisplayDevices:
[2017.08.15-01.49.34:081][  0]LogWindows:    0. 'Intel(R) HD Graphics 620' (P:1 D:1)
[2017.08.15-01.49.34:081][  0]LogWindows:    1. 'Intel(R) HD Graphics 620' (P:0 D:0)
[2017.08.15-01.49.34:081][  0]LogWindows:    2. 'Intel(R) HD Graphics 620' (P:0 D:0)
[2017.08.15-01.49.34:081][  0]LogWindows: DebugString: PrimaryIsNotTheChoosenAdapter PrimaryIsNotTheChoosenAdapter PrimaryIsNotTheChoosenAdapter FoundDriverCount:0 
[2017.08.15-01.49.34:081][  0]LogD3D11RHI:     Adapter Name: NVIDIA GeForce 940MX
[2017.08.15-01.49.34:081][  0]LogD3D11RHI:   Driver Version: Unknown (internal:Unknown, unified:Unknown)
[2017.08.15-01.49.34:081][  0]LogD3D11RHI:      Driver Date: Unknown
[2017.08.15-01.49.34:081][  0]LogRHI: Texture pool is 1361 MB (70% of 1945 MB)
[2017.08.15-01.49.34:097][  0]LogD3D11RHI: Async texture creation enabled
[2017.08.15-01.49.34:116][  0]LogD3D11RHI: GPU Timing Frequency: 1000.000000 (Debug: 2 2)
[2017.08.15-01.49.34:116][  0]LogShaderCompilers: Guid format shader working directory is -1 characters bigger than the processId version (C:/Users/user/Documents/Unreal Projects/Speedy/Intermediate/Shaders/WorkingDirectory/9396/).
[2017.08.15-01.49.34:117][  0]LogShaderCompilers: Cleaned the shader compiler working directory 'C:/Users/user/AppData/Local/Temp/UnrealShaderWorkingDir/EC02665D4057F14E0B1420B57F33CB4D/'.
[2017.08.15-01.49.34:117][  0]LogShaderCompilers:Display: Using Local Shader Compiler.
[2017.08.15-01.49.35:480][  0]LogTemp:Display: Loaded TP AllDesktopTargetPlatform
[2017.08.15-01.49.35:528][  0]LogTemp:Display: Loaded TP MacClientTargetPlatform
[2017.08.15-01.49.35:570][  0]LogTemp:Display: Loaded TP MacNoEditorTargetPlatform
[2017.08.15-01.49.35:610][  0]LogTemp:Display: Loaded TP MacServerTargetPlatform
[2017.08.15-01.49.35:650][  0]LogTemp:Display: Loaded TP MacTargetPlatform
[2017.08.15-01.49.35:690][  0]LogTemp:Display: Loaded TP WindowsClientTargetPlatform
[2017.08.15-01.49.35:729][  0]LogTemp:Display: Loaded TP WindowsNoEditorTargetPlatform
[2017.08.15-01.49.35:769][  0]LogTemp:Display: Loaded TP WindowsServerTargetPlatform
[2017.08.15-01.49.35:802][  0]LogTemp:Display: Loaded TP WindowsTargetPlatform
[2017.08.15-01.49.35:840][  0]LogTemp:Display: Loaded TP AndroidTargetPlatform
[2017.08.15-01.49.35:878][  0]LogTemp:Display: Loaded TP Android_ASTCTargetPlatform
[2017.08.15-01.49.35:918][  0]LogTemp:Display: Loaded TP Android_ATCTargetPlatform
[2017.08.15-01.49.35:958][  0]LogTemp:Display: Loaded TP Android_DXTTargetPlatform
[2017.08.15-01.49.35:998][  0]LogTemp:Display: Loaded TP Android_ETC1TargetPlatform
[2017.08.15-01.49.36:036][  0]LogTemp:Display: Loaded TP Android_ETC2TargetPlatform
[2017.08.15-01.49.36:113][  0]LogTemp:Display: Loaded TP Android_MultiTargetPlatform
[2017.08.15-01.49.36:113][  0]LogTemp:Display: Loaded TP Android_PVRTCTargetPlatform
[2017.08.15-01.49.36:142][  0]LogTemp:Display: Loaded TP HTML5TargetPlatform
[2017.08.15-01.49.36:218][  0]LogTemp:Display: Loaded TP IOSTargetPlatform
[2017.08.15-01.49.36:241][  0]LogTemp:Display: Loaded TP TVOSTargetPlatform
[2017.08.15-01.49.36:285][  0]LogTemp:Display: Loaded TP LinuxClientTargetPlatform
[2017.08.15-01.49.36:328][  0]LogTemp:Display: Loaded TP LinuxNoEditorTargetPlatform
[2017.08.15-01.49.36:376][  0]LogTemp:Display: Loaded TP LinuxServerTargetPlatform
[2017.08.15-01.49.36:421][  0]LogTemp:Display: Loaded TP LinuxTargetPlatform
[2017.08.15-01.49.36:421][  0]LogTargetPlatformManager:Display: Building Assets For Windows
[2017.08.15-01.49.36:792][  0]LogDerivedDataCache:Display: Max Cache Size: 512 MB
[2017.08.15-01.49.36:896][  0]LogDerivedDataCache: Loaded boot cache 0.10s 90MB C:/Users/user/AppData/Local/UnrealEngine/4.16/DerivedDataCache/Boot.ddc.
[2017.08.15-01.49.36:896][  0]LogDerivedDataCache:Display: Loaded Boot cache: C:/Users/user/AppData/Local/UnrealEngine/4.16/DerivedDataCache/Boot.ddc
[2017.08.15-01.49.36:896][  0]LogDerivedDataCache: FDerivedDataBackendGraph:  Pak pak cache file C:/Users/user/Documents/Unreal Projects/Speedy/DerivedDataCache/DDC.ddp not found, will not use a pak cache.
[2017.08.15-01.49.36:896][  0]LogDerivedDataCache: Unable to find inner node Pak for hierarchical cache Hierarchy.
[2017.08.15-01.49.36:896][  0]LogDerivedDataCache: FDerivedDataBackendGraph:  CompressedPak pak cache file C:/Users/user/Documents/Unreal Projects/Speedy/DerivedDataCache/Compressed.ddp not found, will not use a pak cache.
[2017.08.15-01.49.36:896][  0]LogDerivedDataCache: Unable to find inner node CompressedPak for hierarchical cache Hierarchy.
[2017.08.15-01.49.36:912][  0]LogDerivedDataCache:Display: Pak cache opened for reading ../../../Engine/DerivedDataCache/Compressed.ddp.
[2017.08.15-01.49.36:924][  0]LogDerivedDataCache: Using Local data cache path C:/Users/user/AppData/Local/UnrealEngine/Common/DerivedDataCache: Writable
[2017.08.15-01.49.36:934][  0]LogMaterial: Verifying Global Shaders for PCD3D_SM5
[2017.08.15-01.49.36:934][  0]LogSlate: Using Freetype 2.6.0
[2017.08.15-01.49.36:934][  0]LogSlate: SlateFontCache - WITH_FREETYPE: 1, WITH_HARFBUZZ: 1
[2017.08.15-01.49.36:934][  0]LogSlate: SlateFontCache - WITH_FREETYPE: 1, WITH_HARFBUZZ: 1
[2017.08.15-01.49.37:279][  0]LogInit: Selected Device Profile: [Windows]
[2017.08.15-01.49.37:360][  0]LogContentStreaming: Texture pool size is 0.00 MB
[2017.08.15-01.49.37:495][  0]LogMeshUtilities: Using QuadricMeshReduction for automatic static mesh reduction
[2017.08.15-01.49.37:527][  0]LogSimplygon: Simplygon DLL not present - disabling.
[2017.08.15-01.49.37:562][  0]LogMeshUtilities: Using SimplygonSwarm for distributed automatic mesh merging
[2017.08.15-01.49.37:562][  0]LogMeshUtilities: No automatic skeletal mesh reduction module available
[2017.08.15-01.49.37:562][  0]LogMeshUtilities: No automatic mesh merging module available
[2017.08.15-01.49.38:087][  0]LogNetVersion: Speedy , NetCL: 3452394, EngineNetVer: 2, GameNetVer: 0 (Checksum: 418536735)
[2017.08.15-01.49.38:149][  0]LogAssetRegistry: FAssetRegistry took 0.0274 seconds to start up
[2017.08.15-01.49.38:205][  0]LogPackageLocalizationCache: Processed 4 localized package path(s) for 2 prioritized culture(s) in 0.036355 seconds
[2017.08.15-01.49.38:210][  0]LogUObjectArray: 34194 objects as part of root set at end of initial load.
[2017.08.15-01.49.38:210][  0]LogUObjectAllocator: 7260424 out of 0 bytes used by permanent object pool.
[2017.08.15-01.49.38:210][  0]LogUObjectArray: CloseDisregardForGC: 0/0 objects in disregard for GC pool
[2017.08.15-01.49.38:251][  0]LogInit: WinSock: version 1.1 (2.2), MaxSocks=32767, MaxUdp=65467
[2017.08.15-01.49.40:345][  0]LogTcpMessaging: Initializing TcpMessaging bridge
[2017.08.15-01.49.40:377][  0]LogUdpMessaging: Initializing bridge on interface 0.0.0.0:0 to multicast group 230.0.0.1:6666.
[2017.08.15-01.49.40:818][  0]LogMaterial: Uniform references updated for custom material expression Custom.
[2017.08.15-01.49.41:143][  0]SourceControl: 정보 소스 콘트롤이 꺼졌습니다.
[2017.08.15-01.49.41:145][  0]SourceControl: 정보 소스 콘트롤이 꺼졌습니다.
[2017.08.15-01.49.41:180][  0]SourceControl: 정보 소스 콘트롤이 꺼졌습니다.
[2017.08.15-01.49.41:214][  0]SourceControl: 정보 소스 콘트롤이 꺼졌습니다.
[2017.08.15-01.49.41:713][  0]LogAndroidPermission: UAndroidPermissionCallbackProxy::GetInstance
[2017.08.15-01.49.42:161][  0]LogEngine: Initializing Engine...
[2017.08.15-01.49.42:162][  0]LogHMD: Failed to initialize OpenVR with code 110
[2017.08.15-01.49.42:376][  0]LogStats: UGameplayTagsManager::ConstructGameplayTagTree: Construct from data asset -  0.000 s
[2017.08.15-01.49.42:376][  0]LogStats: UGameplayTagsManager::ConstructGameplayTagTree: GameplayTagTreeChangedEvent.Broadcast -  0.000 s
[2017.08.15-01.49.42:489][  0]LogAIModule: Creating AISystem for world Untitled
[2017.08.15-01.49.42:498][  0]LogInit: XAudio2 using 'Speakers(Realtek High Definition Audio)' : 2 channels at 48 kHz using 32 bits per sample (channel mask 0x3)
[2017.08.15-01.49.42:606][  0]LogInit: FAudioDevice initialized.
[2017.08.15-01.49.42:655][  0]LogDerivedDataCache: Saved boot cache 0.05s 90MB C:/Users/user/AppData/Local/UnrealEngine/4.16/DerivedDataCache/Boot.ddc.
[2017.08.15-01.49.42:662][  0]LogInit: Texture streaming: Enabled
[2017.08.15-01.49.42:727][  0]LogEngineSessionManager: EngineSessionManager initialized
[2017.08.15-01.49.42:883][  0]LogInit: Transaction tracking system initialized
[2017.08.15-01.49.43:105][  0]BlueprintLog: New page: 에디터 로드
[2017.08.15-01.49.43:780][  0]LocalizationService: 정보 현지화 서비스가 비활성화되었습니다.
[2017.08.15-01.49.44:274][  0]LogConsoleResponse:Display: 
[2017.08.15-01.49.44:415][  0]LogCook:Display: Max memory allowance for cook 16384mb min free memory 0mb
[2017.08.15-01.49.44:415][  0]LogCook:Display: Mobile HDR setting 0
[2017.08.15-01.49.45:168][  0]LogFileCache: Scanning file cache for directory 'C:/Users/user/Documents/Unreal Projects/Speedy/Content/' took 0.02s
[2017.08.15-01.49.45:168][  0]SourceControl: 정보 소스 콘트롤이 꺼졌습니다.
[2017.08.15-01.49.45:168][  0]Cmd: MAP LOAD FILE="C:/Users/user/Documents/Unreal Projects/Speedy/Content/2DSideScrollerBP/Maps/2DSideScrollerExampleMap.umap" TEMPLATE=0 SHOWPROGRESS=1 FEATURELEVEL=3
[2017.08.15-01.49.45:169][  0]LightingResults: New page: 라이팅 빌드
[2017.08.15-01.49.45:201][  0]MapCheck: New page: 맵 체크
[2017.08.15-01.49.45:201][  0]LightingResults: New page: 라이팅 빌드
[2017.08.15-01.49.45:408][  0]LogAIModule: Creating AISystem for world 2DSideScrollerExampleMap
[2017.08.15-01.49.45:415][  0]LogEditorServer: Finished looking for orphan Actors (0.000 secs)
[2017.08.15-01.49.45:433][  0]Cmd: MAP CHECKDEP NOCLEARLOG
[2017.08.15-01.49.45:484][  0]MapCheck: 정보 맵 체크 완료: 오류 0 회, 경고 0 회, 소요 시간 51.042ms.
[2017.08.15-01.49.45:484][  0]LogFileHelpers: Loading map '2DSideScrollerExampleMap' took 0.316
[2017.08.15-01.49.45:553][  0]LogWindowsTextInputMethodSystem:Display: IME system now activated using TSF (Microsoft 입력기).
[2017.08.15-01.49.45:641][  0]LogCollectionManager: Loaded 0 collections in 0.001033 seconds
[2017.08.15-01.49.45:717][  0]LogFileCache: Scanning file cache for directory 'C:/Users/user/Documents/Unreal Projects/Speedy/Saved/Collections/' took 0.01s
[2017.08.15-01.49.45:717][  0]LogFileCache: Scanning file cache for directory 'C:/Users/user/Documents/Unreal Projects/Speedy/Content/Developers/user/Collections/' took 0.01s
[2017.08.15-01.49.45:717][  0]LogFileCache: Scanning file cache for directory 'C:/Users/user/Documents/Unreal Projects/Speedy/Content/Collections/' took 0.01s
[2017.08.15-01.49.45:717][  0]LogCollectionManager: Rebuilt the GUID cache for 0 collections in 0.000002 seconds
[2017.08.15-01.49.45:735][  0]LogContentBrowser: Native class hierarchy populated in 0.0093 seconds. Added 2329 classes and 491 folders.
[2017.08.15-01.49.45:783][  0]LogContentBrowser: Native class hierarchy updated for 'WidgetCarousel' in 0.0006 seconds. Added 0 classes and 0 folders.
[2017.08.15-01.49.45:821][  0]LogContentBrowser: Native class hierarchy updated for 'AddContentDialog' in 0.0006 seconds. Added 0 classes and 0 folders.
[2017.08.15-01.49.45:854][  0]LogContentBrowser: Native class hierarchy updated for 'SceneOutliner' in 0.0006 seconds. Added 1 classes and 2 folders.
[2017.08.15-01.49.45:887][  0]LogCrashTracker: Crashtracker disabled due to settings.
[2017.08.15-01.49.45:894][  0]LogSlate: Took 0.000288 seconds to synchronously load lazily loaded font '../../../Engine/Content/Slate/Fonts/Roboto-Regular.ttf' (155K)
[2017.08.15-01.49.45:898][  0]LogSlate: Took 0.003190 seconds to synchronously load lazily loaded font '../../../Engine/Content/Slate/Fonts/NanumGothic.ttf' (4243K)
[2017.08.15-01.49.45:899][  0]LogSlate: Took 0.000207 seconds to synchronously load lazily loaded font '../../../Engine/Content/Slate/Fonts/Roboto-Bold.ttf' (160K)
[2017.08.15-01.49.45:904][  0]LogSlate: Took 0.000643 seconds to synchronously load lazily loaded font '../../../Engine/Content/Editor/Slate/Fonts/FontAwesome.ttf' (139K)
[2017.08.15-01.49.45:996][  0]LogRenderer: Reallocating scene render targets to support 964x436 NumSamples 1 (Frame:1).
[2017.08.15-01.49.46:121][  0]LogUObjectGlobals:Warning: 'Class 없음.' 오브젝트를 찾는 데 실패했습니다.
[2017.08.15-01.49.46:176][  0]LogContentBrowser: Native class hierarchy updated for 'HierarchicalLODOutliner' in 0.0006 seconds. Added 1 classes and 2 folders.
[2017.08.15-01.49.46:176][  0]LogLoad: (Engine Initialization) Total time: 14.46 seconds
[2017.08.15-01.49.46:176][  0]LogLoad: (Engine Initialization) Total Blueprint compile time: 0.05 seconds
[2017.08.15-01.49.46:176][  0]LogExternalProfiler: No external profilers were discovered.  External profiling features will not be available.
[2017.08.15-01.49.46:190][  0]LogOcInput: OculusInput pre-init called
[2017.08.15-01.49.46:190][  0]LogHMD: Starting GearVRController plugin
[2017.08.15-01.49.46:206][  0]LogAssetRegistry: Asset discovery search completed in 8.0793 seconds
[2017.08.15-01.49.46:207][  0]LogCollectionManager: Rebuilt the object cache for 0 collections in 0.000000 seconds (found 0 objects)
[2017.08.15-01.49.46:207][  0]LogCollectionManager: Fixed up redirectors for 0 collections in 0.000027 seconds (updated 0 objects)
[2017.08.15-01.49.46:208][  0]LogContentStreaming: Texture pool size now 1000 MB
[2017.08.15-01.49.46:231][  0]LogSlate: Took 0.000249 seconds to synchronously load lazily loaded font '../../../Engine/Content/Slate/Fonts/Roboto-Light.ttf' (159K)
[2017.08.15-01.50.40:213][ 57]LogSlate: Took 0.000202 seconds to synchronously load lazily loaded font '../../../Engine/Content/Slate/Fonts/Roboto-Light.ttf' (159K)
[2017.08.15-01.50.54:318][230]LogContentBrowser: Native class hierarchy updated for 'BlueprintGraph' in 0.0009 seconds. Added 112 classes and 0 folders.
[2017.08.15-01.51.27:255][592]LogSlate: Took 0.000481 seconds to synchronously load lazily loaded font '../../../Engine/Content/Editor/Slate/Fonts/Roboto-Italic.ttf' (157K)
[2017.08.15-01.52.46:417][761]LogSlate: Took 0.000313 seconds to synchronously load lazily loaded font '../../../Engine/Content/Editor/Slate/Fonts/Roboto-BoldCondensed.ttf' (158K)
[2017.08.15-01.53.06:726][149]LogEditorTransaction: Undo 액터 스케일을 설정합니다.
[2017.08.15-01.53.06:802][149]LogSlate: Took 0.000296 seconds to synchronously load lazily loaded font '../../../Engine/Content/Slate/Fonts/Roboto-Light.ttf' (159K)
[2017.08.15-01.54.39:082][253]LogSavePackage: Save=73.73ms
[2017.08.15-01.54.39:082][253]LogSavePackage: Moving 'C:/Users/user/Documents/Unreal Projects/Speedy/Saved/2DSideScrollerCharacter120F3FCB47D80E74C091E89F87335CE8.tmp' to 'C:/Users/user/Documents/Unreal Projects/Speedy/Content/2DSideScrollerBP/Blueprints/2DSideScrollerCharacter.uasset'
[2017.08.15-01.54.39:099][253]LogSavePackage:Display: Finished SavePackage C:/Users/user/Documents/Unreal Projects/Speedy/Content/2DSideScrollerBP/Blueprints/2DSideScrollerCharacter.uasset
[2017.08.15-01.54.40:893][356]LogActorComponent: UnregisterComponent: (/Engine/Transient.EditorFloorComp) Not registered. Aborting.
[2017.08.15-01.54.44:276][706]LogEditorViewport: Clicking on Actor (LMB): 2DSideScrollerCharacter_C (2DSideScrollerCharacter)
[2017.08.15-01.54.52:653][518]LogEditorViewport: Clicking Background
[2017.08.15-01.54.54:689][743]LogEditorViewport: Clicking on Actor (LMB): 2DSideScrollerCharacter_C (2DSideScrollerCharacter)
[2017.08.15-01.54.58:081][ 67]LogEditorViewport: Clicking Background
[2017.08.15-01.54.59:356][207]LogTemp: Repeting last play command: 선택된 뷰포트
[2017.08.15-01.54.59:398][207]LogBlueprintUserMessages: Early PlayInEditor Detection: Level '/Game/2DSideScrollerBP/Maps/2DSideScrollerExampleMap.2DSideScrollerExampleMap:PersistentLevel' has LevelScriptBlueprint '/Game/2DSideScrollerBP/Maps/2DSideScrollerExampleMap.2DSideScrollerExampleMap:PersistentLevel.2DSideScrollerExampleMap' with GeneratedClass '/Game/2DSideScrollerBP/Maps/2DSideScrollerExampleMap.2DSideScrollerExampleMap_C' with ClassGeneratedBy '/Game/2DSideScrollerBP/Maps/2DSideScrollerExampleMap.2DSideScrollerExampleMap:PersistentLevel.2DSideScrollerExampleMap'
[2017.08.15-01.54.59:398][207]BlueprintLog: New page: 플레이 전 자동 컴파일
[2017.08.15-01.54.59:398][207]LogPlayLevel: [PlayLevel] Compiling 2DSideScrollerCharacter before play...
[2017.08.15-01.54.59:421][207]LogUObjectGlobals:Warning: Guid referenced by CapsuleComponent /Game/2DSideScrollerBP/Maps/2DSideScrollerExampleMap.2DSideScrollerExampleMap:PersistentLevel.2DSideScrollerCharacter_254.CollisionCylinder is already used by CapsuleComponent /Game/2DSideScrollerBP/Maps/2DSideScrollerExampleMap.2DSideScrollerExampleMap:PersistentLevel.REINST_2DSideScrollerCharacter_C_0.CollisionCylinder, which should never happen in the editor but could happen at runtime with duplicate level loading or PIE
[2017.08.15-01.54.59:421][207]LogUObjectGlobals:Warning: Guid referenced by ArrowComponent /Game/2DSideScrollerBP/Maps/2DSideScrollerExampleMap.2DSideScrollerExampleMap:PersistentLevel.2DSideScrollerCharacter_254.Arrow is already used by ArrowComponent /Game/2DSideScrollerBP/Maps/2DSideScrollerExampleMap.2DSideScrollerExampleMap:PersistentLevel.REINST_2DSideScrollerCharacter_C_0.Arrow, which should never happen in the editor but could happen at runtime with duplicate level loading or PIE
[2017.08.15-01.54.59:421][207]LogUObjectGlobals:Warning: Guid referenced by CharacterMovementComponent /Game/2DSideScrollerBP/Maps/2DSideScrollerExampleMap.2DSideScrollerExampleMap:PersistentLevel.2DSideScrollerCharacter_254.CharMoveComp is already used by CharacterMovementComponent /Game/2DSideScrollerBP/Maps/2DSideScrollerExampleMap.2DSideScrollerExampleMap:PersistentLevel.REINST_2DSideScrollerCharacter_C_0.CharMoveComp, which should never happen in the editor but could happen at runtime with duplicate level loading or PIE
[2017.08.15-01.54.59:421][207]LogUObjectGlobals:Warning: Guid referenced by PaperFlipbookComponent /Game/2DSideScrollerBP/Maps/2DSideScrollerExampleMap.2DSideScrollerExampleMap:PersistentLevel.2DSideScrollerCharacter_254.Sprite0 is already used by PaperFlipbookComponent /Game/2DSideScrollerBP/Maps/2DSideScrollerExampleMap.2DSideScrollerExampleMap:PersistentLevel.REINST_2DSideScrollerCharacter_C_0.Sprite0, which should never happen in the editor but could happen at runtime with duplicate level loading or PIE
[2017.08.15-01.54.59:963][207]LogPlayLevel: PlayLevel: Blueprint regeneration took 565 ms (1 blueprints)
[2017.08.15-01.54.59:964][207]PIE: New page: PIE 세션: 2DSideScrollerExampleMap (2017. 8. 15. 오후 7:54:59)
[2017.08.15-01.54.59:964][207]LogPlayLevel: Creating play world package: /Game/2DSideScrollerBP/Maps/UEDPIE_0_2DSideScrollerExampleMap
[2017.08.15-01.54.59:966][207]LogPlayLevel: PIE: StaticDuplicateObject took: (0.001995s)
[2017.08.15-01.54.59:966][207]LogAIModule: Creating AISystem for world 2DSideScrollerExampleMap
[2017.08.15-01.54.59:967][207]LogPlayLevel: PIE: World Init took: (0.000703s)
[2017.08.15-01.54.59:967][207]LogPlayLevel: PIE: Created PIE world by copying editor world from /Game/2DSideScrollerBP/Maps/2DSideScrollerExampleMap.2DSideScrollerExampleMap to /Game/2DSideScrollerBP/Maps/UEDPIE_0_2DSideScrollerExampleMap.2DSideScrollerExampleMap (0.002895s)
[2017.08.15-01.54.59:992][207]LogInit: XAudio2 using 'Speakers(Realtek High Definition Audio)' : 2 channels at 48 kHz using 32 bits per sample (channel mask 0x3)
[2017.08.15-01.55.00:017][207]LogInit: FAudioDevice initialized.
[2017.08.15-01.55.00:063][207]LogLoad: Game class is '2DSideScrollerGameMode_C'
[2017.08.15-01.55.00:065][207]LogWorld: Bringing World /Game/2DSideScrollerBP/Maps/UEDPIE_0_2DSideScrollerExampleMap.2DSideScrollerExampleMap up for play (max tick rate 0) at 2017.08.15-10.55.00
[2017.08.15-01.55.00:065][207]LogWorld: Bringing up level for play took: 0.001514
[2017.08.15-01.55.00:119][207]LogContentBrowser: Native class hierarchy updated for 'MovieSceneCapture' in 0.0006 seconds. Added 11 classes and 0 folders.
[2017.08.15-01.55.00:119][207]PIE: 정보 /Game/2DSideScrollerBP/Maps/UEDPIE_0_2DSideScrollerExampleMap 에 대한 에디터에서 플레이 시작 시간: 0.105
[2017.08.15-01.55.00:119][207]LogBlueprintUserMessages: Late PlayInEditor Detection: Level '/Game/2DSideScrollerBP/Maps/2DSideScrollerExampleMap.2DSideScrollerExampleMap:PersistentLevel' has LevelScriptBlueprint '/Game/2DSideScrollerBP/Maps/2DSideScrollerExampleMap.2DSideScrollerExampleMap:PersistentLevel.2DSideScrollerExampleMap' with GeneratedClass '/Game/2DSideScrollerBP/Maps/2DSideScrollerExampleMap.2DSideScrollerExampleMap_C' with ClassGeneratedBy '/Game/2DSideScrollerBP/Maps/2DSideScrollerExampleMap.2DSideScrollerExampleMap:PersistentLevel.2DSideScrollerExampleMap'
[2017.08.15-01.55.00:593][236]LogCharacterMovement: 2DSideScrollerCharacter_254 is stuck and failed to move! Velocity: X=17.07 Y=0.00 Z=0.00 Location: X=-2142.18 Y=-13.82 Z=182.23 Normal: X=0.00 Y=1.00 Z=0.00 PenetrationDepth:211.825 Actor:Background_Sprite_48 Component:RenderComponent BoneName:None (0 other events since notify)
[2017.08.15-01.55.01:594][356]LogCharacterMovement: 2DSideScrollerCharacter_254 is stuck and failed to move! Velocity: X=-276.57 Y=0.00 Z=0.00 Location: X=-2142.18 Y=-13.82 Z=182.23 Normal: X=0.00 Y=1.00 Z=-0.00 PenetrationDepth:211.825 Actor:Background_Sprite_48 Component:RenderComponent BoneName:None (119 other events since notify)
[2017.08.15-01.55.02:596][476]LogCharacterMovement: 2DSideScrollerCharacter_254 is stuck and failed to move! Velocity: X=600.00 Y=0.00 Z=0.00 Location: X=-2142.18 Y=-13.82 Z=182.23 Normal: X=0.00 Y=1.00 Z=0.00 PenetrationDepth:211.825 Actor:Background_Sprite_48 Component:RenderComponent BoneName:None (104 other events since notify)
[2017.08.15-01.55.03:596][596]LogCharacterMovement: 2DSideScrollerCharacter_254 is stuck and failed to move! Velocity: X=600.00 Y=0.00 Z=0.00 Location: X=-2142.18 Y=-13.82 Z=182.23 Normal: X=0.00 Y=1.00 Z=0.00 PenetrationDepth:211.825 Actor:Background_Sprite_48 Component:RenderComponent BoneName:None (119 other events since notify)
[2017.08.15-01.55.04:596][716]LogCharacterMovement: 2DSideScrollerCharacter_254 is stuck and failed to move! Velocity: X=19.11 Y=0.00 Z=0.00 Location: X=-2142.18 Y=-13.82 Z=182.23 Normal: X=0.00 Y=1.00 Z=0.00 PenetrationDepth:211.825 Actor:Background_Sprite_48 Component:RenderComponent BoneName:None (119 other events since notify)
[2017.08.15-01.55.05:595][836]LogCharacterMovement: 2DSideScrollerCharacter_254 is stuck and failed to move! Velocity: X=600.00 Y=0.00 Z=0.00 Location: X=-2142.18 Y=-13.82 Z=182.23 Normal: X=0.00 Y=1.00 Z=0.00 PenetrationDepth:211.825 Actor:Background_Sprite_48 Component:RenderComponent BoneName:None (99 other events since notify)
[2017.08.15-01.55.06:595][956]LogCharacterMovement: 2DSideScrollerCharacter_254 is stuck and failed to move! Velocity: X=600.00 Y=0.00 Z=0.00 Location: X=-2142.18 Y=-13.82 Z=182.23 Normal: X=0.00 Y=1.00 Z=0.00 PenetrationDepth:211.825 Actor:Background_Sprite_48 Component:RenderComponent BoneName:None (119 other events since notify)
[2017.08.15-01.55.07:321][ 43]LogBlueprintUserMessages: Early EndPlayMap Detection: Level '/Game/2DSideScrollerBP/Maps/2DSideScrollerExampleMap.2DSideScrollerExampleMap:PersistentLevel' has LevelScriptBlueprint '/Game/2DSideScrollerBP/Maps/2DSideScrollerExampleMap.2DSideScrollerExampleMap:PersistentLevel.2DSideScrollerExampleMap' with GeneratedClass '/Game/2DSideScrollerBP/Maps/2DSideScrollerExampleMap.2DSideScrollerExampleMap_C' with ClassGeneratedBy '/Game/2DSideScrollerBP/Maps/2DSideScrollerExampleMap.2DSideScrollerExampleMap:PersistentLevel.2DSideScrollerExampleMap'
[2017.08.15-01.55.07:356][ 43]LogBlueprintUserMessages: Late EndPlayMap Detection: Level '/Game/2DSideScrollerBP/Maps/2DSideScrollerExampleMap.2DSideScrollerExampleMap:PersistentLevel' has LevelScriptBlueprint '/Game/2DSideScrollerBP/Maps/2DSideScrollerExampleMap.2DSideScrollerExampleMap:PersistentLevel.2DSideScrollerExampleMap' with GeneratedClass '/Game/2DSideScrollerBP/Maps/2DSideScrollerExampleMap.2DSideScrollerExampleMap_C' with ClassGeneratedBy '/Game/2DSideScrollerBP/Maps/2DSideScrollerExampleMap.2DSideScrollerExampleMap:PersistentLevel.2DSideScrollerExampleMap'
[2017.08.15-01.55.16:531][ 23]LogTemp: Repeting last play command: 선택된 뷰포트
[2017.08.15-01.55.16:544][ 23]LogBlueprintUserMessages: Early PlayInEditor Detection: Level '/Game/2DSideScrollerBP/Maps/2DSideScrollerExampleMap.2DSideScrollerExampleMap:PersistentLevel' has LevelScriptBlueprint '/Game/2DSideScrollerBP/Maps/2DSideScrollerExampleMap.2DSideScrollerExampleMap:PersistentLevel.2DSideScrollerExampleMap' with GeneratedClass '/Game/2DSideScrollerBP/Maps/2DSideScrollerExampleMap.2DSideScrollerExampleMap_C' with ClassGeneratedBy '/Game/2DSideScrollerBP/Maps/2DSideScrollerExampleMap.2DSideScrollerExampleMap:PersistentLevel.2DSideScrollerExampleMap'
[2017.08.15-01.55.16:544][ 23]LogPlayLevel: PlayLevel: No blueprints needed recompiling
[2017.08.15-01.55.16:544][ 23]PIE: New page: PIE 세션: 2DSideScrollerExampleMap (2017. 8. 15. 오후 7:55:16)
[2017.08.15-01.55.16:544][ 23]LogPlayLevel: Creating play world package: /Game/2DSideScrollerBP/Maps/UEDPIE_0_2DSideScrollerExampleMap
[2017.08.15-01.55.16:546][ 23]LogPlayLevel: PIE: StaticDuplicateObject took: (0.002284s)
[2017.08.15-01.55.16:547][ 23]LogAIModule: Creating AISystem for world 2DSideScrollerExampleMap
[2017.08.15-01.55.16:547][ 23]LogPlayLevel: PIE: World Init took: (0.000763s)
[2017.08.15-01.55.16:547][ 23]LogPlayLevel: PIE: Created PIE world by copying editor world from /Game/2DSideScrollerBP/Maps/2DSideScrollerExampleMap.2DSideScrollerExampleMap to /Game/2DSideScrollerBP/Maps/UEDPIE_0_2DSideScrollerExampleMap.2DSideScrollerExampleMap (0.003274s)
[2017.08.15-01.55.16:588][ 23]LogInit: XAudio2 using 'Speakers(Realtek High Definition Audio)' : 2 channels at 48 kHz using 32 bits per sample (channel mask 0x3)
[2017.08.15-01.55.16:610][ 23]LogInit: FAudioDevice initialized.
[2017.08.15-01.55.16:644][ 23]LogLoad: Game class is '2DSideScrollerGameMode_C'
[2017.08.15-01.55.16:646][ 23]LogWorld: Bringing World /Game/2DSideScrollerBP/Maps/UEDPIE_0_2DSideScrollerExampleMap.2DSideScrollerExampleMap up for play (max tick rate 0) at 2017.08.15-10.55.16
[2017.08.15-01.55.16:647][ 23]LogWorld: Bringing up level for play took: 0.001498
[2017.08.15-01.55.16:647][ 23]PIE: 정보 /Game/2DSideScrollerBP/Maps/UEDPIE_0_2DSideScrollerExampleMap 에 대한 에디터에서 플레이 시작 시간: 0.633
[2017.08.15-01.55.16:648][ 23]LogBlueprintUserMessages: Late PlayInEditor Detection: Level '/Game/2DSideScrollerBP/Maps/2DSideScrollerExampleMap.2DSideScrollerExampleMap:PersistentLevel' has LevelScriptBlueprint '/Game/2DSideScrollerBP/Maps/2DSideScrollerExampleMap.2DSideScrollerExampleMap:PersistentLevel.2DSideScrollerExampleMap' with GeneratedClass '/Game/2DSideScrollerBP/Maps/2DSideScrollerExampleMap.2DSideScrollerExampleMap_C' with ClassGeneratedBy '/Game/2DSideScrollerBP/Maps/2DSideScrollerExampleMap.2DSideScrollerExampleMap:PersistentLevel.2DSideScrollerExampleMap'
[2017.08.15-01.55.17:524][127]LogCharacterMovement: 2DSideScrollerCharacter_254 is stuck and failed to move! Velocity: X=119.47 Y=0.00 Z=0.00 Location: X=-2142.18 Y=-13.82 Z=182.23 Normal: X=0.00 Y=1.00 Z=0.00 PenetrationDepth:211.825 Actor:Background_Sprite_48 Component:RenderComponent BoneName:None (6 other events since notify)
[2017.08.15-01.55.19:198][328]LogCharacterMovement: 2DSideScrollerCharacter_254 is stuck and failed to move! Velocity: X=17.07 Y=0.00 Z=0.00 Location: X=-2142.18 Y=-13.82 Z=182.23 Normal: X=0.00 Y=1.00 Z=0.00 PenetrationDepth:211.825 Actor:Background_Sprite_48 Component:RenderComponent BoneName:None (98 other events since notify)
[2017.08.15-01.55.20:198][448]LogCharacterMovement: 2DSideScrollerCharacter_254 is stuck and failed to move! Velocity: X=-600.00 Y=0.00 Z=0.00 Location: X=-2142.18 Y=-13.82 Z=182.23 Normal: X=0.00 Y=1.00 Z=-0.00 PenetrationDepth:211.825 Actor:Background_Sprite_48 Component:RenderComponent BoneName:None (105 other events since notify)
[2017.08.15-01.55.22:216][690]LogBlueprintUserMessages: Early EndPlayMap Detection: Level '/Game/2DSideScrollerBP/Maps/2DSideScrollerExampleMap.2DSideScrollerExampleMap:PersistentLevel' has LevelScriptBlueprint '/Game/2DSideScrollerBP/Maps/2DSideScrollerExampleMap.2DSideScrollerExampleMap:PersistentLevel.2DSideScrollerExampleMap' with GeneratedClass '/Game/2DSideScrollerBP/Maps/2DSideScrollerExampleMap.2DSideScrollerExampleMap_C' with ClassGeneratedBy '/Game/2DSideScrollerBP/Maps/2DSideScrollerExampleMap.2DSideScrollerExampleMap:PersistentLevel.2DSideScrollerExampleMap'
[2017.08.15-01.55.22:248][690]LogBlueprintUserMessages: Late EndPlayMap Detection: Level '/Game/2DSideScrollerBP/Maps/2DSideScrollerExampleMap.2DSideScrollerExampleMap:PersistentLevel' has LevelScriptBlueprint '/Game/2DSideScrollerBP/Maps/2DSideScrollerExampleMap.2DSideScrollerExampleMap:PersistentLevel.2DSideScrollerExampleMap' with GeneratedClass '/Game/2DSideScrollerBP/Maps/2DSideScrollerExampleMap.2DSideScrollerExampleMap_C' with ClassGeneratedBy '/Game/2DSideScrollerBP/Maps/2DSideScrollerExampleMap.2DSideScrollerExampleMap:PersistentLevel.2DSideScrollerExampleMap'
[2017.08.15-01.55.38:446][ 68]LogEditorViewport: Clicking on Actor (LMB): 2DSideScrollerCharacter_C (2DSideScrollerCharacter)
[2017.08.15-01.55.42:591][456]Cmd: SELECT NONE
[2017.08.15-01.55.43:400][542]LogEditorViewport: Clicking on Actor (LMB): PaperSpriteActor (Background_Sprite)
[2017.08.15-01.55.45:255][676]LogEditorViewport: Clicking Background
[2017.08.15-01.55.46:246][781]LogTemp: Repeting last play command: 선택된 뷰포트
[2017.08.15-01.55.46:260][781]LogBlueprintUserMessages: Early PlayInEditor Detection: Level '/Game/2DSideScrollerBP/Maps/2DSideScrollerExampleMap.2DSideScrollerExampleMap:PersistentLevel' has LevelScriptBlueprint '/Game/2DSideScrollerBP/Maps/2DSideScrollerExampleMap.2DSideScrollerExampleMap:PersistentLevel.2DSideScrollerExampleMap' with GeneratedClass '/Game/2DSideScrollerBP/Maps/2DSideScrollerExampleMap.2DSideScrollerExampleMap_C' with ClassGeneratedBy '/Game/2DSideScrollerBP/Maps/2DSideScrollerExampleMap.2DSideScrollerExampleMap:PersistentLevel.2DSideScrollerExampleMap'
[2017.08.15-01.55.46:260][781]LogPlayLevel: PlayLevel: No blueprints needed recompiling
[2017.08.15-01.55.46:261][781]PIE: New page: PIE 세션: 2DSideScrollerExampleMap (2017. 8. 15. 오후 7:55:46)
[2017.08.15-01.55.46:261][781]LogPlayLevel: Creating play world package: /Game/2DSideScrollerBP/Maps/UEDPIE_0_2DSideScrollerExampleMap
[2017.08.15-01.55.46:266][781]LogPlayLevel: PIE: StaticDuplicateObject took: (0.004946s)
[2017.08.15-01.55.46:266][781]LogAIModule: Creating AISystem for world 2DSideScrollerExampleMap
[2017.08.15-01.55.46:266][781]LogPlayLevel: PIE: World Init took: (0.000715s)
[2017.08.15-01.55.46:266][781]LogPlayLevel: PIE: Created PIE world by copying editor world from /Game/2DSideScrollerBP/Maps/2DSideScrollerExampleMap.2DSideScrollerExampleMap to /Game/2DSideScrollerBP/Maps/UEDPIE_0_2DSideScrollerExampleMap.2DSideScrollerExampleMap (0.005893s)
[2017.08.15-01.55.46:297][781]LogInit: XAudio2 using 'Speakers(Realtek High Definition Audio)' : 2 channels at 48 kHz using 32 bits per sample (channel mask 0x3)
[2017.08.15-01.55.46:326][781]LogInit: FAudioDevice initialized.
[2017.08.15-01.55.46:358][781]LogLoad: Game class is '2DSideScrollerGameMode_C'
[2017.08.15-01.55.46:360][781]LogWorld: Bringing World /Game/2DSideScrollerBP/Maps/UEDPIE_0_2DSideScrollerExampleMap.2DSideScrollerExampleMap up for play (max tick rate 0) at 2017.08.15-10.55.46
[2017.08.15-01.55.46:360][781]LogWorld: Bringing up level for play took: 0.001763
[2017.08.15-01.55.46:361][781]PIE: 정보 /Game/2DSideScrollerBP/Maps/UEDPIE_0_2DSideScrollerExampleMap 에 대한 에디터에서 플레이 시작 시간: 0.346
[2017.08.15-01.55.46:361][781]LogBlueprintUserMessages: Late PlayInEditor Detection: Level '/Game/2DSideScrollerBP/Maps/2DSideScrollerExampleMap.2DSideScrollerExampleMap:PersistentLevel' has LevelScriptBlueprint '/Game/2DSideScrollerBP/Maps/2DSideScrollerExampleMap.2DSideScrollerExampleMap:PersistentLevel.2DSideScrollerExampleMap' with GeneratedClass '/Game/2DSideScrollerBP/Maps/2DSideScrollerExampleMap.2DSideScrollerExampleMap_C' with ClassGeneratedBy '/Game/2DSideScrollerBP/Maps/2DSideScrollerExampleMap.2DSideScrollerExampleMap:PersistentLevel.2DSideScrollerExampleMap'
[2017.08.15-01.55.47:243][886]LogCharacterMovement: 2DSideScrollerCharacter_254 is stuck and failed to move! Velocity: X=600.00 Y=0.00 Z=0.00 Location: X=-1872.18 Y=-13.82 Z=182.23 Normal: X=0.00 Y=1.00 Z=0.00 PenetrationDepth:211.825 Actor:Background_Sprite_48 Component:RenderComponent BoneName:None (70 other events since notify)
[2017.08.15-01.55.48:244][  6]LogCharacterMovement: 2DSideScrollerCharacter_254 is stuck and failed to move! Velocity: X=-448.86 Y=0.00 Z=0.00 Location: X=-1872.18 Y=-13.82 Z=182.23 Normal: X=0.00 Y=1.00 Z=-0.00 PenetrationDepth:211.825 Actor:Background_Sprite_48 Component:RenderComponent BoneName:None (119 other events since notify)
[2017.08.15-01.55.49:246][126]LogBlueprintUserMessages: Early EndPlayMap Detection: Level '/Game/2DSideScrollerBP/Maps/2DSideScrollerExampleMap.2DSideScrollerExampleMap:PersistentLevel' has LevelScriptBlueprint '/Game/2DSideScrollerBP/Maps/2DSideScrollerExampleMap.2DSideScrollerExampleMap:PersistentLevel.2DSideScrollerExampleMap' with GeneratedClass '/Game/2DSideScrollerBP/Maps/2DSideScrollerExampleMap.2DSideScrollerExampleMap_C' with ClassGeneratedBy '/Game/2DSideScrollerBP/Maps/2DSideScrollerExampleMap.2DSideScrollerExampleMap:PersistentLevel.2DSideScrollerExampleMap'
[2017.08.15-01.55.49:282][126]LogBlueprintUserMessages: Late EndPlayMap Detection: Level '/Game/2DSideScrollerBP/Maps/2DSideScrollerExampleMap.2DSideScrollerExampleMap:PersistentLevel' has LevelScriptBlueprint '/Game/2DSideScrollerBP/Maps/2DSideScrollerExampleMap.2DSideScrollerExampleMap:PersistentLevel.2DSideScrollerExampleMap' with GeneratedClass '/Game/2DSideScrollerBP/Maps/2DSideScrollerExampleMap.2DSideScrollerExampleMap_C' with ClassGeneratedBy '/Game/2DSideScrollerBP/Maps/2DSideScrollerExampleMap.2DSideScrollerExampleMap:PersistentLevel.2DSideScrollerExampleMap'
[2017.08.15-01.55.52:669][468]LogEditorViewport: Clicking on Actor (LMB): 2DSideScrollerCharacter_C (2DSideScrollerCharacter)
[2017.08.15-01.55.59:315][ 76]Cmd: SELECT NONE
[2017.08.15-01.56.00:086][157]LogTemp: Repeting last play command: 선택된 뷰포트
[2017.08.15-01.56.00:099][157]LogBlueprintUserMessages: Early PlayInEditor Detection: Level '/Game/2DSideScrollerBP/Maps/2DSideScrollerExampleMap.2DSideScrollerExampleMap:PersistentLevel' has LevelScriptBlueprint '/Game/2DSideScrollerBP/Maps/2DSideScrollerExampleMap.2DSideScrollerExampleMap:PersistentLevel.2DSideScrollerExampleMap' with GeneratedClass '/Game/2DSideScrollerBP/Maps/2DSideScrollerExampleMap.2DSideScrollerExampleMap_C' with ClassGeneratedBy '/Game/2DSideScrollerBP/Maps/2DSideScrollerExampleMap.2DSideScrollerExampleMap:PersistentLevel.2DSideScrollerExampleMap'
[2017.08.15-01.56.00:099][157]LogPlayLevel: PlayLevel: No blueprints needed recompiling
[2017.08.15-01.56.00:099][157]PIE: New page: PIE 세션: 2DSideScrollerExampleMap (2017. 8. 15. 오후 7:56:00)
[2017.08.15-01.56.00:099][157]LogPlayLevel: Creating play world package: /Game/2DSideScrollerBP/Maps/UEDPIE_0_2DSideScrollerExampleMap
[2017.08.15-01.56.00:101][157]LogPlayLevel: PIE: StaticDuplicateObject took: (0.002284s)
[2017.08.15-01.56.00:102][157]LogAIModule: Creating AISystem for world 2DSideScrollerExampleMap
[2017.08.15-01.56.00:102][157]LogPlayLevel: PIE: World Init took: (0.000880s)
[2017.08.15-01.56.00:102][157]LogPlayLevel: PIE: Created PIE world by copying editor world from /Game/2DSideScrollerBP/Maps/2DSideScrollerExampleMap.2DSideScrollerExampleMap to /Game/2DSideScrollerBP/Maps/UEDPIE_0_2DSideScrollerExampleMap.2DSideScrollerExampleMap (0.003406s)
[2017.08.15-01.56.00:140][157]LogInit: XAudio2 using 'Speakers(Realtek High Definition Audio)' : 2 channels at 48 kHz using 32 bits per sample (channel mask 0x3)
[2017.08.15-01.56.00:167][157]LogInit: FAudioDevice initialized.
[2017.08.15-01.56.00:198][157]LogLoad: Game class is '2DSideScrollerGameMode_C'
[2017.08.15-01.56.00:200][157]LogWorld: Bringing World /Game/2DSideScrollerBP/Maps/UEDPIE_0_2DSideScrollerExampleMap.2DSideScrollerExampleMap up for play (max tick rate 0) at 2017.08.15-10.56.00
[2017.08.15-01.56.00:200][157]LogWorld: Bringing up level for play took: 0.001305
[2017.08.15-01.56.00:201][157]PIE: 정보 /Game/2DSideScrollerBP/Maps/UEDPIE_0_2DSideScrollerExampleMap 에 대한 에디터에서 플레이 시작 시간: 0.186
[2017.08.15-01.56.00:201][157]LogBlueprintUserMessages: Late PlayInEditor Detection: Level '/Game/2DSideScrollerBP/Maps/2DSideScrollerExampleMap.2DSideScrollerExampleMap:PersistentLevel' has LevelScriptBlueprint '/Game/2DSideScrollerBP/Maps/2DSideScrollerExampleMap.2DSideScrollerExampleMap:PersistentLevel.2DSideScrollerExampleMap' with GeneratedClass '/Game/2DSideScrollerBP/Maps/2DSideScrollerExampleMap.2DSideScrollerExampleMap_C' with ClassGeneratedBy '/Game/2DSideScrollerBP/Maps/2DSideScrollerExampleMap.2DSideScrollerExampleMap:PersistentLevel.2DSideScrollerExampleMap'
[2017.08.15-01.56.10:183][353]LogBlueprintUserMessages: Early EndPlayMap Detection: Level '/Game/2DSideScrollerBP/Maps/2DSideScrollerExampleMap.2DSideScrollerExampleMap:PersistentLevel' has LevelScriptBlueprint '/Game/2DSideScrollerBP/Maps/2DSideScrollerExampleMap.2DSideScrollerExampleMap:PersistentLevel.2DSideScrollerExampleMap' with GeneratedClass '/Game/2DSideScrollerBP/Maps/2DSideScrollerExampleMap.2DSideScrollerExampleMap_C' with ClassGeneratedBy '/Game/2DSideScrollerBP/Maps/2DSideScrollerExampleMap.2DSideScrollerExampleMap:PersistentLevel.2DSideScrollerExampleMap'
[2017.08.15-01.56.10:218][353]LogBlueprintUserMessages: Late EndPlayMap Detection: Level '/Game/2DSideScrollerBP/Maps/2DSideScrollerExampleMap.2DSideScrollerExampleMap:PersistentLevel' has LevelScriptBlueprint '/Game/2DSideScrollerBP/Maps/2DSideScrollerExampleMap.2DSideScrollerExampleMap:PersistentLevel.2DSideScrollerExampleMap' with GeneratedClass '/Game/2DSideScrollerBP/Maps/2DSideScrollerExampleMap.2DSideScrollerExampleMap_C' with ClassGeneratedBy '/Game/2DSideScrollerBP/Maps/2DSideScrollerExampleMap.2DSideScrollerExampleMap:PersistentLevel.2DSideScrollerExampleMap'
[2017.08.15-01.56.18:631][286]LogEditorViewport: Clicking on Actor (LMB): PaperSpriteActor (Background_Sprite)
[2017.08.15-01.57.13:380][952]LogEditorViewport: Clicking on Actor (LMB): 2DSideScrollerCharacter_C (2DSideScrollerCharacter)
[2017.08.15-01.57.19:824][547]LogEditorViewport: Clicking on Actor (LMB): PaperSpriteActor (Background_Sprite)
[2017.08.15-01.57.21:749][737]LogTemp: Repeting last play command: 선택된 뷰포트
[2017.08.15-01.57.21:766][737]LogBlueprintUserMessages: Early PlayInEditor Detection: Level '/Game/2DSideScrollerBP/Maps/2DSideScrollerExampleMap.2DSideScrollerExampleMap:PersistentLevel' has LevelScriptBlueprint '/Game/2DSideScrollerBP/Maps/2DSideScrollerExampleMap.2DSideScrollerExampleMap:PersistentLevel.2DSideScrollerExampleMap' with GeneratedClass '/Game/2DSideScrollerBP/Maps/2DSideScrollerExampleMap.2DSideScrollerExampleMap_C' with ClassGeneratedBy '/Game/2DSideScrollerBP/Maps/2DSideScrollerExampleMap.2DSideScrollerExampleMap:PersistentLevel.2DSideScrollerExampleMap'
[2017.08.15-01.57.21:766][737]BlueprintLog: New page: 플레이 전 자동 컴파일
[2017.08.15-01.57.21:766][737]LogPlayLevel: [PlayLevel] Compiling 2DSideScrollerCharacter before play...
[2017.08.15-01.57.21:789][737]LogUObjectGlobals:Warning: Guid referenced by CapsuleComponent /Game/2DSideScrollerBP/Maps/2DSideScrollerExampleMap.2DSideScrollerExampleMap:PersistentLevel.2DSideScrollerCharacter_254.CollisionCylinder is already used by CapsuleComponent /Game/2DSideScrollerBP/Maps/2DSideScrollerExampleMap.2DSideScrollerExampleMap:PersistentLevel.REINST_2DSideScrollerCharacter_C_1.CollisionCylinder, which should never happen in the editor but could happen at runtime with duplicate level loading or PIE
[2017.08.15-01.57.21:789][737]LogUObjectGlobals:Warning: Guid referenced by ArrowComponent /Game/2DSideScrollerBP/Maps/2DSideScrollerExampleMap.2DSideScrollerExampleMap:PersistentLevel.2DSideScrollerCharacter_254.Arrow is already used by ArrowComponent /Game/2DSideScrollerBP/Maps/2DSideScrollerExampleMap.2DSideScrollerExampleMap:PersistentLevel.REINST_2DSideScrollerCharacter_C_1.Arrow, which should never happen in the editor but could happen at runtime with duplicate level loading or PIE
[2017.08.15-01.57.21:789][737]LogUObjectGlobals:Warning: Guid referenced by CharacterMovementComponent /Game/2DSideScrollerBP/Maps/2DSideScrollerExampleMap.2DSideScrollerExampleMap:PersistentLevel.2DSideScrollerCharacter_254.CharMoveComp is already used by CharacterMovementComponent /Game/2DSideScrollerBP/Maps/2DSideScrollerExampleMap.2DSideScrollerExampleMap:PersistentLevel.REINST_2DSideScrollerCharacter_C_1.CharMoveComp, which should never happen in the editor but could happen at runtime with duplicate level loading or PIE
[2017.08.15-01.57.21:789][737]LogUObjectGlobals:Warning: Guid referenced by PaperFlipbookComponent /Game/2DSideScrollerBP/Maps/2DSideScrollerExampleMap.2DSideScrollerExampleMap:PersistentLevel.2DSideScrollerCharacter_254.Sprite0 is already used by PaperFlipbookComponent /Game/2DSideScrollerBP/Maps/2DSideScrollerExampleMap.2DSideScrollerExampleMap:PersistentLevel.REINST_2DSideScrollerCharacter_C_1.Sprite0, which should never happen in the editor but could happen at runtime with duplicate level loading or PIE
[2017.08.15-01.57.22:000][737]LogPlayLevel: PlayLevel: Blueprint regeneration took 234 ms (1 blueprints)
[2017.08.15-01.57.22:000][737]PIE: New page: PIE 세션: 2DSideScrollerExampleMap (2017. 8. 15. 오후 7:57:22)
[2017.08.15-01.57.22:000][737]LogPlayLevel: Creating play world package: /Game/2DSideScrollerBP/Maps/UEDPIE_0_2DSideScrollerExampleMap
[2017.08.15-01.57.22:002][737]LogPlayLevel: PIE: StaticDuplicateObject took: (0.002226s)
[2017.08.15-01.57.22:003][737]LogAIModule: Creating AISystem for world 2DSideScrollerExampleMap
[2017.08.15-01.57.22:003][737]LogPlayLevel: PIE: World Init took: (0.000728s)
[2017.08.15-01.57.22:003][737]LogPlayLevel: PIE: Created PIE world by copying editor world from /Game/2DSideScrollerBP/Maps/2DSideScrollerExampleMap.2DSideScrollerExampleMap to /Game/2DSideScrollerBP/Maps/UEDPIE_0_2DSideScrollerExampleMap.2DSideScrollerExampleMap (0.003188s)
[2017.08.15-01.57.22:033][737]LogInit: XAudio2 using 'Speakers(Realtek High Definition Audio)' : 2 channels at 48 kHz using 32 bits per sample (channel mask 0x3)
[2017.08.15-01.57.22:056][737]LogInit: FAudioDevice initialized.
[2017.08.15-01.57.22:088][737]LogLoad: Game class is '2DSideScrollerGameMode_C'
[2017.08.15-01.57.22:089][737]LogWorld: Bringing World /Game/2DSideScrollerBP/Maps/UEDPIE_0_2DSideScrollerExampleMap.2DSideScrollerExampleMap up for play (max tick rate 0) at 2017.08.15-10.57.22
[2017.08.15-01.57.22:089][737]LogWorld: Bringing up level for play took: 0.001439
[2017.08.15-01.57.22:090][737]PIE: 정보 /Game/2DSideScrollerBP/Maps/UEDPIE_0_2DSideScrollerExampleMap 에 대한 에디터에서 플레이 시작 시간: 0.075
[2017.08.15-01.57.22:090][737]LogBlueprintUserMessages: Late PlayInEditor Detection: Level '/Game/2DSideScrollerBP/Maps/2DSideScrollerExampleMap.2DSideScrollerExampleMap:PersistentLevel' has LevelScriptBlueprint '/Game/2DSideScrollerBP/Maps/2DSideScrollerExampleMap.2DSideScrollerExampleMap:PersistentLevel.2DSideScrollerExampleMap' with GeneratedClass '/Game/2DSideScrollerBP/Maps/2DSideScrollerExampleMap.2DSideScrollerExampleMap_C' with ClassGeneratedBy '/Game/2DSideScrollerBP/Maps/2DSideScrollerExampleMap.2DSideScrollerExampleMap:PersistentLevel.2DSideScrollerExampleMap'
[2017.08.15-01.57.24:308][978]LogCharacterMovement: 2DSideScrollerCharacter_254 is stuck and failed to move! Velocity: X=-38.38 Y=0.00 Z=0.00 Location: X=-2034.12 Y=-24.40 Z=-18.89 Normal: X=0.00 Y=1.00 Z=-0.00 PenetrationDepth:122.403 Actor:Background_Sprite_48 Component:RenderComponent BoneName:None (0 other events since notify)
[2017.08.15-01.57.25:308][ 98]LogCharacterMovement: 2DSideScrollerCharacter_254 is stuck and failed to move! Velocity: X=-600.00 Y=0.00 Z=0.00 Location: X=-2034.12 Y=-24.40 Z=-17.77 Normal: X=0.00 Y=1.00 Z=-0.00 PenetrationDepth:122.403 Actor:Background_Sprite_48 Component:RenderComponent BoneName:None (119 other events since notify)
[2017.08.15-01.57.26:408][230]LogCharacterMovement: 2DSideScrollerCharacter_254 is stuck and failed to move! Velocity: X=-17.07 Y=0.00 Z=0.00 Location: X=-2034.12 Y=-24.40 Z=-17.77 Normal: X=0.00 Y=1.00 Z=0.00 PenetrationDepth:122.403 Actor:Background_Sprite_48 Component:RenderComponent BoneName:None (103 other events since notify)
[2017.08.15-01.57.27:408][350]LogCharacterMovement: 2DSideScrollerCharacter_254 is stuck and failed to move! Velocity: X=-283.16 Y=0.00 Z=0.00 Location: X=-2034.12 Y=-24.40 Z=-17.77 Normal: X=0.00 Y=1.00 Z=-0.00 PenetrationDepth:122.403 Actor:Background_Sprite_48 Component:RenderComponent BoneName:None (81 other events since notify)
[2017.08.15-01.57.29:425][592]LogCharacterMovement: 2DSideScrollerCharacter_254 is stuck and failed to move! Velocity: X=17.07 Y=0.00 Z=0.00 Location: X=-2034.12 Y=-24.40 Z=-17.77 Normal: X=0.00 Y=1.00 Z=0.00 PenetrationDepth:122.403 Actor:Background_Sprite_48 Component:RenderComponent BoneName:None (18 other events since notify)
[2017.08.15-01.57.30:425][712]LogCharacterMovement: 2DSideScrollerCharacter_254 is stuck and failed to move! Velocity: X=600.00 Y=0.00 Z=0.00 Location: X=-2034.12 Y=-24.40 Z=-17.77 Normal: X=0.00 Y=1.00 Z=0.00 PenetrationDepth:122.403 Actor:Background_Sprite_48 Component:RenderComponent BoneName:None (108 other events since notify)
[2017.08.15-01.57.31:425][832]LogCharacterMovement: 2DSideScrollerCharacter_254 is stuck and failed to move! Velocity: X=-85.34 Y=0.00 Z=0.00 Location: X=-2034.12 Y=-24.40 Z=-17.77 Normal: X=0.00 Y=1.00 Z=-0.00 PenetrationDepth:122.403 Actor:Background_Sprite_48 Component:RenderComponent BoneName:None (52 other events since notify)
[2017.08.15-01.57.32:483][959]LogCharacterMovement: 2DSideScrollerCharacter_254 is stuck and failed to move! Velocity: X=17.07 Y=0.00 Z=0.00 Location: X=-2034.12 Y=-24.40 Z=-17.77 Normal: X=0.00 Y=1.00 Z=-0.00 PenetrationDepth:122.403 Actor:Background_Sprite_48 Component:RenderComponent BoneName:None (86 other events since notify)
[2017.08.15-01.57.33:592][ 92]LogCharacterMovement: 2DSideScrollerCharacter_254 is stuck and failed to move! Velocity: X=-17.07 Y=0.00 Z=0.00 Location: X=-2034.12 Y=-24.40 Z=-17.77 Normal: X=0.00 Y=1.00 Z=0.00 PenetrationDepth:122.403 Actor:Background_Sprite_48 Component:RenderComponent BoneName:None (120 other events since notify)
[2017.08.15-01.57.35:700][345]LogCharacterMovement: 2DSideScrollerCharacter_254 is stuck and failed to move! Velocity: X=17.07 Y=0.00 Z=0.00 Location: X=-2034.12 Y=-24.40 Z=-17.77 Normal: X=0.00 Y=1.00 Z=0.00 PenetrationDepth:122.403 Actor:Background_Sprite_48 Component:RenderComponent BoneName:None (63 other events since notify)
[2017.08.15-01.57.36:700][465]LogCharacterMovement: 2DSideScrollerCharacter_254 is stuck and failed to move! Velocity: X=392.56 Y=0.00 Z=0.00 Location: X=-2034.12 Y=-24.40 Z=-17.77 Normal: X=0.00 Y=1.00 Z=0.00 PenetrationDepth:122.403 Actor:Background_Sprite_48 Component:RenderComponent BoneName:None (89 other events since notify)
[2017.08.15-01.57.37:701][585]LogCharacterMovement: 2DSideScrollerCharacter_254 is stuck and failed to move! Velocity: X=600.00 Y=0.00 Z=0.00 Location: X=-2034.12 Y=-24.40 Z=-17.77 Normal: X=0.00 Y=1.00 Z=0.00 PenetrationDepth:122.403 Actor:Background_Sprite_48 Component:RenderComponent BoneName:None (105 other events since notify)
[2017.08.15-01.57.38:701][705]LogCharacterMovement: 2DSideScrollerCharacter_254 is stuck and failed to move! Velocity: X=600.00 Y=0.00 Z=0.00 Location: X=-2034.12 Y=-24.40 Z=-17.77 Normal: X=0.00 Y=1.00 Z=0.00 PenetrationDepth:122.403 Actor:Background_Sprite_48 Component:RenderComponent BoneName:None (85 other events since notify)
[2017.08.15-01.57.39:701][825]LogCharacterMovement: 2DSideScrollerCharacter_254 is stuck and failed to move! Velocity: X=-273.15 Y=0.00 Z=0.00 Location: X=-2034.12 Y=-24.40 Z=-17.77 Normal: X=0.00 Y=1.00 Z=-0.00 PenetrationDepth:122.403 Actor:Background_Sprite_48 Component:RenderComponent BoneName:None (46 other events since notify)
[2017.08.15-01.57.40:702][945]LogCharacterMovement: 2DSideScrollerCharacter_254 is stuck and failed to move! Velocity: X=600.00 Y=0.00 Z=0.00 Location: X=-2034.12 Y=-24.40 Z=-17.77 Normal: X=0.00 Y=1.00 Z=0.00 PenetrationDepth:122.403 Actor:Background_Sprite_48 Component:RenderComponent BoneName:None (119 other events since notify)
[2017.08.15-01.57.41:768][ 73]LogCharacterMovement: 2DSideScrollerCharacter_254 is stuck and failed to move! Velocity: X=17.07 Y=0.00 Z=0.00 Location: X=-2034.12 Y=-24.40 Z=-17.77 Normal: X=0.00 Y=1.00 Z=0.00 PenetrationDepth:122.403 Actor:Background_Sprite_48 Component:RenderComponent BoneName:None (27 other events since notify)
[2017.08.15-01.57.42:894][208]LogBlueprintUserMessages: Early EndPlayMap Detection: Level '/Game/2DSideScrollerBP/Maps/2DSideScrollerExampleMap.2DSideScrollerExampleMap:PersistentLevel' has LevelScriptBlueprint '/Game/2DSideScrollerBP/Maps/2DSideScrollerExampleMap.2DSideScrollerExampleMap:PersistentLevel.2DSideScrollerExampleMap' with GeneratedClass '/Game/2DSideScrollerBP/Maps/2DSideScrollerExampleMap.2DSideScrollerExampleMap_C' with ClassGeneratedBy '/Game/2DSideScrollerBP/Maps/2DSideScrollerExampleMap.2DSideScrollerExampleMap:PersistentLevel.2DSideScrollerExampleMap'
[2017.08.15-01.57.42:948][208]LogBlueprintUserMessages: Late EndPlayMap Detection: Level '/Game/2DSideScrollerBP/Maps/2DSideScrollerExampleMap.2DSideScrollerExampleMap:PersistentLevel' has LevelScriptBlueprint '/Game/2DSideScrollerBP/Maps/2DSideScrollerExampleMap.2DSideScrollerExampleMap:PersistentLevel.2DSideScrollerExampleMap' with GeneratedClass '/Game/2DSideScrollerBP/Maps/2DSideScrollerExampleMap.2DSideScrollerExampleMap_C' with ClassGeneratedBy '/Game/2DSideScrollerBP/Maps/2DSideScrollerExampleMap.2DSideScrollerExampleMap:PersistentLevel.2DSideScrollerExampleMap'
[2017.08.15-01.57.48:450][709]LogEditorViewport: Clicking on Actor (LMB): PaperGroupedSpriteActor (PaperGroupedSpriteActor)
[2017.08.15-01.57.50:640][879]LogEditorViewport: Clicking on Actor (LMB): PaperSpriteActor (Background_Sprite)
[2017.08.15-01.57.51:599][969]LogEditorViewport: Clicking on Actor (LMB): PaperSpriteActor (Background_Sprite)
[2017.08.15-02.00.34:334][244]LogSavePackage: Save=99.65ms
[2017.08.15-02.00.34:334][244]LogSavePackage: Moving 'C:/Users/user/Documents/Unreal Projects/Speedy/Saved/2DSideScrollerExampleMap_Auto1E3ECB0DE4404580AA379779049DD38EB.tmp' to 'C:/Users/user/Documents/Unreal Projects/Speedy/Saved/Autosaves/Game/2DSideScrollerBP/Maps/2DSideScrollerExampleMap_Auto1.umap'
[2017.08.15-02.00.34:337][244]LogSavePackage:Display: Finished SavePackage C:/Users/user/Documents/Unreal Projects/Speedy/Saved/Autosaves/Game/2DSideScrollerBP/Maps/2DSideScrollerExampleMap_Auto1.umap
[2017.08.15-02.00.34:647][244]LogFileHelpers: Editor autosave (incl. sublevels) for '/Game/2DSideScrollerBP/Maps/2DSideScrollerExampleMap' took 0.457
[2017.08.15-02.00.34:647][244]LogFileHelpers: Editor autosave (incl. sublevels) for all levels took 0.457
[2017.08.15-02.00.34:654][244]OBJ SavePackage: Generating thumbnails for [0] asset(s) in package [/Game/2DSideScrollerBP/Blueprints/2DSideScrollerCharacter] ([1] browsable assets)...
[2017.08.15-02.00.34:654][244]OBJ SavePackage: Finished generating thumbnails for package [/Game/2DSideScrollerBP/Blueprints/2DSideScrollerCharacter]
[2017.08.15-02.00.34:719][244]LogSavePackage: Save=53.31ms
[2017.08.15-02.00.34:719][244]LogSavePackage: Moving 'C:/Users/user/Documents/Unreal Projects/Speedy/Saved/2DSideScrollerCharacter_Auto1A910C70643A972FA15AACA915FD9196E.tmp' to 'C:/Users/user/Documents/Unreal Projects/Speedy/Saved/Autosaves/Game/2DSideScrollerBP/Blueprints/2DSideScrollerCharacter_Auto1.uasset'
[2017.08.15-02.00.34:721][244]LogSavePackage:Display: Finished SavePackage C:/Users/user/Documents/Unreal Projects/Speedy/Saved/Autosaves/Game/2DSideScrollerBP/Blueprints/2DSideScrollerCharacter_Auto1.uasset
[2017.08.15-02.00.34:722][244]OBJ SavePackage: Generating thumbnails for [0] asset(s) in package [/Game/2DSideScroller/Sprites/player] ([1] browsable assets)...
[2017.08.15-02.00.34:722][244]OBJ SavePackage: Finished generating thumbnails for package [/Game/2DSideScroller/Sprites/player]
[2017.08.15-02.00.34:739][244]LogSavePackage: Save=14.77ms
[2017.08.15-02.00.34:739][244]LogSavePackage: Moving 'C:/Users/user/Documents/Unreal Projects/Speedy/Saved/player_Auto171C1603649865A47CA65F9B3ACD0CEE9.tmp' to 'C:/Users/user/Documents/Unreal Projects/Speedy/Saved/Autosaves/Game/2DSideScroller/Sprites/player_Auto1.uasset'
[2017.08.15-02.00.34:750][244]LogSavePackage:Display: Finished SavePackage C:/Users/user/Documents/Unreal Projects/Speedy/Saved/Autosaves/Game/2DSideScroller/Sprites/player_Auto1.uasset
[2017.08.15-02.00.34:750][244]LogFileHelpers: Auto-saving content packages took 0.098
[2017.08.15-02.01.31:933][ 70]LogTemp: Repeting last play command: 선택된 뷰포트
[2017.08.15-02.01.31:944][ 70]LogBlueprintUserMessages: Early PlayInEditor Detection: Level '/Game/2DSideScrollerBP/Maps/2DSideScrollerExampleMap.2DSideScrollerExampleMap:PersistentLevel' has LevelScriptBlueprint '/Game/2DSideScrollerBP/Maps/2DSideScrollerExampleMap.2DSideScrollerExampleMap:PersistentLevel.2DSideScrollerExampleMap' with GeneratedClass '/Game/2DSideScrollerBP/Maps/2DSideScrollerExampleMap.2DSideScrollerExampleMap_C' with ClassGeneratedBy '/Game/2DSideScrollerBP/Maps/2DSideScrollerExampleMap.2DSideScrollerExampleMap:PersistentLevel.2DSideScrollerExampleMap'
[2017.08.15-02.01.31:944][ 70]LogPlayLevel: PlayLevel: No blueprints needed recompiling
[2017.08.15-02.01.31:945][ 70]PIE: New page: PIE 세션: 2DSideScrollerExampleMap (2017. 8. 15. 오후 8:01:31)
[2017.08.15-02.01.31:945][ 70]LogPlayLevel: Creating play world package: /Game/2DSideScrollerBP/Maps/UEDPIE_0_2DSideScrollerExampleMap
[2017.08.15-02.01.31:949][ 70]LogPlayLevel: PIE: StaticDuplicateObject took: (0.004222s)
[2017.08.15-02.01.31:949][ 70]LogAIModule: Creating AISystem for world 2DSideScrollerExampleMap
[2017.08.15-02.01.31:950][ 70]LogPlayLevel: PIE: World Init took: (0.000798s)
[2017.08.15-02.01.31:950][ 70]LogPlayLevel: PIE: Created PIE world by copying editor world from /Game/2DSideScrollerBP/Maps/2DSideScrollerExampleMap.2DSideScrollerExampleMap to /Game/2DSideScrollerBP/Maps/UEDPIE_0_2DSideScrollerExampleMap.2DSideScrollerExampleMap (0.005347s)
[2017.08.15-02.01.31:982][ 70]LogInit: XAudio2 using 'Speakers(Realtek High Definition Audio)' : 2 channels at 48 kHz using 32 bits per sample (channel mask 0x3)
[2017.08.15-02.01.32:012][ 70]LogInit: FAudioDevice initialized.
[2017.08.15-02.01.32:045][ 70]LogLoad: Game class is '2DSideScrollerGameMode_C'
[2017.08.15-02.01.32:047][ 70]LogWorld: Bringing World /Game/2DSideScrollerBP/Maps/UEDPIE_0_2DSideScrollerExampleMap.2DSideScrollerExampleMap up for play (max tick rate 0) at 2017.08.15-11.01.32
[2017.08.15-02.01.32:047][ 70]LogWorld: Bringing up level for play took: 0.001442
[2017.08.15-02.01.32:048][ 70]PIE: 정보 /Game/2DSideScrollerBP/Maps/UEDPIE_0_2DSideScrollerExampleMap 에 대한 에디터에서 플레이 시작 시간: 0.033
[2017.08.15-02.01.32:049][ 70]LogBlueprintUserMessages: Late PlayInEditor Detection: Level '/Game/2DSideScrollerBP/Maps/2DSideScrollerExampleMap.2DSideScrollerExampleMap:PersistentLevel' has LevelScriptBlueprint '/Game/2DSideScrollerBP/Maps/2DSideScrollerExampleMap.2DSideScrollerExampleMap:PersistentLevel.2DSideScrollerExampleMap' with GeneratedClass '/Game/2DSideScrollerBP/Maps/2DSideScrollerExampleMap.2DSideScrollerExampleMap_C' with ClassGeneratedBy '/Game/2DSideScrollerBP/Maps/2DSideScrollerExampleMap.2DSideScrollerExampleMap:PersistentLevel.2DSideScrollerExampleMap'
[2017.08.15-02.01.33:198][207]LogBlueprintUserMessages: Early EndPlayMap Detection: Level '/Game/2DSideScrollerBP/Maps/2DSideScrollerExampleMap.2DSideScrollerExampleMap:PersistentLevel' has LevelScriptBlueprint '/Game/2DSideScrollerBP/Maps/2DSideScrollerExampleMap.2DSideScrollerExampleMap:PersistentLevel.2DSideScrollerExampleMap' with GeneratedClass '/Game/2DSideScrollerBP/Maps/2DSideScrollerExampleMap.2DSideScrollerExampleMap_C' with ClassGeneratedBy '/Game/2DSideScrollerBP/Maps/2DSideScrollerExampleMap.2DSideScrollerExampleMap:PersistentLevel.2DSideScrollerExampleMap'
[2017.08.15-02.01.33:252][207]LogBlueprintUserMessages: Late EndPlayMap Detection: Level '/Game/2DSideScrollerBP/Maps/2DSideScrollerExampleMap.2DSideScrollerExampleMap:PersistentLevel' has LevelScriptBlueprint '/Game/2DSideScrollerBP/Maps/2DSideScrollerExampleMap.2DSideScrollerExampleMap:PersistentLevel.2DSideScrollerExampleMap' with GeneratedClass '/Game/2DSideScrollerBP/Maps/2DSideScrollerExampleMap.2DSideScrollerExampleMap_C' with ClassGeneratedBy '/Game/2DSideScrollerBP/Maps/2DSideScrollerExampleMap.2DSideScrollerExampleMap:PersistentLevel.2DSideScrollerExampleMap'
[2017.08.15-02.01.34:070][265]Cmd: SELECT NONE
[2017.08.15-02.01.35:067][372]Cmd: SELECT NONE
[2017.08.15-02.01.44:973][418]LogEditorViewport: Clicking on Actor (LMB): 2DSideScrollerCharacter_C (2DSideScrollerCharacter)
[2017.08.15-02.01.57:994][643]LogEditorViewport: Clicking on Actor (context menu): PaperSpriteActor (Background_Sprite)
[2017.08.15-02.04.08:570][371]Cmd: QUIT_EDITOR
[2017.08.15-02.04.08:952][371]LogWindowsTextInputMethodSystem:Display: IME system now activated using TSF (Microsoft 입력기).
[2017.08.15-02.04.08:968][371]LogExit: Preparing to exit.
[2017.08.15-02.04.10:165][371]LogExit: Editor shut down
[2017.08.15-02.04.10:169][371]LogExit: Transaction tracking system shut down
[2017.08.15-02.04.10:250][371]LogObj: Freed 0b from 0 cluster array pools.
[2017.08.15-02.04.10:250][371]LogExit: Object subsystem successfully closed.
[2017.08.15-02.04.10:266][371]LogD3D11RHI: Shutdown
[2017.08.15-02.04.10:266][371]LogD3D11RHI: CleanupD3DDevice
[2017.08.15-02.04.10:422][371]LogD3D11RHI: ~FD3D11DynamicRHI
[2017.08.15-02.04.10:432][371]LogModuleManager: Shutting down and abandoning module MovieSceneCapture (530)
[2017.08.15-02.04.10:432][371]LogModuleManager: Shutting down and abandoning module BlueprintGraph (528)
[2017.08.15-02.04.10:432][371]LogModuleManager: Shutting down and abandoning module BlueprintProfiler (526)
[2017.08.15-02.04.10:432][371]LogModuleManager: Shutting down and abandoning module HierarchicalLODOutliner (524)
[2017.08.15-02.04.10:432][371]LogModuleManager: Shutting down and abandoning module CrashTracker (522)
[2017.08.15-02.04.10:432][371]LogModuleManager: Shutting down and abandoning module SceneOutliner (520)
[2017.08.15-02.04.10:432][371]LogModuleManager: Shutting down and abandoning module AddContentDialog (518)
[2017.08.15-02.04.10:432][371]LogDirectoryWatcher: A directory notification for 'D:/UE_4.16/FeaturePacks/' was aborted.
[2017.08.15-02.04.10:433][371]LogModuleManager: Shutting down and abandoning module WidgetCarousel (517)
[2017.08.15-02.04.10:433][371]LogModuleManager: Shutting down and abandoning module EditorWidgets (514)
[2017.08.15-02.04.10:433][371]LogModuleManager: Shutting down and abandoning module CollectionManager (512)
[2017.08.15-02.04.10:433][371]LogDirectoryWatcher: A directory notification for 'C:/Users/user/Documents/Unreal Projects/Speedy/Content/Collections/' was aborted.
[2017.08.15-02.04.10:433][371]LogDirectoryWatcher: A directory notification for 'C:/Users/user/Documents/Unreal Projects/Speedy/Content/Developers/user/Collections/' was aborted.
[2017.08.15-02.04.10:433][371]LogDirectoryWatcher: A directory notification for 'C:/Users/user/Documents/Unreal Projects/Speedy/Saved/Collections/' was aborted.
[2017.08.15-02.04.10:433][371]LogModuleManager: Shutting down and abandoning module StatsViewer (510)
[2017.08.15-02.04.10:433][371]LogModuleManager: Shutting down and abandoning module FoliageEdit (508)
[2017.08.15-02.04.10:433][371]LogModuleManager: Shutting down and abandoning module LandscapeEditor (506)
[2017.08.15-02.04.10:433][371]LogModuleManager: Shutting down and abandoning module MeshPaintMode (504)
[2017.08.15-02.04.10:433][371]LogModuleManager: Shutting down and abandoning module SceneDepthPickerMode (502)
[2017.08.15-02.04.10:433][371]LogModuleManager: Shutting down and abandoning module ActorPickerMode (500)
[2017.08.15-02.04.10:433][371]LogModuleManager: Shutting down and abandoning module GeometryMode (498)
[2017.08.15-02.04.10:433][371]LogModuleManager: Shutting down and abandoning module TextureAlignMode (496)
[2017.08.15-02.04.10:433][371]LogModuleManager: Shutting down and abandoning module BspMode (494)
[2017.08.15-02.04.10:433][371]LogModuleManager: Shutting down and abandoning module HardwareSurvey (492)
[2017.08.15-02.04.10:433][371]LogModuleManager: Shutting down and abandoning module SequenceRecorderSections (490)
[2017.08.15-02.04.10:433][371]LogModuleManager: Shutting down and abandoning module AutomationWorker (488)
[2017.08.15-02.04.10:433][371]LogModuleManager: Shutting down and abandoning module MatineeToLevelSequence (486)
[2017.08.15-02.04.10:433][371]LogModuleManager: Shutting down and abandoning module LevelSequenceEditor (484)
[2017.08.15-02.04.10:433][371]LogModuleManager: Shutting down and abandoning module PlacementMode (483)
[2017.08.15-02.04.10:434][371]LogModuleManager: Shutting down and abandoning module WmfMediaFactory (480)
[2017.08.15-02.04.10:434][371]LogModuleManager: Shutting down and abandoning module WmfMediaEditor (478)
[2017.08.15-02.04.10:434][371]LogModuleManager: Shutting down and abandoning module AvfMediaFactory (476)
[2017.08.15-02.04.10:434][371]LogModuleManager: Shutting down and abandoning module AvfMediaEditor (474)
[2017.08.15-02.04.10:434][371]LogModuleManager: Shutting down and abandoning module AndroidMediaFactory (472)
[2017.08.15-02.04.10:434][371]LogModuleManager: Shutting down and abandoning module Media (471)
[2017.08.15-02.04.10:434][371]LogModuleManager: Shutting down and abandoning module AndroidMediaEditor (468)
[2017.08.15-02.04.10:434][371]LogModuleManager: Shutting down and abandoning module CharacterAI (466)
[2017.08.15-02.04.10:434][371]LogModuleManager: Shutting down and abandoning module AudioCapture (464)
[2017.08.15-02.04.10:434][371]LogModuleManager: Shutting down and abandoning module SequenceRecorder (463)
[2017.08.15-02.04.10:434][371]LogModuleManager: Shutting down and abandoning module SmartSnapping (460)
[2017.08.15-02.04.10:434][371]LogModuleManager: Shutting down and abandoning module SessionServices (458)
[2017.08.15-02.04.10:434][371]LogModuleManager: Shutting down and abandoning module ViewportSnapping (456)
[2017.08.15-02.04.10:434][371]LogModuleManager: Shutting down and abandoning module ViewportInteraction (454)
[2017.08.15-02.04.10:434][371]LogModuleManager: Shutting down and abandoning module ClothPainter (452)
[2017.08.15-02.04.10:434][371]LogModuleManager: Shutting down and abandoning module LogVisualizer (450)
[2017.08.15-02.04.10:434][371]LogModuleManager: Shutting down and abandoning module IntroTutorials (448)
[2017.08.15-02.04.10:434][371]LogModuleManager: Shutting down and abandoning module GameProjectGeneration (447)
[2017.08.15-02.04.10:434][371]LogModuleManager: Shutting down and abandoning module EditorLiveStreaming (444)
[2017.08.15-02.04.10:434][371]LogModuleManager: Shutting down and abandoning module IOSPlatformEditor (442)
[2017.08.15-02.04.10:434][371]LogModuleManager: Shutting down and abandoning module HTML5PlatformEditor (440)
[2017.08.15-02.04.10:434][371]LogModuleManager: Shutting down and abandoning module AndroidPlatformEditor (438)
[2017.08.15-02.04.10:434][371]LogModuleManager: Shutting down and abandoning module AndroidDeviceDetection (437)
[2017.08.15-02.04.11:342][371]LogModuleManager: Shutting down and abandoning module IOSRuntimeSettings (434)
[2017.08.15-02.04.11:342][371]LogModuleManager: Shutting down and abandoning module AndroidRuntimeSettings (432)
[2017.08.15-02.04.11:342][371]LogModuleManager: Shutting down and abandoning module InputBindingEditor (430)
[2017.08.15-02.04.11:342][371]LogModuleManager: Shutting down and abandoning module MergeActors (428)
[2017.08.15-02.04.11:342][371]LogModuleManager: Shutting down and abandoning module SizeMap (426)
[2017.08.15-02.04.11:342][371]LogModuleManager: Shutting down and abandoning module TreeMap (424)
[2017.08.15-02.04.11:342][371]LogModuleManager: Shutting down and abandoning module ReferenceViewer (422)
[2017.08.15-02.04.11:342][371]LogModuleManager: Shutting down and abandoning module LocalizationDashboard (420)
[2017.08.15-02.04.11:342][371]LogModuleManager: Shutting down and abandoning module LocalizationService (419)
[2017.08.15-02.04.11:342][371]LogModuleManager: Shutting down and abandoning module HardwareTargeting (416)
[2017.08.15-02.04.11:342][371]LogModuleManager: Shutting down and abandoning module DeviceProfileEditor (414)
[2017.08.15-02.04.11:342][371]LogModuleManager: Shutting down and abandoning module UndoHistory (412)
[2017.08.15-02.04.11:342][371]LogModuleManager: Shutting down and abandoning module UserFeedback (410)
[2017.08.15-02.04.11:342][371]LogModuleManager: Shutting down and abandoning module XmlParser (408)
[2017.08.15-02.04.11:342][371]LogModuleManager: Shutting down and abandoning module Blutility (406)
[2017.08.15-02.04.11:342][371]LogModuleManager: Shutting down and abandoning module ProjectSettingsViewer (404)
[2017.08.15-02.04.11:343][371]LogModuleManager: Shutting down and abandoning module ProjectTargetPlatformEditor (403)
[2017.08.15-02.04.11:343][371]LogModuleManager: Shutting down and abandoning module EditorSettingsViewer (400)
[2017.08.15-02.04.11:343][371]LogModuleManager: Shutting down and abandoning module SettingsEditor (398)
[2017.08.15-02.04.11:343][371]LogModuleManager: Shutting down and abandoning module ProjectLauncher (396)
[2017.08.15-02.04.11:343][371]LogModuleManager: Shutting down and abandoning module SessionFrontend (394)
[2017.08.15-02.04.11:343][371]LogModuleManager: Shutting down and abandoning module ProfilerClient (392)
[2017.08.15-02.04.11:343][371]LogModuleManager: Shutting down and abandoning module DeviceManager (390)
[2017.08.15-02.04.11:343][371]LogModuleManager: Shutting down and abandoning module TargetDeviceServices (389)
[2017.08.15-02.04.11:398][371]LogModuleManager: Shutting down and abandoning module AutomationController (386)
[2017.08.15-02.04.11:398][371]LogModuleManager: Shutting down and abandoning module AutomationWindow (384)
[2017.08.15-02.04.11:398][371]LogModuleManager: Shutting down and abandoning module Layers (382)
[2017.08.15-02.04.11:398][371]LogModuleManager: Shutting down and abandoning module ComponentVisualizers (380)
[2017.08.15-02.04.11:398][371]LogModuleManager: Shutting down and abandoning module DetailCustomizations (378)
[2017.08.15-02.04.11:398][371]LogModuleManager: Shutting down and abandoning module PackagesDialog (376)
[2017.08.15-02.04.11:398][371]LogModuleManager: Shutting down and abandoning module Persona (374)
[2017.08.15-02.04.11:398][371]LogModuleManager: Shutting down and abandoning module AdvancedPreviewScene (373)
[2017.08.15-02.04.11:398][371]LogModuleManager: Shutting down and abandoning module AnimGraph (371)
[2017.08.15-02.04.11:398][371]LogModuleManager: Shutting down and abandoning module Kismet (368)
[2017.08.15-02.04.11:404][371]LogModuleManager: Shutting down and abandoning module ClassViewer (366)
[2017.08.15-02.04.11:405][371]LogModuleManager: Shutting down and abandoning module Toolbox (364)
[2017.08.15-02.04.11:405][371]LogModuleManager: Shutting down and abandoning module ModuleUI (362)
[2017.08.15-02.04.11:405][371]LogModuleManager: Shutting down and abandoning module MovieSceneTools (360)
[2017.08.15-02.04.11:405][371]LogModuleManager: Shutting down and abandoning module OutputLog (358)
[2017.08.15-02.04.11:405][371]LogModuleManager: Shutting down and abandoning module GammaUI (356)
[2017.08.15-02.04.11:405][371]LogModuleManager: Shutting down and abandoning module Documentation (354)
[2017.08.15-02.04.11:405][371]LogModuleManager: Shutting down and abandoning module MovieSceneTracks (352)
[2017.08.15-02.04.11:405][371]LogModuleManager: Shutting down and abandoning module MovieScene (350)
[2017.08.15-02.04.11:405][371]LogModuleManager: Shutting down and abandoning module Niagara (348)
[2017.08.15-02.04.11:405][371]LogModuleManager: Shutting down and abandoning module NiagaraEditor (347)
[2017.08.15-02.04.11:405][371]LogModuleManager: Shutting down and abandoning module StreamingPauseRendering (344)
[2017.08.15-02.04.11:405][371]LogModuleManager: Shutting down and abandoning module AnalyticsET (342)
[2017.08.15-02.04.11:405][371]LogModuleManager: Shutting down and abandoning module PortalServices (340)
[2017.08.15-02.04.11:405][371]LogModuleManager: Shutting down and abandoning module PortalRpc (338)
[2017.08.15-02.04.11:405][371]LogModuleManager: Shutting down and abandoning module MessagingRpc (336)
[2017.08.15-02.04.11:405][371]LogModuleManager: Shutting down and abandoning module AIModule (334)
[2017.08.15-02.04.11:405][371]LogModuleManager: Shutting down and abandoning module GameplayDebugger (333)
[2017.08.15-02.04.11:405][371]LogModuleManager: Shutting down and abandoning module AITestSuite (331)
[2017.08.15-02.04.11:405][371]LogModuleManager: Shutting down and abandoning module ProfilerService (328)
[2017.08.15-02.04.11:503][371]LogModuleManager: Shutting down and abandoning module TaskGraph (326)
[2017.08.15-02.04.11:503][371]LogModuleManager: Shutting down and abandoning module SteamVRController (324)
[2017.08.15-02.04.11:503][371]LogModuleManager: Shutting down and abandoning module SteamVR (322)
[2017.08.15-02.04.11:503][371]LogModuleManager: Shutting down and abandoning module ProceduralMeshComponentEditor (320)
[2017.08.15-02.04.11:503][371]LogModuleManager: Shutting down and abandoning module ProceduralMeshComponent (318)
[2017.08.15-02.04.11:503][371]LogModuleManager: Shutting down and abandoning module OculusLibrary (316)
[2017.08.15-02.04.11:503][371]LogModuleManager: Shutting down and abandoning module OculusInput (314)
[2017.08.15-02.04.11:503][371]LogModuleManager: Shutting down and abandoning module MobilePatchingUtils (312)
[2017.08.15-02.04.11:503][371]LogModuleManager: Shutting down and abandoning module CustomMeshComponent (310)
[2017.08.15-02.04.11:503][371]LogModuleManager: Shutting down and abandoning module CableComponent (308)
[2017.08.15-02.04.11:503][371]LogModuleManager: Shutting down and abandoning module ArchVisCharacter (306)
[2017.08.15-02.04.11:503][371]LogModuleManager: Shutting down and abandoning module AndroidPermission (304)
[2017.08.15-02.04.11:503][371]LogModuleManager: Shutting down and abandoning module MediaPlayerEditor (300)
[2017.08.15-02.04.11:503][371]LogModuleManager: Shutting down and abandoning module HTML5Networking (298)
[2017.08.15-02.04.11:503][371]LogModuleManager: Shutting down and abandoning module AlembicImporter (296)
[2017.08.15-02.04.11:503][371]LogModuleManager: Shutting down and abandoning module AlembicLibrary (295)
[2017.08.15-02.04.11:503][371]LogModuleManager: Shutting down and abandoning module GeometryCache (294)
[2017.08.15-02.04.11:503][371]LogModuleManager: Shutting down and abandoning module GeometryCacheEd (293)
[2017.08.15-02.04.11:503][371]LogModuleManager: Shutting down and abandoning module SuperSearchEditor (288)
[2017.08.15-02.04.11:503][371]LogModuleManager: Shutting down and abandoning module SuperSearch (287)
[2017.08.15-02.04.11:503][371]LogModuleManager: Shutting down and abandoning module SpeedTreeImporter (284)
[2017.08.15-02.04.11:503][371]LogModuleManager: Shutting down and abandoning module PluginBrowser (282)
[2017.08.15-02.04.11:503][371]LogModuleManager: Shutting down and abandoning module MobileLauncherProfileWizard (280)
[2017.08.15-02.04.11:503][371]LogModuleManager: Shutting down and abandoning module VisualStudioSourceCodeAccess (278)
[2017.08.15-02.04.11:503][371]LogModuleManager: Shutting down and abandoning module DesktopPlatform (277)
[2017.08.15-02.04.11:503][371]LogModuleManager: Shutting down and abandoning module UObjectPlugin (274)
[2017.08.15-02.04.11:503][371]LogModuleManager: Shutting down and abandoning module SubversionSourceControl (272)
[2017.08.15-02.04.11:503][371]LogModuleManager: Shutting down and abandoning module PerforceSourceControl (270)
[2017.08.15-02.04.11:503][371]LogModuleManager: Shutting down and abandoning module GitSourceControl (268)
[2017.08.15-02.04.11:503][371]LogModuleManager: Shutting down and abandoning module SourceControl (267)
[2017.08.15-02.04.11:503][371]LogModuleManager: Shutting down and abandoning module LightPropagationVolumeEditor (264)
[2017.08.15-02.04.11:503][371]LogModuleManager: Shutting down and abandoning module PaperTiledImporter (262)
[2017.08.15-02.04.11:503][371]LogModuleManager: Shutting down and abandoning module PaperSpriteSheetImporter (260)
[2017.08.15-02.04.11:503][371]LogModuleManager: Shutting down and abandoning module Paper2DEditor (258)
[2017.08.15-02.04.11:503][371]LogModuleManager: Shutting down and abandoning module MeshPaint (257)
[2017.08.15-02.04.11:503][371]LogModuleManager: Shutting down and abandoning module LevelEditor (255)
[2017.08.15-02.04.11:504][371]LogModuleManager: Shutting down and abandoning module PixelInspectorModule (254)
[2017.08.15-02.04.11:504][371]LogModuleManager: Shutting down and abandoning module MainFrame (252)
[2017.08.15-02.04.11:504][371]LogModuleManager: Shutting down and abandoning module HotReload (251)
[2017.08.15-02.04.11:505][371]LogModuleManager: Shutting down and abandoning module PhysXVehiclesEditor (246)
[2017.08.15-02.04.11:505][371]LogModuleManager: Shutting down and abandoning module PhysXVehicles (244)
[2017.08.15-02.04.11:505][371]LogModuleManager: Shutting down and abandoning module LocationServicesBPLibrary (242)
[2017.08.15-02.04.11:505][371]LogModuleManager: Shutting down and abandoning module ImmediatePhysicsEditor (240)
[2017.08.15-02.04.11:505][371]LogModuleManager: Shutting down and abandoning module ImmediatePhysics (238)
[2017.08.15-02.04.11:505][371]LogModuleManager: Shutting down and abandoning module UdpMessaging (236)
[2017.08.15-02.04.11:606][371]LogModuleManager: Shutting down and abandoning module TcpMessaging (234)
[2017.08.15-02.04.11:706][371]LogModuleManager: Shutting down and abandoning module GameplayTagsEditor (232)
[2017.08.15-02.04.11:706][371]LogModuleManager: Shutting down and abandoning module FacialAnimationEditor (230)
[2017.08.15-02.04.11:706][371]LogModuleManager: Shutting down and abandoning module FacialAnimation (228)
[2017.08.15-02.04.11:706][371]LogModuleManager: Shutting down and abandoning module AssetManagerEditor (226)
[2017.08.15-02.04.11:706][371]LogModuleManager: Shutting down and abandoning module GraphEditor (225)
[2017.08.15-02.04.11:706][371]LogModuleManager: Shutting down and abandoning module ContentBrowser (223)
[2017.08.15-02.04.11:707][371]LogModuleManager: Shutting down and abandoning module LightPropagationVolumeRuntime (220)
[2017.08.15-02.04.11:707][371]LogModuleManager: Shutting down and abandoning module Paper2D (218)
[2017.08.15-02.04.11:707][371]LogModuleManager: Shutting down and abandoning module WindowsMoviePlayer (216)
[2017.08.15-02.04.11:707][371]LogModuleManager: Shutting down and abandoning module WmfMedia (214)
[2017.08.15-02.04.11:707][371]LogModuleManager: Shutting down and abandoning module ClothingSystemEditor (212)
[2017.08.15-02.04.11:707][371]LogModuleManager: Shutting down and abandoning module ClothingSystemRuntime (210)
[2017.08.15-02.04.11:707][371]LogModuleManager: Shutting down and abandoning module MediaAssets (208)
[2017.08.15-02.04.11:707][371]LogModuleManager: Shutting down and abandoning module GameLiveStreaming (206)
[2017.08.15-02.04.11:707][371]LogModuleManager: Shutting down and abandoning module VREditor (204)
[2017.08.15-02.04.11:707][371]LogModuleManager: Shutting down and abandoning module StringTableEditor (202)
[2017.08.15-02.04.11:707][371]LogModuleManager: Shutting down and abandoning module GameplayTasksEditor (200)
[2017.08.15-02.04.11:707][371]LogModuleManager: Shutting down and abandoning module BehaviorTreeEditor (198)
[2017.08.15-02.04.11:707][371]LogModuleManager: Shutting down and abandoning module FunctionalTesting (196)
[2017.08.15-02.04.11:707][371]LogModuleManager: Shutting down and abandoning module CollisionAnalyzer (194)
[2017.08.15-02.04.11:707][371]LogModuleManager: Shutting down and abandoning module UMG (192)
[2017.08.15-02.04.11:707][371]LogModuleManager: Shutting down and abandoning module UMGEditor (191)
[2017.08.15-02.04.11:707][371]LogModuleManager: Shutting down and abandoning module Sequencer (190)
[2017.08.15-02.04.11:707][371]LogModuleManager: Shutting down and abandoning module AssetTools (188)
[2017.08.15-02.04.11:707][371]LogModuleManager: Shutting down and abandoning module MessageLog (187)
[2017.08.15-02.04.11:707][371]LogModuleManager: Shutting down and abandoning module WorkspaceMenuStructure (186)
[2017.08.15-02.04.11:707][371]LogModuleManager: Shutting down and abandoning module SlateReflector (180)
[2017.08.15-02.04.11:707][371]LogModuleManager: Shutting down and abandoning module Slate (178)
[2017.08.15-02.04.11:707][371]LogModuleManager: Shutting down and abandoning module EditorStyle (176)
[2017.08.15-02.04.11:709][371]LogModuleManager: Shutting down and abandoning module SourceCodeAccess (174)
[2017.08.15-02.04.11:709][371]LogModuleManager: Shutting down and abandoning module HeadMountedDisplay (172)
[2017.08.15-02.04.11:709][371]LogModuleManager: Shutting down and abandoning module XAudio2 (170)
[2017.08.15-02.04.11:709][371]LogModuleManager: Shutting down and abandoning module Networking (168)
[2017.08.15-02.04.11:709][371]LogModuleManager: Shutting down and abandoning module Core (164)
[2017.08.15-02.04.11:709][371]LogModuleManager: Shutting down and abandoning module AssetRegistry (162)
[2017.08.15-02.04.11:847][371]LogDirectoryWatcher: A directory notification for '../../../Engine/Content/' was aborted.
[2017.08.15-02.04.11:847][371]LogDirectoryWatcher: A directory notification for 'C:/Users/user/Documents/Unreal Projects/Speedy/Content/' was aborted.
[2017.08.15-02.04.11:847][371]LogDirectoryWatcher: A directory notification for '../../../Engine/Plugins/2D/Paper2D/Content/' was aborted.
[2017.08.15-02.04.11:847][371]LogDirectoryWatcher: A directory notification for '../../../Engine/Plugins/Runtime/GearVR/Content/' was aborted.
[2017.08.15-02.04.11:849][371]LogModuleManager: Shutting down and abandoning module DirectoryWatcher (161)
[2017.08.15-02.04.11:850][371]LogModuleManager: Shutting down and abandoning module KismetCompiler (158)
[2017.08.15-02.04.11:850][371]LogModuleManager: Shutting down and abandoning module LevelSequence (156)
[2017.08.15-02.04.11:850][371]LogModuleManager: Shutting down and abandoning module PhysXFormats (154)
[2017.08.15-02.04.11:850][371]LogModuleManager: Shutting down and abandoning module MeshUtilities (152)
[2017.08.15-02.04.11:850][371]LogModuleManager: Shutting down and abandoning module SimplygonSwarm (151)
[2017.08.15-02.04.11:850][371]LogModuleManager: Shutting down and abandoning module SimplygonMeshReduction (149)
[2017.08.15-02.04.11:850][371]LogModuleManager: Shutting down and abandoning module QuadricMeshReduction (147)
[2017.08.15-02.04.11:850][371]LogModuleManager: Shutting down and abandoning module DerivedDataCache (144)
[2017.08.15-02.04.11:886][371]LogDerivedDataCache: Shutdown
[2017.08.15-02.04.11:886][371]LogModuleManager: Shutting down and abandoning module TargetPlatform (142)
[2017.08.15-02.04.11:886][371]LogModuleManager: Shutting down and abandoning module VulkanShaderFormat (141)
[2017.08.15-02.04.11:886][371]LogModuleManager: Shutting down and abandoning module ShaderFormatVectorVM (139)
[2017.08.15-02.04.11:886][371]LogModuleManager: Shutting down and abandoning module ShaderFormatOpenGL (137)
[2017.08.15-02.04.11:886][371]LogModuleManager: Shutting down and abandoning module ShaderFormatD3D (135)
[2017.08.15-02.04.11:886][371]LogModuleManager: Shutting down and abandoning module MetalShaderFormat (133)
[2017.08.15-02.04.11:886][371]LogModuleManager: Shutting down and abandoning module TextureFormatUncompressed (131)
[2017.08.15-02.04.11:886][371]LogModuleManager: Shutting down and abandoning module TextureFormatPVR (129)
[2017.08.15-02.04.11:886][371]LogModuleManager: Shutting down and abandoning module TextureFormatDXT (127)
[2017.08.15-02.04.11:886][371]LogModuleManager: Shutting down and abandoning module TextureFormatIntelISPCTexComp (125)
[2017.08.15-02.04.11:886][371]LogModuleManager: Shutting down and abandoning module TextureFormatASTC (123)
[2017.08.15-02.04.11:887][371]LogModuleManager: Shutting down and abandoning module ImageWrapper (122)
[2017.08.15-02.04.11:887][371]LogModuleManager: Shutting down and abandoning module TextureFormatAndroid (119)
[2017.08.15-02.04.11:887][371]LogModuleManager: Shutting down and abandoning module AudioFormatOpus (117)
[2017.08.15-02.04.11:887][371]LogModuleManager: Shutting down and abandoning module AudioFormatOgg (115)
[2017.08.15-02.04.11:887][371]LogModuleManager: Shutting down and abandoning module AudioFormatADPCM (113)
[2017.08.15-02.04.11:887][371]LogModuleManager: Shutting down and abandoning module LinuxTargetPlatform (111)
[2017.08.15-02.04.11:887][371]LogModuleManager: Shutting down and abandoning module LinuxServerTargetPlatform (109)
[2017.08.15-02.04.11:887][371]LogModuleManager: Shutting down and abandoning module LinuxNoEditorTargetPlatform (107)
[2017.08.15-02.04.11:887][371]LogModuleManager: Shutting down and abandoning module LinuxClientTargetPlatform (105)
[2017.08.15-02.04.11:887][371]LogModuleManager: Shutting down and abandoning module TVOSTargetPlatform (103)
[2017.08.15-02.04.11:887][371]LogModuleManager: Shutting down and abandoning module Messaging (101)
[2017.08.15-02.04.11:887][371]LogModuleManager: Shutting down and abandoning module IOSTargetPlatform (99)
[2017.08.15-02.04.11:887][371]LogModuleManager: Shutting down and abandoning module HTML5TargetPlatform (97)
[2017.08.15-02.04.11:887][371]LogModuleManager: Shutting down and abandoning module Android_PVRTCTargetPlatform (95)
[2017.08.15-02.04.11:887][371]LogModuleManager: Shutting down and abandoning module Android_MultiTargetPlatform (93)
[2017.08.15-02.04.11:887][371]LogModuleManager: Shutting down and abandoning module Android_ETC2TargetPlatform (91)
[2017.08.15-02.04.11:887][371]LogModuleManager: Shutting down and abandoning module Android_ETC1TargetPlatform (89)
[2017.08.15-02.04.11:887][371]LogModuleManager: Shutting down and abandoning module Android_DXTTargetPlatform (87)
[2017.08.15-02.04.11:887][371]LogModuleManager: Shutting down and abandoning module Android_ATCTargetPlatform (85)
[2017.08.15-02.04.11:887][371]LogModuleManager: Shutting down and abandoning module Android_ASTCTargetPlatform (83)
[2017.08.15-02.04.11:887][371]LogModuleManager: Shutting down and abandoning module AndroidTargetPlatform (81)
[2017.08.15-02.04.11:887][371]LogModuleManager: Shutting down and abandoning module WindowsTargetPlatform (79)
[2017.08.15-02.04.11:887][371]LogModuleManager: Shutting down and abandoning module WindowsServerTargetPlatform (77)
[2017.08.15-02.04.11:887][371]LogModuleManager: Shutting down and abandoning module WindowsNoEditorTargetPlatform (75)
[2017.08.15-02.04.11:887][371]LogModuleManager: Shutting down and abandoning module WindowsClientTargetPlatform (73)
[2017.08.15-02.04.11:887][371]LogModuleManager: Shutting down and abandoning module MacTargetPlatform (71)
[2017.08.15-02.04.11:887][371]LogModuleManager: Shutting down and abandoning module MacServerTargetPlatform (69)
[2017.08.15-02.04.11:887][371]LogModuleManager: Shutting down and abandoning module MacNoEditorTargetPlatform (67)
[2017.08.15-02.04.11:887][371]LogModuleManager: Shutting down and abandoning module MacClientTargetPlatform (65)
[2017.08.15-02.04.11:887][371]LogModuleManager: Shutting down and abandoning module AllDesktopTargetPlatform (63)
[2017.08.15-02.04.11:887][371]LogModuleManager: Shutting down and abandoning module InputCore (60)
[2017.08.15-02.04.11:887][371]LogModuleManager: Shutting down and abandoning module Settings (58)
[2017.08.15-02.04.11:887][371]LogModuleManager: Shutting down and abandoning module OculusRift (56)
[2017.08.15-02.04.11:887][371]LogModuleManager: Shutting down and abandoning module GearVRController (54)
[2017.08.15-02.04.11:887][371]LogModuleManager: Shutting down and abandoning module GearVR (52)
[2017.08.15-02.04.11:887][371]LogModuleManager: Shutting down and abandoning module ExampleDeviceProfileSelector (50)
[2017.08.15-02.04.11:887][371]LogModuleManager: Shutting down and abandoning module OnlineBlueprintSupport (48)
[2017.08.15-02.04.11:887][371]LogModuleManager: Shutting down and abandoning module OnlineSubsystem (44)
[2017.08.15-02.04.11:887][371]LogOnline:Display: Unloading online subsystem: NULL
[2017.08.15-02.04.11:887][371]LogModuleManager: Shutting down and abandoning module XMPP (43)
[2017.08.15-02.04.11:887][371]LogModuleManager: Shutting down and abandoning module HTTP (41)
[2017.08.15-02.04.11:887][371]LogHttp:Display: Http module shutting down, but needs to wait on 1 outstanding Http requests:
[2017.08.15-02.04.11:887][371]LogHttp:Display: 	verb=[POST] url=[https://datarouter.ol.epicgames.com/datarouter/api/v1/public/data?SessionID=%7B66835F9C-4D0E-5E4A-FD5F-AF8D7405BC5F%7D&AppID=UEEditor.Rocket.Release&AppVersion=4.16.3-3561208%2B%2B%2BUE4%2BRelease-4.16&UserID=d32318d6443c82eb45d804811fdeaea0%7Ceefdd4ab262c4db284bee4401cb30bf5%7Cc01a5bb9-2f54-4422-ad79-7f6ef5dfa6ae&AppEnvironment=datacollector-binary&UploadType=eteventstream] status=Processing
[2017.08.15-02.04.11:912][371]LogModuleManager: Shutting down and abandoning module SSL (40)
[2017.08.15-02.04.11:914][371]LogModuleManager: Shutting down and abandoning module HTTPChunkInstaller (36)
[2017.08.15-02.04.11:914][371]LogModuleManager: Shutting down and abandoning module AnimationModifiers (34)
[2017.08.15-02.04.11:914][371]LogModuleManager: Shutting down and abandoning module PropertyEditor (33)
[2017.08.15-02.04.11:914][371]LogModuleManager: Shutting down and abandoning module AudioEditor (30)
[2017.08.15-02.04.11:914][371]LogModuleManager: Shutting down and abandoning module TextureCompressor (28)
[2017.08.15-02.04.11:914][371]LogModuleManager: Shutting down and abandoning module ShaderCore (26)
[2017.08.15-02.04.11:914][371]LogModuleManager: Shutting down and abandoning module Landscape (24)
[2017.08.15-02.04.11:914][371]LogModuleManager: Shutting down and abandoning module SlateRHIRenderer (22)
[2017.08.15-02.04.11:917][371]LogModuleManager: Shutting down and abandoning module OpenGLDrv (20)
[2017.08.15-02.04.11:917][371]LogModuleManager: Shutting down and abandoning module D3D11RHI (18)
[2017.08.15-02.04.11:917][371]LogModuleManager: Shutting down and abandoning module AnimGraphRuntime (16)
[2017.08.15-02.04.11:917][371]LogModuleManager: Shutting down and abandoning module Renderer (14)
[2017.08.15-02.04.11:917][371]LogModuleManager: Shutting down and abandoning module Engine (12)
[2017.08.15-02.04.11:917][371]LogModuleManager: Shutting down and abandoning module CoreUObject (10)
[2017.08.15-02.04.11:917][371]LogModuleManager: Shutting down and abandoning module NetworkFile (8)
[2017.08.15-02.04.11:917][371]LogModuleManager: Shutting down and abandoning module StreamingFile (6)
[2017.08.15-02.04.11:917][371]LogModuleManager: Shutting down and abandoning module SandboxFile (4)
[2017.08.15-02.04.11:917][371]LogModuleManager: Shutting down and abandoning module PakFile (2)
[2017.08.15-02.04.11:919][371]LogExit: Exiting.
[2017.08.15-02.04.11:929][371]Log file closed, 08/15/17 11:04:11
