Log file open, 08/15/17 12:46:37
LogInit:Display: Running engine for game: Speedy
LogPlatformFile: Not using cached read wrapper
LogInit:Display: RandInit(1242582856) SRandInit(1242582856).
LogTaskGraph: Started task graph with 5 named threads and 6 total threads with 1 sets of task threads.
LogStats: Stats thread started at 0.066102
LogInit: Using libcurl 7.47.1
LogInit:  - built for x86_64-pc-win32
LogInit:  - supports SSL with OpenSSL/1.0.2g
LogInit:  - supports HTTP deflate (compression) using libz 1.2.8
LogInit:  - other features:
LogInit:      CURL_VERSION_SSL
LogInit:      CURL_VERSION_LIBZ
LogInit:      CURL_VERSION_IPV6
LogInit:      CURL_VERSION_ASYNCHDNS
LogInit:      CURL_VERSION_LARGEFILE
LogInit:      CURL_VERSION_IDN
LogInit:  CurlRequestOptions (configurable via config and command line):
LogInit:  - bVerifyPeer = false  - Libcurl will NOT verify peer certificate
LogInit:  - bUseHttpProxy = false  - Libcurl will NOT use HTTP proxy
LogInit:  - bDontReuseConnections = false  - Libcurl will reuse connections
LogInit:  - CertBundlePath = nullptr  - Libcurl will use whatever was configured at build time.
LogInit: Build: ++UE4+Release-4.16-CL-3561208
LogInit: Engine Version: 4.16.3-3561208+++UE4+Release-4.16
LogInit: Compatible Engine Version: 4.16.0-3452394+++UE4+Release-4.16
LogInit: Net CL: 3452394
LogDevObjectVersion: Number of dev versions registered: 16
LogDevObjectVersion:   Dev-Blueprints (B0D832E4-1F89-4F0D-ACCF-7EB736FD4AA2): 9
LogDevObjectVersion:   Dev-Build (E1C64328-A22C-4D53-A36C-8E866417BD8C): 0
LogDevObjectVersion:   Dev-Core (375EC13C-06E4-48FB-B500-84F0262A717E): 2
LogDevObjectVersion:   Dev-Editor (E4B068ED-F494-42E9-A231-DA0B2E46BB41): 17
LogDevObjectVersion:   Dev-Framework (CFFC743F-43B0-4480-9391-14DF171D2073): 23
LogDevObjectVersion:   Dev-Mobile (B02B49B5-BB20-44E9-A304-32B752E40360): 0
LogDevObjectVersion:   Dev-Networking (A4E4105C-59A1-49B5-A7C5-40C4547EDFEE): 0
LogDevObjectVersion:   Dev-Online (39C831C9-5AE6-47DC-9A44-9C173E1C8E7C): 0
LogDevObjectVersion:   Dev-Physics (78F01B33-EBEA-4F98-B9B4-84EACCB95AA2): 0
LogDevObjectVersion:   Dev-Platform (6631380F-2D4D-43E0-8009-CF276956A95A): 0
LogDevObjectVersion:   Dev-Rendering (12F88B9F-8875-4AFC-A67C-D90C383ABD29): 15
LogDevObjectVersion:   Dev-Sequencer (7B5AE74C-D270-4C10-A958-57980B212A5A): 4
LogDevObjectVersion:   Dev-VR (D7296918-1DD6-4BDD-9DE2-64A83CC13884): 0
LogDevObjectVersion:   Dev-LoadTimes (C2A15278-BFE7-4AFE-6C17-90FF531DF755): 1
LogDevObjectVersion:   Private-Geometry (6EACA3D4-40EC-4CC1-B786-8BED09428FC5): 1
LogDevObjectVersion:   Dev-AnimPhys (29E575DD-E0A3-4627-9D10-D276232CDCEA): 3
LogInit: Compiled (64-bit): Jul 28 2017 11:49:47
LogInit: Compiled with Visual C++: 19.00.24215.01
LogInit: Build Configuration: Development
LogInit: Branch Name: ++UE4+Release-4.16
LogInit: Command line:  
LogInit: Base directory: D:/UE_4.16/Engine/Binaries/Win64/
LogInit: Installed Engine Build: 1
LogInit: Presizing for max 8388607 objects, including 0 objects not considered by GC, pre-allocating 0 bytes for permanent pool.
LogInit: Object subsystem initialized
[2017.08.15-03.46.37:969][  0]LogInit: Selected Device Profile: [Windows]
[2017.08.15-03.46.37:969][  0]LogInit: Applying CVar settings loaded from the selected device profile: [Windows]
[2017.08.15-03.46.37:986][  0]LogInit: Computer: DESKTOP-RM5SNBE
[2017.08.15-03.46.37:986][  0]LogInit: User: user
[2017.08.15-03.46.37:986][  0]LogInit: CPU Page size=4096, Cores=2
[2017.08.15-03.46.37:986][  0]LogInit: High frequency timer resolution =2.648442 MHz
[2017.08.15-03.46.37:986][  0]LogMemory: Memory total: Physical=7.9GB (8GB approx)
[2017.08.15-03.46.37:986][  0]LogMemory: Platform Memory Stats for Windows
[2017.08.15-03.46.37:986][  0]LogMemory: Process Physical Memory: 274.02 MB used, 274.02 MB peak
[2017.08.15-03.46.37:986][  0]LogMemory: Process Virtual Memory: 266.42 MB used, 266.42 MB peak
[2017.08.15-03.46.37:986][  0]LogMemory: Physical Memory: 3414.49 MB used,  4664.45 MB free, 8078.94 MB total
[2017.08.15-03.46.37:986][  0]LogMemory: Virtual Memory: 641.70 MB used,  4664.45 MB free, 134217728.00 MB total
[2017.08.15-03.46.38:039][  0]LogInit: Using OS detected language (ko-KR).
[2017.08.15-03.46.38:039][  0]LogInit: Using OS detected locale (ko-KR).
[2017.08.15-03.46.38:043][  0]LogTextLocalizationManager: No specific localization for 'ko-KR' exists, so the 'ko' localization will be used.
[2017.08.15-03.46.38:922][  0]LogD3D11RHI: D3D11 adapters:
[2017.08.15-03.46.38:948][  0]LogD3D11RHI:    0. 'NVIDIA GeForce 940MX' (Feature Level 11_0)
[2017.08.15-03.46.38:948][  0]LogD3D11RHI:       2019/0/4039 MB DedicatedVideo/DedicatedSystem/SharedSystem, Outputs:1, VendorId:0x10de
[2017.08.15-03.46.38:955][  0]LogD3D11RHI:    1. 'Intel(R) HD Graphics 620' (Feature Level 11_0)
[2017.08.15-03.46.38:955][  0]LogD3D11RHI:       128/0/4039 MB DedicatedVideo/DedicatedSystem/SharedSystem, Outputs:0, VendorId:0x8086
[2017.08.15-03.46.38:957][  0]LogD3D11RHI:    2. 'Microsoft Basic Render Driver' (Feature Level 11_0)
[2017.08.15-03.46.38:957][  0]LogD3D11RHI:       0/0/4039 MB DedicatedVideo/DedicatedSystem/SharedSystem, Outputs:0, VendorId:0x1414
[2017.08.15-03.46.38:957][  0]LogD3D11RHI: Chosen D3D11 Adapter: 0
[2017.08.15-03.46.38:961][  0]LogD3D11RHI: Creating new Direct3DDevice
[2017.08.15-03.46.38:961][  0]LogD3D11RHI:     GPU DeviceId: 0x134d (for the marketing name, search the web for "GPU Device Id")
[2017.08.15-03.46.38:961][  0]LogWindows: EnumDisplayDevices:
[2017.08.15-03.46.38:962][  0]LogWindows:    0. 'Intel(R) HD Graphics 620' (P:1 D:1)
[2017.08.15-03.46.38:962][  0]LogWindows:    1. 'Intel(R) HD Graphics 620' (P:0 D:0)
[2017.08.15-03.46.38:962][  0]LogWindows:    2. 'Intel(R) HD Graphics 620' (P:0 D:0)
[2017.08.15-03.46.38:962][  0]LogWindows: DebugString: PrimaryIsNotTheChoosenAdapter PrimaryIsNotTheChoosenAdapter PrimaryIsNotTheChoosenAdapter FoundDriverCount:0 
[2017.08.15-03.46.38:962][  0]LogD3D11RHI:     Adapter Name: NVIDIA GeForce 940MX
[2017.08.15-03.46.38:962][  0]LogD3D11RHI:   Driver Version: Unknown (internal:Unknown, unified:Unknown)
[2017.08.15-03.46.38:962][  0]LogD3D11RHI:      Driver Date: Unknown
[2017.08.15-03.46.38:962][  0]LogRHI: Texture pool is 1361 MB (70% of 1945 MB)
[2017.08.15-03.46.38:977][  0]LogD3D11RHI: Async texture creation enabled
[2017.08.15-03.46.38:994][  0]LogD3D11RHI: GPU Timing Frequency: 1000.000000 (Debug: 2 2)
[2017.08.15-03.46.38:997][  0]LogShaderCompilers: Guid format shader working directory is 0 characters bigger than the processId version (C:/Users/user/Documents/Unreal Projects/Speedy/Intermediate/Shaders/WorkingDirectory/788/).
[2017.08.15-03.46.38:998][  0]LogShaderCompilers: Cleaned the shader compiler working directory 'C:/Users/user/AppData/Local/Temp/UnrealShaderWorkingDir/3CF32F744A31F0E1A1DD70B4C0C5C9CC/'.
[2017.08.15-03.46.38:998][  0]LogShaderCompilers:Display: Using Local Shader Compiler.
[2017.08.15-03.46.40:254][  0]LogTemp:Display: Loaded TP AllDesktopTargetPlatform
[2017.08.15-03.46.40:302][  0]LogTemp:Display: Loaded TP MacClientTargetPlatform
[2017.08.15-03.46.40:350][  0]LogTemp:Display: Loaded TP MacNoEditorTargetPlatform
[2017.08.15-03.46.40:399][  0]LogTemp:Display: Loaded TP MacServerTargetPlatform
[2017.08.15-03.46.40:448][  0]LogTemp:Display: Loaded TP MacTargetPlatform
[2017.08.15-03.46.40:497][  0]LogTemp:Display: Loaded TP WindowsClientTargetPlatform
[2017.08.15-03.46.40:547][  0]LogTemp:Display: Loaded TP WindowsNoEditorTargetPlatform
[2017.08.15-03.46.40:595][  0]LogTemp:Display: Loaded TP WindowsServerTargetPlatform
[2017.08.15-03.46.40:638][  0]LogTemp:Display: Loaded TP WindowsTargetPlatform
[2017.08.15-03.46.40:686][  0]LogTemp:Display: Loaded TP AndroidTargetPlatform
[2017.08.15-03.46.40:738][  0]LogTemp:Display: Loaded TP Android_ASTCTargetPlatform
[2017.08.15-03.46.40:793][  0]LogTemp:Display: Loaded TP Android_ATCTargetPlatform
[2017.08.15-03.46.40:845][  0]LogTemp:Display: Loaded TP Android_DXTTargetPlatform
[2017.08.15-03.46.40:904][  0]LogTemp:Display: Loaded TP Android_ETC1TargetPlatform
[2017.08.15-03.46.40:960][  0]LogTemp:Display: Loaded TP Android_ETC2TargetPlatform
[2017.08.15-03.46.41:065][  0]LogTemp:Display: Loaded TP Android_MultiTargetPlatform
[2017.08.15-03.46.41:065][  0]LogTemp:Display: Loaded TP Android_PVRTCTargetPlatform
[2017.08.15-03.46.41:104][  0]LogTemp:Display: Loaded TP HTML5TargetPlatform
[2017.08.15-03.46.41:189][  0]LogTemp:Display: Loaded TP IOSTargetPlatform
[2017.08.15-03.46.41:212][  0]LogTemp:Display: Loaded TP TVOSTargetPlatform
[2017.08.15-03.46.41:262][  0]LogTemp:Display: Loaded TP LinuxClientTargetPlatform
[2017.08.15-03.46.41:310][  0]LogTemp:Display: Loaded TP LinuxNoEditorTargetPlatform
[2017.08.15-03.46.41:358][  0]LogTemp:Display: Loaded TP LinuxServerTargetPlatform
[2017.08.15-03.46.41:406][  0]LogTemp:Display: Loaded TP LinuxTargetPlatform
[2017.08.15-03.46.41:406][  0]LogTargetPlatformManager:Display: Building Assets For Windows
[2017.08.15-03.46.41:819][  0]LogDerivedDataCache:Display: Max Cache Size: 512 MB
[2017.08.15-03.46.41:936][  0]LogDerivedDataCache: Loaded boot cache 0.12s 90MB C:/Users/user/AppData/Local/UnrealEngine/4.16/DerivedDataCache/Boot.ddc.
[2017.08.15-03.46.41:936][  0]LogDerivedDataCache:Display: Loaded Boot cache: C:/Users/user/AppData/Local/UnrealEngine/4.16/DerivedDataCache/Boot.ddc
[2017.08.15-03.46.41:936][  0]LogDerivedDataCache: FDerivedDataBackendGraph:  Pak pak cache file C:/Users/user/Documents/Unreal Projects/Speedy/DerivedDataCache/DDC.ddp not found, will not use a pak cache.
[2017.08.15-03.46.41:936][  0]LogDerivedDataCache: Unable to find inner node Pak for hierarchical cache Hierarchy.
[2017.08.15-03.46.41:936][  0]LogDerivedDataCache: FDerivedDataBackendGraph:  CompressedPak pak cache file C:/Users/user/Documents/Unreal Projects/Speedy/DerivedDataCache/Compressed.ddp not found, will not use a pak cache.
[2017.08.15-03.46.41:936][  0]LogDerivedDataCache: Unable to find inner node CompressedPak for hierarchical cache Hierarchy.
[2017.08.15-03.46.41:953][  0]LogDerivedDataCache:Display: Pak cache opened for reading ../../../Engine/DerivedDataCache/Compressed.ddp.
[2017.08.15-03.46.41:966][  0]LogDerivedDataCache: Using Local data cache path C:/Users/user/AppData/Local/UnrealEngine/Common/DerivedDataCache: Writable
[2017.08.15-03.46.41:978][  0]LogMaterial: Verifying Global Shaders for PCD3D_SM5
[2017.08.15-03.46.41:979][  0]LogSlate: Using Freetype 2.6.0
[2017.08.15-03.46.41:979][  0]LogSlate: SlateFontCache - WITH_FREETYPE: 1, WITH_HARFBUZZ: 1
[2017.08.15-03.46.41:979][  0]LogSlate: SlateFontCache - WITH_FREETYPE: 1, WITH_HARFBUZZ: 1
[2017.08.15-03.46.42:380][  0]LogInit: Selected Device Profile: [Windows]
[2017.08.15-03.46.42:461][  0]LogContentStreaming: Texture pool size is 0.00 MB
[2017.08.15-03.46.42:606][  0]LogMeshUtilities: Using QuadricMeshReduction for automatic static mesh reduction
[2017.08.15-03.46.42:647][  0]LogSimplygon: Simplygon DLL not present - disabling.
[2017.08.15-03.46.42:690][  0]LogMeshUtilities: Using SimplygonSwarm for distributed automatic mesh merging
[2017.08.15-03.46.42:690][  0]LogMeshUtilities: No automatic skeletal mesh reduction module available
[2017.08.15-03.46.42:690][  0]LogMeshUtilities: No automatic mesh merging module available
[2017.08.15-03.46.43:250][  0]LogNetVersion: Speedy , NetCL: 3452394, EngineNetVer: 2, GameNetVer: 0 (Checksum: 418536735)
[2017.08.15-03.46.43:306][  0]LogAssetRegistry: FAssetRegistry took 0.0260 seconds to start up
[2017.08.15-03.46.43:377][  0]LogPackageLocalizationCache: Processed 4 localized package path(s) for 2 prioritized culture(s) in 0.048035 seconds
[2017.08.15-03.46.43:382][  0]LogUObjectArray: 34194 objects as part of root set at end of initial load.
[2017.08.15-03.46.43:382][  0]LogUObjectAllocator: 7260424 out of 0 bytes used by permanent object pool.
[2017.08.15-03.46.43:382][  0]LogUObjectArray: CloseDisregardForGC: 0/0 objects in disregard for GC pool
[2017.08.15-03.46.43:427][  0]LogInit: WinSock: version 1.1 (2.2), MaxSocks=32767, MaxUdp=65467
[2017.08.15-03.46.46:116][  0]LogTcpMessaging: Initializing TcpMessaging bridge
[2017.08.15-03.46.46:151][  0]LogUdpMessaging: Initializing bridge on interface 0.0.0.0:0 to multicast group 230.0.0.1:6666.
[2017.08.15-03.46.46:756][  0]LogMaterial: Uniform references updated for custom material expression Custom.
[2017.08.15-03.46.47:169][  0]SourceControl: 정보 소스 콘트롤이 꺼졌습니다.
[2017.08.15-03.46.47:170][  0]SourceControl: 정보 소스 콘트롤이 꺼졌습니다.
[2017.08.15-03.46.47:221][  0]SourceControl: 정보 소스 콘트롤이 꺼졌습니다.
[2017.08.15-03.46.47:270][  0]SourceControl: 정보 소스 콘트롤이 꺼졌습니다.
[2017.08.15-03.46.47:977][  0]LogAndroidPermission: UAndroidPermissionCallbackProxy::GetInstance
[2017.08.15-03.46.48:574][  0]LogEngine: Initializing Engine...
[2017.08.15-03.46.48:575][  0]LogHMD: Failed to initialize OpenVR with code 110
[2017.08.15-03.46.48:844][  0]LogStats: UGameplayTagsManager::ConstructGameplayTagTree: Construct from data asset -  0.000 s
[2017.08.15-03.46.48:844][  0]LogStats: UGameplayTagsManager::ConstructGameplayTagTree: GameplayTagTreeChangedEvent.Broadcast -  0.000 s
[2017.08.15-03.46.48:993][  0]LogAIModule: Creating AISystem for world Untitled
[2017.08.15-03.46.49:001][  0]LogInit: XAudio2 using 'Speakers(Realtek High Definition Audio)' : 2 channels at 48 kHz using 32 bits per sample (channel mask 0x3)
[2017.08.15-03.46.49:106][  0]LogInit: FAudioDevice initialized.
[2017.08.15-03.46.49:157][  0]LogDerivedDataCache: Saved boot cache 0.05s 90MB C:/Users/user/AppData/Local/UnrealEngine/4.16/DerivedDataCache/Boot.ddc.
[2017.08.15-03.46.49:166][  0]LogInit: Texture streaming: Enabled
[2017.08.15-03.46.49:236][  0]LogEngineSessionManager: EngineSessionManager initialized
[2017.08.15-03.46.49:450][  0]LogInit: Transaction tracking system initialized
[2017.08.15-03.46.49:843][  0]BlueprintLog: New page: 에디터 로드
[2017.08.15-03.46.50:938][  0]LocalizationService: 정보 현지화 서비스가 비활성화되었습니다.
[2017.08.15-03.46.51:640][  0]LogConsoleResponse:Display: 
[2017.08.15-03.46.51:820][  0]LogCook:Display: Max memory allowance for cook 16384mb min free memory 0mb
[2017.08.15-03.46.51:820][  0]LogCook:Display: Mobile HDR setting 0
[2017.08.15-03.46.52:187][  0]LogFileCache: Scanning file cache for directory 'C:/Users/user/Documents/Unreal Projects/Speedy/Content/' took 0.02s
[2017.08.15-03.46.52:937][  0]SourceControl: 정보 소스 콘트롤이 꺼졌습니다.
[2017.08.15-03.46.52:937][  0]Cmd: MAP LOAD FILE="C:/Users/user/Documents/Unreal Projects/Speedy/Content/2DSideScrollerBP/Maps/2DSideScrollerExampleMap.umap" TEMPLATE=0 SHOWPROGRESS=1 FEATURELEVEL=3
[2017.08.15-03.46.52:938][  0]LightingResults: New page: 라이팅 빌드
[2017.08.15-03.46.52:986][  0]MapCheck: New page: 맵 체크
[2017.08.15-03.46.52:986][  0]LightingResults: New page: 라이팅 빌드
[2017.08.15-03.46.53:227][  0]LogAIModule: Creating AISystem for world 2DSideScrollerExampleMap
[2017.08.15-03.46.53:236][  0]LogEditorServer: Finished looking for orphan Actors (0.000 secs)
[2017.08.15-03.46.53:270][  0]Cmd: MAP CHECKDEP NOCLEARLOG
[2017.08.15-03.46.53:339][  0]MapCheck: 정보 맵 체크 완료: 오류 0 회, 경고 0 회, 소요 시간 69.674ms.
[2017.08.15-03.46.53:339][  0]LogFileHelpers: Loading map '2DSideScrollerExampleMap' took 0.402
[2017.08.15-03.46.53:536][  0]LogCollectionManager: Loaded 0 collections in 0.002377 seconds
[2017.08.15-03.46.53:646][  0]LogFileCache: Scanning file cache for directory 'C:/Users/user/Documents/Unreal Projects/Speedy/Saved/Collections/' took 0.01s
[2017.08.15-03.46.53:646][  0]LogFileCache: Scanning file cache for directory 'C:/Users/user/Documents/Unreal Projects/Speedy/Content/Developers/user/Collections/' took 0.01s
[2017.08.15-03.46.53:646][  0]LogFileCache: Scanning file cache for directory 'C:/Users/user/Documents/Unreal Projects/Speedy/Content/Collections/' took 0.01s
[2017.08.15-03.46.53:646][  0]LogCollectionManager: Rebuilt the GUID cache for 0 collections in 0.000002 seconds
[2017.08.15-03.46.53:655][  0]LogContentBrowser: Native class hierarchy populated in 0.0093 seconds. Added 2329 classes and 491 folders.
[2017.08.15-03.46.53:734][  0]LogContentBrowser: Native class hierarchy updated for 'WidgetCarousel' in 0.0008 seconds. Added 0 classes and 0 folders.
[2017.08.15-03.46.53:792][  0]LogContentBrowser: Native class hierarchy updated for 'AddContentDialog' in 0.0008 seconds. Added 0 classes and 0 folders.
[2017.08.15-03.46.53:848][  0]LogContentBrowser: Native class hierarchy updated for 'SceneOutliner' in 0.0006 seconds. Added 1 classes and 2 folders.
[2017.08.15-03.46.53:886][  0]LogCrashTracker: Crashtracker disabled due to settings.
[2017.08.15-03.46.53:896][  0]LogSlate: Took 0.001227 seconds to synchronously load lazily loaded font '../../../Engine/Content/Slate/Fonts/Roboto-Regular.ttf' (155K)
[2017.08.15-03.46.53:905][  0]LogSlate: Took 0.006498 seconds to synchronously load lazily loaded font '../../../Engine/Content/Slate/Fonts/NanumGothic.ttf' (4243K)
[2017.08.15-03.46.53:906][  0]LogSlate: Took 0.000295 seconds to synchronously load lazily loaded font '../../../Engine/Content/Slate/Fonts/Roboto-Bold.ttf' (160K)
[2017.08.15-03.46.53:910][  0]LogSlate: Took 0.000448 seconds to synchronously load lazily loaded font '../../../Engine/Content/Editor/Slate/Fonts/FontAwesome.ttf' (139K)
[2017.08.15-03.46.54:031][  0]LogRenderer: Reallocating scene render targets to support 964x436 NumSamples 1 (Frame:1).
[2017.08.15-03.46.54:205][  0]LogUObjectGlobals:Warning: 'Class 없음.' 오브젝트를 찾는 데 실패했습니다.
[2017.08.15-03.46.54:356][  0]LogContentBrowser: Native class hierarchy updated for 'HierarchicalLODOutliner' in 0.0009 seconds. Added 1 classes and 2 folders.
[2017.08.15-03.46.54:357][  0]LogLoad: (Engine Initialization) Total time: 17.87 seconds
[2017.08.15-03.46.54:357][  0]LogLoad: (Engine Initialization) Total Blueprint compile time: 0.06 seconds
[2017.08.15-03.46.54:357][  0]LogExternalProfiler: No external profilers were discovered.  External profiling features will not be available.
[2017.08.15-03.46.54:697][  0]LogWindowsTextInputMethodSystem:Display: IME system now activated using TSF (Microsoft 입력기).
[2017.08.15-03.46.54:705][  0]LogOcInput: OculusInput pre-init called
[2017.08.15-03.46.54:705][  0]LogHMD: Starting GearVRController plugin
[2017.08.15-03.46.54:722][  0]LogContentStreaming: Texture pool size now 1000 MB
[2017.08.15-03.46.54:747][  0]LogSlate: Took 0.000353 seconds to synchronously load lazily loaded font '../../../Engine/Content/Slate/Fonts/Roboto-Light.ttf' (159K)
[2017.08.15-03.46.55:191][  1]LogAssetRegistry: Asset discovery search completed in 11.9065 seconds
[2017.08.15-03.46.55:206][  1]LogCollectionManager: Rebuilt the object cache for 0 collections in 0.000001 seconds (found 0 objects)
[2017.08.15-03.46.55:206][  1]LogCollectionManager: Fixed up redirectors for 0 collections in 0.000058 seconds (updated 0 objects)
[2017.08.15-03.47.20:593][639]LogSlate: Took 0.003979 seconds to synchronously load lazily loaded font '../../../Engine/Content/Slate/Fonts/Roboto-Light.ttf' (159K)
[2017.08.15-03.47.21:129][639]LogSlate: Took 0.000268 seconds to synchronously load lazily loaded font '../../../Engine/Content/Slate/Fonts/Roboto-Regular.ttf' (155K)
[2017.08.15-03.47.21:624][639]LogContentBrowser: Native class hierarchy updated for 'BlueprintGraph' in 0.0009 seconds. Added 112 classes and 0 folders.
[2017.08.15-03.47.22:898][639]LogSlate: Took 0.012117 seconds to synchronously load lazily loaded font '../../../Engine/Content/Editor/Slate/Fonts/Roboto-BoldCondensed.ttf' (158K)
[2017.08.15-03.47.26:847][793]LogSlate: Took 0.032066 seconds to synchronously load lazily loaded font '../../../Engine/Content/Editor/Slate/Fonts/Roboto-Italic.ttf' (157K)
[2017.08.15-03.49.03:959][213]LogEditorViewport: Clicking on Actor (LMB): PaperSpriteActor (Background_Sprite)
[2017.08.15-03.50.28:981][675]LogEditorViewport: Clicking on Actor (context menu): PaperSpriteActor (Background_Sprite)
[2017.08.15-03.50.36:554][ 54]LogContentBrowser: Native class hierarchy updated for 'TextureEditor' in 0.0006 seconds. Added 1 classes and 2 folders.
[2017.08.15-03.50.44:512][348]LogEditorFactories: Performing atomic reimport of [C:/Users/user/Documents/Unreal Projects/Speedy/Assets/KakaoTalk_20170813_012631261.bmp]
[2017.08.15-03.50.44:560][348]LogFactory: FactoryCreateFile: Texture2D with ReimportTextureFactory (0 0 C:/Users/user/Documents/Unreal Projects/Speedy/Assets/KakaoTalk_20170813_012631261.bmp)
[2017.08.15-03.50.44:666][348]LogTexture:Display: 텍스처 빌드: 2DBackground (BGRA8, 1920X1080)
[2017.08.15-03.50.44:880][348]LogEditorFactories: -- imported successfully
[2017.08.15-03.50.44:937][348]LogSlate: Took 0.000377 seconds to synchronously load lazily loaded font '../../../Engine/Content/Slate/Fonts/Roboto-Light.ttf' (159K)
[2017.08.15-03.50.47:435][494]Cmd: OBJ SAVEPACKAGE PACKAGE="/Game/2dSideScroller/Textures/2DBackground" FILE="C:/Users/user/Documents/Unreal Projects/Speedy/Content/2dSideScroller/Textures/2DBackground.uasset" SILENT=true
[2017.08.15-03.50.47:596][494]LogSavePackage: Save=117.34ms
[2017.08.15-03.50.47:596][494]LogSavePackage: Moving 'C:/Users/user/Documents/Unreal Projects/Speedy/Saved/2DBackgroundD9D0BDF047DB8C946855D29CF82E91EC.tmp' to 'C:/Users/user/Documents/Unreal Projects/Speedy/Content/2dSideScroller/Textures/2DBackground.uasset'
[2017.08.15-03.50.47:600][494]LogSavePackage:Display: Finished SavePackage C:/Users/user/Documents/Unreal Projects/Speedy/Content/2dSideScroller/Textures/2DBackground.uasset
[2017.08.15-03.50.52:393][770]LogEditorViewport: Clicking on Actor (LMB): PaperSpriteActor (Background_Sprite)
[2017.08.15-03.50.54:491][895]LogEditorViewport: Clicking on Actor (LMB): PaperSpriteActor (Background_Sprite2)
[2017.08.15-03.50.55:492][952]LogEditorViewport: Clicking on Actor (LMB): PaperSpriteActor (Background_Sprite)
[2017.08.15-03.50.58:919][132]LogEditorViewport: Clicking on Actor (LMB): PaperSpriteActor (Background_Sprite2)
[2017.08.15-03.51.00:613][231]LogEditorViewport: Clicking on Actor (LMB): PaperSpriteActor (Background_Sprite)
[2017.08.15-03.51.01:304][268]LogEditorViewport: Clicking Background
[2017.08.15-03.51.03:188][368]LogSavePackage: Save=116.26ms
[2017.08.15-03.51.03:188][368]LogSavePackage: Moving 'C:/Users/user/Documents/Unreal Projects/Speedy/Saved/2DSideScrollerExampleMapE635CF7140ECDAD628B45F8CECE21493.tmp' to 'C:/Users/user/Documents/Unreal Projects/Speedy/Content/2DSideScrollerBP/Maps/2DSideScrollerExampleMap.umap'
[2017.08.15-03.51.03:190][368]LogSavePackage:Display: Finished SavePackage C:/Users/user/Documents/Unreal Projects/Speedy/Content/2DSideScrollerBP/Maps/2DSideScrollerExampleMap.umap
[2017.08.15-03.51.03:228][368]LogSavePackage: Save=2.05ms
[2017.08.15-03.51.03:228][368]LogSavePackage: Moving 'C:/Users/user/Documents/Unreal Projects/Speedy/Saved/2DSideScrollerExampleMap_BuiltData6592FEA1457979E4181A06AC42162DE8.tmp' to 'C:/Users/user/Documents/Unreal Projects/Speedy/Content/2DSideScrollerBP/Maps/2DSideScrollerExampleMap_BuiltData.uasset'
[2017.08.15-03.51.03:230][368]LogSavePackage:Display: Finished SavePackage C:/Users/user/Documents/Unreal Projects/Speedy/Content/2DSideScrollerBP/Maps/2DSideScrollerExampleMap_BuiltData.uasset
[2017.08.15-03.53.46:839][535]LogTemp: Repeting last play command: 선택된 뷰포트
[2017.08.15-03.53.46:876][535]LogBlueprintUserMessages: Early PlayInEditor Detection: Level '/Game/2DSideScrollerBP/Maps/2DSideScrollerExampleMap.2DSideScrollerExampleMap:PersistentLevel' has LevelScriptBlueprint '/Game/2DSideScrollerBP/Maps/2DSideScrollerExampleMap.2DSideScrollerExampleMap:PersistentLevel.2DSideScrollerExampleMap' with GeneratedClass '/Game/2DSideScrollerBP/Maps/2DSideScrollerExampleMap.2DSideScrollerExampleMap_C' with ClassGeneratedBy '/Game/2DSideScrollerBP/Maps/2DSideScrollerExampleMap.2DSideScrollerExampleMap:PersistentLevel.2DSideScrollerExampleMap'
[2017.08.15-03.53.46:876][535]LogPlayLevel: PlayLevel: No blueprints needed recompiling
[2017.08.15-03.53.46:876][535]PIE: New page: PIE 세션: 2DSideScrollerExampleMap (2017. 8. 15. 오후 9:53:46)
[2017.08.15-03.53.46:876][535]LogPlayLevel: Creating play world package: /Game/2DSideScrollerBP/Maps/UEDPIE_0_2DSideScrollerExampleMap
[2017.08.15-03.53.46:878][535]LogPlayLevel: PIE: StaticDuplicateObject took: (0.002152s)
[2017.08.15-03.53.46:879][535]LogAIModule: Creating AISystem for world 2DSideScrollerExampleMap
[2017.08.15-03.53.46:879][535]LogPlayLevel: PIE: World Init took: (0.000853s)
[2017.08.15-03.53.46:880][535]LogPlayLevel: PIE: Created PIE world by copying editor world from /Game/2DSideScrollerBP/Maps/2DSideScrollerExampleMap.2DSideScrollerExampleMap to /Game/2DSideScrollerBP/Maps/UEDPIE_0_2DSideScrollerExampleMap.2DSideScrollerExampleMap (0.003321s)
[2017.08.15-03.53.46:913][535]LogInit: XAudio2 using 'Speakers(Realtek High Definition Audio)' : 2 channels at 48 kHz using 32 bits per sample (channel mask 0x3)
[2017.08.15-03.53.46:938][535]LogInit: FAudioDevice initialized.
[2017.08.15-03.53.46:982][535]LogLoad: Game class is '2DSideScrollerGameMode_C'
[2017.08.15-03.53.46:984][535]LogWorld: Bringing World /Game/2DSideScrollerBP/Maps/UEDPIE_0_2DSideScrollerExampleMap.2DSideScrollerExampleMap up for play (max tick rate 60) at 2017.08.15-12.53.46
[2017.08.15-03.53.46:985][535]LogWorld: Bringing up level for play took: 0.001895
[2017.08.15-03.53.47:036][535]LogContentBrowser: Native class hierarchy updated for 'MovieSceneCapture' in 0.0006 seconds. Added 11 classes and 0 folders.
[2017.08.15-03.53.47:036][535]PIE: 정보 /Game/2DSideScrollerBP/Maps/UEDPIE_0_2DSideScrollerExampleMap 에 대한 에디터에서 플레이 시작 시간: 0.16
[2017.08.15-03.53.47:036][535]LogBlueprintUserMessages: Late PlayInEditor Detection: Level '/Game/2DSideScrollerBP/Maps/2DSideScrollerExampleMap.2DSideScrollerExampleMap:PersistentLevel' has LevelScriptBlueprint '/Game/2DSideScrollerBP/Maps/2DSideScrollerExampleMap.2DSideScrollerExampleMap:PersistentLevel.2DSideScrollerExampleMap' with GeneratedClass '/Game/2DSideScrollerBP/Maps/2DSideScrollerExampleMap.2DSideScrollerExampleMap_C' with ClassGeneratedBy '/Game/2DSideScrollerBP/Maps/2DSideScrollerExampleMap.2DSideScrollerExampleMap:PersistentLevel.2DSideScrollerExampleMap'
[2017.08.15-03.53.52:413][855]LogBlueprintUserMessages: Early EndPlayMap Detection: Level '/Game/2DSideScrollerBP/Maps/2DSideScrollerExampleMap.2DSideScrollerExampleMap:PersistentLevel' has LevelScriptBlueprint '/Game/2DSideScrollerBP/Maps/2DSideScrollerExampleMap.2DSideScrollerExampleMap:PersistentLevel.2DSideScrollerExampleMap' with GeneratedClass '/Game/2DSideScrollerBP/Maps/2DSideScrollerExampleMap.2DSideScrollerExampleMap_C' with ClassGeneratedBy '/Game/2DSideScrollerBP/Maps/2DSideScrollerExampleMap.2DSideScrollerExampleMap:PersistentLevel.2DSideScrollerExampleMap'
[2017.08.15-03.53.52:452][855]LogBlueprintUserMessages: Late EndPlayMap Detection: Level '/Game/2DSideScrollerBP/Maps/2DSideScrollerExampleMap.2DSideScrollerExampleMap:PersistentLevel' has LevelScriptBlueprint '/Game/2DSideScrollerBP/Maps/2DSideScrollerExampleMap.2DSideScrollerExampleMap:PersistentLevel.2DSideScrollerExampleMap' with GeneratedClass '/Game/2DSideScrollerBP/Maps/2DSideScrollerExampleMap.2DSideScrollerExampleMap_C' with ClassGeneratedBy '/Game/2DSideScrollerBP/Maps/2DSideScrollerExampleMap.2DSideScrollerExampleMap:PersistentLevel.2DSideScrollerExampleMap'
