Log file open, 09/06/17 10:57:30
LogInit:Display: Running engine for game: Speedy
LogPlatformFile: Not using cached read wrapper
LogInit:Display: RandInit(1249329244) SRandInit(1249329245).
LogTaskGraph: Started task graph with 5 named threads and 6 total threads with 1 sets of task threads.
LogStats: Stats thread started at 6.206839
LogInit: Using libcurl 7.47.1
LogInit:  - built for x86_64-pc-win32
LogInit:  - supports SSL with OpenSSL/1.0.2g
LogInit:  - supports HTTP deflate (compression) using libz 1.2.8
LogInit:  - other features:
LogInit:      CURL_VERSION_SSL
LogInit:      CURL_VERSION_LIBZ
LogInit:      CURL_VERSION_IPV6
LogInit:      CURL_VERSION_ASYNCHDNS
LogInit:      CURL_VERSION_LARGEFILE
LogInit:      CURL_VERSION_IDN
LogInit:  CurlRequestOptions (configurable via config and command line):
LogInit:  - bVerifyPeer = false  - Libcurl will NOT verify peer certificate
LogInit:  - bUseHttpProxy = false  - Libcurl will NOT use HTTP proxy
LogInit:  - bDontReuseConnections = false  - Libcurl will reuse connections
LogInit:  - CertBundlePath = nullptr  - Libcurl will use whatever was configured at build time.
LogInit: Build: ++UE4+Release-4.16-CL-3561208
LogInit: Engine Version: 4.16.3-3561208+++UE4+Release-4.16
LogInit: Compatible Engine Version: 4.16.0-3452394+++UE4+Release-4.16
LogInit: Net CL: 3452394
LogDevObjectVersion: Number of dev versions registered: 16
LogDevObjectVersion:   Dev-Blueprints (B0D832E4-1F89-4F0D-ACCF-7EB736FD4AA2): 9
LogDevObjectVersion:   Dev-Build (E1C64328-A22C-4D53-A36C-8E866417BD8C): 0
LogDevObjectVersion:   Dev-Core (375EC13C-06E4-48FB-B500-84F0262A717E): 2
LogDevObjectVersion:   Dev-Editor (E4B068ED-F494-42E9-A231-DA0B2E46BB41): 17
LogDevObjectVersion:   Dev-Framework (CFFC743F-43B0-4480-9391-14DF171D2073): 23
LogDevObjectVersion:   Dev-Mobile (B02B49B5-BB20-44E9-A304-32B752E40360): 0
LogDevObjectVersion:   Dev-Networking (A4E4105C-59A1-49B5-A7C5-40C4547EDFEE): 0
LogDevObjectVersion:   Dev-Online (39C831C9-5AE6-47DC-9A44-9C173E1C8E7C): 0
LogDevObjectVersion:   Dev-Physics (78F01B33-EBEA-4F98-B9B4-84EACCB95AA2): 0
LogDevObjectVersion:   Dev-Platform (6631380F-2D4D-43E0-8009-CF276956A95A): 0
LogDevObjectVersion:   Dev-Rendering (12F88B9F-8875-4AFC-A67C-D90C383ABD29): 15
LogDevObjectVersion:   Dev-Sequencer (7B5AE74C-D270-4C10-A958-57980B212A5A): 4
LogDevObjectVersion:   Dev-VR (D7296918-1DD6-4BDD-9DE2-64A83CC13884): 0
LogDevObjectVersion:   Dev-LoadTimes (C2A15278-BFE7-4AFE-6C17-90FF531DF755): 1
LogDevObjectVersion:   Private-Geometry (6EACA3D4-40EC-4CC1-B786-8BED09428FC5): 1
LogDevObjectVersion:   Dev-AnimPhys (29E575DD-E0A3-4627-9D10-D276232CDCEA): 3
LogInit: Compiled (64-bit): Jul 28 2017 11:49:47
LogInit: Compiled with Visual C++: 19.00.24215.01
LogInit: Build Configuration: Development
LogInit: Branch Name: ++UE4+Release-4.16
LogInit: Command line:  
LogInit: Base directory: D:/UE_4.16/Engine/Binaries/Win64/
LogInit: Installed Engine Build: 1
LogInit: Presizing for max 8388607 objects, including 0 objects not considered by GC, pre-allocating 0 bytes for permanent pool.
LogInit: Object subsystem initialized
[2017.09.06-01.57.32:399][  0]LogInit: Selected Device Profile: [Windows]
[2017.09.06-01.57.32:399][  0]LogInit: Applying CVar settings loaded from the selected device profile: [Windows]
[2017.09.06-01.57.32:496][  0]LogInit: Computer: DESKTOP-RM5SNBE
[2017.09.06-01.57.32:496][  0]LogInit: User: user
[2017.09.06-01.57.32:496][  0]LogInit: CPU Page size=4096, Cores=2
[2017.09.06-01.57.32:496][  0]LogInit: High frequency timer resolution =2.648443 MHz
[2017.09.06-01.57.32:500][  0]LogMemory: Memory total: Physical=7.9GB (8GB approx)
[2017.09.06-01.57.32:500][  0]LogMemory: Platform Memory Stats for Windows
[2017.09.06-01.57.32:500][  0]LogMemory: Process Physical Memory: 273.10 MB used, 273.10 MB peak
[2017.09.06-01.57.32:500][  0]LogMemory: Process Virtual Memory: 266.26 MB used, 266.26 MB peak
[2017.09.06-01.57.32:500][  0]LogMemory: Physical Memory: 2423.67 MB used,  5655.27 MB free, 8078.94 MB total
[2017.09.06-01.57.32:500][  0]LogMemory: Virtual Memory: 641.70 MB used,  5655.27 MB free, 134217728.00 MB total
[2017.09.06-01.57.33:651][  0]LogInit: Using OS detected language (ko-KR).
[2017.09.06-01.57.33:651][  0]LogInit: Using OS detected locale (ko-KR).
[2017.09.06-01.57.33:813][  0]LogTextLocalizationManager: No specific localization for 'ko-KR' exists, so the 'ko' localization will be used.
[2017.09.06-01.57.36:833][  0]LogD3D11RHI: D3D11 adapters:
[2017.09.06-01.57.37:149][  0]LogD3D11RHI:    0. 'NVIDIA GeForce 940MX' (Feature Level 11_0)
[2017.09.06-01.57.37:149][  0]LogD3D11RHI:       2019/0/4039 MB DedicatedVideo/DedicatedSystem/SharedSystem, Outputs:1, VendorId:0x10de
[2017.09.06-01.57.37:159][  0]LogD3D11RHI:    1. 'Intel(R) HD Graphics 620' (Feature Level 11_0)
[2017.09.06-01.57.37:159][  0]LogD3D11RHI:       128/0/4039 MB DedicatedVideo/DedicatedSystem/SharedSystem, Outputs:0, VendorId:0x8086
[2017.09.06-01.57.37:161][  0]LogD3D11RHI:    2. 'Microsoft Basic Render Driver' (Feature Level 11_0)
[2017.09.06-01.57.37:161][  0]LogD3D11RHI:       0/0/4039 MB DedicatedVideo/DedicatedSystem/SharedSystem, Outputs:0, VendorId:0x1414
[2017.09.06-01.57.37:161][  0]LogD3D11RHI: Chosen D3D11 Adapter: 0
[2017.09.06-01.57.37:167][  0]LogD3D11RHI: Creating new Direct3DDevice
[2017.09.06-01.57.37:167][  0]LogD3D11RHI:     GPU DeviceId: 0x134d (for the marketing name, search the web for "GPU Device Id")
[2017.09.06-01.57.37:167][  0]LogWindows: EnumDisplayDevices:
[2017.09.06-01.57.37:168][  0]LogWindows:    0. 'Intel(R) HD Graphics 620' (P:1 D:1)
[2017.09.06-01.57.37:168][  0]LogWindows:    1. 'Intel(R) HD Graphics 620' (P:0 D:0)
[2017.09.06-01.57.37:168][  0]LogWindows:    2. 'Intel(R) HD Graphics 620' (P:0 D:0)
[2017.09.06-01.57.37:168][  0]LogWindows: DebugString: PrimaryIsNotTheChoosenAdapter PrimaryIsNotTheChoosenAdapter PrimaryIsNotTheChoosenAdapter FoundDriverCount:0 
[2017.09.06-01.57.37:168][  0]LogD3D11RHI:     Adapter Name: NVIDIA GeForce 940MX
[2017.09.06-01.57.37:168][  0]LogD3D11RHI:   Driver Version: Unknown (internal:Unknown, unified:Unknown)
[2017.09.06-01.57.37:168][  0]LogD3D11RHI:      Driver Date: Unknown
[2017.09.06-01.57.37:168][  0]LogRHI: Texture pool is 1361 MB (70% of 1945 MB)
[2017.09.06-01.57.37:194][  0]LogD3D11RHI: Async texture creation enabled
[2017.09.06-01.57.37:515][  0]LogD3D11RHI: GPU Timing Frequency: 1000.000000 (Debug: 2 2)
[2017.09.06-01.57.37:659][  0]LogShaderCompilers: Guid format shader working directory is -2 characters bigger than the processId version (C:/Users/user/Documents/Unreal Projects/Speedy/Intermediate/Shaders/WorkingDirectory/10680/).
[2017.09.06-01.57.37:659][  0]LogShaderCompilers: Cleaned the shader compiler working directory 'C:/Users/user/AppData/Local/Temp/UnrealShaderWorkingDir/C9EC037545647A06130801B98541968D/'.
[2017.09.06-01.57.37:666][  0]LogShaderCompilers:Display: Using Local Shader Compiler.
[2017.09.06-01.57.41:138][  0]LogTemp:Display: Loaded TP AllDesktopTargetPlatform
[2017.09.06-01.57.41:187][  0]LogTemp:Display: Loaded TP MacClientTargetPlatform
[2017.09.06-01.57.41:231][  0]LogTemp:Display: Loaded TP MacNoEditorTargetPlatform
[2017.09.06-01.57.41:283][  0]LogTemp:Display: Loaded TP MacServerTargetPlatform
[2017.09.06-01.57.41:375][  0]LogTemp:Display: Loaded TP MacTargetPlatform
[2017.09.06-01.57.41:434][  0]LogTemp:Display: Loaded TP WindowsClientTargetPlatform
[2017.09.06-01.57.41:488][  0]LogTemp:Display: Loaded TP WindowsNoEditorTargetPlatform
[2017.09.06-01.57.41:550][  0]LogTemp:Display: Loaded TP WindowsServerTargetPlatform
[2017.09.06-01.57.41:592][  0]LogTemp:Display: Loaded TP WindowsTargetPlatform
[2017.09.06-01.57.41:658][  0]LogTemp:Display: Loaded TP AndroidTargetPlatform
[2017.09.06-01.57.41:701][  0]LogTemp:Display: Loaded TP Android_ASTCTargetPlatform
[2017.09.06-01.57.41:747][  0]LogTemp:Display: Loaded TP Android_ATCTargetPlatform
[2017.09.06-01.57.41:794][  0]LogTemp:Display: Loaded TP Android_DXTTargetPlatform
[2017.09.06-01.57.41:842][  0]LogTemp:Display: Loaded TP Android_ETC1TargetPlatform
[2017.09.06-01.57.41:892][  0]LogTemp:Display: Loaded TP Android_ETC2TargetPlatform
[2017.09.06-01.57.41:985][  0]LogTemp:Display: Loaded TP Android_MultiTargetPlatform
[2017.09.06-01.57.41:985][  0]LogTemp:Display: Loaded TP Android_PVRTCTargetPlatform
[2017.09.06-01.57.42:021][  0]LogTemp:Display: Loaded TP HTML5TargetPlatform
[2017.09.06-01.57.42:185][  0]LogTemp:Display: Loaded TP IOSTargetPlatform
[2017.09.06-01.57.42:211][  0]LogTemp:Display: Loaded TP TVOSTargetPlatform
[2017.09.06-01.57.42:263][  0]LogTemp:Display: Loaded TP LinuxClientTargetPlatform
[2017.09.06-01.57.42:319][  0]LogTemp:Display: Loaded TP LinuxNoEditorTargetPlatform
[2017.09.06-01.57.42:377][  0]LogTemp:Display: Loaded TP LinuxServerTargetPlatform
[2017.09.06-01.57.42:464][  0]LogTemp:Display: Loaded TP LinuxTargetPlatform
[2017.09.06-01.57.42:464][  0]LogTargetPlatformManager:Display: Building Assets For Windows
[2017.09.06-01.57.43:784][  0]LogDerivedDataCache:Display: Max Cache Size: 512 MB
[2017.09.06-01.57.44:363][  0]LogDerivedDataCache: Loaded boot cache 0.57s 90MB C:/Users/user/AppData/Local/UnrealEngine/4.16/DerivedDataCache/Boot.ddc.
[2017.09.06-01.57.44:363][  0]LogDerivedDataCache:Display: Loaded Boot cache: C:/Users/user/AppData/Local/UnrealEngine/4.16/DerivedDataCache/Boot.ddc
[2017.09.06-01.57.44:363][  0]LogDerivedDataCache: FDerivedDataBackendGraph:  Pak pak cache file C:/Users/user/Documents/Unreal Projects/Speedy/DerivedDataCache/DDC.ddp not found, will not use a pak cache.
[2017.09.06-01.57.44:363][  0]LogDerivedDataCache: Unable to find inner node Pak for hierarchical cache Hierarchy.
[2017.09.06-01.57.44:363][  0]LogDerivedDataCache: FDerivedDataBackendGraph:  CompressedPak pak cache file C:/Users/user/Documents/Unreal Projects/Speedy/DerivedDataCache/Compressed.ddp not found, will not use a pak cache.
[2017.09.06-01.57.44:363][  0]LogDerivedDataCache: Unable to find inner node CompressedPak for hierarchical cache Hierarchy.
[2017.09.06-01.57.44:530][  0]LogDerivedDataCache:Display: Pak cache opened for reading ../../../Engine/DerivedDataCache/Compressed.ddp.
[2017.09.06-01.57.44:542][  0]LogDerivedDataCache: Using Local data cache path C:/Users/user/AppData/Local/UnrealEngine/Common/DerivedDataCache: Writable
[2017.09.06-01.57.44:616][  0]LogMaterial: Verifying Global Shaders for PCD3D_SM5
[2017.09.06-01.57.44:666][  0]LogSlate: Using Freetype 2.6.0
[2017.09.06-01.57.44:774][  0]LogSlate: SlateFontCache - WITH_FREETYPE: 1, WITH_HARFBUZZ: 1
[2017.09.06-01.57.44:774][  0]LogSlate: SlateFontCache - WITH_FREETYPE: 1, WITH_HARFBUZZ: 1
[2017.09.06-01.57.52:102][  0]LogInit: Selected Device Profile: [Windows]
[2017.09.06-01.57.53:307][  0]LogContentStreaming: Texture pool size is 0.00 MB
[2017.09.06-01.57.54:024][  0]LogMeshUtilities: Using QuadricMeshReduction for automatic static mesh reduction
[2017.09.06-01.57.54:121][  0]LogSimplygon: Simplygon DLL not present - disabling.
[2017.09.06-01.57.54:229][  0]LogMeshUtilities: Using SimplygonSwarm for distributed automatic mesh merging
[2017.09.06-01.57.54:229][  0]LogMeshUtilities: No automatic skeletal mesh reduction module available
[2017.09.06-01.57.54:229][  0]LogMeshUtilities: No automatic mesh merging module available
[2017.09.06-01.57.59:647][  0]LogNetVersion: Speedy , NetCL: 3452394, EngineNetVer: 2, GameNetVer: 0 (Checksum: 418536735)
[2017.09.06-01.58.00:076][  0]LogAssetRegistry: FAssetRegistry took 0.0582 seconds to start up
[2017.09.06-01.58.00:171][  0]LogAssetRegistry:Error: Failed to open file for write C:/Users/user/Documents/Unreal Projects/Speedy/Intermediate/AssetRegistryCache/4f2003d7.bin
[2017.09.06-01.58.00:231][  0]LogAssetRegistry:Error: Failed to open file for write C:/Users/user/Documents/Unreal Projects/Speedy/Intermediate/AssetRegistryCache/08131104.bin
[2017.09.06-01.58.00:284][  0]LogAssetRegistry:Error: Failed to open file for write C:/Users/user/Documents/Unreal Projects/Speedy/Intermediate/AssetRegistryCache/1e449417.bin
[2017.09.06-01.58.00:296][  0]LogAssetRegistry:Error: Failed to open file for write C:/Users/user/Documents/Unreal Projects/Speedy/Intermediate/AssetRegistryCache/9b1e0f5b.bin
[2017.09.06-01.58.00:306][  0]LogFileManager:Warning: DeleteFile was unable to delete 'C:/Users/user/Documents/Unreal Projects/Speedy/Intermediate/AssetRegistryCache/ccfeca2f.bin', retrying in .5s...
[2017.09.06-01.58.00:810][  0]LogFileManager:Warning: DeleteFile recovered during retry!
[2017.09.06-01.58.00:811][  0]LogFileManager:Warning: MoveFile was unable to move 'C:/Users/user/Documents/Unreal Projects/Speedy/Intermediate/AssetRegistryCache/ccfeca2f.bin.tmp' to 'C:/Users/user/Documents/Unreal Projects/Speedy/Intermediate/AssetRegistryCache/ccfeca2f.bin', retrying in .5s...
[2017.09.06-01.58.01:311][  0]LogFileManager:Warning: MoveFile was unable to move 'C:/Users/user/Documents/Unreal Projects/Speedy/Intermediate/AssetRegistryCache/ccfeca2f.bin.tmp' to 'C:/Users/user/Documents/Unreal Projects/Speedy/Intermediate/AssetRegistryCache/ccfeca2f.bin', retrying in .5s...
[2017.09.06-01.58.01:812][  0]LogFileManager:Warning: MoveFile was unable to move 'C:/Users/user/Documents/Unreal Projects/Speedy/Intermediate/AssetRegistryCache/ccfeca2f.bin.tmp' to 'C:/Users/user/Documents/Unreal Projects/Speedy/Intermediate/AssetRegistryCache/ccfeca2f.bin', retrying in .5s...
[2017.09.06-01.58.02:313][  0]LogFileManager:Warning: MoveFile was unable to move 'C:/Users/user/Documents/Unreal Projects/Speedy/Intermediate/AssetRegistryCache/ccfeca2f.bin.tmp' to 'C:/Users/user/Documents/Unreal Projects/Speedy/Intermediate/AssetRegistryCache/ccfeca2f.bin', retrying in .5s...
[2017.09.06-01.58.02:814][  0]LogFileManager:Warning: MoveFile was unable to move 'C:/Users/user/Documents/Unreal Projects/Speedy/Intermediate/AssetRegistryCache/ccfeca2f.bin.tmp' to 'C:/Users/user/Documents/Unreal Projects/Speedy/Intermediate/AssetRegistryCache/ccfeca2f.bin', retrying in .5s...
[2017.09.06-01.58.03:316][  0]LogAssetRegistry:Error: Failed to open file for write C:/Users/user/Documents/Unreal Projects/Speedy/Intermediate/CachedAssetRegistry.bin
[2017.09.06-01.58.03:317][  0]LogFileManager:Warning: MoveFile was unable to move 'C:/Users/user/Documents/Unreal Projects/Speedy/Intermediate/AssetRegistryCache/ccfeca2f.bin.tmp' to 'C:/Users/user/Documents/Unreal Projects/Speedy/Intermediate/AssetRegistryCache/ccfeca2f.bin', retrying in .5s...
[2017.09.06-01.58.03:817][  0]LogFileManager:Warning: MoveFile was unable to move 'C:/Users/user/Documents/Unreal Projects/Speedy/Intermediate/AssetRegistryCache/ccfeca2f.bin.tmp' to 'C:/Users/user/Documents/Unreal Projects/Speedy/Intermediate/AssetRegistryCache/ccfeca2f.bin', retrying in .5s...
[2017.09.06-01.58.04:318][  0]LogFileManager:Warning: MoveFile was unable to move 'C:/Users/user/Documents/Unreal Projects/Speedy/Intermediate/AssetRegistryCache/ccfeca2f.bin.tmp' to 'C:/Users/user/Documents/Unreal Projects/Speedy/Intermediate/AssetRegistryCache/ccfeca2f.bin', retrying in .5s...
[2017.09.06-01.58.04:818][  0]LogFileManager:Warning: MoveFile was unable to move 'C:/Users/user/Documents/Unreal Projects/Speedy/Intermediate/AssetRegistryCache/ccfeca2f.bin.tmp' to 'C:/Users/user/Documents/Unreal Projects/Speedy/Intermediate/AssetRegistryCache/ccfeca2f.bin', retrying in .5s...
[2017.09.06-01.58.05:319][  0]LogFileManager:Warning: MoveFile was unable to move 'C:/Users/user/Documents/Unreal Projects/Speedy/Intermediate/AssetRegistryCache/ccfeca2f.bin.tmp' to 'C:/Users/user/Documents/Unreal Projects/Speedy/Intermediate/AssetRegistryCache/ccfeca2f.bin', retrying in .5s...
[2017.09.06-01.58.05:820][  0]LogFileManager:Error: Error moving file 'C:/Users/user/Documents/Unreal Projects/Speedy/Intermediate/AssetRegistryCache/ccfeca2f.bin.tmp' to 'C:/Users/user/Documents/Unreal Projects/Speedy/Intermediate/AssetRegistryCache/ccfeca2f.bin'.
[2017.09.06-01.58.05:822][  0]LogPackageLocalizationCache: Processed 4 localized package path(s) for 2 prioritized culture(s) in 5.678014 seconds
[2017.09.06-01.58.05:827][  0]LogUObjectArray: 34194 objects as part of root set at end of initial load.
[2017.09.06-01.58.05:827][  0]LogUObjectAllocator: 7260416 out of 0 bytes used by permanent object pool.
[2017.09.06-01.58.05:827][  0]LogUObjectArray: CloseDisregardForGC: 0/0 objects in disregard for GC pool
[2017.09.06-01.58.05:871][  0]LogInit: WinSock: version 1.1 (2.2), MaxSocks=32767, MaxUdp=65467
[2017.09.06-01.58.20:466][  0]LogTcpMessaging: Initializing TcpMessaging bridge
[2017.09.06-01.58.20:615][  0]LogUdpMessaging: Initializing bridge on interface 0.0.0.0:0 to multicast group 230.0.0.1:6666.
[2017.09.06-01.58.22:904][  0]LogMaterial: Uniform references updated for custom material expression Custom.
[2017.09.06-01.58.23:980][  0]LogConfig:Warning: Failed to saved backup for config[SourceControlSettings]
[2017.09.06-01.58.23:984][  0]SourceControl: 정보 소스 콘트롤이 꺼졌습니다.
[2017.09.06-01.58.23:997][  0]SourceControl: 정보 소스 콘트롤이 꺼졌습니다.
[2017.09.06-01.58.24:146][  0]SourceControl: 정보 소스 콘트롤이 꺼졌습니다.
[2017.09.06-01.58.24:399][  0]SourceControl: 정보 소스 콘트롤이 꺼졌습니다.
[2017.09.06-01.58.26:315][  0]LogAndroidPermission: UAndroidPermissionCallbackProxy::GetInstance
[2017.09.06-01.58.27:501][  0]LogEngine: Initializing Engine...
[2017.09.06-01.58.27:524][  0]LogHMD: Failed to initialize OpenVR with code 110
[2017.09.06-01.58.28:599][  0]LogStats: UGameplayTagsManager::ConstructGameplayTagTree: Construct from data asset -  0.000 s
[2017.09.06-01.58.28:600][  0]LogStats: UGameplayTagsManager::ConstructGameplayTagTree: GameplayTagTreeChangedEvent.Broadcast -  0.000 s
[2017.09.06-01.58.29:132][  0]LogAIModule: Creating AISystem for world Untitled
[2017.09.06-01.58.29:298][  0]LogInit: XAudio2 using 'Speakers(Realtek High Definition Audio)' : 2 channels at 48 kHz using 32 bits per sample (channel mask 0x3)
[2017.09.06-01.58.29:459][  0]LogInit: FAudioDevice initialized.
[2017.09.06-01.58.29:469][  0]LogDerivedDataCache:Error: Could not save memory cache C:/Users/user/AppData/Local/UnrealEngine/4.16/DerivedDataCache/Boot.ddc.
[2017.09.06-01.58.29:490][  0]LogInit: Texture streaming: Enabled
[2017.09.06-01.58.29:646][  0]LogEngineSessionManager: EngineSessionManager initialized
[2017.09.06-01.58.30:335][  0]LogInit: Transaction tracking system initialized
[2017.09.06-01.58.31:040][  0]BlueprintLog: New page: 에디터 로드
[2017.09.06-01.58.32:963][  0]LocalizationService: 정보 현지화 서비스가 비활성화되었습니다.
[2017.09.06-01.58.34:549][  0]LogConsoleResponse:Display: 
[2017.09.06-01.58.38:022][  0]LogCook:Display: Max memory allowance for cook 16384mb min free memory 0mb
[2017.09.06-01.58.38:022][  0]LogCook:Display: Mobile HDR setting 0
[2017.09.06-01.58.38:264][  0]LogFileCache: Scanning file cache for directory 'C:/Users/user/Documents/Unreal Projects/Speedy/Content/' took 0.07s
[2017.09.06-01.58.40:737][  0]SourceControl: 정보 소스 콘트롤이 꺼졌습니다.
[2017.09.06-01.58.40:770][  0]Cmd: MAP LOAD FILE="C:/Users/user/Documents/Unreal Projects/Speedy/Content/2DSideScrollerBP/Maps/2DSideScrollerExampleMap.umap" TEMPLATE=0 SHOWPROGRESS=1 FEATURELEVEL=3
[2017.09.06-01.58.40:828][  0]LightingResults: New page: 라이팅 빌드
[2017.09.06-01.58.41:127][  0]MapCheck: New page: 맵 체크
[2017.09.06-01.58.41:128][  0]LightingResults: New page: 라이팅 빌드
[2017.09.06-01.58.42:741][  0]LogAIModule: Creating AISystem for world 2DSideScrollerExampleMap
[2017.09.06-01.58.42:947][  0]LogEditorServer: Finished looking for orphan Actors (0.001 secs)
[2017.09.06-01.58.43:108][  0]Cmd: MAP CHECKDEP NOCLEARLOG
[2017.09.06-01.58.43:183][  0]MapCheck: 정보 맵 체크 완료: 오류 0 회, 경고 0 회, 소요 시간 74.361ms.
[2017.09.06-01.58.43:183][  0]LogFileHelpers: Loading map '2DSideScrollerExampleMap' took 2.420
[2017.09.06-01.58.45:005][  0]LogCollectionManager: Loaded 0 collections in 0.006910 seconds
[2017.09.06-01.58.45:452][  0]LogFileCache: Scanning file cache for directory 'C:/Users/user/Documents/Unreal Projects/Speedy/Saved/Collections/' took 0.01s
[2017.09.06-01.58.45:452][  0]LogFileCache: Scanning file cache for directory 'C:/Users/user/Documents/Unreal Projects/Speedy/Content/Developers/user/Collections/' took 0.02s
[2017.09.06-01.58.45:452][  0]LogFileCache: Scanning file cache for directory 'C:/Users/user/Documents/Unreal Projects/Speedy/Content/Collections/' took 0.01s
[2017.09.06-01.58.45:452][  0]LogCollectionManager: Rebuilt the GUID cache for 0 collections in 0.000025 seconds
[2017.09.06-01.58.45:509][  0]LogContentBrowser: Native class hierarchy populated in 0.0539 seconds. Added 2329 classes and 491 folders.
[2017.09.06-01.58.45:733][  0]LogContentBrowser: Native class hierarchy updated for 'WidgetCarousel' in 0.0015 seconds. Added 0 classes and 0 folders.
[2017.09.06-01.58.46:838][  0]LogContentBrowser: Native class hierarchy updated for 'AddContentDialog' in 0.0026 seconds. Added 0 classes and 0 folders.
[2017.09.06-01.58.47:070][  0]LogContentBrowser: Native class hierarchy updated for 'SceneOutliner' in 0.0009 seconds. Added 1 classes and 2 folders.
[2017.09.06-01.58.47:851][  0]LogCrashTracker: Crashtracker disabled due to settings.
[2017.09.06-01.58.47:982][  0]LogSlate: Took 0.043035 seconds to synchronously load lazily loaded font '../../../Engine/Content/Slate/Fonts/Roboto-Regular.ttf' (155K)
[2017.09.06-01.58.48:097][  0]LogSlate: Took 0.111853 seconds to synchronously load lazily loaded font '../../../Engine/Content/Slate/Fonts/NanumGothic.ttf' (4243K)
[2017.09.06-01.58.48:116][  0]LogSlate: Took 0.013018 seconds to synchronously load lazily loaded font '../../../Engine/Content/Slate/Fonts/Roboto-Bold.ttf' (160K)
[2017.09.06-01.58.48:193][  0]LogSlate: Took 0.017596 seconds to synchronously load lazily loaded font '../../../Engine/Content/Editor/Slate/Fonts/FontAwesome.ttf' (139K)
[2017.09.06-01.58.48:829][  0]LogRenderer: Reallocating scene render targets to support 964x436 NumSamples 1 (Frame:1).
[2017.09.06-01.58.49:866][  0]LogUObjectGlobals:Warning: 'Class 없음.' 오브젝트를 찾는 데 실패했습니다.
[2017.09.06-01.58.50:083][  0]LogContentBrowser: Native class hierarchy updated for 'HierarchicalLODOutliner' in 0.0011 seconds. Added 1 classes and 2 folders.
[2017.09.06-01.58.50:084][  0]LogLoad: (Engine Initialization) Total time: 93.43 seconds
[2017.09.06-01.58.50:084][  0]LogLoad: (Engine Initialization) Total Blueprint compile time: 0.90 seconds
[2017.09.06-01.58.50:084][  0]LogExternalProfiler: No external profilers were discovered.  External profiling features will not be available.
[2017.09.06-01.58.50:440][  0]LogOcInput: OculusInput pre-init called
[2017.09.06-01.58.50:440][  0]LogHMD: Starting GearVRController plugin
[2017.09.06-01.58.50:466][  0]LogContentStreaming: Texture pool size now 1000 MB
[2017.09.06-01.58.50:841][  1]LogSlate: Took 0.000342 seconds to synchronously load lazily loaded font '../../../Engine/Content/Slate/Fonts/Roboto-Light.ttf' (159K)
[2017.09.06-01.58.51:109][  2]LogAssetRegistry: Asset discovery search completed in 51.0560 seconds
[2017.09.06-01.58.51:111][  2]LogCollectionManager: Rebuilt the object cache for 0 collections in 0.000001 seconds (found 0 objects)
[2017.09.06-01.58.51:111][  2]LogCollectionManager: Fixed up redirectors for 0 collections in 0.000054 seconds (updated 0 objects)
[2017.09.06-01.58.51:441][  3]LogSlate: Took 0.000376 seconds to synchronously load lazily loaded font '../../../Engine/Content/Slate/Fonts/Roboto-Light.ttf' (159K)
[2017.09.06-01.59.08:692][ 54]LogWindowsTextInputMethodSystem:Display: IME system now activated using TSF (Microsoft 입력기).
[2017.09.06-01.59.08:970][ 55]Cmd: QUIT_EDITOR
[2017.09.06-01.59.09:158][ 55]LogExit: Preparing to exit.
[2017.09.06-01.59.09:938][ 55]LogExit: Editor shut down
[2017.09.06-01.59.09:944][ 55]LogExit: Transaction tracking system shut down
[2017.09.06-01.59.10:367][ 55]LogObj: Freed 0b from 0 cluster array pools.
[2017.09.06-01.59.10:368][ 55]LogExit: Object subsystem successfully closed.
[2017.09.06-01.59.10:422][ 55]LogD3D11RHI: Shutdown
[2017.09.06-01.59.10:422][ 55]LogD3D11RHI: CleanupD3DDevice
[2017.09.06-01.59.10:485][ 55]LogD3D11RHI: ~FD3D11DynamicRHI
[2017.09.06-01.59.10:653][ 55]LogModuleManager: Shutting down and abandoning module HierarchicalLODOutliner (524)
[2017.09.06-01.59.10:653][ 55]LogModuleManager: Shutting down and abandoning module CrashTracker (522)
[2017.09.06-01.59.10:653][ 55]LogModuleManager: Shutting down and abandoning module SceneOutliner (520)
[2017.09.06-01.59.10:653][ 55]LogModuleManager: Shutting down and abandoning module AddContentDialog (518)
[2017.09.06-01.59.10:669][ 55]LogDirectoryWatcher: A directory notification for 'D:/UE_4.16/FeaturePacks/' was aborted.
[2017.09.06-01.59.10:670][ 55]LogModuleManager: Shutting down and abandoning module WidgetCarousel (517)
[2017.09.06-01.59.10:670][ 55]LogModuleManager: Shutting down and abandoning module EditorWidgets (514)
[2017.09.06-01.59.10:670][ 55]LogModuleManager: Shutting down and abandoning module CollectionManager (512)
[2017.09.06-01.59.10:670][ 55]LogDirectoryWatcher: A directory notification for 'C:/Users/user/Documents/Unreal Projects/Speedy/Content/Collections/' was aborted.
[2017.09.06-01.59.10:670][ 55]LogDirectoryWatcher: A directory notification for 'C:/Users/user/Documents/Unreal Projects/Speedy/Content/Developers/user/Collections/' was aborted.
[2017.09.06-01.59.10:670][ 55]LogDirectoryWatcher: A directory notification for 'C:/Users/user/Documents/Unreal Projects/Speedy/Saved/Collections/' was aborted.
[2017.09.06-01.59.10:670][ 55]LogModuleManager: Shutting down and abandoning module StatsViewer (510)
[2017.09.06-01.59.10:670][ 55]LogModuleManager: Shutting down and abandoning module FoliageEdit (508)
[2017.09.06-01.59.10:670][ 55]LogModuleManager: Shutting down and abandoning module LandscapeEditor (506)
[2017.09.06-01.59.10:684][ 55]LogModuleManager: Shutting down and abandoning module MeshPaintMode (504)
[2017.09.06-01.59.10:684][ 55]LogModuleManager: Shutting down and abandoning module SceneDepthPickerMode (502)
[2017.09.06-01.59.10:684][ 55]LogModuleManager: Shutting down and abandoning module ActorPickerMode (500)
[2017.09.06-01.59.10:684][ 55]LogModuleManager: Shutting down and abandoning module GeometryMode (498)
[2017.09.06-01.59.10:684][ 55]LogModuleManager: Shutting down and abandoning module TextureAlignMode (496)
[2017.09.06-01.59.10:684][ 55]LogModuleManager: Shutting down and abandoning module BspMode (494)
[2017.09.06-01.59.10:684][ 55]LogModuleManager: Shutting down and abandoning module HardwareSurvey (492)
[2017.09.06-01.59.10:684][ 55]LogModuleManager: Shutting down and abandoning module SequenceRecorderSections (490)
[2017.09.06-01.59.10:684][ 55]LogModuleManager: Shutting down and abandoning module AutomationWorker (488)
[2017.09.06-01.59.10:684][ 55]LogModuleManager: Shutting down and abandoning module MatineeToLevelSequence (486)
[2017.09.06-01.59.10:684][ 55]LogModuleManager: Shutting down and abandoning module LevelSequenceEditor (484)
[2017.09.06-01.59.10:697][ 55]LogModuleManager: Shutting down and abandoning module PlacementMode (483)
[2017.09.06-01.59.10:697][ 55]LogModuleManager: Shutting down and abandoning module WmfMediaFactory (480)
[2017.09.06-01.59.10:697][ 55]LogModuleManager: Shutting down and abandoning module WmfMediaEditor (478)
[2017.09.06-01.59.10:697][ 55]LogModuleManager: Shutting down and abandoning module AvfMediaFactory (476)
[2017.09.06-01.59.10:697][ 55]LogModuleManager: Shutting down and abandoning module AvfMediaEditor (474)
[2017.09.06-01.59.10:697][ 55]LogModuleManager: Shutting down and abandoning module AndroidMediaFactory (472)
[2017.09.06-01.59.10:697][ 55]LogModuleManager: Shutting down and abandoning module Media (471)
[2017.09.06-01.59.10:697][ 55]LogModuleManager: Shutting down and abandoning module AndroidMediaEditor (468)
[2017.09.06-01.59.10:697][ 55]LogModuleManager: Shutting down and abandoning module CharacterAI (466)
[2017.09.06-01.59.10:697][ 55]LogModuleManager: Shutting down and abandoning module AudioCapture (464)
[2017.09.06-01.59.10:697][ 55]LogModuleManager: Shutting down and abandoning module SequenceRecorder (463)
[2017.09.06-01.59.10:697][ 55]LogModuleManager: Shutting down and abandoning module SmartSnapping (460)
[2017.09.06-01.59.10:697][ 55]LogModuleManager: Shutting down and abandoning module SessionServices (458)
[2017.09.06-01.59.10:697][ 55]LogModuleManager: Shutting down and abandoning module ViewportSnapping (456)
[2017.09.06-01.59.10:697][ 55]LogModuleManager: Shutting down and abandoning module ViewportInteraction (454)
[2017.09.06-01.59.10:697][ 55]LogModuleManager: Shutting down and abandoning module ClothPainter (452)
[2017.09.06-01.59.10:698][ 55]LogModuleManager: Shutting down and abandoning module LogVisualizer (450)
[2017.09.06-01.59.10:707][ 55]LogModuleManager: Shutting down and abandoning module IntroTutorials (448)
[2017.09.06-01.59.10:707][ 55]LogModuleManager: Shutting down and abandoning module GameProjectGeneration (447)
[2017.09.06-01.59.10:722][ 55]LogModuleManager: Shutting down and abandoning module EditorLiveStreaming (444)
[2017.09.06-01.59.10:722][ 55]LogModuleManager: Shutting down and abandoning module IOSPlatformEditor (442)
[2017.09.06-01.59.10:722][ 55]LogModuleManager: Shutting down and abandoning module HTML5PlatformEditor (440)
[2017.09.06-01.59.10:722][ 55]LogModuleManager: Shutting down and abandoning module AndroidPlatformEditor (438)
[2017.09.06-01.59.10:722][ 55]LogModuleManager: Shutting down and abandoning module AndroidDeviceDetection (437)
[2017.09.06-01.59.11:511][ 55]LogModuleManager: Shutting down and abandoning module IOSRuntimeSettings (434)
[2017.09.06-01.59.11:511][ 55]LogModuleManager: Shutting down and abandoning module AndroidRuntimeSettings (432)
[2017.09.06-01.59.11:511][ 55]LogModuleManager: Shutting down and abandoning module InputBindingEditor (430)
[2017.09.06-01.59.11:511][ 55]LogModuleManager: Shutting down and abandoning module MergeActors (428)
[2017.09.06-01.59.11:511][ 55]LogModuleManager: Shutting down and abandoning module SizeMap (426)
[2017.09.06-01.59.11:511][ 55]LogModuleManager: Shutting down and abandoning module TreeMap (424)
[2017.09.06-01.59.11:512][ 55]LogModuleManager: Shutting down and abandoning module ReferenceViewer (422)
[2017.09.06-01.59.11:512][ 55]LogModuleManager: Shutting down and abandoning module LocalizationDashboard (420)
[2017.09.06-01.59.11:537][ 55]LogModuleManager: Shutting down and abandoning module LocalizationService (419)
[2017.09.06-01.59.11:537][ 55]LogModuleManager: Shutting down and abandoning module HardwareTargeting (416)
[2017.09.06-01.59.11:537][ 55]LogModuleManager: Shutting down and abandoning module DeviceProfileEditor (414)
[2017.09.06-01.59.11:537][ 55]LogModuleManager: Shutting down and abandoning module UndoHistory (412)
[2017.09.06-01.59.11:537][ 55]LogModuleManager: Shutting down and abandoning module UserFeedback (410)
[2017.09.06-01.59.11:537][ 55]LogModuleManager: Shutting down and abandoning module XmlParser (408)
[2017.09.06-01.59.11:537][ 55]LogModuleManager: Shutting down and abandoning module Blutility (406)
[2017.09.06-01.59.11:537][ 55]LogModuleManager: Shutting down and abandoning module ProjectSettingsViewer (404)
[2017.09.06-01.59.11:538][ 55]LogModuleManager: Shutting down and abandoning module ProjectTargetPlatformEditor (403)
[2017.09.06-01.59.11:538][ 55]LogModuleManager: Shutting down and abandoning module EditorSettingsViewer (400)
[2017.09.06-01.59.11:538][ 55]LogModuleManager: Shutting down and abandoning module SettingsEditor (398)
[2017.09.06-01.59.11:538][ 55]LogModuleManager: Shutting down and abandoning module ProjectLauncher (396)
[2017.09.06-01.59.11:557][ 55]LogModuleManager: Shutting down and abandoning module SessionFrontend (394)
[2017.09.06-01.59.11:570][ 55]LogModuleManager: Shutting down and abandoning module ProfilerClient (392)
[2017.09.06-01.59.11:570][ 55]LogModuleManager: Shutting down and abandoning module DeviceManager (390)
[2017.09.06-01.59.11:570][ 55]LogModuleManager: Shutting down and abandoning module TargetDeviceServices (389)
[2017.09.06-01.59.11:623][ 55]LogModuleManager: Shutting down and abandoning module AutomationController (386)
[2017.09.06-01.59.11:623][ 55]LogModuleManager: Shutting down and abandoning module AutomationWindow (384)
[2017.09.06-01.59.11:644][ 55]LogModuleManager: Shutting down and abandoning module Layers (382)
[2017.09.06-01.59.11:655][ 55]LogModuleManager: Shutting down and abandoning module ComponentVisualizers (380)
[2017.09.06-01.59.11:655][ 55]LogModuleManager: Shutting down and abandoning module DetailCustomizations (378)
[2017.09.06-01.59.11:661][ 55]LogModuleManager: Shutting down and abandoning module PackagesDialog (376)
[2017.09.06-01.59.11:661][ 55]LogModuleManager: Shutting down and abandoning module Persona (374)
[2017.09.06-01.59.11:674][ 55]LogModuleManager: Shutting down and abandoning module AdvancedPreviewScene (373)
[2017.09.06-01.59.11:674][ 55]LogModuleManager: Shutting down and abandoning module AnimGraph (371)
[2017.09.06-01.59.11:674][ 55]LogModuleManager: Shutting down and abandoning module Kismet (368)
[2017.09.06-01.59.11:675][ 55]LogModuleManager: Shutting down and abandoning module ClassViewer (366)
[2017.09.06-01.59.11:675][ 55]LogModuleManager: Shutting down and abandoning module Toolbox (364)
[2017.09.06-01.59.11:675][ 55]LogModuleManager: Shutting down and abandoning module ModuleUI (362)
[2017.09.06-01.59.11:675][ 55]LogModuleManager: Shutting down and abandoning module MovieSceneTools (360)
[2017.09.06-01.59.11:685][ 55]LogModuleManager: Shutting down and abandoning module OutputLog (358)
[2017.09.06-01.59.11:685][ 55]LogModuleManager: Shutting down and abandoning module GammaUI (356)
[2017.09.06-01.59.11:685][ 55]LogModuleManager: Shutting down and abandoning module Documentation (354)
[2017.09.06-01.59.11:685][ 55]LogModuleManager: Shutting down and abandoning module MovieSceneTracks (352)
[2017.09.06-01.59.11:685][ 55]LogModuleManager: Shutting down and abandoning module MovieScene (350)
[2017.09.06-01.59.11:685][ 55]LogModuleManager: Shutting down and abandoning module Niagara (348)
[2017.09.06-01.59.11:685][ 55]LogModuleManager: Shutting down and abandoning module NiagaraEditor (347)
[2017.09.06-01.59.11:705][ 55]LogModuleManager: Shutting down and abandoning module StreamingPauseRendering (344)
[2017.09.06-01.59.11:705][ 55]LogModuleManager: Shutting down and abandoning module AnalyticsET (342)
[2017.09.06-01.59.11:705][ 55]LogModuleManager: Shutting down and abandoning module PortalServices (340)
[2017.09.06-01.59.11:705][ 55]LogModuleManager: Shutting down and abandoning module PortalRpc (338)
[2017.09.06-01.59.11:705][ 55]LogModuleManager: Shutting down and abandoning module MessagingRpc (336)
[2017.09.06-01.59.11:705][ 55]LogModuleManager: Shutting down and abandoning module AIModule (334)
[2017.09.06-01.59.11:705][ 55]LogModuleManager: Shutting down and abandoning module GameplayDebugger (333)
[2017.09.06-01.59.11:705][ 55]LogModuleManager: Shutting down and abandoning module AITestSuite (331)
[2017.09.06-01.59.11:705][ 55]LogModuleManager: Shutting down and abandoning module ProfilerService (328)
[2017.09.06-01.59.11:924][ 55]LogModuleManager: Shutting down and abandoning module TaskGraph (326)
[2017.09.06-01.59.11:924][ 55]LogModuleManager: Shutting down and abandoning module SteamVRController (324)
[2017.09.06-01.59.11:924][ 55]LogModuleManager: Shutting down and abandoning module SteamVR (322)
[2017.09.06-01.59.11:924][ 55]LogModuleManager: Shutting down and abandoning module ProceduralMeshComponentEditor (320)
[2017.09.06-01.59.11:924][ 55]LogModuleManager: Shutting down and abandoning module ProceduralMeshComponent (318)
[2017.09.06-01.59.11:924][ 55]LogModuleManager: Shutting down and abandoning module OculusLibrary (316)
[2017.09.06-01.59.11:924][ 55]LogModuleManager: Shutting down and abandoning module OculusInput (314)
[2017.09.06-01.59.11:924][ 55]LogModuleManager: Shutting down and abandoning module MobilePatchingUtils (312)
[2017.09.06-01.59.11:924][ 55]LogModuleManager: Shutting down and abandoning module CustomMeshComponent (310)
[2017.09.06-01.59.11:924][ 55]LogModuleManager: Shutting down and abandoning module CableComponent (308)
[2017.09.06-01.59.11:924][ 55]LogModuleManager: Shutting down and abandoning module ArchVisCharacter (306)
[2017.09.06-01.59.11:924][ 55]LogModuleManager: Shutting down and abandoning module AndroidPermission (304)
[2017.09.06-01.59.11:924][ 55]LogModuleManager: Shutting down and abandoning module MediaPlayerEditor (300)
[2017.09.06-01.59.11:924][ 55]LogModuleManager: Shutting down and abandoning module HTML5Networking (298)
[2017.09.06-01.59.11:924][ 55]LogModuleManager: Shutting down and abandoning module AlembicImporter (296)
[2017.09.06-01.59.11:924][ 55]LogModuleManager: Shutting down and abandoning module AlembicLibrary (295)
[2017.09.06-01.59.11:924][ 55]LogModuleManager: Shutting down and abandoning module GeometryCache (294)
[2017.09.06-01.59.11:924][ 55]LogModuleManager: Shutting down and abandoning module GeometryCacheEd (293)
[2017.09.06-01.59.11:924][ 55]LogModuleManager: Shutting down and abandoning module SuperSearchEditor (288)
[2017.09.06-01.59.11:924][ 55]LogModuleManager: Shutting down and abandoning module SuperSearch (287)
[2017.09.06-01.59.11:924][ 55]LogModuleManager: Shutting down and abandoning module SpeedTreeImporter (284)
[2017.09.06-01.59.11:924][ 55]LogModuleManager: Shutting down and abandoning module PluginBrowser (282)
[2017.09.06-01.59.11:924][ 55]LogModuleManager: Shutting down and abandoning module MobileLauncherProfileWizard (280)
[2017.09.06-01.59.11:924][ 55]LogModuleManager: Shutting down and abandoning module VisualStudioSourceCodeAccess (278)
[2017.09.06-01.59.11:924][ 55]LogModuleManager: Shutting down and abandoning module DesktopPlatform (277)
[2017.09.06-01.59.11:924][ 55]LogModuleManager: Shutting down and abandoning module UObjectPlugin (274)
[2017.09.06-01.59.11:924][ 55]LogModuleManager: Shutting down and abandoning module SubversionSourceControl (272)
[2017.09.06-01.59.11:924][ 55]LogModuleManager: Shutting down and abandoning module PerforceSourceControl (270)
[2017.09.06-01.59.11:924][ 55]LogModuleManager: Shutting down and abandoning module GitSourceControl (268)
[2017.09.06-01.59.11:924][ 55]LogModuleManager: Shutting down and abandoning module SourceControl (267)
[2017.09.06-01.59.11:924][ 55]LogModuleManager: Shutting down and abandoning module LightPropagationVolumeEditor (264)
[2017.09.06-01.59.11:924][ 55]LogModuleManager: Shutting down and abandoning module PaperTiledImporter (262)
[2017.09.06-01.59.11:924][ 55]LogModuleManager: Shutting down and abandoning module PaperSpriteSheetImporter (260)
[2017.09.06-01.59.11:924][ 55]LogModuleManager: Shutting down and abandoning module Paper2DEditor (258)
[2017.09.06-01.59.11:955][ 55]LogModuleManager: Shutting down and abandoning module MeshPaint (257)
[2017.09.06-01.59.11:955][ 55]LogModuleManager: Shutting down and abandoning module LevelEditor (255)
[2017.09.06-01.59.11:956][ 55]LogModuleManager: Shutting down and abandoning module PixelInspectorModule (254)
[2017.09.06-01.59.11:956][ 55]LogModuleManager: Shutting down and abandoning module MainFrame (252)
[2017.09.06-01.59.11:956][ 55]LogModuleManager: Shutting down and abandoning module HotReload (251)
[2017.09.06-01.59.11:966][ 55]LogModuleManager: Shutting down and abandoning module PhysXVehiclesEditor (246)
[2017.09.06-01.59.11:966][ 55]LogModuleManager: Shutting down and abandoning module PhysXVehicles (244)
[2017.09.06-01.59.11:966][ 55]LogModuleManager: Shutting down and abandoning module LocationServicesBPLibrary (242)
[2017.09.06-01.59.11:966][ 55]LogModuleManager: Shutting down and abandoning module ImmediatePhysicsEditor (240)
[2017.09.06-01.59.11:966][ 55]LogModuleManager: Shutting down and abandoning module ImmediatePhysics (238)
[2017.09.06-01.59.11:966][ 55]LogModuleManager: Shutting down and abandoning module UdpMessaging (236)
[2017.09.06-01.59.12:066][ 55]LogModuleManager: Shutting down and abandoning module TcpMessaging (234)
[2017.09.06-01.59.12:167][ 55]LogModuleManager: Shutting down and abandoning module GameplayTagsEditor (232)
[2017.09.06-01.59.12:212][ 55]LogModuleManager: Shutting down and abandoning module FacialAnimationEditor (230)
[2017.09.06-01.59.12:212][ 55]LogModuleManager: Shutting down and abandoning module FacialAnimation (228)
[2017.09.06-01.59.12:212][ 55]LogModuleManager: Shutting down and abandoning module AssetManagerEditor (226)
[2017.09.06-01.59.12:213][ 55]LogModuleManager: Shutting down and abandoning module GraphEditor (225)
[2017.09.06-01.59.12:265][ 55]LogModuleManager: Shutting down and abandoning module ContentBrowser (223)
[2017.09.06-01.59.12:269][ 55]LogModuleManager: Shutting down and abandoning module LightPropagationVolumeRuntime (220)
[2017.09.06-01.59.12:269][ 55]LogModuleManager: Shutting down and abandoning module Paper2D (218)
[2017.09.06-01.59.12:269][ 55]LogModuleManager: Shutting down and abandoning module WindowsMoviePlayer (216)
[2017.09.06-01.59.12:269][ 55]LogModuleManager: Shutting down and abandoning module WmfMedia (214)
[2017.09.06-01.59.12:269][ 55]LogModuleManager: Shutting down and abandoning module ClothingSystemEditor (212)
[2017.09.06-01.59.12:270][ 55]LogModuleManager: Shutting down and abandoning module ClothingSystemRuntime (210)
[2017.09.06-01.59.12:270][ 55]LogModuleManager: Shutting down and abandoning module MediaAssets (208)
[2017.09.06-01.59.12:270][ 55]LogModuleManager: Shutting down and abandoning module GameLiveStreaming (206)
[2017.09.06-01.59.12:270][ 55]LogModuleManager: Shutting down and abandoning module VREditor (204)
[2017.09.06-01.59.12:270][ 55]LogModuleManager: Shutting down and abandoning module StringTableEditor (202)
[2017.09.06-01.59.12:270][ 55]LogModuleManager: Shutting down and abandoning module GameplayTasksEditor (200)
[2017.09.06-01.59.12:270][ 55]LogModuleManager: Shutting down and abandoning module BehaviorTreeEditor (198)
[2017.09.06-01.59.12:284][ 55]LogModuleManager: Shutting down and abandoning module FunctionalTesting (196)
[2017.09.06-01.59.12:284][ 55]LogModuleManager: Shutting down and abandoning module CollisionAnalyzer (194)
[2017.09.06-01.59.12:284][ 55]LogModuleManager: Shutting down and abandoning module UMG (192)
[2017.09.06-01.59.12:296][ 55]LogModuleManager: Shutting down and abandoning module UMGEditor (191)
[2017.09.06-01.59.12:314][ 55]LogModuleManager: Shutting down and abandoning module Sequencer (190)
[2017.09.06-01.59.12:319][ 55]LogModuleManager: Shutting down and abandoning module AssetTools (188)
[2017.09.06-01.59.12:350][ 55]LogModuleManager: Shutting down and abandoning module MessageLog (187)
[2017.09.06-01.59.12:350][ 55]LogModuleManager: Shutting down and abandoning module WorkspaceMenuStructure (186)
[2017.09.06-01.59.12:350][ 55]LogModuleManager: Shutting down and abandoning module SlateReflector (180)
[2017.09.06-01.59.12:358][ 55]LogModuleManager: Shutting down and abandoning module Slate (178)
[2017.09.06-01.59.12:358][ 55]LogModuleManager: Shutting down and abandoning module EditorStyle (176)
[2017.09.06-01.59.12:368][ 55]LogModuleManager: Shutting down and abandoning module SourceCodeAccess (174)
[2017.09.06-01.59.12:368][ 55]LogModuleManager: Shutting down and abandoning module HeadMountedDisplay (172)
[2017.09.06-01.59.12:368][ 55]LogModuleManager: Shutting down and abandoning module XAudio2 (170)
[2017.09.06-01.59.12:368][ 55]LogModuleManager: Shutting down and abandoning module Networking (168)
[2017.09.06-01.59.12:369][ 55]LogModuleManager: Shutting down and abandoning module Core (164)
[2017.09.06-01.59.12:369][ 55]LogModuleManager: Shutting down and abandoning module AssetRegistry (162)
[2017.09.06-01.59.12:578][ 55]LogDirectoryWatcher: A directory notification for '../../../Engine/Content/' was aborted.
[2017.09.06-01.59.12:578][ 55]LogDirectoryWatcher: A directory notification for 'C:/Users/user/Documents/Unreal Projects/Speedy/Content/' was aborted.
[2017.09.06-01.59.12:578][ 55]LogDirectoryWatcher: A directory notification for '../../../Engine/Plugins/2D/Paper2D/Content/' was aborted.
[2017.09.06-01.59.12:578][ 55]LogDirectoryWatcher: A directory notification for '../../../Engine/Plugins/Runtime/GearVR/Content/' was aborted.
[2017.09.06-01.59.12:580][ 55]LogModuleManager: Shutting down and abandoning module DirectoryWatcher (161)
[2017.09.06-01.59.12:580][ 55]LogModuleManager: Shutting down and abandoning module KismetCompiler (158)
[2017.09.06-01.59.12:580][ 55]LogModuleManager: Shutting down and abandoning module LevelSequence (156)
[2017.09.06-01.59.12:580][ 55]LogModuleManager: Shutting down and abandoning module PhysXFormats (154)
[2017.09.06-01.59.12:580][ 55]LogModuleManager: Shutting down and abandoning module MeshUtilities (152)
[2017.09.06-01.59.12:581][ 55]LogModuleManager: Shutting down and abandoning module SimplygonSwarm (151)
[2017.09.06-01.59.12:581][ 55]LogModuleManager: Shutting down and abandoning module SimplygonMeshReduction (149)
[2017.09.06-01.59.12:581][ 55]LogModuleManager: Shutting down and abandoning module QuadricMeshReduction (147)
[2017.09.06-01.59.12:581][ 55]LogModuleManager: Shutting down and abandoning module DerivedDataCache (144)
[2017.09.06-01.59.12:616][ 55]LogDerivedDataCache: Shutdown
[2017.09.06-01.59.12:616][ 55]LogModuleManager: Shutting down and abandoning module TargetPlatform (142)
[2017.09.06-01.59.12:616][ 55]LogModuleManager: Shutting down and abandoning module VulkanShaderFormat (141)
[2017.09.06-01.59.12:616][ 55]LogModuleManager: Shutting down and abandoning module ShaderFormatVectorVM (139)
[2017.09.06-01.59.12:616][ 55]LogModuleManager: Shutting down and abandoning module ShaderFormatOpenGL (137)
[2017.09.06-01.59.12:616][ 55]LogModuleManager: Shutting down and abandoning module ShaderFormatD3D (135)
[2017.09.06-01.59.12:616][ 55]LogModuleManager: Shutting down and abandoning module MetalShaderFormat (133)
[2017.09.06-01.59.12:616][ 55]LogModuleManager: Shutting down and abandoning module TextureFormatUncompressed (131)
[2017.09.06-01.59.12:616][ 55]LogModuleManager: Shutting down and abandoning module TextureFormatPVR (129)
[2017.09.06-01.59.12:616][ 55]LogModuleManager: Shutting down and abandoning module TextureFormatDXT (127)
[2017.09.06-01.59.12:616][ 55]LogModuleManager: Shutting down and abandoning module TextureFormatIntelISPCTexComp (125)
[2017.09.06-01.59.12:616][ 55]LogModuleManager: Shutting down and abandoning module TextureFormatASTC (123)
[2017.09.06-01.59.12:616][ 55]LogModuleManager: Shutting down and abandoning module ImageWrapper (122)
[2017.09.06-01.59.12:616][ 55]LogModuleManager: Shutting down and abandoning module TextureFormatAndroid (119)
[2017.09.06-01.59.12:616][ 55]LogModuleManager: Shutting down and abandoning module AudioFormatOpus (117)
[2017.09.06-01.59.12:616][ 55]LogModuleManager: Shutting down and abandoning module AudioFormatOgg (115)
[2017.09.06-01.59.12:616][ 55]LogModuleManager: Shutting down and abandoning module AudioFormatADPCM (113)
[2017.09.06-01.59.12:616][ 55]LogModuleManager: Shutting down and abandoning module LinuxTargetPlatform (111)
[2017.09.06-01.59.12:616][ 55]LogModuleManager: Shutting down and abandoning module LinuxServerTargetPlatform (109)
[2017.09.06-01.59.12:616][ 55]LogModuleManager: Shutting down and abandoning module LinuxNoEditorTargetPlatform (107)
[2017.09.06-01.59.12:616][ 55]LogModuleManager: Shutting down and abandoning module LinuxClientTargetPlatform (105)
[2017.09.06-01.59.12:616][ 55]LogModuleManager: Shutting down and abandoning module TVOSTargetPlatform (103)
[2017.09.06-01.59.12:616][ 55]LogModuleManager: Shutting down and abandoning module Messaging (101)
[2017.09.06-01.59.12:616][ 55]LogModuleManager: Shutting down and abandoning module IOSTargetPlatform (99)
[2017.09.06-01.59.12:616][ 55]LogModuleManager: Shutting down and abandoning module HTML5TargetPlatform (97)
[2017.09.06-01.59.12:616][ 55]LogModuleManager: Shutting down and abandoning module Android_PVRTCTargetPlatform (95)
[2017.09.06-01.59.12:616][ 55]LogModuleManager: Shutting down and abandoning module Android_MultiTargetPlatform (93)
[2017.09.06-01.59.12:616][ 55]LogModuleManager: Shutting down and abandoning module Android_ETC2TargetPlatform (91)
[2017.09.06-01.59.12:616][ 55]LogModuleManager: Shutting down and abandoning module Android_ETC1TargetPlatform (89)
[2017.09.06-01.59.12:616][ 55]LogModuleManager: Shutting down and abandoning module Android_DXTTargetPlatform (87)
[2017.09.06-01.59.12:616][ 55]LogModuleManager: Shutting down and abandoning module Android_ATCTargetPlatform (85)
[2017.09.06-01.59.12:616][ 55]LogModuleManager: Shutting down and abandoning module Android_ASTCTargetPlatform (83)
[2017.09.06-01.59.12:616][ 55]LogModuleManager: Shutting down and abandoning module AndroidTargetPlatform (81)
[2017.09.06-01.59.12:616][ 55]LogModuleManager: Shutting down and abandoning module WindowsTargetPlatform (79)
[2017.09.06-01.59.12:616][ 55]LogModuleManager: Shutting down and abandoning module WindowsServerTargetPlatform (77)
[2017.09.06-01.59.12:616][ 55]LogModuleManager: Shutting down and abandoning module WindowsNoEditorTargetPlatform (75)
[2017.09.06-01.59.12:616][ 55]LogModuleManager: Shutting down and abandoning module WindowsClientTargetPlatform (73)
[2017.09.06-01.59.12:616][ 55]LogModuleManager: Shutting down and abandoning module MacTargetPlatform (71)
[2017.09.06-01.59.12:616][ 55]LogModuleManager: Shutting down and abandoning module MacServerTargetPlatform (69)
[2017.09.06-01.59.12:616][ 55]LogModuleManager: Shutting down and abandoning module MacNoEditorTargetPlatform (67)
[2017.09.06-01.59.12:616][ 55]LogModuleManager: Shutting down and abandoning module MacClientTargetPlatform (65)
[2017.09.06-01.59.12:616][ 55]LogModuleManager: Shutting down and abandoning module AllDesktopTargetPlatform (63)
[2017.09.06-01.59.12:616][ 55]LogModuleManager: Shutting down and abandoning module InputCore (60)
[2017.09.06-01.59.12:617][ 55]LogModuleManager: Shutting down and abandoning module Settings (58)
[2017.09.06-01.59.12:617][ 55]LogModuleManager: Shutting down and abandoning module OculusRift (56)
[2017.09.06-01.59.12:617][ 55]LogModuleManager: Shutting down and abandoning module GearVRController (54)
[2017.09.06-01.59.12:617][ 55]LogModuleManager: Shutting down and abandoning module GearVR (52)
[2017.09.06-01.59.12:617][ 55]LogModuleManager: Shutting down and abandoning module ExampleDeviceProfileSelector (50)
[2017.09.06-01.59.12:617][ 55]LogModuleManager: Shutting down and abandoning module OnlineBlueprintSupport (48)
[2017.09.06-01.59.12:617][ 55]LogModuleManager: Shutting down and abandoning module OnlineSubsystem (44)
[2017.09.06-01.59.12:617][ 55]LogOnline:Display: Unloading online subsystem: NULL
[2017.09.06-01.59.12:617][ 55]LogModuleManager: Shutting down and abandoning module XMPP (43)
[2017.09.06-01.59.12:644][ 55]LogModuleManager: Shutting down and abandoning module HTTP (41)
[2017.09.06-01.59.12:644][ 55]LogHttp:Display: Http module shutting down, but needs to wait on 1 outstanding Http requests:
[2017.09.06-01.59.12:657][ 55]LogHttp:Display: 	verb=[POST] url=[https://datarouter.ol.epicgames.com/datarouter/api/v1/public/data?SessionID=%7BC65D471F-4FD8-BAF7-0796-5BB5A19A2D08%7D&AppID=UEEditor.Rocket.Release&AppVersion=4.16.3-3561208%2B%2B%2BUE4%2BRelease-4.16&UserID=d32318d6443c82eb45d804811fdeaea0%7Ceefdd4ab262c4db284bee4401cb30bf5%7Cc01a5bb9-2f54-4422-ad79-7f6ef5dfa6ae&AppEnvironment=datacollector-binary&UploadType=eteventstream] status=Processing
[2017.09.06-01.59.12:657][ 55]LogHttp:Warning: 000001E6C51ADA80: request failed, libcurl error: 6 (Couldn't resolve host name)
[2017.09.06-01.59.12:657][ 55]LogHttp:Warning: 000001E6C51ADA80: libcurl info message cache 0 (Could not resolve host: datarouter.ol.epicgames.com)
[2017.09.06-01.59.12:657][ 55]LogHttp:Warning: 000001E6C51ADA80: libcurl info message cache 1 (Closing connection 0)
[2017.09.06-01.59.12:670][ 55]LogModuleManager: Shutting down and abandoning module SSL (40)
[2017.09.06-01.59.12:671][ 55]LogModuleManager: Shutting down and abandoning module HTTPChunkInstaller (36)
[2017.09.06-01.59.12:671][ 55]LogModuleManager: Shutting down and abandoning module AnimationModifiers (34)
[2017.09.06-01.59.12:671][ 55]LogModuleManager: Shutting down and abandoning module PropertyEditor (33)
[2017.09.06-01.59.12:671][ 55]LogModuleManager: Shutting down and abandoning module AudioEditor (30)
[2017.09.06-01.59.12:671][ 55]LogModuleManager: Shutting down and abandoning module TextureCompressor (28)
[2017.09.06-01.59.12:671][ 55]LogModuleManager: Shutting down and abandoning module ShaderCore (26)
[2017.09.06-01.59.12:671][ 55]LogModuleManager: Shutting down and abandoning module Landscape (24)
[2017.09.06-01.59.12:671][ 55]LogModuleManager: Shutting down and abandoning module SlateRHIRenderer (22)
[2017.09.06-01.59.12:675][ 55]LogModuleManager: Shutting down and abandoning module OpenGLDrv (20)
[2017.09.06-01.59.12:686][ 55]LogModuleManager: Shutting down and abandoning module D3D11RHI (18)
[2017.09.06-01.59.12:686][ 55]LogModuleManager: Shutting down and abandoning module AnimGraphRuntime (16)
[2017.09.06-01.59.12:686][ 55]LogModuleManager: Shutting down and abandoning module Renderer (14)
[2017.09.06-01.59.12:686][ 55]LogModuleManager: Shutting down and abandoning module Engine (12)
[2017.09.06-01.59.12:686][ 55]LogModuleManager: Shutting down and abandoning module CoreUObject (10)
[2017.09.06-01.59.12:686][ 55]LogModuleManager: Shutting down and abandoning module NetworkFile (8)
[2017.09.06-01.59.12:686][ 55]LogModuleManager: Shutting down and abandoning module StreamingFile (6)
[2017.09.06-01.59.12:686][ 55]LogModuleManager: Shutting down and abandoning module SandboxFile (4)
[2017.09.06-01.59.12:686][ 55]LogModuleManager: Shutting down and abandoning module PakFile (2)
[2017.09.06-01.59.12:687][ 55]LogExit: Exiting.
[2017.09.06-01.59.12:696][ 55]Log file closed, 09/06/17 10:59:12
