Log file open, 10/06/17 11:15:48
LogInit:Display: Running engine for game: Speedy
LogPlatformFile: Not using cached read wrapper
LogInit:Display: RandInit(1551779211) SRandInit(1551779211).
LogTaskGraph: Started task graph with 5 named threads and 6 total threads with 1 sets of task threads.
LogStats: Stats thread started at 1.534050
LogInit: Using libcurl 7.47.1
LogInit:  - built for x86_64-pc-win32
LogInit:  - supports SSL with OpenSSL/1.0.2g
LogInit:  - supports HTTP deflate (compression) using libz 1.2.8
LogInit:  - other features:
LogInit:      CURL_VERSION_SSL
LogInit:      CURL_VERSION_LIBZ
LogInit:      CURL_VERSION_IPV6
LogInit:      CURL_VERSION_ASYNCHDNS
LogInit:      CURL_VERSION_LARGEFILE
LogInit:      CURL_VERSION_IDN
LogInit:  CurlRequestOptions (configurable via config and command line):
LogInit:  - bVerifyPeer = false  - Libcurl will NOT verify peer certificate
LogInit:  - bUseHttpProxy = false  - Libcurl will NOT use HTTP proxy
LogInit:  - bDontReuseConnections = false  - Libcurl will reuse connections
LogInit:  - CertBundlePath = nullptr  - Libcurl will use whatever was configured at build time.
LogInit: Build: ++UE4+Release-4.16-CL-3561208
LogInit: Engine Version: 4.16.3-3561208+++UE4+Release-4.16
LogInit: Compatible Engine Version: 4.16.0-3452394+++UE4+Release-4.16
LogInit: Net CL: 3452394
LogDevObjectVersion: Number of dev versions registered: 16
LogDevObjectVersion:   Dev-Blueprints (B0D832E4-1F89-4F0D-ACCF-7EB736FD4AA2): 9
LogDevObjectVersion:   Dev-Build (E1C64328-A22C-4D53-A36C-8E866417BD8C): 0
LogDevObjectVersion:   Dev-Core (375EC13C-06E4-48FB-B500-84F0262A717E): 2
LogDevObjectVersion:   Dev-Editor (E4B068ED-F494-42E9-A231-DA0B2E46BB41): 17
LogDevObjectVersion:   Dev-Framework (CFFC743F-43B0-4480-9391-14DF171D2073): 23
LogDevObjectVersion:   Dev-Mobile (B02B49B5-BB20-44E9-A304-32B752E40360): 0
LogDevObjectVersion:   Dev-Networking (A4E4105C-59A1-49B5-A7C5-40C4547EDFEE): 0
LogDevObjectVersion:   Dev-Online (39C831C9-5AE6-47DC-9A44-9C173E1C8E7C): 0
LogDevObjectVersion:   Dev-Physics (78F01B33-EBEA-4F98-B9B4-84EACCB95AA2): 0
LogDevObjectVersion:   Dev-Platform (6631380F-2D4D-43E0-8009-CF276956A95A): 0
LogDevObjectVersion:   Dev-Rendering (12F88B9F-8875-4AFC-A67C-D90C383ABD29): 15
LogDevObjectVersion:   Dev-Sequencer (7B5AE74C-D270-4C10-A958-57980B212A5A): 4
LogDevObjectVersion:   Dev-VR (D7296918-1DD6-4BDD-9DE2-64A83CC13884): 0
LogDevObjectVersion:   Dev-LoadTimes (C2A15278-BFE7-4AFE-6C17-90FF531DF755): 1
LogDevObjectVersion:   Private-Geometry (6EACA3D4-40EC-4CC1-B786-8BED09428FC5): 1
LogDevObjectVersion:   Dev-AnimPhys (29E575DD-E0A3-4627-9D10-D276232CDCEA): 3
LogInit: Compiled (64-bit): Jul 28 2017 11:49:47
LogInit: Compiled with Visual C++: 19.00.24215.01
LogInit: Build Configuration: Development
LogInit: Branch Name: ++UE4+Release-4.16
LogInit: Command line:  
LogInit: Base directory: C:/Program Files/Epic Games/UE_4.16/Engine/Binaries/Win64/
LogInit: Installed Engine Build: 1
LogInit: Presizing for max 8388607 objects, including 0 objects not considered by GC, pre-allocating 0 bytes for permanent pool.
LogInit: Object subsystem initialized
[2017.10.06-02.15.49:369][  0]LogInit: Selected Device Profile: [Windows]
[2017.10.06-02.15.49:369][  0]LogInit: Applying CVar settings loaded from the selected device profile: [Windows]
[2017.10.06-02.15.49:407][  0]LogInit: Computer: PAPERBOX
[2017.10.06-02.15.49:407][  0]LogInit: User: 정민
[2017.10.06-02.15.49:407][  0]LogInit: CPU Page size=4096, Cores=2
[2017.10.06-02.15.49:407][  0]LogInit: High frequency timer resolution =2.628195 MHz
[2017.10.06-02.15.49:408][  0]LogMemory: Memory total: Physical=7.9GB (8GB approx)
[2017.10.06-02.15.49:408][  0]LogMemory: Platform Memory Stats for Windows
[2017.10.06-02.15.49:408][  0]LogMemory: Process Physical Memory: 283.43 MB used, 283.43 MB peak
[2017.10.06-02.15.49:408][  0]LogMemory: Process Virtual Memory: 266.97 MB used, 266.97 MB peak
[2017.10.06-02.15.49:408][  0]LogMemory: Physical Memory: 2648.20 MB used,  5426.04 MB free, 8074.24 MB total
[2017.10.06-02.15.49:408][  0]LogMemory: Virtual Memory: 681.14 MB used,  5426.04 MB free, 134217728.00 MB total
[2017.10.06-02.15.50:054][  0]LogInit: Using OS detected language (ko-KR).
[2017.10.06-02.15.50:054][  0]LogInit: Using OS detected locale (ko-KR).
[2017.10.06-02.15.50:102][  0]LogTextLocalizationManager: No specific localization for 'ko-KR' exists, so the 'ko' localization will be used.
[2017.10.06-02.15.52:886][  0]LogD3D11RHI: D3D11 adapters:
[2017.10.06-02.15.53:481][  0]LogD3D11RHI:    0. 'NVIDIA NVS 4200M' (Feature Level 11_0)
[2017.10.06-02.15.53:481][  0]LogD3D11RHI:       979/0/4037 MB DedicatedVideo/DedicatedSystem/SharedSystem, Outputs:1, VendorId:0x10de
[2017.10.06-02.15.53:521][  0]LogD3D11RHI:    1. 'NVIDIA NVS 4200M' (Feature Level 11_0)
[2017.10.06-02.15.53:521][  0]LogD3D11RHI:       979/0/4037 MB DedicatedVideo/DedicatedSystem/SharedSystem, Outputs:0, VendorId:0x10de
[2017.10.06-02.15.53:528][  0]LogD3D11RHI:    2. 'Microsoft Basic Render Driver' (Feature Level 11_0)
[2017.10.06-02.15.53:528][  0]LogD3D11RHI:       979/0/4037 MB DedicatedVideo/DedicatedSystem/SharedSystem, Outputs:0, VendorId:0x1414
[2017.10.06-02.15.53:528][  0]LogD3D11RHI: Chosen D3D11 Adapter: 0
[2017.10.06-02.15.53:548][  0]LogD3D11RHI: Creating new Direct3DDevice
[2017.10.06-02.15.53:549][  0]LogD3D11RHI:     GPU DeviceId: 0x1056 (for the marketing name, search the web for "GPU Device Id")
[2017.10.06-02.15.53:549][  0]LogWindows: EnumDisplayDevices:
[2017.10.06-02.15.53:549][  0]LogWindows:    0. 'Intel(R) HD Graphics 3000' (P:1 D:1)
[2017.10.06-02.15.53:550][  0]LogWindows:    1. 'Intel(R) HD Graphics 3000' (P:0 D:0)
[2017.10.06-02.15.53:550][  0]LogWindows:    2. 'NVIDIA NVS 4200M' (P:0 D:0)
[2017.10.06-02.15.53:550][  0]LogWindows:    3. 'NVIDIA NVS 4200M' (P:0 D:0)
[2017.10.06-02.15.53:550][  0]LogWindows: DebugString: GetVideoDriverDetailsInvalid PrimaryIsNotTheChoosenAdapter GetVideoDriverDetailsInvalid PrimaryIsNotTheChoosenAdapter GetVideoDriverDetailsInvalid PrimaryIsNotTheChoosenAdapter GetVideoDriverDetailsInvalid PrimaryIsNotTheChoosenAdapter FoundDriverCount:0 
[2017.10.06-02.15.53:550][  0]LogD3D11RHI:     Adapter Name: NVIDIA NVS 4200M
[2017.10.06-02.15.53:550][  0]LogD3D11RHI:   Driver Version: Unknown (internal:Unknown, unified:Unknown)
[2017.10.06-02.15.53:550][  0]LogD3D11RHI:      Driver Date: Unknown
[2017.10.06-02.15.53:550][  0]LogRHI: Texture pool is 685 MB (70% of 979 MB)
[2017.10.06-02.15.53:602][  0]LogD3D11RHI:Display: Timestamp queries are currently disabled on this hardware due to instability. Realtime GPU stats will not be available. You can override this behaviour by setting r.NVIDIATimestampWorkaround to 0
[2017.10.06-02.15.53:604][  0]LogD3D11RHI: Async texture creation enabled
[2017.10.06-02.15.53:661][  0]LogD3D11RHI: GPU Timing Frequency: 1000.000000 (Debug: 2 1)
[2017.10.06-02.15.53:678][  0]LogShaderCompilers: Guid format shader working directory is -15 characters bigger than the processId version (../../../../../../Users/정민/Documents/GitHub/speedy/Speedy/Intermediate/Shaders/WorkingDirectory/11936/).
[2017.10.06-02.15.53:678][  0]LogShaderCompilers: Cleaned the shader compiler working directory 'C:/Users/정민/AppData/Local/Temp/UnrealShaderWorkingDir/77D0CE3244FFE77F8A086E9C957A1132/'.
[2017.10.06-02.15.53:679][  0]LogShaderCompilers:Display: Using Local Shader Compiler.
[2017.10.06-02.15.56:413][  0]LogTemp:Display: Loaded TP AllDesktopTargetPlatform
[2017.10.06-02.15.56:545][  0]LogTemp:Display: Loaded TP MacClientTargetPlatform
[2017.10.06-02.15.56:708][  0]LogTemp:Display: Loaded TP MacNoEditorTargetPlatform
[2017.10.06-02.15.56:853][  0]LogTemp:Display: Loaded TP MacServerTargetPlatform
[2017.10.06-02.15.56:992][  0]LogTemp:Display: Loaded TP MacTargetPlatform
[2017.10.06-02.15.57:117][  0]LogTemp:Display: Loaded TP WindowsClientTargetPlatform
[2017.10.06-02.15.57:245][  0]LogTemp:Display: Loaded TP WindowsNoEditorTargetPlatform
[2017.10.06-02.15.57:370][  0]LogTemp:Display: Loaded TP WindowsServerTargetPlatform
[2017.10.06-02.15.57:490][  0]LogTemp:Display: Loaded TP WindowsTargetPlatform
[2017.10.06-02.15.57:617][  0]LogTemp:Display: Loaded TP AndroidTargetPlatform
[2017.10.06-02.15.57:741][  0]LogTemp:Display: Loaded TP Android_ASTCTargetPlatform
[2017.10.06-02.15.57:867][  0]LogTemp:Display: Loaded TP Android_ATCTargetPlatform
[2017.10.06-02.15.57:999][  0]LogTemp:Display: Loaded TP Android_DXTTargetPlatform
[2017.10.06-02.15.58:134][  0]LogTemp:Display: Loaded TP Android_ETC1TargetPlatform
[2017.10.06-02.15.58:284][  0]LogTemp:Display: Loaded TP Android_ETC2TargetPlatform
[2017.10.06-02.15.58:540][  0]LogTemp:Display: Loaded TP Android_MultiTargetPlatform
[2017.10.06-02.15.58:540][  0]LogTemp:Display: Loaded TP Android_PVRTCTargetPlatform
[2017.10.06-02.15.58:658][  0]LogTemp:Display: Loaded TP HTML5TargetPlatform
[2017.10.06-02.15.58:885][  0]LogTemp:Display: Loaded TP IOSTargetPlatform
[2017.10.06-02.15.58:963][  0]LogTemp:Display: Loaded TP TVOSTargetPlatform
[2017.10.06-02.15.59:086][  0]LogTemp:Display: Loaded TP LinuxClientTargetPlatform
[2017.10.06-02.15.59:212][  0]LogTemp:Display: Loaded TP LinuxNoEditorTargetPlatform
[2017.10.06-02.15.59:345][  0]LogTemp:Display: Loaded TP LinuxServerTargetPlatform
[2017.10.06-02.15.59:475][  0]LogTemp:Display: Loaded TP LinuxTargetPlatform
[2017.10.06-02.15.59:475][  0]LogTargetPlatformManager:Display: Building Assets For Windows
[2017.10.06-02.16.01:076][  0]LogDerivedDataCache:Display: Max Cache Size: 512 MB
[2017.10.06-02.16.01:842][  0]LogDerivedDataCache: Loaded boot cache 0.77s 90MB C:/Users/정민/AppData/Local/UnrealEngine/4.16/DerivedDataCache/Boot.ddc.
[2017.10.06-02.16.01:843][  0]LogDerivedDataCache:Display: Loaded Boot cache: C:/Users/정민/AppData/Local/UnrealEngine/4.16/DerivedDataCache/Boot.ddc
[2017.10.06-02.16.01:843][  0]LogDerivedDataCache: FDerivedDataBackendGraph:  Pak pak cache file ../../../../../../Users/정민/Documents/GitHub/speedy/Speedy/DerivedDataCache/DDC.ddp not found, will not use a pak cache.
[2017.10.06-02.16.01:843][  0]LogDerivedDataCache: Unable to find inner node Pak for hierarchical cache Hierarchy.
[2017.10.06-02.16.01:843][  0]LogDerivedDataCache: FDerivedDataBackendGraph:  CompressedPak pak cache file ../../../../../../Users/정민/Documents/GitHub/speedy/Speedy/DerivedDataCache/Compressed.ddp not found, will not use a pak cache.
[2017.10.06-02.16.01:843][  0]LogDerivedDataCache: Unable to find inner node CompressedPak for hierarchical cache Hierarchy.
[2017.10.06-02.16.01:878][  0]LogDerivedDataCache:Display: Pak cache opened for reading ../../../Engine/DerivedDataCache/Compressed.ddp.
[2017.10.06-02.16.01:892][  0]LogDerivedDataCache: Using Local data cache path C:/Users/정민/AppData/Local/UnrealEngine/Common/DerivedDataCache: Writable
[2017.10.06-02.16.01:912][  0]LogMaterial: Verifying Global Shaders for PCD3D_SM5
[2017.10.06-02.16.01:925][  0]LogSlate: Using Freetype 2.6.0
[2017.10.06-02.16.01:936][  0]LogSlate: SlateFontCache - WITH_FREETYPE: 1, WITH_HARFBUZZ: 1
[2017.10.06-02.16.01:936][  0]LogSlate: SlateFontCache - WITH_FREETYPE: 1, WITH_HARFBUZZ: 1
[2017.10.06-02.16.04:001][  0]LogInit: Selected Device Profile: [Windows]
[2017.10.06-02.16.04:255][  0]LogContentStreaming: Texture pool size is 0.00 MB
[2017.10.06-02.16.04:669][  0]LogMeshUtilities: Using QuadricMeshReduction for automatic static mesh reduction
[2017.10.06-02.16.04:823][  0]LogSimplygon: Simplygon DLL not present - disabling.
[2017.10.06-02.16.04:956][  0]LogMeshUtilities: Using SimplygonSwarm for distributed automatic mesh merging
[2017.10.06-02.16.04:956][  0]LogMeshUtilities: No automatic skeletal mesh reduction module available
[2017.10.06-02.16.04:956][  0]LogMeshUtilities: No automatic mesh merging module available
[2017.10.06-02.16.06:776][  0]LogNetVersion: Speedy , NetCL: 3452394, EngineNetVer: 2, GameNetVer: 0 (Checksum: 418536735)
[2017.10.06-02.16.06:956][  0]LogAssetRegistry: FAssetRegistry took 0.0317 seconds to start up
[2017.10.06-02.16.07:143][  0]LogPackageLocalizationCache: Processed 4 localized package path(s) for 2 prioritized culture(s) in 0.080881 seconds
[2017.10.06-02.16.07:149][  0]LogUObjectArray: 34194 objects as part of root set at end of initial load.
[2017.10.06-02.16.07:149][  0]LogUObjectAllocator: 7260424 out of 0 bytes used by permanent object pool.
[2017.10.06-02.16.07:149][  0]LogUObjectArray: CloseDisregardForGC: 0/0 objects in disregard for GC pool
[2017.10.06-02.16.07:368][  0]LogInit: WinSock: version 1.1 (2.2), MaxSocks=32767, MaxUdp=65467
[2017.10.06-02.16.18:987][  0]LogTcpMessaging: Initializing TcpMessaging bridge
[2017.10.06-02.16.19:116][  0]LogUdpMessaging: Initializing bridge on interface 0.0.0.0:0 to multicast group 230.0.0.1:6666.
[2017.10.06-02.16.20:836][  0]LogMaterial: Uniform references updated for custom material expression Custom.
[2017.10.06-02.16.22:057][  0]SourceControl: 정보 소스 콘트롤이 꺼졌습니다.
[2017.10.06-02.16.22:250][  0]SourceControl: 정보 소스 콘트롤이 꺼졌습니다.
[2017.10.06-02.16.22:424][  0]SourceControl: 정보 소스 콘트롤이 꺼졌습니다.
[2017.10.06-02.16.22:610][  0]SourceControl: 정보 소스 콘트롤이 꺼졌습니다.
[2017.10.06-02.16.24:964][  0]LogAndroidPermission: UAndroidPermissionCallbackProxy::GetInstance
[2017.10.06-02.16.26:904][  0]LogEngine: Initializing Engine...
[2017.10.06-02.16.26:907][  0]LogHMD: Failed to initialize OpenVR with code 110
[2017.10.06-02.16.27:335][  0]LogStats: UGameplayTagsManager::ConstructGameplayTagTree: Construct from data asset -  0.000 s
[2017.10.06-02.16.27:335][  0]LogStats: UGameplayTagsManager::ConstructGameplayTagTree: GameplayTagTreeChangedEvent.Broadcast -  0.000 s
[2017.10.06-02.16.27:793][  0]LogAIModule: Creating AISystem for world Untitled
[2017.10.06-02.16.27:817][  0]LogInit: XAudio2 using '스피커(Conexant 20672 SmartAudio HD)' : 2 channels at 48 kHz using 16 bits per sample (channel mask 0x3)
[2017.10.06-02.16.27:861][  0]LogInit: FAudioDevice initialized.
[2017.10.06-02.16.27:922][  0]LogDerivedDataCache: Saved boot cache 0.06s 90MB C:/Users/정민/AppData/Local/UnrealEngine/4.16/DerivedDataCache/Boot.ddc.
[2017.10.06-02.16.27:936][  0]LogInit: Texture streaming: Enabled
[2017.10.06-02.16.28:289][  0]LogEngineSessionManager: EngineSessionManager initialized
[2017.10.06-02.16.29:280][  0]LogInit: Transaction tracking system initialized
[2017.10.06-02.16.30:504][  0]BlueprintLog: New page: 에디터 로드
[2017.10.06-02.16.34:599][  0]LocalizationService: 정보 현지화 서비스가 비활성화되었습니다.
[2017.10.06-02.16.38:128][  0]LogConsoleResponse:Display: 
[2017.10.06-02.16.38:715][  0]LogCook:Display: Max memory allowance for cook 16384mb min free memory 0mb
[2017.10.06-02.16.38:715][  0]LogCook:Display: Mobile HDR setting 0
[2017.10.06-02.16.39:429][  0]LogFileCache: Scanning file cache for directory 'C:/Users/정민/Documents/GitHub/speedy/Speedy/Content/' took 0.02s
[2017.10.06-02.16.44:035][  0]SourceControl: 정보 소스 콘트롤이 꺼졌습니다.
[2017.10.06-02.16.44:040][  0]Cmd: MAP LOAD FILE="../../../../../../Users/정민/Documents/GitHub/speedy/Speedy/Content/2DSideScrollerBP/Maps/2DSideScrollerExampleMap.umap" TEMPLATE=0 SHOWPROGRESS=1 FEATURELEVEL=3
[2017.10.06-02.16.44:044][  0]LightingResults: New page: 라이팅 빌드
[2017.10.06-02.16.44:228][  0]MapCheck: New page: 맵 체크
[2017.10.06-02.16.44:228][  0]LightingResults: New page: 라이팅 빌드
[2017.10.06-02.16.45:127][  0]LogAIModule: Creating AISystem for world 2DSideScrollerExampleMap
[2017.10.06-02.16.45:150][  0]LogEditorServer: Finished looking for orphan Actors (0.000 secs)
[2017.10.06-02.16.45:196][  0]Cmd: MAP CHECKDEP NOCLEARLOG
[2017.10.06-02.16.45:371][  0]MapCheck: 정보 맵 체크 완료: 오류 0 회, 경고 0 회, 소요 시간 175.04ms.
[2017.10.06-02.16.45:371][  0]LogFileHelpers: Loading map '2DSideScrollerExampleMap' took 1.333
[2017.10.06-02.16.45:801][  0]LogCollectionManager: Loaded 0 collections in 0.004473 seconds
[2017.10.06-02.16.46:064][  0]LogFileCache: Scanning file cache for directory 'C:/Users/정민/Documents/GitHub/speedy/Speedy/Saved/Collections/' took 0.01s
[2017.10.06-02.16.46:064][  0]LogFileCache: Scanning file cache for directory 'C:/Users/정민/Documents/GitHub/speedy/Speedy/Content/Developers/정민/Collections/' took 0.01s
[2017.10.06-02.16.46:064][  0]LogFileCache: Scanning file cache for directory 'C:/Users/정민/Documents/GitHub/speedy/Speedy/Content/Collections/' took 0.01s
[2017.10.06-02.16.46:064][  0]LogCollectionManager: Rebuilt the GUID cache for 0 collections in 0.000007 seconds
[2017.10.06-02.16.46:089][  0]LogContentBrowser: Native class hierarchy populated in 0.0189 seconds. Added 2329 classes and 491 folders.
[2017.10.06-02.16.46:366][  0]LogContentBrowser: Native class hierarchy updated for 'WidgetCarousel' in 0.0009 seconds. Added 0 classes and 0 folders.
[2017.10.06-02.16.46:955][  0]LogContentBrowser: Native class hierarchy updated for 'AddContentDialog' in 0.0009 seconds. Added 0 classes and 0 folders.
[2017.10.06-02.16.47:137][  0]LogContentBrowser: Native class hierarchy updated for 'SceneOutliner' in 0.0009 seconds. Added 1 classes and 2 folders.
[2017.10.06-02.16.47:818][  0]LogCrashTracker: Crashtracker disabled due to settings.
[2017.10.06-02.16.47:878][  0]LogSlate: Took 0.010813 seconds to synchronously load lazily loaded font '../../../Engine/Content/Slate/Fonts/Roboto-Regular.ttf' (155K)
[2017.10.06-02.16.47:944][  0]LogSlate: Took 0.063426 seconds to synchronously load lazily loaded font '../../../Engine/Content/Slate/Fonts/NanumGothic.ttf' (4243K)
[2017.10.06-02.16.47:955][  0]LogSlate: Took 0.009094 seconds to synchronously load lazily loaded font '../../../Engine/Content/Slate/Fonts/Roboto-Bold.ttf' (160K)
[2017.10.06-02.16.47:978][  0]LogSlate: Took 0.008644 seconds to synchronously load lazily loaded font '../../../Engine/Content/Editor/Slate/Fonts/FontAwesome.ttf' (139K)
[2017.10.06-02.16.48:750][  0]LogRenderer: Reallocating scene render targets to support 1004x456 NumSamples 1 (Frame:1).
[2017.10.06-02.16.50:392][  0]LogUObjectGlobals:Warning: 'Class 없음.' 오브젝트를 찾는 데 실패했습니다.
[2017.10.06-02.16.50:671][  0]LogContentBrowser: Native class hierarchy updated for 'HierarchicalLODOutliner' in 0.0012 seconds. Added 1 classes and 2 folders.
[2017.10.06-02.16.50:672][  0]LogLoad: (Engine Initialization) Total time: 67.32 seconds
[2017.10.06-02.16.50:672][  0]LogLoad: (Engine Initialization) Total Blueprint compile time: 0.25 seconds
[2017.10.06-02.16.50:672][  0]LogExternalProfiler: No external profilers were discovered.  External profiling features will not be available.
