Log file open, 10/08/17 09:56:56
LogInit:Display: Running engine for game: Speedy
LogPlatformFile: Not using cached read wrapper
LogInit:Display: RandInit(-127139947) SRandInit(-127139947).
LogTaskGraph: Started task graph with 5 named threads and 6 total threads with 1 sets of task threads.
LogStats: Stats thread started at 0.206029
LogInit: Using libcurl 7.47.1
LogInit:  - built for x86_64-pc-win32
LogInit:  - supports SSL with OpenSSL/1.0.2g
LogInit:  - supports HTTP deflate (compression) using libz 1.2.8
LogInit:  - other features:
LogInit:      CURL_VERSION_SSL
LogInit:      CURL_VERSION_LIBZ
LogInit:      CURL_VERSION_IPV6
LogInit:      CURL_VERSION_ASYNCHDNS
LogInit:      CURL_VERSION_LARGEFILE
LogInit:      CURL_VERSION_IDN
LogInit:  CurlRequestOptions (configurable via config and command line):
LogInit:  - bVerifyPeer = false  - Libcurl will NOT verify peer certificate
LogInit:  - bUseHttpProxy = false  - Libcurl will NOT use HTTP proxy
LogInit:  - bDontReuseConnections = false  - Libcurl will reuse connections
LogInit:  - CertBundlePath = nullptr  - Libcurl will use whatever was configured at build time.
LogInit: Build: ++UE4+Release-4.16-CL-3561208
LogInit: Engine Version: 4.16.3-3561208+++UE4+Release-4.16
LogInit: Compatible Engine Version: 4.16.0-3452394+++UE4+Release-4.16
LogInit: Net CL: 3452394
LogDevObjectVersion: Number of dev versions registered: 16
LogDevObjectVersion:   Dev-Blueprints (B0D832E4-1F89-4F0D-ACCF-7EB736FD4AA2): 9
LogDevObjectVersion:   Dev-Build (E1C64328-A22C-4D53-A36C-8E866417BD8C): 0
LogDevObjectVersion:   Dev-Core (375EC13C-06E4-48FB-B500-84F0262A717E): 2
LogDevObjectVersion:   Dev-Editor (E4B068ED-F494-42E9-A231-DA0B2E46BB41): 17
LogDevObjectVersion:   Dev-Framework (CFFC743F-43B0-4480-9391-14DF171D2073): 23
LogDevObjectVersion:   Dev-Mobile (B02B49B5-BB20-44E9-A304-32B752E40360): 0
LogDevObjectVersion:   Dev-Networking (A4E4105C-59A1-49B5-A7C5-40C4547EDFEE): 0
LogDevObjectVersion:   Dev-Online (39C831C9-5AE6-47DC-9A44-9C173E1C8E7C): 0
LogDevObjectVersion:   Dev-Physics (78F01B33-EBEA-4F98-B9B4-84EACCB95AA2): 0
LogDevObjectVersion:   Dev-Platform (6631380F-2D4D-43E0-8009-CF276956A95A): 0
LogDevObjectVersion:   Dev-Rendering (12F88B9F-8875-4AFC-A67C-D90C383ABD29): 15
LogDevObjectVersion:   Dev-Sequencer (7B5AE74C-D270-4C10-A958-57980B212A5A): 4
LogDevObjectVersion:   Dev-VR (D7296918-1DD6-4BDD-9DE2-64A83CC13884): 0
LogDevObjectVersion:   Dev-LoadTimes (C2A15278-BFE7-4AFE-6C17-90FF531DF755): 1
LogDevObjectVersion:   Private-Geometry (6EACA3D4-40EC-4CC1-B786-8BED09428FC5): 1
LogDevObjectVersion:   Dev-AnimPhys (29E575DD-E0A3-4627-9D10-D276232CDCEA): 3
LogInit: Compiled (64-bit): Jul 28 2017 11:49:47
LogInit: Compiled with Visual C++: 19.00.24215.01
LogInit: Build Configuration: Development
LogInit: Branch Name: ++UE4+Release-4.16
LogInit: Command line:  
LogInit: Base directory: C:/Program Files/Epic Games/UE_4.16/Engine/Binaries/Win64/
LogInit: Installed Engine Build: 1
LogInit: Presizing for max 8388607 objects, including 0 objects not considered by GC, pre-allocating 0 bytes for permanent pool.
LogInit: Object subsystem initialized
[2017.10.08-00.56.58:463][  0]LogInit: Selected Device Profile: [Windows]
[2017.10.08-00.56.58:463][  0]LogInit: Applying CVar settings loaded from the selected device profile: [Windows]
[2017.10.08-00.56.58:516][  0]LogInit: Computer: PAPERBOX
[2017.10.08-00.56.58:516][  0]LogInit: User: 정민
[2017.10.08-00.56.58:516][  0]LogInit: CPU Page size=4096, Cores=2
[2017.10.08-00.56.58:516][  0]LogInit: High frequency timer resolution =2.628189 MHz
[2017.10.08-00.56.58:517][  0]LogMemory: Memory total: Physical=7.9GB (8GB approx)
[2017.10.08-00.56.58:517][  0]LogMemory: Platform Memory Stats for Windows
[2017.10.08-00.56.58:517][  0]LogMemory: Process Physical Memory: 277.88 MB used, 277.88 MB peak
[2017.10.08-00.56.58:517][  0]LogMemory: Process Virtual Memory: 266.74 MB used, 266.74 MB peak
[2017.10.08-00.56.58:517][  0]LogMemory: Physical Memory: 3506.65 MB used,  4567.59 MB free, 8074.24 MB total
[2017.10.08-00.56.58:517][  0]LogMemory: Virtual Memory: 680.61 MB used,  4567.59 MB free, 134217728.00 MB total
[2017.10.08-00.56.59:103][  0]LogInit: Using OS detected language (ko-KR).
[2017.10.08-00.56.59:103][  0]LogInit: Using OS detected locale (ko-KR).
[2017.10.08-00.56.59:139][  0]LogTextLocalizationManager: No specific localization for 'ko-KR' exists, so the 'ko' localization will be used.
[2017.10.08-00.57.02:235][  0]LogD3D11RHI: D3D11 adapters:
[2017.10.08-00.57.02:790][  0]LogD3D11RHI:    0. 'NVIDIA NVS 4200M' (Feature Level 11_0)
[2017.10.08-00.57.02:790][  0]LogD3D11RHI:       979/0/4037 MB DedicatedVideo/DedicatedSystem/SharedSystem, Outputs:1, VendorId:0x10de
[2017.10.08-00.57.02:841][  0]LogD3D11RHI:    1. 'NVIDIA NVS 4200M' (Feature Level 11_0)
[2017.10.08-00.57.02:841][  0]LogD3D11RHI:       979/0/4037 MB DedicatedVideo/DedicatedSystem/SharedSystem, Outputs:0, VendorId:0x10de
[2017.10.08-00.57.02:848][  0]LogD3D11RHI:    2. 'Microsoft Basic Render Driver' (Feature Level 11_0)
[2017.10.08-00.57.02:848][  0]LogD3D11RHI:       979/0/4037 MB DedicatedVideo/DedicatedSystem/SharedSystem, Outputs:0, VendorId:0x1414
[2017.10.08-00.57.02:849][  0]LogD3D11RHI: Chosen D3D11 Adapter: 0
[2017.10.08-00.57.02:868][  0]LogD3D11RHI: Creating new Direct3DDevice
[2017.10.08-00.57.02:869][  0]LogD3D11RHI:     GPU DeviceId: 0x1056 (for the marketing name, search the web for "GPU Device Id")
[2017.10.08-00.57.02:869][  0]LogWindows: EnumDisplayDevices:
[2017.10.08-00.57.02:869][  0]LogWindows:    0. 'Intel(R) HD Graphics 3000' (P:1 D:1)
[2017.10.08-00.57.02:870][  0]LogWindows:    1. 'Intel(R) HD Graphics 3000' (P:0 D:0)
[2017.10.08-00.57.02:870][  0]LogWindows:    2. 'NVIDIA NVS 4200M' (P:0 D:0)
[2017.10.08-00.57.02:870][  0]LogWindows:    3. 'NVIDIA NVS 4200M' (P:0 D:0)
[2017.10.08-00.57.02:870][  0]LogWindows: DebugString: GetVideoDriverDetailsInvalid PrimaryIsNotTheChoosenAdapter GetVideoDriverDetailsInvalid PrimaryIsNotTheChoosenAdapter GetVideoDriverDetailsInvalid PrimaryIsNotTheChoosenAdapter GetVideoDriverDetailsInvalid PrimaryIsNotTheChoosenAdapter FoundDriverCount:0 
[2017.10.08-00.57.02:871][  0]LogD3D11RHI:     Adapter Name: NVIDIA NVS 4200M
[2017.10.08-00.57.02:871][  0]LogD3D11RHI:   Driver Version: Unknown (internal:Unknown, unified:Unknown)
[2017.10.08-00.57.02:871][  0]LogD3D11RHI:      Driver Date: Unknown
[2017.10.08-00.57.02:871][  0]LogRHI: Texture pool is 685 MB (70% of 979 MB)
[2017.10.08-00.57.02:925][  0]LogD3D11RHI:Display: Timestamp queries are currently disabled on this hardware due to instability. Realtime GPU stats will not be available. You can override this behaviour by setting r.NVIDIATimestampWorkaround to 0
[2017.10.08-00.57.02:928][  0]LogD3D11RHI: Async texture creation enabled
[2017.10.08-00.57.03:014][  0]LogD3D11RHI: GPU Timing Frequency: 1000.000000 (Debug: 2 1)
[2017.10.08-00.57.03:031][  0]LogShaderCompilers: Guid format shader working directory is -14 characters bigger than the processId version (../../../../../../Users/정민/Documents/GitHub/speedy/Speedy/Intermediate/Shaders/WorkingDirectory/3872/).
[2017.10.08-00.57.03:031][  0]LogShaderCompilers: Cleaned the shader compiler working directory 'C:/Users/정민/AppData/Local/Temp/UnrealShaderWorkingDir/190EEAE6434F96BB74ACB696D8353081/'.
[2017.10.08-00.57.03:032][  0]LogShaderCompilers:Display: Using Local Shader Compiler.
[2017.10.08-00.57.06:589][  0]LogTemp:Display: Loaded TP AllDesktopTargetPlatform
[2017.10.08-00.57.06:795][  0]LogTemp:Display: Loaded TP MacClientTargetPlatform
[2017.10.08-00.57.07:002][  0]LogTemp:Display: Loaded TP MacNoEditorTargetPlatform
[2017.10.08-00.57.07:207][  0]LogTemp:Display: Loaded TP MacServerTargetPlatform
[2017.10.08-00.57.07:397][  0]LogTemp:Display: Loaded TP MacTargetPlatform
[2017.10.08-00.57.07:589][  0]LogTemp:Display: Loaded TP WindowsClientTargetPlatform
[2017.10.08-00.57.07:796][  0]LogTemp:Display: Loaded TP WindowsNoEditorTargetPlatform
[2017.10.08-00.57.08:013][  0]LogTemp:Display: Loaded TP WindowsServerTargetPlatform
[2017.10.08-00.57.08:192][  0]LogTemp:Display: Loaded TP WindowsTargetPlatform
[2017.10.08-00.57.08:391][  0]LogTemp:Display: Loaded TP AndroidTargetPlatform
[2017.10.08-00.57.08:587][  0]LogTemp:Display: Loaded TP Android_ASTCTargetPlatform
[2017.10.08-00.57.08:804][  0]LogTemp:Display: Loaded TP Android_ATCTargetPlatform
[2017.10.08-00.57.09:039][  0]LogTemp:Display: Loaded TP Android_DXTTargetPlatform
[2017.10.08-00.57.09:245][  0]LogTemp:Display: Loaded TP Android_ETC1TargetPlatform
[2017.10.08-00.57.09:444][  0]LogTemp:Display: Loaded TP Android_ETC2TargetPlatform
[2017.10.08-00.57.09:883][  0]LogTemp:Display: Loaded TP Android_MultiTargetPlatform
[2017.10.08-00.57.09:883][  0]LogTemp:Display: Loaded TP Android_PVRTCTargetPlatform
[2017.10.08-00.57.10:067][  0]LogTemp:Display: Loaded TP HTML5TargetPlatform
[2017.10.08-00.57.10:373][  0]LogTemp:Display: Loaded TP IOSTargetPlatform
[2017.10.08-00.57.10:493][  0]LogTemp:Display: Loaded TP TVOSTargetPlatform
[2017.10.08-00.57.10:702][  0]LogTemp:Display: Loaded TP LinuxClientTargetPlatform
[2017.10.08-00.57.10:896][  0]LogTemp:Display: Loaded TP LinuxNoEditorTargetPlatform
[2017.10.08-00.57.11:096][  0]LogTemp:Display: Loaded TP LinuxServerTargetPlatform
[2017.10.08-00.57.11:305][  0]LogTemp:Display: Loaded TP LinuxTargetPlatform
[2017.10.08-00.57.11:305][  0]LogTargetPlatformManager:Display: Building Assets For Windows
[2017.10.08-00.57.13:648][  0]LogDerivedDataCache:Display: Max Cache Size: 512 MB
[2017.10.08-00.57.14:439][  0]LogDerivedDataCache: Loaded boot cache 0.79s 90MB C:/Users/정민/AppData/Local/UnrealEngine/4.16/DerivedDataCache/Boot.ddc.
[2017.10.08-00.57.14:439][  0]LogDerivedDataCache:Display: Loaded Boot cache: C:/Users/정민/AppData/Local/UnrealEngine/4.16/DerivedDataCache/Boot.ddc
[2017.10.08-00.57.14:439][  0]LogDerivedDataCache: FDerivedDataBackendGraph:  Pak pak cache file ../../../../../../Users/정민/Documents/GitHub/speedy/Speedy/DerivedDataCache/DDC.ddp not found, will not use a pak cache.
[2017.10.08-00.57.14:439][  0]LogDerivedDataCache: Unable to find inner node Pak for hierarchical cache Hierarchy.
[2017.10.08-00.57.14:439][  0]LogDerivedDataCache: FDerivedDataBackendGraph:  CompressedPak pak cache file ../../../../../../Users/정민/Documents/GitHub/speedy/Speedy/DerivedDataCache/Compressed.ddp not found, will not use a pak cache.
[2017.10.08-00.57.14:439][  0]LogDerivedDataCache: Unable to find inner node CompressedPak for hierarchical cache Hierarchy.
[2017.10.08-00.57.14:477][  0]LogDerivedDataCache:Display: Pak cache opened for reading ../../../Engine/DerivedDataCache/Compressed.ddp.
[2017.10.08-00.57.14:492][  0]LogDerivedDataCache: Using Local data cache path C:/Users/정민/AppData/Local/UnrealEngine/Common/DerivedDataCache: Writable
[2017.10.08-00.57.14:523][  0]LogMaterial: Verifying Global Shaders for PCD3D_SM5
[2017.10.08-00.57.14:538][  0]LogSlate: Using Freetype 2.6.0
[2017.10.08-00.57.14:549][  0]LogSlate: SlateFontCache - WITH_FREETYPE: 1, WITH_HARFBUZZ: 1
[2017.10.08-00.57.14:549][  0]LogSlate: SlateFontCache - WITH_FREETYPE: 1, WITH_HARFBUZZ: 1
[2017.10.08-00.57.17:351][  0]LogInit: Selected Device Profile: [Windows]
[2017.10.08-00.57.17:668][  0]LogContentStreaming: Texture pool size is 0.00 MB
[2017.10.08-00.57.18:312][  0]LogMeshUtilities: Using QuadricMeshReduction for automatic static mesh reduction
[2017.10.08-00.57.18:538][  0]LogSimplygon: Simplygon DLL not present - disabling.
[2017.10.08-00.57.18:760][  0]LogMeshUtilities: Using SimplygonSwarm for distributed automatic mesh merging
[2017.10.08-00.57.18:760][  0]LogMeshUtilities: No automatic skeletal mesh reduction module available
[2017.10.08-00.57.18:760][  0]LogMeshUtilities: No automatic mesh merging module available
[2017.10.08-00.57.21:222][  0]LogNetVersion: Speedy , NetCL: 3452394, EngineNetVer: 2, GameNetVer: 0 (Checksum: 418536735)
[2017.10.08-00.57.21:436][  0]LogAssetRegistry: FAssetRegistry took 0.0418 seconds to start up
[2017.10.08-00.57.21:643][  0]LogPackageLocalizationCache: Processed 4 localized package path(s) for 2 prioritized culture(s) in 0.083058 seconds
[2017.10.08-00.57.21:653][  0]LogUObjectArray: 34194 objects as part of root set at end of initial load.
[2017.10.08-00.57.21:653][  0]LogUObjectAllocator: 7260424 out of 0 bytes used by permanent object pool.
[2017.10.08-00.57.21:653][  0]LogUObjectArray: CloseDisregardForGC: 0/0 objects in disregard for GC pool
[2017.10.08-00.57.21:991][  0]LogInit: WinSock: version 1.1 (2.2), MaxSocks=32767, MaxUdp=65467
[2017.10.08-00.57.33:398][  0]LogTcpMessaging: Initializing TcpMessaging bridge
[2017.10.08-00.57.33:487][  0]LogUdpMessaging: Initializing bridge on interface 0.0.0.0:0 to multicast group 230.0.0.1:6666.
[2017.10.08-00.57.34:933][  0]LogMaterial: Uniform references updated for custom material expression Custom.
[2017.10.08-00.57.35:963][  0]SourceControl: 정보 소스 콘트롤이 꺼졌습니다.
[2017.10.08-00.57.36:101][  0]SourceControl: 정보 소스 콘트롤이 꺼졌습니다.
[2017.10.08-00.57.36:245][  0]SourceControl: 정보 소스 콘트롤이 꺼졌습니다.
[2017.10.08-00.57.36:372][  0]SourceControl: 정보 소스 콘트롤이 꺼졌습니다.
[2017.10.08-00.57.38:279][  0]LogAndroidPermission: UAndroidPermissionCallbackProxy::GetInstance
[2017.10.08-00.57.39:809][  0]LogEngine: Initializing Engine...
[2017.10.08-00.57.39:812][  0]LogHMD: Failed to initialize OpenVR with code 110
[2017.10.08-00.57.40:154][  0]LogStats: UGameplayTagsManager::ConstructGameplayTagTree: Construct from data asset -  0.000 s
[2017.10.08-00.57.40:156][  0]LogStats: UGameplayTagsManager::ConstructGameplayTagTree: GameplayTagTreeChangedEvent.Broadcast -  0.000 s
[2017.10.08-00.57.40:561][  0]LogAIModule: Creating AISystem for world Untitled
[2017.10.08-00.57.40:580][  0]LogInit: XAudio2 using '스피커(Conexant 20672 SmartAudio HD)' : 2 channels at 48 kHz using 16 bits per sample (channel mask 0x3)
[2017.10.08-00.57.40:616][  0]LogInit: FAudioDevice initialized.
[2017.10.08-00.57.40:667][  0]LogDerivedDataCache: Saved boot cache 0.05s 90MB C:/Users/정민/AppData/Local/UnrealEngine/4.16/DerivedDataCache/Boot.ddc.
[2017.10.08-00.57.40:685][  0]LogInit: Texture streaming: Enabled
[2017.10.08-00.57.40:953][  0]LogEngineSessionManager: EngineSessionManager initialized
[2017.10.08-00.57.40:953][  0]LogEngineSessionManager: EngineSessionManager sent abnormal shutdown report. Type=AbnormalShutdown, SessionId={44A0EDA0-4D6D-0734-6802-D5BFA3DDDC8A}
[2017.10.08-00.57.40:953][  0]LogEngineSessionManager: EngineSessionManager sent abnormal shutdown report. Type=AbnormalShutdown, SessionId={542BADD6-4A53-2A82-8797-7C94B42101EC}
[2017.10.08-00.57.40:953][  0]LogEngineSessionManager: EngineSessionManager sent abnormal shutdown report. Type=AbnormalShutdown, SessionId={86803B72-4FD0-D6CA-8CA4-81A720D7A199}
[2017.10.08-00.57.41:706][  0]LogInit: Transaction tracking system initialized
[2017.10.08-00.57.42:677][  0]BlueprintLog: New page: 에디터 로드
[2017.10.08-00.57.45:874][  0]LocalizationService: 정보 현지화 서비스가 비활성화되었습니다.
[2017.10.08-00.57.48:490][  0]LogConsoleResponse:Display: 
[2017.10.08-00.57.48:916][  0]LogCook:Display: Max memory allowance for cook 16384mb min free memory 0mb
[2017.10.08-00.57.48:917][  0]LogCook:Display: Mobile HDR setting 0
[2017.10.08-00.57.50:121][  0]LogFileCache: Scanning file cache for directory 'C:/Users/정민/Documents/GitHub/speedy/Speedy/Content/' took 0.02s
[2017.10.08-00.57.52:671][  0]SourceControl: 정보 소스 콘트롤이 꺼졌습니다.
[2017.10.08-00.57.52:676][  0]Cmd: MAP LOAD FILE="../../../../../../Users/정민/Documents/GitHub/speedy/Speedy/Content/2DSideScrollerBP/Maps/2DSideScrollerExampleMap.umap" TEMPLATE=0 SHOWPROGRESS=1 FEATURELEVEL=3
[2017.10.08-00.57.52:689][  0]LightingResults: New page: 라이팅 빌드
[2017.10.08-00.57.52:855][  0]MapCheck: New page: 맵 체크
[2017.10.08-00.57.52:855][  0]LightingResults: New page: 라이팅 빌드
[2017.10.08-00.57.53:573][  0]LogAIModule: Creating AISystem for world 2DSideScrollerExampleMap
[2017.10.08-00.57.53:607][  0]LogEditorServer: Finished looking for orphan Actors (0.000 secs)
[2017.10.08-00.57.53:637][  0]Cmd: MAP CHECKDEP NOCLEARLOG
[2017.10.08-00.57.53:758][  0]MapCheck: 정보 맵 체크 완료: 오류 0 회, 경고 0 회, 소요 시간 120.788ms.
[2017.10.08-00.57.53:758][  0]LogFileHelpers: Loading map '2DSideScrollerExampleMap' took 1.085
[2017.10.08-00.57.54:259][  0]LogCollectionManager: Loaded 0 collections in 0.002707 seconds
[2017.10.08-00.57.54:485][  0]LogFileCache: Scanning file cache for directory 'C:/Users/정민/Documents/GitHub/speedy/Speedy/Saved/Collections/' took 0.01s
[2017.10.08-00.57.54:485][  0]LogFileCache: Scanning file cache for directory 'C:/Users/정민/Documents/GitHub/speedy/Speedy/Content/Developers/정민/Collections/' took 0.01s
[2017.10.08-00.57.54:485][  0]LogFileCache: Scanning file cache for directory 'C:/Users/정민/Documents/GitHub/speedy/Speedy/Content/Collections/' took 0.01s
[2017.10.08-00.57.54:485][  0]LogCollectionManager: Rebuilt the GUID cache for 0 collections in 0.000024 seconds
[2017.10.08-00.57.54:507][  0]LogContentBrowser: Native class hierarchy populated in 0.0185 seconds. Added 2329 classes and 491 folders.
[2017.10.08-00.57.54:721][  0]LogContentBrowser: Native class hierarchy updated for 'WidgetCarousel' in 0.0013 seconds. Added 0 classes and 0 folders.
[2017.10.08-00.57.55:349][  0]LogContentBrowser: Native class hierarchy updated for 'AddContentDialog' in 0.0015 seconds. Added 0 classes and 0 folders.
[2017.10.08-00.57.55:492][  0]LogContentBrowser: Native class hierarchy updated for 'SceneOutliner' in 0.0008 seconds. Added 1 classes and 2 folders.
[2017.10.08-00.57.55:929][  0]LogCrashTracker: Crashtracker disabled due to settings.
[2017.10.08-00.57.55:967][  0]LogSlate: Took 0.007489 seconds to synchronously load lazily loaded font '../../../Engine/Content/Slate/Fonts/Roboto-Regular.ttf' (155K)
[2017.10.08-00.57.56:029][  0]LogSlate: Took 0.059070 seconds to synchronously load lazily loaded font '../../../Engine/Content/Slate/Fonts/NanumGothic.ttf' (4243K)
[2017.10.08-00.57.56:036][  0]LogSlate: Took 0.005964 seconds to synchronously load lazily loaded font '../../../Engine/Content/Slate/Fonts/Roboto-Bold.ttf' (160K)
[2017.10.08-00.57.56:055][  0]LogSlate: Took 0.007366 seconds to synchronously load lazily loaded font '../../../Engine/Content/Editor/Slate/Fonts/FontAwesome.ttf' (139K)
[2017.10.08-00.57.56:230][  0]LogRenderer: Reallocating scene render targets to support 1004x456 NumSamples 1 (Frame:1).
[2017.10.08-00.57.56:541][  0]LogUObjectGlobals:Warning: 'Class 없음.' 오브젝트를 찾는 데 실패했습니다.
[2017.10.08-00.57.56:704][  0]LogContentBrowser: Native class hierarchy updated for 'HierarchicalLODOutliner' in 0.0012 seconds. Added 1 classes and 2 folders.
[2017.10.08-00.57.56:704][  0]LogLoad: (Engine Initialization) Total time: 64.01 seconds
[2017.10.08-00.57.56:704][  0]LogLoad: (Engine Initialization) Total Blueprint compile time: 0.32 seconds
[2017.10.08-00.57.56:704][  0]LogExternalProfiler: No external profilers were discovered.  External profiling features will not be available.
[2017.10.08-00.57.56:718][  0]LogOcInput: OculusInput pre-init called
[2017.10.08-00.57.56:718][  0]LogHMD: Starting GearVRController plugin
[2017.10.08-00.57.56:744][  0]LogContentStreaming: Texture pool size now 400 MB
[2017.10.08-00.57.56:778][  0]LogSlate: Took 0.005017 seconds to synchronously load lazily loaded font '../../../Engine/Content/Slate/Fonts/Roboto-Light.ttf' (159K)
[2017.10.08-00.57.56:813][  1]LogAssetRegistry: Asset discovery search completed in 35.3989 seconds
[2017.10.08-00.57.56:815][  1]LogCollectionManager: Rebuilt the object cache for 0 collections in 0.000001 seconds (found 0 objects)
[2017.10.08-00.57.56:815][  1]LogCollectionManager: Fixed up redirectors for 0 collections in 0.000064 seconds (updated 0 objects)
[2017.10.08-00.59.13:133][ 23]LogSlate: Took 0.000316 seconds to synchronously load lazily loaded font '../../../Engine/Content/Slate/Fonts/Roboto-Light.ttf' (159K)
[2017.10.08-00.59.13:641][ 23]LogSlate: Took 0.000270 seconds to synchronously load lazily loaded font '../../../Engine/Content/Slate/Fonts/Roboto-Regular.ttf' (155K)
[2017.10.08-00.59.13:959][ 23]LogContentBrowser: Native class hierarchy updated for 'BlueprintGraph' in 0.0012 seconds. Added 112 classes and 0 folders.
[2017.10.08-00.59.15:050][ 23]LogSlate: Took 0.000280 seconds to synchronously load lazily loaded font '../../../Engine/Content/Slate/Fonts/Roboto-Light.ttf' (159K)
[2017.10.08-00.59.15:057][ 23]LogSlate: Took 0.006364 seconds to synchronously load lazily loaded font '../../../Engine/Content/Editor/Slate/Fonts/Roboto-BoldCondensed.ttf' (158K)
[2017.10.08-00.59.22:353][266]LogContentBrowser: Native class hierarchy updated for 'TextureEditor' in 0.0008 seconds. Added 1 classes and 2 folders.
[2017.10.08-00.59.38:235][111]LogTexture:Display: 텍스처 빌드: speedy_button4 (BGRA8, 512X128)
[2017.10.08-00.59.43:377][325]LogEditorFactories: Performing atomic reimport of [C:/Users/정민/Documents/GitHub/speedy/Speedy/Assets/speedy_button4.png]
[2017.10.08-00.59.43:380][325]LogFactory: FactoryCreateFile: Texture2D with ReimportTextureFactory (0 0 C:/Users/정민/Documents/GitHub/speedy/Speedy/Assets/speedy_button4.png)
[2017.10.08-00.59.43:402][325]LogTexture:Display: 텍스처 빌드: speedy_button4 (BGRA8, 512X128)
[2017.10.08-00.59.43:418][325]LogEditorFactories: -- imported successfully
[2017.10.08-00.59.45:721][397]LogSavePackage: Save=15.39ms
[2017.10.08-00.59.45:721][397]LogSavePackage: Moving '../../../../../../Users/정민/Documents/GitHub/speedy/Speedy/Saved/speedy_button4F1724D8B4C70B3C07CCD56ACB44E8F28.tmp' to '../../../../../../Users/정민/Documents/GitHub/speedy/Speedy/Content/2DSideScroller/Textures/speedy_button4.uasset'
[2017.10.08-00.59.45:728][397]LogSavePackage:Display: Finished SavePackage ../../../../../../Users/정민/Documents/GitHub/speedy/Speedy/Content/2DSideScroller/Textures/speedy_button4.uasset
[2017.10.08-00.59.59:405][891]LogTexture:Display: 텍스처 빌드: speedy_button3 (BGRA8, 512X128)
[2017.10.08-01.00.01:270][954]LogEditorFactories: Performing atomic reimport of [C:/Users/정민/Documents/GitHub/speedy/Speedy/Assets/speedy_button3.png]
[2017.10.08-01.00.01:272][954]LogFactory: FactoryCreateFile: Texture2D with ReimportTextureFactory (0 0 C:/Users/정민/Documents/GitHub/speedy/Speedy/Assets/speedy_button3.png)
[2017.10.08-01.00.01:277][954]LogTexture:Display: 텍스처 빌드: speedy_button3 (BGRA8, 512X128)
[2017.10.08-01.00.01:288][954]LogEditorFactories: -- imported successfully
[2017.10.08-01.00.02:229][992]LogSavePackage: Save=11.14ms
[2017.10.08-01.00.02:229][992]LogSavePackage: Moving '../../../../../../Users/정민/Documents/GitHub/speedy/Speedy/Saved/speedy_button36C0E04F64E4B9EA559C9C3B17452DFE8.tmp' to '../../../../../../Users/정민/Documents/GitHub/speedy/Speedy/Content/2DSideScroller/Textures/speedy_button3.uasset'
[2017.10.08-01.00.02:235][992]LogSavePackage:Display: Finished SavePackage ../../../../../../Users/정민/Documents/GitHub/speedy/Speedy/Content/2DSideScroller/Textures/speedy_button3.uasset
[2017.10.08-01.00.11:945][363]LogTexture:Display: 텍스처 빌드: speedy_button2 (BGRA8, 512X128)
[2017.10.08-01.00.13:606][434]LogEditorFactories: Performing atomic reimport of [C:/Users/정민/Documents/GitHub/speedy/Speedy/Assets/speedy_button2.png]
[2017.10.08-01.00.13:608][434]LogFactory: FactoryCreateFile: Texture2D with ReimportTextureFactory (0 0 C:/Users/정민/Documents/GitHub/speedy/Speedy/Assets/speedy_button2.png)
[2017.10.08-01.00.13:613][434]LogTexture:Display: 텍스처 빌드: speedy_button2 (BGRA8, 512X128)
[2017.10.08-01.00.13:624][434]LogEditorFactories: -- imported successfully
[2017.10.08-01.00.14:484][459]LogSavePackage: Save=10.47ms
[2017.10.08-01.00.14:484][459]LogSavePackage: Moving '../../../../../../Users/정민/Documents/GitHub/speedy/Speedy/Saved/speedy_button20E4CB41B444A3D5193691EA8C818ADED.tmp' to '../../../../../../Users/정민/Documents/GitHub/speedy/Speedy/Content/2DSideScroller/Textures/speedy_button2.uasset'
[2017.10.08-01.00.14:489][459]LogSavePackage:Display: Finished SavePackage ../../../../../../Users/정민/Documents/GitHub/speedy/Speedy/Content/2DSideScroller/Textures/speedy_button2.uasset
[2017.10.08-01.09.35:218][912]LogTexture:Display: 텍스처 빌드: speedy_button4 (BGRA8, 512X128)
[2017.10.08-01.09.37:320][  7]LogTexture:Display: 텍스처 빌드: speedy_button4 (BGRA8, 512X128)
[2017.10.08-01.09.39:209][ 90]LogTexture:Display: 텍스처 빌드: speedy_button4 (BGRA8, 512X128)
[2017.10.08-01.09.42:927][272]LogTexture:Display: 텍스처 빌드: speedy_button4 (BGRA8, 512X128)
[2017.10.08-01.09.52:596][719]LogTexture:Display: 텍스처 빌드: speedy_button4 (BGRA8, 512X128)
[2017.10.08-01.09.58:708][985]LogEditorFactories: Performing atomic reimport of [C:/Users/정민/Documents/GitHub/speedy/Speedy/Assets/speedy_button4.png]
[2017.10.08-01.09.58:709][985]LogFactory: FactoryCreateFile: Texture2D with ReimportTextureFactory (0 0 C:/Users/정민/Documents/GitHub/speedy/Speedy/Assets/speedy_button4.png)
[2017.10.08-01.09.58:718][985]LogTexture:Display: 텍스처 빌드: speedy_button4 (BGRA8, 512X128)
[2017.10.08-01.09.58:738][985]LogEditorFactories: -- imported successfully
[2017.10.08-01.09.59:944][ 24]LogEditorFactories: Performing atomic reimport of [C:/Users/정민/Documents/GitHub/speedy/Speedy/Assets/speedy_button4.png]
[2017.10.08-01.09.59:944][ 24]LogFactory: FactoryCreateFile: Texture2D with ReimportTextureFactory (0 0 C:/Users/정민/Documents/GitHub/speedy/Speedy/Assets/speedy_button4.png)
[2017.10.08-01.09.59:970][ 24]LogTexture:Display: 텍스처 빌드: speedy_button4 (BGRA8, 512X128)
[2017.10.08-01.09.59:988][ 24]LogEditorFactories: -- imported successfully
[2017.10.08-01.10.01:085][ 67]LogSavePackage: Save=13.10ms
[2017.10.08-01.10.01:085][ 67]LogSavePackage: Moving '../../../../../../Users/정민/Documents/GitHub/speedy/Speedy/Saved/speedy_button4C15C7558412E5C02239E799E780FAC34.tmp' to '../../../../../../Users/정민/Documents/GitHub/speedy/Speedy/Content/2DSideScroller/Textures/speedy_button4.uasset'
[2017.10.08-01.10.01:091][ 67]LogSavePackage:Display: Finished SavePackage ../../../../../../Users/정민/Documents/GitHub/speedy/Speedy/Content/2DSideScroller/Textures/speedy_button4.uasset
[2017.10.08-01.10.04:389][177]LogTexture:Display: 텍스처 빌드: speedy_button4 (BGRA8, 512X128)
[2017.10.08-01.10.17:498][724]LogTexture:Display: 텍스처 빌드: speedy_button4 (AutoDXT, 512X128)
[2017.10.08-01.10.24:261][ 70]LogTexture:Display: 텍스처 빌드: speedy_button4 (BGRA8, 512X128)
[2017.10.08-01.10.29:748][323]LogEditorFactories: Performing atomic reimport of [C:/Users/정민/Documents/GitHub/speedy/Speedy/Assets/speedy_button4.png]
[2017.10.08-01.10.29:748][323]LogFactory: FactoryCreateFile: Texture2D with ReimportTextureFactory (0 0 C:/Users/정민/Documents/GitHub/speedy/Speedy/Assets/speedy_button4.png)
[2017.10.08-01.10.29:756][323]LogTexture:Display: 텍스처 빌드: speedy_button4 (BGRA8, 512X128)
[2017.10.08-01.10.29:772][323]LogEditorFactories: -- imported successfully
[2017.10.08-01.10.30:266][338]LogEditorFactories: Performing atomic reimport of [C:/Users/정민/Documents/GitHub/speedy/Speedy/Assets/speedy_button4.png]
[2017.10.08-01.10.30:267][338]LogFactory: FactoryCreateFile: Texture2D with ReimportTextureFactory (0 0 C:/Users/정민/Documents/GitHub/speedy/Speedy/Assets/speedy_button4.png)
[2017.10.08-01.10.30:286][338]LogTexture:Display: 텍스처 빌드: speedy_button4 (BGRA8, 512X128)
[2017.10.08-01.10.30:299][338]LogEditorFactories: -- imported successfully
[2017.10.08-01.10.31:191][371]LogSavePackage: Save=10.04ms
[2017.10.08-01.10.31:191][371]LogSavePackage: Moving '../../../../../../Users/정민/Documents/GitHub/speedy/Speedy/Saved/speedy_button4262F2B504D38B1FF145F1491BB4E3191.tmp' to '../../../../../../Users/정민/Documents/GitHub/speedy/Speedy/Content/2DSideScroller/Textures/speedy_button4.uasset'
[2017.10.08-01.10.31:198][371]LogSavePackage:Display: Finished SavePackage ../../../../../../Users/정민/Documents/GitHub/speedy/Speedy/Content/2DSideScroller/Textures/speedy_button4.uasset
[2017.10.08-01.14.26:844][528]LogEditorFactories: Performing atomic reimport of [C:/Users/정민/Documents/GitHub/speedy/Speedy/Assets/speedy_button4.png]
[2017.10.08-01.14.26:845][528]LogFactory: FactoryCreateFile: Texture2D with ReimportTextureFactory (0 0 C:/Users/정민/Documents/GitHub/speedy/Speedy/Assets/speedy_button4.png)
[2017.10.08-01.14.26:855][528]LogTexture:Display: 텍스처 빌드: speedy_button4 (BGRA8, 512X128)
[2017.10.08-01.14.26:871][528]LogEditorFactories: -- imported successfully
[2017.10.08-01.14.31:125][662]LogSavePackage: Save=9.58ms
[2017.10.08-01.14.31:125][662]LogSavePackage: Moving '../../../../../../Users/정민/Documents/GitHub/speedy/Speedy/Saved/speedy_button4E5E074AB481524AF5A9008A69B0FCB70.tmp' to '../../../../../../Users/정민/Documents/GitHub/speedy/Speedy/Content/2DSideScroller/Textures/speedy_button4.uasset'
[2017.10.08-01.14.31:132][662]LogSavePackage:Display: Finished SavePackage ../../../../../../Users/정민/Documents/GitHub/speedy/Speedy/Content/2DSideScroller/Textures/speedy_button4.uasset
[2017.10.08-01.14.36:373][837]BlueprintLog: New page: MainMenu 컴파일
[2017.10.08-01.14.36:601][837]BlueprintEditorCompileResults: 정보 빠른 템플릿 생성에 성공했습니다.
[2017.10.08-01.15.02:556][873]LogEditorFactories: Performing atomic reimport of [C:/Users/정민/Documents/GitHub/speedy/Speedy/Assets/speedy_button4.png]
[2017.10.08-01.15.02:557][873]LogFactory: FactoryCreateFile: Texture2D with ReimportTextureFactory (0 0 C:/Users/정민/Documents/GitHub/speedy/Speedy/Assets/speedy_button4.png)
[2017.10.08-01.15.02:566][873]LogTexture:Display: 텍스처 빌드: speedy_button4 (BGRA8, 512X128)
[2017.10.08-01.15.02:580][873]LogEditorFactories: -- imported successfully
[2017.10.08-01.15.10:009][174]LogTexture:Display: 텍스처 빌드: speedy_button4 (BGRA8, 512X128)
[2017.10.08-01.15.13:183][307]LogEditorFactories: Performing atomic reimport of [C:/Users/정민/Documents/GitHub/speedy/Speedy/Assets/speedy_button4.png]
[2017.10.08-01.15.13:183][307]LogFactory: FactoryCreateFile: Texture2D with ReimportTextureFactory (0 0 C:/Users/정민/Documents/GitHub/speedy/Speedy/Assets/speedy_button4.png)
[2017.10.08-01.15.13:195][307]LogTexture:Display: 텍스처 빌드: speedy_button4 (BGRA8, 512X128)
[2017.10.08-01.15.13:207][307]LogEditorFactories: -- imported successfully
[2017.10.08-01.15.14:371][341]LogSavePackage: Save=10.38ms
[2017.10.08-01.15.14:371][341]LogSavePackage: Moving '../../../../../../Users/정민/Documents/GitHub/speedy/Speedy/Saved/speedy_button44BC6E5804160C6677E5955900987FEF9.tmp' to '../../../../../../Users/정민/Documents/GitHub/speedy/Speedy/Content/2DSideScroller/Textures/speedy_button4.uasset'
[2017.10.08-01.15.14:378][341]LogSavePackage:Display: Finished SavePackage ../../../../../../Users/정민/Documents/GitHub/speedy/Speedy/Content/2DSideScroller/Textures/speedy_button4.uasset
[2017.10.08-01.15.19:828][520]Cmd: OBJ SAVEPACKAGE PACKAGE="/Game/MainMenu" FILE="../../../../../../Users/정민/Documents/GitHub/speedy/Speedy/Content/MainMenu.uasset" SILENT=true
[2017.10.08-01.15.19:882][520]LogSavePackage: Save=33.82ms
[2017.10.08-01.15.19:882][520]LogSavePackage: Moving '../../../../../../Users/정민/Documents/GitHub/speedy/Speedy/Saved/MainMenu25CFB812440DC9EF2DB7D0B43EFE07EA.tmp' to '../../../../../../Users/정민/Documents/GitHub/speedy/Speedy/Content/MainMenu.uasset'
[2017.10.08-01.15.19:886][520]LogSavePackage:Display: Finished SavePackage ../../../../../../Users/정민/Documents/GitHub/speedy/Speedy/Content/MainMenu.uasset
