Log file open, 08/11/17 09:45:37
LogInit:Display: Running engine for game: Speedy
LogPlatformFile: Not using cached read wrapper
LogInit:Display: RandInit(1608037504) SRandInit(1608037505).
LogTaskGraph: Started task graph with 5 named threads and 6 total threads with 1 sets of task threads.
LogStats: Stats thread started at 4.361885
LogInit: Using libcurl 7.47.1
LogInit:  - built for x86_64-pc-win32
LogInit:  - supports SSL with OpenSSL/1.0.2g
LogInit:  - supports HTTP deflate (compression) using libz 1.2.8
LogInit:  - other features:
LogInit:      CURL_VERSION_SSL
LogInit:      CURL_VERSION_LIBZ
LogInit:      CURL_VERSION_IPV6
LogInit:      CURL_VERSION_ASYNCHDNS
LogInit:      CURL_VERSION_LARGEFILE
LogInit:      CURL_VERSION_IDN
LogInit:  CurlRequestOptions (configurable via config and command line):
LogInit:  - bVerifyPeer = false  - Libcurl will NOT verify peer certificate
LogInit:  - bUseHttpProxy = false  - Libcurl will NOT use HTTP proxy
LogInit:  - bDontReuseConnections = false  - Libcurl will reuse connections
LogInit:  - CertBundlePath = nullptr  - Libcurl will use whatever was configured at build time.
LogInit: Build: ++UE4+Release-4.16-CL-3561208
LogInit: Engine Version: 4.16.3-3561208+++UE4+Release-4.16
LogInit: Compatible Engine Version: 4.16.0-3452394+++UE4+Release-4.16
LogInit: Net CL: 3452394
LogDevObjectVersion: Number of dev versions registered: 16
LogDevObjectVersion:   Dev-Blueprints (B0D832E4-1F89-4F0D-ACCF-7EB736FD4AA2): 9
LogDevObjectVersion:   Dev-Build (E1C64328-A22C-4D53-A36C-8E866417BD8C): 0
LogDevObjectVersion:   Dev-Core (375EC13C-06E4-48FB-B500-84F0262A717E): 2
LogDevObjectVersion:   Dev-Editor (E4B068ED-F494-42E9-A231-DA0B2E46BB41): 17
LogDevObjectVersion:   Dev-Framework (CFFC743F-43B0-4480-9391-14DF171D2073): 23
LogDevObjectVersion:   Dev-Mobile (B02B49B5-BB20-44E9-A304-32B752E40360): 0
LogDevObjectVersion:   Dev-Networking (A4E4105C-59A1-49B5-A7C5-40C4547EDFEE): 0
LogDevObjectVersion:   Dev-Online (39C831C9-5AE6-47DC-9A44-9C173E1C8E7C): 0
LogDevObjectVersion:   Dev-Physics (78F01B33-EBEA-4F98-B9B4-84EACCB95AA2): 0
LogDevObjectVersion:   Dev-Platform (6631380F-2D4D-43E0-8009-CF276956A95A): 0
LogDevObjectVersion:   Dev-Rendering (12F88B9F-8875-4AFC-A67C-D90C383ABD29): 15
LogDevObjectVersion:   Dev-Sequencer (7B5AE74C-D270-4C10-A958-57980B212A5A): 4
LogDevObjectVersion:   Dev-VR (D7296918-1DD6-4BDD-9DE2-64A83CC13884): 0
LogDevObjectVersion:   Dev-LoadTimes (C2A15278-BFE7-4AFE-6C17-90FF531DF755): 1
LogDevObjectVersion:   Private-Geometry (6EACA3D4-40EC-4CC1-B786-8BED09428FC5): 1
LogDevObjectVersion:   Dev-AnimPhys (29E575DD-E0A3-4627-9D10-D276232CDCEA): 3
LogInit: Compiled (64-bit): Jul 28 2017 11:49:47
LogInit: Compiled with Visual C++: 19.00.24215.01
LogInit: Build Configuration: Development
LogInit: Branch Name: ++UE4+Release-4.16
LogInit: Command line:  
LogInit: Base directory: D:/UE_4.16/Engine/Binaries/Win64/
LogInit: Installed Engine Build: 1
LogInit: Presizing for max 8388607 objects, including 0 objects not considered by GC, pre-allocating 0 bytes for permanent pool.
LogInit: Object subsystem initialized
[2017.08.11-00.45.38:838][  0]LogInit: Selected Device Profile: [Windows]
[2017.08.11-00.45.38:838][  0]LogInit: Applying CVar settings loaded from the selected device profile: [Windows]
[2017.08.11-00.45.38:938][  0]LogInit: Computer: DESKTOP-RM5SNBE
[2017.08.11-00.45.38:938][  0]LogInit: User: user
[2017.08.11-00.45.38:938][  0]LogInit: CPU Page size=4096, Cores=2
[2017.08.11-00.45.38:938][  0]LogInit: High frequency timer resolution =2.648437 MHz
[2017.08.11-00.45.38:942][  0]LogMemory: Memory total: Physical=7.9GB (8GB approx)
[2017.08.11-00.45.38:942][  0]LogMemory: Platform Memory Stats for Windows
[2017.08.11-00.45.38:942][  0]LogMemory: Process Physical Memory: 273.73 MB used, 273.73 MB peak
[2017.08.11-00.45.38:942][  0]LogMemory: Process Virtual Memory: 266.40 MB used, 266.40 MB peak
[2017.08.11-00.45.38:942][  0]LogMemory: Physical Memory: 2423.29 MB used,  5655.65 MB free, 8078.94 MB total
[2017.08.11-00.45.38:942][  0]LogMemory: Virtual Memory: 641.70 MB used,  5655.65 MB free, 134217728.00 MB total
[2017.08.11-00.45.40:193][  0]LogInit: Using OS detected language (ko-KR).
[2017.08.11-00.45.40:193][  0]LogInit: Using OS detected locale (ko-KR).
[2017.08.11-00.45.40:344][  0]LogTextLocalizationManager: No specific localization for 'ko-KR' exists, so the 'ko' localization will be used.
[2017.08.11-00.45.42:761][  0]LogD3D11RHI: D3D11 adapters:
[2017.08.11-00.45.43:014][  0]LogD3D11RHI:    0. 'NVIDIA GeForce 940MX' (Feature Level 11_0)
[2017.08.11-00.45.43:014][  0]LogD3D11RHI:       2019/0/4039 MB DedicatedVideo/DedicatedSystem/SharedSystem, Outputs:1, VendorId:0x10de
[2017.08.11-00.45.43:048][  0]LogD3D11RHI:    1. 'Intel(R) HD Graphics 620' (Feature Level 11_0)
[2017.08.11-00.45.43:048][  0]LogD3D11RHI:       128/0/4039 MB DedicatedVideo/DedicatedSystem/SharedSystem, Outputs:0, VendorId:0x8086
[2017.08.11-00.45.43:050][  0]LogD3D11RHI:    2. 'Microsoft Basic Render Driver' (Feature Level 11_0)
[2017.08.11-00.45.43:050][  0]LogD3D11RHI:       0/0/4039 MB DedicatedVideo/DedicatedSystem/SharedSystem, Outputs:0, VendorId:0x1414
[2017.08.11-00.45.43:050][  0]LogD3D11RHI: Chosen D3D11 Adapter: 0
[2017.08.11-00.45.43:056][  0]LogD3D11RHI: Creating new Direct3DDevice
[2017.08.11-00.45.43:056][  0]LogD3D11RHI:     GPU DeviceId: 0x134d (for the marketing name, search the web for "GPU Device Id")
[2017.08.11-00.45.43:056][  0]LogWindows: EnumDisplayDevices:
[2017.08.11-00.45.43:056][  0]LogWindows:    0. 'Intel(R) HD Graphics 620' (P:1 D:1)
[2017.08.11-00.45.43:056][  0]LogWindows:    1. 'Intel(R) HD Graphics 620' (P:0 D:0)
[2017.08.11-00.45.43:056][  0]LogWindows:    2. 'Intel(R) HD Graphics 620' (P:0 D:0)
[2017.08.11-00.45.43:057][  0]LogWindows: DebugString: PrimaryIsNotTheChoosenAdapter PrimaryIsNotTheChoosenAdapter PrimaryIsNotTheChoosenAdapter FoundDriverCount:0 
[2017.08.11-00.45.43:057][  0]LogD3D11RHI:     Adapter Name: NVIDIA GeForce 940MX
[2017.08.11-00.45.43:057][  0]LogD3D11RHI:   Driver Version: Unknown (internal:Unknown, unified:Unknown)
[2017.08.11-00.45.43:057][  0]LogD3D11RHI:      Driver Date: Unknown
[2017.08.11-00.45.43:057][  0]LogRHI: Texture pool is 1361 MB (70% of 1945 MB)
[2017.08.11-00.45.43:100][  0]LogD3D11RHI: Async texture creation enabled
[2017.08.11-00.45.43:434][  0]LogD3D11RHI: GPU Timing Frequency: 1000.000000 (Debug: 2 1)
[2017.08.11-00.45.43:589][  0]LogShaderCompilers: Guid format shader working directory is -1 characters bigger than the processId version (C:/Users/user/Documents/Unreal Projects/Speedy/Intermediate/Shaders/WorkingDirectory/7012/).
[2017.08.11-00.45.43:590][  0]LogShaderCompilers: Cleaned the shader compiler working directory 'C:/Users/user/AppData/Local/Temp/UnrealShaderWorkingDir/0BD086DD44CDA37405A8EE8A4B631CA6/'.
[2017.08.11-00.45.43:596][  0]LogShaderCompilers:Display: Using Local Shader Compiler.
[2017.08.11-00.45.46:912][  0]LogTemp:Display: Loaded TP AllDesktopTargetPlatform
[2017.08.11-00.45.46:976][  0]LogTemp:Display: Loaded TP MacClientTargetPlatform
[2017.08.11-00.45.47:022][  0]LogTemp:Display: Loaded TP MacNoEditorTargetPlatform
[2017.08.11-00.45.47:079][  0]LogTemp:Display: Loaded TP MacServerTargetPlatform
[2017.08.11-00.45.47:147][  0]LogTemp:Display: Loaded TP MacTargetPlatform
[2017.08.11-00.45.47:208][  0]LogTemp:Display: Loaded TP WindowsClientTargetPlatform
[2017.08.11-00.45.47:263][  0]LogTemp:Display: Loaded TP WindowsNoEditorTargetPlatform
[2017.08.11-00.45.47:322][  0]LogTemp:Display: Loaded TP WindowsServerTargetPlatform
[2017.08.11-00.45.47:378][  0]LogTemp:Display: Loaded TP WindowsTargetPlatform
[2017.08.11-00.45.47:432][  0]LogTemp:Display: Loaded TP AndroidTargetPlatform
[2017.08.11-00.45.47:494][  0]LogTemp:Display: Loaded TP Android_ASTCTargetPlatform
[2017.08.11-00.45.47:543][  0]LogTemp:Display: Loaded TP Android_ATCTargetPlatform
[2017.08.11-00.45.47:605][  0]LogTemp:Display: Loaded TP Android_DXTTargetPlatform
[2017.08.11-00.45.47:666][  0]LogTemp:Display: Loaded TP Android_ETC1TargetPlatform
[2017.08.11-00.45.47:715][  0]LogTemp:Display: Loaded TP Android_ETC2TargetPlatform
[2017.08.11-00.45.47:825][  0]LogTemp:Display: Loaded TP Android_MultiTargetPlatform
[2017.08.11-00.45.47:826][  0]LogTemp:Display: Loaded TP Android_PVRTCTargetPlatform
[2017.08.11-00.45.47:878][  0]LogTemp:Display: Loaded TP HTML5TargetPlatform
[2017.08.11-00.45.48:028][  0]LogTemp:Display: Loaded TP IOSTargetPlatform
[2017.08.11-00.45.48:052][  0]LogTemp:Display: Loaded TP TVOSTargetPlatform
[2017.08.11-00.45.48:112][  0]LogTemp:Display: Loaded TP LinuxClientTargetPlatform
[2017.08.11-00.45.48:170][  0]LogTemp:Display: Loaded TP LinuxNoEditorTargetPlatform
[2017.08.11-00.45.48:228][  0]LogTemp:Display: Loaded TP LinuxServerTargetPlatform
[2017.08.11-00.45.48:301][  0]LogTemp:Display: Loaded TP LinuxTargetPlatform
[2017.08.11-00.45.48:301][  0]LogTargetPlatformManager:Display: Building Assets For Windows
[2017.08.11-00.45.49:695][  0]LogDerivedDataCache:Display: Max Cache Size: 512 MB
[2017.08.11-00.45.50:100][  0]LogDerivedDataCache: Loaded boot cache 0.40s 90MB C:/Users/user/AppData/Local/UnrealEngine/4.16/DerivedDataCache/Boot.ddc.
[2017.08.11-00.45.50:100][  0]LogDerivedDataCache:Display: Loaded Boot cache: C:/Users/user/AppData/Local/UnrealEngine/4.16/DerivedDataCache/Boot.ddc
[2017.08.11-00.45.50:101][  0]LogDerivedDataCache: FDerivedDataBackendGraph:  Pak pak cache file C:/Users/user/Documents/Unreal Projects/Speedy/DerivedDataCache/DDC.ddp not found, will not use a pak cache.
[2017.08.11-00.45.50:101][  0]LogDerivedDataCache: Unable to find inner node Pak for hierarchical cache Hierarchy.
[2017.08.11-00.45.50:101][  0]LogDerivedDataCache: FDerivedDataBackendGraph:  CompressedPak pak cache file C:/Users/user/Documents/Unreal Projects/Speedy/DerivedDataCache/Compressed.ddp not found, will not use a pak cache.
[2017.08.11-00.45.50:101][  0]LogDerivedDataCache: Unable to find inner node CompressedPak for hierarchical cache Hierarchy.
[2017.08.11-00.45.50:184][  0]LogDerivedDataCache:Display: Pak cache opened for reading ../../../Engine/DerivedDataCache/Compressed.ddp.
[2017.08.11-00.45.50:209][  0]LogDerivedDataCache: Using Local data cache path C:/Users/user/AppData/Local/UnrealEngine/Common/DerivedDataCache: Writable
[2017.08.11-00.45.50:290][  0]LogMaterial: Verifying Global Shaders for PCD3D_SM5
[2017.08.11-00.45.50:340][  0]LogSlate: Using Freetype 2.6.0
[2017.08.11-00.45.50:437][  0]LogSlate: SlateFontCache - WITH_FREETYPE: 1, WITH_HARFBUZZ: 1
[2017.08.11-00.45.50:437][  0]LogSlate: SlateFontCache - WITH_FREETYPE: 1, WITH_HARFBUZZ: 1
[2017.08.11-00.45.57:779][  0]LogInit: Selected Device Profile: [Windows]
[2017.08.11-00.45.59:004][  0]LogContentStreaming: Texture pool size is 0.00 MB
[2017.08.11-00.45.59:826][  0]LogMeshUtilities: Using QuadricMeshReduction for automatic static mesh reduction
[2017.08.11-00.45.59:964][  0]LogSimplygon: Simplygon DLL not present - disabling.
[2017.08.11-00.46.00:080][  0]LogMeshUtilities: Using SimplygonSwarm for distributed automatic mesh merging
[2017.08.11-00.46.00:080][  0]LogMeshUtilities: No automatic skeletal mesh reduction module available
[2017.08.11-00.46.00:080][  0]LogMeshUtilities: No automatic mesh merging module available
[2017.08.11-00.46.05:291][  0]LogNetVersion: Speedy , NetCL: 3452394, EngineNetVer: 2, GameNetVer: 0 (Checksum: 418536735)
[2017.08.11-00.46.05:681][  0]LogAssetRegistry: FAssetRegistry took 0.0557 seconds to start up
[2017.08.11-00.46.05:846][  0]LogPackageLocalizationCache: Processed 4 localized package path(s) for 2 prioritized culture(s) in 0.105704 seconds
[2017.08.11-00.46.05:853][  0]LogUObjectArray: 34194 objects as part of root set at end of initial load.
[2017.08.11-00.46.05:853][  0]LogUObjectAllocator: 7260416 out of 0 bytes used by permanent object pool.
[2017.08.11-00.46.05:853][  0]LogUObjectArray: CloseDisregardForGC: 0/0 objects in disregard for GC pool
[2017.08.11-00.46.05:901][  0]LogInit: WinSock: version 1.1 (2.2), MaxSocks=32767, MaxUdp=65467
[2017.08.11-00.46.21:849][  0]LogTcpMessaging: Initializing TcpMessaging bridge
[2017.08.11-00.46.21:910][  0]LogUdpMessaging: Initializing bridge on interface 0.0.0.0:0 to multicast group 230.0.0.1:6666.
[2017.08.11-00.46.23:461][  0]LogMaterial: Uniform references updated for custom material expression Custom.
[2017.08.11-00.46.24:397][  0]SourceControl: 정보 소스 콘트롤이 꺼졌습니다.
[2017.08.11-00.46.24:404][  0]SourceControl: 정보 소스 콘트롤이 꺼졌습니다.
[2017.08.11-00.46.24:576][  0]SourceControl: 정보 소스 콘트롤이 꺼졌습니다.
[2017.08.11-00.46.24:687][  0]SourceControl: 정보 소스 콘트롤이 꺼졌습니다.
[2017.08.11-00.46.26:162][  0]LogAndroidPermission: UAndroidPermissionCallbackProxy::GetInstance
[2017.08.11-00.46.27:308][  0]LogEngine: Initializing Engine...
[2017.08.11-00.46.27:337][  0]LogHMD: Failed to initialize OpenVR with code 110
[2017.08.11-00.46.27:996][  0]LogStats: UGameplayTagsManager::ConstructGameplayTagTree: Construct from data asset -  0.000 s
[2017.08.11-00.46.27:996][  0]LogStats: UGameplayTagsManager::ConstructGameplayTagTree: GameplayTagTreeChangedEvent.Broadcast -  0.000 s
[2017.08.11-00.46.28:540][  0]LogAIModule: Creating AISystem for world Untitled
[2017.08.11-00.46.28:741][  0]LogInit: XAudio2 using 'Speakers(Realtek High Definition Audio)' : 2 channels at 48 kHz using 32 bits per sample (channel mask 0x3)
[2017.08.11-00.46.28:872][  0]LogInit: FAudioDevice initialized.
[2017.08.11-00.46.28:921][  0]LogDerivedDataCache: Saved boot cache 0.05s 90MB C:/Users/user/AppData/Local/UnrealEngine/4.16/DerivedDataCache/Boot.ddc.
[2017.08.11-00.46.28:929][  0]LogInit: Texture streaming: Enabled
[2017.08.11-00.46.29:076][  0]LogEngineSessionManager: EngineSessionManager initialized
[2017.08.11-00.46.29:731][  0]LogInit: Transaction tracking system initialized
[2017.08.11-00.46.30:339][  0]BlueprintLog: New page: 에디터 로드
[2017.08.11-00.46.32:427][  0]LocalizationService: 정보 현지화 서비스가 비활성화되었습니다.
[2017.08.11-00.46.33:890][  0]LogConsoleResponse:Display: 
[2017.08.11-00.46.35:952][  0]LogFileCache: Scanning file cache for directory 'C:/Users/user/Documents/Unreal Projects/Speedy/Content/' took 0.06s
[2017.08.11-00.46.35:952][  0]LogCook:Display: Max memory allowance for cook 16384mb min free memory 0mb
[2017.08.11-00.46.35:952][  0]LogCook:Display: Mobile HDR setting 0
[2017.08.11-00.46.39:039][  0]SourceControl: 정보 소스 콘트롤이 꺼졌습니다.
[2017.08.11-00.46.39:077][  0]Cmd: MAP LOAD FILE="C:/Users/user/Documents/Unreal Projects/Speedy/Content/2DSideScrollerBP/Maps/2DSideScrollerExampleMap.umap" TEMPLATE=0 SHOWPROGRESS=1 FEATURELEVEL=3
[2017.08.11-00.46.39:145][  0]LightingResults: New page: 라이팅 빌드
[2017.08.11-00.46.39:317][  0]MapCheck: New page: 맵 체크
[2017.08.11-00.46.39:317][  0]LightingResults: New page: 라이팅 빌드
[2017.08.11-00.46.40:412][  0]LogAIModule: Creating AISystem for world 2DSideScrollerExampleMap
[2017.08.11-00.46.40:675][  0]LogEditorServer: Finished looking for orphan Actors (0.000 secs)
[2017.08.11-00.46.40:772][  0]Cmd: MAP CHECKDEP NOCLEARLOG
[2017.08.11-00.46.40:854][  0]MapCheck: 정보 맵 체크 완료: 오류 0 회, 경고 0 회, 소요 시간 82.677ms.
[2017.08.11-00.46.40:854][  0]LogFileHelpers: Loading map '2DSideScrollerExampleMap' took 1.784
[2017.08.11-00.46.42:305][  0]LogCollectionManager: Loaded 0 collections in 0.001207 seconds
[2017.08.11-00.46.42:643][  0]LogFileCache: Scanning file cache for directory 'C:/Users/user/Documents/Unreal Projects/Speedy/Saved/Collections/' took 0.01s
[2017.08.11-00.46.42:643][  0]LogFileCache: Scanning file cache for directory 'C:/Users/user/Documents/Unreal Projects/Speedy/Content/Developers/user/Collections/' took 0.01s
[2017.08.11-00.46.42:643][  0]LogFileCache: Scanning file cache for directory 'C:/Users/user/Documents/Unreal Projects/Speedy/Content/Collections/' took 0.01s
[2017.08.11-00.46.42:643][  0]LogCollectionManager: Rebuilt the GUID cache for 0 collections in 0.000004 seconds
[2017.08.11-00.46.42:678][  0]LogContentBrowser: Native class hierarchy populated in 0.0189 seconds. Added 2329 classes and 491 folders.
[2017.08.11-00.46.42:802][  0]LogContentBrowser: Native class hierarchy updated for 'WidgetCarousel' in 0.0006 seconds. Added 0 classes and 0 folders.
[2017.08.11-00.46.44:019][  0]LogContentBrowser: Native class hierarchy updated for 'AddContentDialog' in 0.0016 seconds. Added 0 classes and 0 folders.
[2017.08.11-00.46.44:210][  0]LogContentBrowser: Native class hierarchy updated for 'SceneOutliner' in 0.0008 seconds. Added 1 classes and 2 folders.
[2017.08.11-00.46.44:949][  0]LogCrashTracker: Crashtracker disabled due to settings.
[2017.08.11-00.46.45:067][  0]LogSlate: Took 0.040953 seconds to synchronously load lazily loaded font '../../../Engine/Content/Slate/Fonts/Roboto-Regular.ttf' (155K)
[2017.08.11-00.46.45:113][  0]LogSlate: Took 0.043726 seconds to synchronously load lazily loaded font '../../../Engine/Content/Slate/Fonts/NanumGothic.ttf' (4243K)
[2017.08.11-00.46.45:130][  0]LogSlate: Took 0.016098 seconds to synchronously load lazily loaded font '../../../Engine/Content/Slate/Fonts/Roboto-Bold.ttf' (160K)
[2017.08.11-00.46.45:172][  0]LogSlate: Took 0.012994 seconds to synchronously load lazily loaded font '../../../Engine/Content/Editor/Slate/Fonts/FontAwesome.ttf' (139K)
[2017.08.11-00.46.45:552][  0]LogRenderer: Reallocating scene render targets to support 964x436 NumSamples 1 (Frame:1).
[2017.08.11-00.46.46:267][  0]LogUObjectGlobals:Warning: 'Class 없음.' 오브젝트를 찾는 데 실패했습니다.
[2017.08.11-00.46.46:433][  0]LogContentBrowser: Native class hierarchy updated for 'HierarchicalLODOutliner' in 0.0006 seconds. Added 1 classes and 2 folders.
[2017.08.11-00.46.46:434][  0]LogLoad: (Engine Initialization) Total time: 80.94 seconds
[2017.08.11-00.46.46:434][  0]LogLoad: (Engine Initialization) Total Blueprint compile time: 0.81 seconds
[2017.08.11-00.46.46:434][  0]LogExternalProfiler: No external profilers were discovered.  External profiling features will not be available.
[2017.08.11-00.46.46:469][  0]LogOcInput: OculusInput pre-init called
[2017.08.11-00.46.46:469][  0]LogHMD: Starting GearVRController plugin
[2017.08.11-00.46.46:559][  0]LogContentStreaming: Texture pool size now 1000 MB
[2017.08.11-00.46.46:704][  0]LogSlate: Took 0.016953 seconds to synchronously load lazily loaded font '../../../Engine/Content/Slate/Fonts/Roboto-Light.ttf' (159K)
[2017.08.11-00.46.46:764][  1]LogAssetRegistry: Asset discovery search completed in 41.1062 seconds
[2017.08.11-00.46.46:766][  1]LogCollectionManager: Rebuilt the object cache for 0 collections in 0.000001 seconds (found 0 objects)
[2017.08.11-00.46.46:766][  1]LogCollectionManager: Fixed up redirectors for 0 collections in 0.000028 seconds (updated 0 objects)
[2017.08.11-00.46.47:479][ 34]LogSlate: Took 0.000285 seconds to synchronously load lazily loaded font '../../../Engine/Content/Slate/Fonts/Roboto-Light.ttf' (159K)
[2017.08.11-00.46.54:838][467]LogSlate: Took 0.016034 seconds to synchronously load lazily loaded font '../../../Engine/Content/Slate/Fonts/Roboto-Light.ttf' (159K)
[2017.08.11-00.46.55:054][467]LogSlate: Took 0.032655 seconds to synchronously load lazily loaded font '../../../Engine/Content/Editor/Slate/Fonts/Roboto-BoldCondensed.ttf' (158K)
[2017.08.11-00.47.05:751][  9]LogSavePackage: Save=208.53ms
[2017.08.11-00.47.05:751][  9]LogSavePackage: Moving 'C:/Users/user/Documents/Unreal Projects/Speedy/Saved/2DSideScrollerExampleMap2565D9264DF3AC21C10874861215C386.tmp' to 'C:/Users/user/Documents/Unreal Projects/Speedy/Content/2DSideScrollerBP/Maps/2DSideScrollerExampleMap.umap'
[2017.08.11-00.47.05:754][  9]LogSavePackage:Display: Finished SavePackage C:/Users/user/Documents/Unreal Projects/Speedy/Content/2DSideScrollerBP/Maps/2DSideScrollerExampleMap.umap
[2017.08.11-00.47.05:790][  9]LogSavePackage: Save=1.65ms
[2017.08.11-00.47.05:790][  9]LogSavePackage: Moving 'C:/Users/user/Documents/Unreal Projects/Speedy/Saved/2DSideScrollerExampleMap_BuiltData56AA16F847630B4F9F501C8604DC1C33.tmp' to 'C:/Users/user/Documents/Unreal Projects/Speedy/Content/2DSideScrollerBP/Maps/2DSideScrollerExampleMap_BuiltData.uasset'
[2017.08.11-00.47.05:792][  9]LogSavePackage:Display: Finished SavePackage C:/Users/user/Documents/Unreal Projects/Speedy/Content/2DSideScrollerBP/Maps/2DSideScrollerExampleMap_BuiltData.uasset
[2017.08.11-00.47.06:821][ 64]LogSavePackage: Save=76.34ms
[2017.08.11-00.47.06:821][ 64]LogSavePackage: Moving 'C:/Users/user/Documents/Unreal Projects/Speedy/Saved/2DSideScrollerExampleMap149B1CA74E223D82F4330089889CEED4.tmp' to 'C:/Users/user/Documents/Unreal Projects/Speedy/Content/2DSideScrollerBP/Maps/2DSideScrollerExampleMap.umap'
[2017.08.11-00.47.06:823][ 64]LogSavePackage:Display: Finished SavePackage C:/Users/user/Documents/Unreal Projects/Speedy/Content/2DSideScrollerBP/Maps/2DSideScrollerExampleMap.umap
[2017.08.11-00.47.06:844][ 64]LogSavePackage: Save=1.31ms
[2017.08.11-00.47.06:844][ 64]LogSavePackage: Moving 'C:/Users/user/Documents/Unreal Projects/Speedy/Saved/2DSideScrollerExampleMap_BuiltData7F37E0F84D57C7879D64C0B222F24971.tmp' to 'C:/Users/user/Documents/Unreal Projects/Speedy/Content/2DSideScrollerBP/Maps/2DSideScrollerExampleMap_BuiltData.uasset'
[2017.08.11-00.47.06:846][ 64]LogSavePackage:Display: Finished SavePackage C:/Users/user/Documents/Unreal Projects/Speedy/Content/2DSideScrollerBP/Maps/2DSideScrollerExampleMap_BuiltData.uasset
[2017.08.11-00.47.07:655][102]LogSavePackage: Save=72.75ms
[2017.08.11-00.47.07:655][102]LogSavePackage: Moving 'C:/Users/user/Documents/Unreal Projects/Speedy/Saved/2DSideScrollerExampleMap3328BA494257885F796B23876DCC0089.tmp' to 'C:/Users/user/Documents/Unreal Projects/Speedy/Content/2DSideScrollerBP/Maps/2DSideScrollerExampleMap.umap'
[2017.08.11-00.47.07:658][102]LogSavePackage:Display: Finished SavePackage C:/Users/user/Documents/Unreal Projects/Speedy/Content/2DSideScrollerBP/Maps/2DSideScrollerExampleMap.umap
[2017.08.11-00.47.07:678][102]LogSavePackage: Save=1.30ms
[2017.08.11-00.47.07:678][102]LogSavePackage: Moving 'C:/Users/user/Documents/Unreal Projects/Speedy/Saved/2DSideScrollerExampleMap_BuiltDataDAC710654C4A97DF2C434CB241E82C5C.tmp' to 'C:/Users/user/Documents/Unreal Projects/Speedy/Content/2DSideScrollerBP/Maps/2DSideScrollerExampleMap_BuiltData.uasset'
[2017.08.11-00.47.07:680][102]LogSavePackage:Display: Finished SavePackage C:/Users/user/Documents/Unreal Projects/Speedy/Content/2DSideScrollerBP/Maps/2DSideScrollerExampleMap_BuiltData.uasset
[2017.08.11-00.47.10:298][251]LogEditorViewport: Clicking on Actor (LMB): PaperSpriteActor (RightEdge)
[2017.08.11-00.47.21:751][898]Cmd: TRANSACTION UNDO
[2017.08.11-00.47.21:751][898]LogEditorTransaction: Undo 액터 이동
[2017.08.11-00.47.25:873][140]LogEditorViewport: Clicking on Actor (LMB): PaperSpriteActor (Background_Sprite)
[2017.08.11-00.47.26:820][192]Cmd: EDIT COPY
[2017.08.11-00.47.27:308][212]Cmd: EDIT PASTE
[2017.08.11-00.47.36:524][747]LogEditorViewport: Clicking on Actor (LMB): PaperSpriteActor (Ledge_26)
[2017.08.11-00.47.49:685][464]LogEditorViewport: Clicking on Actor (context menu): PaperSpriteActor (Ledge_30)
[2017.08.11-00.47.53:840][690]LogEditorViewport: Clicking on Actor (context menu): PaperGroupedSpriteActor (PaperGroupedSpriteActor)
[2017.08.11-00.47.55:008][759]LogEditorViewport: Clicking on Actor (LMB): PaperGroupedSpriteActor (PaperGroupedSpriteActor)
[2017.08.11-00.47.55:869][810]Cmd: EDIT COPY
[2017.08.11-00.47.56:369][840]Cmd: EDIT PASTE
[2017.08.11-00.48.04:244][307]LogEditorViewport: Clicking on Actor (LMB): PaperSpriteActor (Background_Sprite2)
[2017.08.11-00.48.05:816][396]LogEditorViewport: Clicking Background
[2017.08.11-00.48.09:005][579]LogSavePackage: Save=68.02ms
[2017.08.11-00.48.09:005][579]LogSavePackage: Moving 'C:/Users/user/Documents/Unreal Projects/Speedy/Saved/2DSideScrollerExampleMap87B349734E64ED0C89E19EAA7D68D143.tmp' to 'C:/Users/user/Documents/Unreal Projects/Speedy/Content/2DSideScrollerBP/Maps/2DSideScrollerExampleMap.umap'
[2017.08.11-00.48.09:010][579]LogSavePackage:Display: Finished SavePackage C:/Users/user/Documents/Unreal Projects/Speedy/Content/2DSideScrollerBP/Maps/2DSideScrollerExampleMap.umap
[2017.08.11-00.48.09:037][579]LogSavePackage: Save=1.39ms
[2017.08.11-00.48.09:037][579]LogSavePackage: Moving 'C:/Users/user/Documents/Unreal Projects/Speedy/Saved/2DSideScrollerExampleMap_BuiltData871C0B1A415E53675A77EA86645449B2.tmp' to 'C:/Users/user/Documents/Unreal Projects/Speedy/Content/2DSideScrollerBP/Maps/2DSideScrollerExampleMap_BuiltData.uasset'
[2017.08.11-00.48.09:040][579]LogSavePackage:Display: Finished SavePackage C:/Users/user/Documents/Unreal Projects/Speedy/Content/2DSideScrollerBP/Maps/2DSideScrollerExampleMap_BuiltData.uasset
[2017.08.11-00.48.09:895][616]LogSavePackage: Save=71.11ms
[2017.08.11-00.48.09:895][616]LogSavePackage: Moving 'C:/Users/user/Documents/Unreal Projects/Speedy/Saved/2DSideScrollerExampleMapFB9218BF4F446ECDFE6F258C245D6D5E.tmp' to 'C:/Users/user/Documents/Unreal Projects/Speedy/Content/2DSideScrollerBP/Maps/2DSideScrollerExampleMap.umap'
[2017.08.11-00.48.09:898][616]LogSavePackage:Display: Finished SavePackage C:/Users/user/Documents/Unreal Projects/Speedy/Content/2DSideScrollerBP/Maps/2DSideScrollerExampleMap.umap
[2017.08.11-00.48.09:920][616]LogSavePackage: Save=1.29ms
[2017.08.11-00.48.09:920][616]LogSavePackage: Moving 'C:/Users/user/Documents/Unreal Projects/Speedy/Saved/2DSideScrollerExampleMap_BuiltData4EBCDA114B84E820B74A96BA8530B4D0.tmp' to 'C:/Users/user/Documents/Unreal Projects/Speedy/Content/2DSideScrollerBP/Maps/2DSideScrollerExampleMap_BuiltData.uasset'
[2017.08.11-00.48.09:921][616]LogSavePackage:Display: Finished SavePackage C:/Users/user/Documents/Unreal Projects/Speedy/Content/2DSideScrollerBP/Maps/2DSideScrollerExampleMap_BuiltData.uasset
[2017.08.11-00.48.10:513][639]LogSavePackage: Save=69.14ms
[2017.08.11-00.48.10:513][639]LogSavePackage: Moving 'C:/Users/user/Documents/Unreal Projects/Speedy/Saved/2DSideScrollerExampleMapE3AF9BCC43FFE16B9D304CA74EF5E342.tmp' to 'C:/Users/user/Documents/Unreal Projects/Speedy/Content/2DSideScrollerBP/Maps/2DSideScrollerExampleMap.umap'
[2017.08.11-00.48.10:516][639]LogSavePackage:Display: Finished SavePackage C:/Users/user/Documents/Unreal Projects/Speedy/Content/2DSideScrollerBP/Maps/2DSideScrollerExampleMap.umap
[2017.08.11-00.48.10:536][639]LogSavePackage: Save=1.29ms
[2017.08.11-00.48.10:536][639]LogSavePackage: Moving 'C:/Users/user/Documents/Unreal Projects/Speedy/Saved/2DSideScrollerExampleMap_BuiltData7CCA126C45FB19B574A6688E2C309AE3.tmp' to 'C:/Users/user/Documents/Unreal Projects/Speedy/Content/2DSideScrollerBP/Maps/2DSideScrollerExampleMap_BuiltData.uasset'
[2017.08.11-00.48.10:538][639]LogSavePackage:Display: Finished SavePackage C:/Users/user/Documents/Unreal Projects/Speedy/Content/2DSideScrollerBP/Maps/2DSideScrollerExampleMap_BuiltData.uasset
[2017.08.11-00.48.11:079][657]LogSavePackage: Save=69.60ms
[2017.08.11-00.48.11:080][657]LogSavePackage: Moving 'C:/Users/user/Documents/Unreal Projects/Speedy/Saved/2DSideScrollerExampleMap95818E3F4A5D5B707330DBB82218AA92.tmp' to 'C:/Users/user/Documents/Unreal Projects/Speedy/Content/2DSideScrollerBP/Maps/2DSideScrollerExampleMap.umap'
[2017.08.11-00.48.11:082][657]LogSavePackage:Display: Finished SavePackage C:/Users/user/Documents/Unreal Projects/Speedy/Content/2DSideScrollerBP/Maps/2DSideScrollerExampleMap.umap
[2017.08.11-00.48.11:102][657]LogSavePackage: Save=1.22ms
[2017.08.11-00.48.11:102][657]LogSavePackage: Moving 'C:/Users/user/Documents/Unreal Projects/Speedy/Saved/2DSideScrollerExampleMap_BuiltDataCEFCD69F4756DD771320C7957E92DD93.tmp' to 'C:/Users/user/Documents/Unreal Projects/Speedy/Content/2DSideScrollerBP/Maps/2DSideScrollerExampleMap_BuiltData.uasset'
[2017.08.11-00.48.11:104][657]LogSavePackage:Display: Finished SavePackage C:/Users/user/Documents/Unreal Projects/Speedy/Content/2DSideScrollerBP/Maps/2DSideScrollerExampleMap_BuiltData.uasset
[2017.08.11-00.48.20:476][188]LogWindowsTextInputMethodSystem:Display: IME system now activated using TSF (Microsoft 입력기).
[2017.08.11-00.48.20:702][189]Cmd: QUIT_EDITOR
[2017.08.11-00.48.20:848][189]LogExit: Preparing to exit.
[2017.08.11-00.48.21:240][189]LogExit: Editor shut down
[2017.08.11-00.48.21:255][189]LogExit: Transaction tracking system shut down
[2017.08.11-00.48.21:681][189]LogObj: Freed 0b from 0 cluster array pools.
[2017.08.11-00.48.21:681][189]LogExit: Object subsystem successfully closed.
[2017.08.11-00.48.21:737][189]LogD3D11RHI: Shutdown
[2017.08.11-00.48.21:737][189]LogD3D11RHI: CleanupD3DDevice
[2017.08.11-00.48.21:803][189]LogD3D11RHI: ~FD3D11DynamicRHI
[2017.08.11-00.48.21:966][189]LogModuleManager: Shutting down and abandoning module HierarchicalLODOutliner (524)
[2017.08.11-00.48.21:966][189]LogModuleManager: Shutting down and abandoning module CrashTracker (522)
[2017.08.11-00.48.21:966][189]LogModuleManager: Shutting down and abandoning module SceneOutliner (520)
[2017.08.11-00.48.21:966][189]LogModuleManager: Shutting down and abandoning module AddContentDialog (518)
[2017.08.11-00.48.21:982][189]LogDirectoryWatcher: A directory notification for 'D:/UE_4.16/FeaturePacks/' was aborted.
[2017.08.11-00.48.21:983][189]LogModuleManager: Shutting down and abandoning module WidgetCarousel (517)
[2017.08.11-00.48.21:983][189]LogModuleManager: Shutting down and abandoning module EditorWidgets (514)
[2017.08.11-00.48.21:983][189]LogModuleManager: Shutting down and abandoning module CollectionManager (512)
[2017.08.11-00.48.21:983][189]LogDirectoryWatcher: A directory notification for 'C:/Users/user/Documents/Unreal Projects/Speedy/Content/Collections/' was aborted.
[2017.08.11-00.48.21:983][189]LogDirectoryWatcher: A directory notification for 'C:/Users/user/Documents/Unreal Projects/Speedy/Content/Developers/user/Collections/' was aborted.
[2017.08.11-00.48.21:983][189]LogDirectoryWatcher: A directory notification for 'C:/Users/user/Documents/Unreal Projects/Speedy/Saved/Collections/' was aborted.
[2017.08.11-00.48.21:983][189]LogModuleManager: Shutting down and abandoning module StatsViewer (510)
[2017.08.11-00.48.21:983][189]LogModuleManager: Shutting down and abandoning module FoliageEdit (508)
[2017.08.11-00.48.21:983][189]LogModuleManager: Shutting down and abandoning module LandscapeEditor (506)
[2017.08.11-00.48.21:998][189]LogModuleManager: Shutting down and abandoning module MeshPaintMode (504)
[2017.08.11-00.48.21:998][189]LogModuleManager: Shutting down and abandoning module SceneDepthPickerMode (502)
[2017.08.11-00.48.21:998][189]LogModuleManager: Shutting down and abandoning module ActorPickerMode (500)
[2017.08.11-00.48.21:998][189]LogModuleManager: Shutting down and abandoning module GeometryMode (498)
[2017.08.11-00.48.21:998][189]LogModuleManager: Shutting down and abandoning module TextureAlignMode (496)
[2017.08.11-00.48.21:998][189]LogModuleManager: Shutting down and abandoning module BspMode (494)
[2017.08.11-00.48.21:998][189]LogModuleManager: Shutting down and abandoning module HardwareSurvey (492)
[2017.08.11-00.48.21:998][189]LogModuleManager: Shutting down and abandoning module SequenceRecorderSections (490)
[2017.08.11-00.48.21:998][189]LogModuleManager: Shutting down and abandoning module AutomationWorker (488)
[2017.08.11-00.48.21:998][189]LogModuleManager: Shutting down and abandoning module MatineeToLevelSequence (486)
[2017.08.11-00.48.21:998][189]LogModuleManager: Shutting down and abandoning module LevelSequenceEditor (484)
[2017.08.11-00.48.22:010][189]LogModuleManager: Shutting down and abandoning module PlacementMode (483)
[2017.08.11-00.48.22:010][189]LogModuleManager: Shutting down and abandoning module WmfMediaFactory (480)
[2017.08.11-00.48.22:010][189]LogModuleManager: Shutting down and abandoning module WmfMediaEditor (478)
[2017.08.11-00.48.22:010][189]LogModuleManager: Shutting down and abandoning module AvfMediaFactory (476)
[2017.08.11-00.48.22:010][189]LogModuleManager: Shutting down and abandoning module AvfMediaEditor (474)
[2017.08.11-00.48.22:010][189]LogModuleManager: Shutting down and abandoning module AndroidMediaFactory (472)
[2017.08.11-00.48.22:010][189]LogModuleManager: Shutting down and abandoning module Media (471)
[2017.08.11-00.48.22:010][189]LogModuleManager: Shutting down and abandoning module AndroidMediaEditor (468)
[2017.08.11-00.48.22:010][189]LogModuleManager: Shutting down and abandoning module CharacterAI (466)
[2017.08.11-00.48.22:010][189]LogModuleManager: Shutting down and abandoning module AudioCapture (464)
[2017.08.11-00.48.22:010][189]LogModuleManager: Shutting down and abandoning module SequenceRecorder (463)
[2017.08.11-00.48.22:010][189]LogModuleManager: Shutting down and abandoning module SmartSnapping (460)
[2017.08.11-00.48.22:010][189]LogModuleManager: Shutting down and abandoning module SessionServices (458)
[2017.08.11-00.48.22:010][189]LogModuleManager: Shutting down and abandoning module ViewportSnapping (456)
[2017.08.11-00.48.22:010][189]LogModuleManager: Shutting down and abandoning module ViewportInteraction (454)
[2017.08.11-00.48.22:010][189]LogModuleManager: Shutting down and abandoning module ClothPainter (452)
[2017.08.11-00.48.22:010][189]LogModuleManager: Shutting down and abandoning module LogVisualizer (450)
[2017.08.11-00.48.22:019][189]LogModuleManager: Shutting down and abandoning module IntroTutorials (448)
[2017.08.11-00.48.22:019][189]LogModuleManager: Shutting down and abandoning module GameProjectGeneration (447)
[2017.08.11-00.48.22:035][189]LogModuleManager: Shutting down and abandoning module EditorLiveStreaming (444)
[2017.08.11-00.48.22:035][189]LogModuleManager: Shutting down and abandoning module IOSPlatformEditor (442)
[2017.08.11-00.48.22:043][189]LogModuleManager: Shutting down and abandoning module HTML5PlatformEditor (440)
[2017.08.11-00.48.22:043][189]LogModuleManager: Shutting down and abandoning module AndroidPlatformEditor (438)
[2017.08.11-00.48.22:043][189]LogModuleManager: Shutting down and abandoning module AndroidDeviceDetection (437)
[2017.08.11-00.48.22:054][189]LogModuleManager: Shutting down and abandoning module IOSRuntimeSettings (434)
[2017.08.11-00.48.22:054][189]LogModuleManager: Shutting down and abandoning module AndroidRuntimeSettings (432)
[2017.08.11-00.48.22:054][189]LogModuleManager: Shutting down and abandoning module InputBindingEditor (430)
[2017.08.11-00.48.22:054][189]LogModuleManager: Shutting down and abandoning module MergeActors (428)
[2017.08.11-00.48.22:054][189]LogModuleManager: Shutting down and abandoning module SizeMap (426)
[2017.08.11-00.48.22:054][189]LogModuleManager: Shutting down and abandoning module TreeMap (424)
[2017.08.11-00.48.22:067][189]LogModuleManager: Shutting down and abandoning module ReferenceViewer (422)
[2017.08.11-00.48.22:067][189]LogModuleManager: Shutting down and abandoning module LocalizationDashboard (420)
[2017.08.11-00.48.22:083][189]LogModuleManager: Shutting down and abandoning module LocalizationService (419)
[2017.08.11-00.48.22:083][189]LogModuleManager: Shutting down and abandoning module HardwareTargeting (416)
[2017.08.11-00.48.22:083][189]LogModuleManager: Shutting down and abandoning module DeviceProfileEditor (414)
[2017.08.11-00.48.22:089][189]LogModuleManager: Shutting down and abandoning module UndoHistory (412)
[2017.08.11-00.48.22:089][189]LogModuleManager: Shutting down and abandoning module UserFeedback (410)
[2017.08.11-00.48.22:089][189]LogModuleManager: Shutting down and abandoning module XmlParser (408)
[2017.08.11-00.48.22:089][189]LogModuleManager: Shutting down and abandoning module Blutility (406)
[2017.08.11-00.48.22:089][189]LogModuleManager: Shutting down and abandoning module ProjectSettingsViewer (404)
[2017.08.11-00.48.22:089][189]LogModuleManager: Shutting down and abandoning module ProjectTargetPlatformEditor (403)
[2017.08.11-00.48.22:089][189]LogModuleManager: Shutting down and abandoning module EditorSettingsViewer (400)
[2017.08.11-00.48.22:089][189]LogModuleManager: Shutting down and abandoning module SettingsEditor (398)
[2017.08.11-00.48.22:089][189]LogModuleManager: Shutting down and abandoning module ProjectLauncher (396)
[2017.08.11-00.48.22:114][189]LogModuleManager: Shutting down and abandoning module SessionFrontend (394)
[2017.08.11-00.48.22:114][189]LogModuleManager: Shutting down and abandoning module ProfilerClient (392)
[2017.08.11-00.48.22:120][189]LogModuleManager: Shutting down and abandoning module DeviceManager (390)
[2017.08.11-00.48.22:134][189]LogModuleManager: Shutting down and abandoning module TargetDeviceServices (389)
[2017.08.11-00.48.22:188][189]LogModuleManager: Shutting down and abandoning module AutomationController (386)
[2017.08.11-00.48.22:188][189]LogModuleManager: Shutting down and abandoning module AutomationWindow (384)
[2017.08.11-00.48.22:201][189]LogModuleManager: Shutting down and abandoning module Layers (382)
[2017.08.11-00.48.22:233][189]LogModuleManager: Shutting down and abandoning module ComponentVisualizers (380)
[2017.08.11-00.48.22:233][189]LogModuleManager: Shutting down and abandoning module DetailCustomizations (378)
[2017.08.11-00.48.22:233][189]LogModuleManager: Shutting down and abandoning module PackagesDialog (376)
[2017.08.11-00.48.22:233][189]LogModuleManager: Shutting down and abandoning module Persona (374)
[2017.08.11-00.48.22:244][189]LogModuleManager: Shutting down and abandoning module AdvancedPreviewScene (373)
[2017.08.11-00.48.22:244][189]LogModuleManager: Shutting down and abandoning module AnimGraph (371)
[2017.08.11-00.48.22:244][189]LogModuleManager: Shutting down and abandoning module Kismet (368)
[2017.08.11-00.48.22:245][189]LogModuleManager: Shutting down and abandoning module ClassViewer (366)
[2017.08.11-00.48.22:245][189]LogModuleManager: Shutting down and abandoning module Toolbox (364)
[2017.08.11-00.48.22:245][189]LogModuleManager: Shutting down and abandoning module ModuleUI (362)
[2017.08.11-00.48.22:271][189]LogModuleManager: Shutting down and abandoning module MovieSceneTools (360)
[2017.08.11-00.48.22:287][189]LogModuleManager: Shutting down and abandoning module OutputLog (358)
[2017.08.11-00.48.22:287][189]LogModuleManager: Shutting down and abandoning module GammaUI (356)
[2017.08.11-00.48.22:293][189]LogModuleManager: Shutting down and abandoning module Documentation (354)
[2017.08.11-00.48.22:293][189]LogModuleManager: Shutting down and abandoning module MovieSceneTracks (352)
[2017.08.11-00.48.22:293][189]LogModuleManager: Shutting down and abandoning module MovieScene (350)
[2017.08.11-00.48.22:293][189]LogModuleManager: Shutting down and abandoning module Niagara (348)
[2017.08.11-00.48.22:293][189]LogModuleManager: Shutting down and abandoning module NiagaraEditor (347)
[2017.08.11-00.48.22:307][189]LogModuleManager: Shutting down and abandoning module StreamingPauseRendering (344)
[2017.08.11-00.48.22:307][189]LogModuleManager: Shutting down and abandoning module AnalyticsET (342)
[2017.08.11-00.48.22:307][189]LogModuleManager: Shutting down and abandoning module PortalServices (340)
[2017.08.11-00.48.22:307][189]LogModuleManager: Shutting down and abandoning module PortalRpc (338)
[2017.08.11-00.48.22:307][189]LogModuleManager: Shutting down and abandoning module MessagingRpc (336)
[2017.08.11-00.48.22:307][189]LogModuleManager: Shutting down and abandoning module AIModule (334)
[2017.08.11-00.48.22:308][189]LogModuleManager: Shutting down and abandoning module GameplayDebugger (333)
[2017.08.11-00.48.22:308][189]LogModuleManager: Shutting down and abandoning module AITestSuite (331)
[2017.08.11-00.48.22:308][189]LogModuleManager: Shutting down and abandoning module ProfilerService (328)
[2017.08.11-00.48.22:476][189]LogModuleManager: Shutting down and abandoning module TaskGraph (326)
[2017.08.11-00.48.22:476][189]LogModuleManager: Shutting down and abandoning module SteamVRController (324)
[2017.08.11-00.48.22:476][189]LogModuleManager: Shutting down and abandoning module SteamVR (322)
[2017.08.11-00.48.22:476][189]LogModuleManager: Shutting down and abandoning module ProceduralMeshComponentEditor (320)
[2017.08.11-00.48.22:476][189]LogModuleManager: Shutting down and abandoning module ProceduralMeshComponent (318)
[2017.08.11-00.48.22:476][189]LogModuleManager: Shutting down and abandoning module OculusLibrary (316)
[2017.08.11-00.48.22:476][189]LogModuleManager: Shutting down and abandoning module OculusInput (314)
[2017.08.11-00.48.22:476][189]LogModuleManager: Shutting down and abandoning module MobilePatchingUtils (312)
[2017.08.11-00.48.22:476][189]LogModuleManager: Shutting down and abandoning module CustomMeshComponent (310)
[2017.08.11-00.48.22:476][189]LogModuleManager: Shutting down and abandoning module CableComponent (308)
[2017.08.11-00.48.22:476][189]LogModuleManager: Shutting down and abandoning module ArchVisCharacter (306)
[2017.08.11-00.48.22:476][189]LogModuleManager: Shutting down and abandoning module AndroidPermission (304)
[2017.08.11-00.48.22:476][189]LogModuleManager: Shutting down and abandoning module MediaPlayerEditor (300)
[2017.08.11-00.48.22:484][189]LogModuleManager: Shutting down and abandoning module HTML5Networking (298)
[2017.08.11-00.48.22:485][189]LogModuleManager: Shutting down and abandoning module AlembicImporter (296)
[2017.08.11-00.48.22:485][189]LogModuleManager: Shutting down and abandoning module AlembicLibrary (295)
[2017.08.11-00.48.22:485][189]LogModuleManager: Shutting down and abandoning module GeometryCache (294)
[2017.08.11-00.48.22:485][189]LogModuleManager: Shutting down and abandoning module GeometryCacheEd (293)
[2017.08.11-00.48.22:485][189]LogModuleManager: Shutting down and abandoning module SuperSearchEditor (288)
[2017.08.11-00.48.22:485][189]LogModuleManager: Shutting down and abandoning module SuperSearch (287)
[2017.08.11-00.48.22:485][189]LogModuleManager: Shutting down and abandoning module SpeedTreeImporter (284)
[2017.08.11-00.48.22:485][189]LogModuleManager: Shutting down and abandoning module PluginBrowser (282)
[2017.08.11-00.48.22:485][189]LogModuleManager: Shutting down and abandoning module MobileLauncherProfileWizard (280)
[2017.08.11-00.48.22:485][189]LogModuleManager: Shutting down and abandoning module VisualStudioSourceCodeAccess (278)
[2017.08.11-00.48.22:485][189]LogModuleManager: Shutting down and abandoning module DesktopPlatform (277)
[2017.08.11-00.48.22:486][189]LogModuleManager: Shutting down and abandoning module UObjectPlugin (274)
[2017.08.11-00.48.22:486][189]LogModuleManager: Shutting down and abandoning module SubversionSourceControl (272)
[2017.08.11-00.48.22:486][189]LogModuleManager: Shutting down and abandoning module PerforceSourceControl (270)
[2017.08.11-00.48.22:486][189]LogModuleManager: Shutting down and abandoning module GitSourceControl (268)
[2017.08.11-00.48.22:486][189]LogModuleManager: Shutting down and abandoning module SourceControl (267)
[2017.08.11-00.48.22:486][189]LogModuleManager: Shutting down and abandoning module LightPropagationVolumeEditor (264)
[2017.08.11-00.48.22:486][189]LogModuleManager: Shutting down and abandoning module PaperTiledImporter (262)
[2017.08.11-00.48.22:486][189]LogModuleManager: Shutting down and abandoning module PaperSpriteSheetImporter (260)
[2017.08.11-00.48.22:486][189]LogModuleManager: Shutting down and abandoning module Paper2DEditor (258)
[2017.08.11-00.48.22:486][189]LogModuleManager: Shutting down and abandoning module MeshPaint (257)
[2017.08.11-00.48.22:486][189]LogModuleManager: Shutting down and abandoning module LevelEditor (255)
[2017.08.11-00.48.22:490][189]LogModuleManager: Shutting down and abandoning module PixelInspectorModule (254)
[2017.08.11-00.48.22:491][189]LogModuleManager: Shutting down and abandoning module MainFrame (252)
[2017.08.11-00.48.22:491][189]LogModuleManager: Shutting down and abandoning module HotReload (251)
[2017.08.11-00.48.22:503][189]LogModuleManager: Shutting down and abandoning module PhysXVehiclesEditor (246)
[2017.08.11-00.48.22:503][189]LogModuleManager: Shutting down and abandoning module PhysXVehicles (244)
[2017.08.11-00.48.22:503][189]LogModuleManager: Shutting down and abandoning module LocationServicesBPLibrary (242)
[2017.08.11-00.48.22:503][189]LogModuleManager: Shutting down and abandoning module ImmediatePhysicsEditor (240)
[2017.08.11-00.48.22:503][189]LogModuleManager: Shutting down and abandoning module ImmediatePhysics (238)
[2017.08.11-00.48.22:503][189]LogModuleManager: Shutting down and abandoning module UdpMessaging (236)
[2017.08.11-00.48.22:604][189]LogModuleManager: Shutting down and abandoning module TcpMessaging (234)
[2017.08.11-00.48.22:705][189]LogModuleManager: Shutting down and abandoning module GameplayTagsEditor (232)
[2017.08.11-00.48.22:737][189]LogModuleManager: Shutting down and abandoning module FacialAnimationEditor (230)
[2017.08.11-00.48.22:737][189]LogModuleManager: Shutting down and abandoning module FacialAnimation (228)
[2017.08.11-00.48.22:737][189]LogModuleManager: Shutting down and abandoning module AssetManagerEditor (226)
[2017.08.11-00.48.22:754][189]LogModuleManager: Shutting down and abandoning module GraphEditor (225)
[2017.08.11-00.48.22:811][189]LogModuleManager: Shutting down and abandoning module ContentBrowser (223)
[2017.08.11-00.48.22:815][189]LogModuleManager: Shutting down and abandoning module LightPropagationVolumeRuntime (220)
[2017.08.11-00.48.22:815][189]LogModuleManager: Shutting down and abandoning module Paper2D (218)
[2017.08.11-00.48.22:815][189]LogModuleManager: Shutting down and abandoning module WindowsMoviePlayer (216)
[2017.08.11-00.48.22:815][189]LogModuleManager: Shutting down and abandoning module WmfMedia (214)
[2017.08.11-00.48.22:815][189]LogModuleManager: Shutting down and abandoning module ClothingSystemEditor (212)
[2017.08.11-00.48.22:815][189]LogModuleManager: Shutting down and abandoning module ClothingSystemRuntime (210)
[2017.08.11-00.48.22:822][189]LogModuleManager: Shutting down and abandoning module MediaAssets (208)
[2017.08.11-00.48.22:822][189]LogModuleManager: Shutting down and abandoning module GameLiveStreaming (206)
[2017.08.11-00.48.22:822][189]LogModuleManager: Shutting down and abandoning module VREditor (204)
[2017.08.11-00.48.22:823][189]LogModuleManager: Shutting down and abandoning module StringTableEditor (202)
[2017.08.11-00.48.22:831][189]LogModuleManager: Shutting down and abandoning module GameplayTasksEditor (200)
[2017.08.11-00.48.22:831][189]LogModuleManager: Shutting down and abandoning module BehaviorTreeEditor (198)
[2017.08.11-00.48.22:841][189]LogModuleManager: Shutting down and abandoning module FunctionalTesting (196)
[2017.08.11-00.48.22:841][189]LogModuleManager: Shutting down and abandoning module CollisionAnalyzer (194)
[2017.08.11-00.48.22:850][189]LogModuleManager: Shutting down and abandoning module UMG (192)
[2017.08.11-00.48.22:865][189]LogModuleManager: Shutting down and abandoning module UMGEditor (191)
[2017.08.11-00.48.22:882][189]LogModuleManager: Shutting down and abandoning module Sequencer (190)
[2017.08.11-00.48.22:887][189]LogModuleManager: Shutting down and abandoning module AssetTools (188)
[2017.08.11-00.48.22:918][189]LogModuleManager: Shutting down and abandoning module MessageLog (187)
[2017.08.11-00.48.22:918][189]LogModuleManager: Shutting down and abandoning module WorkspaceMenuStructure (186)
[2017.08.11-00.48.22:918][189]LogModuleManager: Shutting down and abandoning module SlateReflector (180)
[2017.08.11-00.48.22:926][189]LogModuleManager: Shutting down and abandoning module Slate (178)
[2017.08.11-00.48.22:926][189]LogModuleManager: Shutting down and abandoning module EditorStyle (176)
[2017.08.11-00.48.22:936][189]LogModuleManager: Shutting down and abandoning module SourceCodeAccess (174)
[2017.08.11-00.48.22:937][189]LogModuleManager: Shutting down and abandoning module HeadMountedDisplay (172)
[2017.08.11-00.48.22:937][189]LogModuleManager: Shutting down and abandoning module XAudio2 (170)
[2017.08.11-00.48.22:937][189]LogModuleManager: Shutting down and abandoning module Networking (168)
[2017.08.11-00.48.22:937][189]LogModuleManager: Shutting down and abandoning module Core (164)
[2017.08.11-00.48.22:937][189]LogModuleManager: Shutting down and abandoning module AssetRegistry (162)
[2017.08.11-00.48.23:033][189]LogDirectoryWatcher: A directory notification for '../../../Engine/Content/' was aborted.
[2017.08.11-00.48.23:033][189]LogDirectoryWatcher: A directory notification for 'C:/Users/user/Documents/Unreal Projects/Speedy/Content/' was aborted.
[2017.08.11-00.48.23:033][189]LogDirectoryWatcher: A directory notification for '../../../Engine/Plugins/2D/Paper2D/Content/' was aborted.
[2017.08.11-00.48.23:033][189]LogDirectoryWatcher: A directory notification for '../../../Engine/Plugins/Runtime/GearVR/Content/' was aborted.
[2017.08.11-00.48.23:035][189]LogModuleManager: Shutting down and abandoning module DirectoryWatcher (161)
[2017.08.11-00.48.23:036][189]LogModuleManager: Shutting down and abandoning module KismetCompiler (158)
[2017.08.11-00.48.23:036][189]LogModuleManager: Shutting down and abandoning module LevelSequence (156)
[2017.08.11-00.48.23:036][189]LogModuleManager: Shutting down and abandoning module PhysXFormats (154)
[2017.08.11-00.48.23:036][189]LogModuleManager: Shutting down and abandoning module MeshUtilities (152)
[2017.08.11-00.48.23:036][189]LogModuleManager: Shutting down and abandoning module SimplygonSwarm (151)
[2017.08.11-00.48.23:036][189]LogModuleManager: Shutting down and abandoning module SimplygonMeshReduction (149)
[2017.08.11-00.48.23:036][189]LogModuleManager: Shutting down and abandoning module QuadricMeshReduction (147)
[2017.08.11-00.48.23:036][189]LogModuleManager: Shutting down and abandoning module DerivedDataCache (144)
[2017.08.11-00.48.23:128][189]LogDerivedDataCache: Shutdown
[2017.08.11-00.48.23:128][189]LogModuleManager: Shutting down and abandoning module TargetPlatform (142)
[2017.08.11-00.48.23:128][189]LogModuleManager: Shutting down and abandoning module VulkanShaderFormat (141)
[2017.08.11-00.48.23:128][189]LogModuleManager: Shutting down and abandoning module ShaderFormatVectorVM (139)
[2017.08.11-00.48.23:167][189]LogModuleManager: Shutting down and abandoning module ShaderFormatOpenGL (137)
[2017.08.11-00.48.23:179][189]LogModuleManager: Shutting down and abandoning module ShaderFormatD3D (135)
[2017.08.11-00.48.23:180][189]LogModuleManager: Shutting down and abandoning module MetalShaderFormat (133)
[2017.08.11-00.48.23:197][189]LogModuleManager: Shutting down and abandoning module TextureFormatUncompressed (131)
[2017.08.11-00.48.23:197][189]LogModuleManager: Shutting down and abandoning module TextureFormatPVR (129)
[2017.08.11-00.48.23:197][189]LogModuleManager: Shutting down and abandoning module TextureFormatDXT (127)
[2017.08.11-00.48.23:197][189]LogModuleManager: Shutting down and abandoning module TextureFormatIntelISPCTexComp (125)
[2017.08.11-00.48.23:197][189]LogModuleManager: Shutting down and abandoning module TextureFormatASTC (123)
[2017.08.11-00.48.23:197][189]LogModuleManager: Shutting down and abandoning module ImageWrapper (122)
[2017.08.11-00.48.23:197][189]LogModuleManager: Shutting down and abandoning module TextureFormatAndroid (119)
[2017.08.11-00.48.23:197][189]LogModuleManager: Shutting down and abandoning module AudioFormatOpus (117)
[2017.08.11-00.48.23:197][189]LogModuleManager: Shutting down and abandoning module AudioFormatOgg (115)
[2017.08.11-00.48.23:197][189]LogModuleManager: Shutting down and abandoning module AudioFormatADPCM (113)
[2017.08.11-00.48.23:197][189]LogModuleManager: Shutting down and abandoning module LinuxTargetPlatform (111)
[2017.08.11-00.48.23:198][189]LogModuleManager: Shutting down and abandoning module LinuxServerTargetPlatform (109)
[2017.08.11-00.48.23:198][189]LogModuleManager: Shutting down and abandoning module LinuxNoEditorTargetPlatform (107)
[2017.08.11-00.48.23:198][189]LogModuleManager: Shutting down and abandoning module LinuxClientTargetPlatform (105)
[2017.08.11-00.48.23:198][189]LogModuleManager: Shutting down and abandoning module TVOSTargetPlatform (103)
[2017.08.11-00.48.23:198][189]LogModuleManager: Shutting down and abandoning module Messaging (101)
[2017.08.11-00.48.23:198][189]LogModuleManager: Shutting down and abandoning module IOSTargetPlatform (99)
[2017.08.11-00.48.23:198][189]LogModuleManager: Shutting down and abandoning module HTML5TargetPlatform (97)
[2017.08.11-00.48.23:198][189]LogModuleManager: Shutting down and abandoning module Android_PVRTCTargetPlatform (95)
[2017.08.11-00.48.23:198][189]LogModuleManager: Shutting down and abandoning module Android_MultiTargetPlatform (93)
[2017.08.11-00.48.23:198][189]LogModuleManager: Shutting down and abandoning module Android_ETC2TargetPlatform (91)
[2017.08.11-00.48.23:198][189]LogModuleManager: Shutting down and abandoning module Android_ETC1TargetPlatform (89)
[2017.08.11-00.48.23:198][189]LogModuleManager: Shutting down and abandoning module Android_DXTTargetPlatform (87)
[2017.08.11-00.48.23:198][189]LogModuleManager: Shutting down and abandoning module Android_ATCTargetPlatform (85)
[2017.08.11-00.48.23:198][189]LogModuleManager: Shutting down and abandoning module Android_ASTCTargetPlatform (83)
[2017.08.11-00.48.23:198][189]LogModuleManager: Shutting down and abandoning module AndroidTargetPlatform (81)
[2017.08.11-00.48.23:198][189]LogModuleManager: Shutting down and abandoning module WindowsTargetPlatform (79)
[2017.08.11-00.48.23:198][189]LogModuleManager: Shutting down and abandoning module WindowsServerTargetPlatform (77)
[2017.08.11-00.48.23:198][189]LogModuleManager: Shutting down and abandoning module WindowsNoEditorTargetPlatform (75)
[2017.08.11-00.48.23:199][189]LogModuleManager: Shutting down and abandoning module WindowsClientTargetPlatform (73)
[2017.08.11-00.48.23:199][189]LogModuleManager: Shutting down and abandoning module MacTargetPlatform (71)
[2017.08.11-00.48.23:199][189]LogModuleManager: Shutting down and abandoning module MacServerTargetPlatform (69)
[2017.08.11-00.48.23:199][189]LogModuleManager: Shutting down and abandoning module MacNoEditorTargetPlatform (67)
[2017.08.11-00.48.23:199][189]LogModuleManager: Shutting down and abandoning module MacClientTargetPlatform (65)
[2017.08.11-00.48.23:199][189]LogModuleManager: Shutting down and abandoning module AllDesktopTargetPlatform (63)
[2017.08.11-00.48.23:199][189]LogModuleManager: Shutting down and abandoning module InputCore (60)
[2017.08.11-00.48.23:199][189]LogModuleManager: Shutting down and abandoning module Settings (58)
[2017.08.11-00.48.23:199][189]LogModuleManager: Shutting down and abandoning module OculusRift (56)
[2017.08.11-00.48.23:199][189]LogModuleManager: Shutting down and abandoning module GearVRController (54)
[2017.08.11-00.48.23:199][189]LogModuleManager: Shutting down and abandoning module GearVR (52)
[2017.08.11-00.48.23:199][189]LogModuleManager: Shutting down and abandoning module ExampleDeviceProfileSelector (50)
[2017.08.11-00.48.23:199][189]LogModuleManager: Shutting down and abandoning module OnlineBlueprintSupport (48)
[2017.08.11-00.48.23:199][189]LogModuleManager: Shutting down and abandoning module OnlineSubsystem (44)
[2017.08.11-00.48.23:199][189]LogOnline:Display: Unloading online subsystem: NULL
[2017.08.11-00.48.23:214][189]LogModuleManager: Shutting down and abandoning module XMPP (43)
[2017.08.11-00.48.23:224][189]LogModuleManager: Shutting down and abandoning module HTTP (41)
[2017.08.11-00.48.23:224][189]LogHttp:Display: Http module shutting down, but needs to wait on 1 outstanding Http requests:
[2017.08.11-00.48.23:224][189]LogHttp:Display: 	verb=[POST] url=[https://datarouter.ol.epicgames.com/datarouter/api/v1/public/data?SessionID=%7B74DB10B7-4774-1A96-9BCF-2F990FCBF7B8%7D&AppID=UEEditor.Rocket.Release&AppVersion=4.16.3-3561208%2B%2B%2BUE4%2BRelease-4.16&UserID=d32318d6443c82eb45d804811fdeaea0%7Ceefdd4ab262c4db284bee4401cb30bf5%7Cc01a5bb9-2f54-4422-ad79-7f6ef5dfa6ae&AppEnvironment=datacollector-binary&UploadType=eteventstream] status=Processing
[2017.08.11-00.48.23:253][189]LogModuleManager: Shutting down and abandoning module SSL (40)
[2017.08.11-00.48.23:259][189]LogModuleManager: Shutting down and abandoning module HTTPChunkInstaller (36)
[2017.08.11-00.48.23:259][189]LogModuleManager: Shutting down and abandoning module AnimationModifiers (34)
[2017.08.11-00.48.23:267][189]LogModuleManager: Shutting down and abandoning module PropertyEditor (33)
[2017.08.11-00.48.23:267][189]LogModuleManager: Shutting down and abandoning module AudioEditor (30)
[2017.08.11-00.48.23:273][189]LogModuleManager: Shutting down and abandoning module TextureCompressor (28)
[2017.08.11-00.48.23:273][189]LogModuleManager: Shutting down and abandoning module ShaderCore (26)
[2017.08.11-00.48.23:273][189]LogModuleManager: Shutting down and abandoning module Landscape (24)
[2017.08.11-00.48.23:273][189]LogModuleManager: Shutting down and abandoning module SlateRHIRenderer (22)
[2017.08.11-00.48.23:293][189]LogModuleManager: Shutting down and abandoning module OpenGLDrv (20)
[2017.08.11-00.48.23:299][189]LogModuleManager: Shutting down and abandoning module D3D11RHI (18)
[2017.08.11-00.48.23:299][189]LogModuleManager: Shutting down and abandoning module AnimGraphRuntime (16)
[2017.08.11-00.48.23:299][189]LogModuleManager: Shutting down and abandoning module Renderer (14)
[2017.08.11-00.48.23:299][189]LogModuleManager: Shutting down and abandoning module Engine (12)
[2017.08.11-00.48.23:299][189]LogModuleManager: Shutting down and abandoning module CoreUObject (10)
[2017.08.11-00.48.23:299][189]LogModuleManager: Shutting down and abandoning module NetworkFile (8)
[2017.08.11-00.48.23:299][189]LogModuleManager: Shutting down and abandoning module StreamingFile (6)
[2017.08.11-00.48.23:299][189]LogModuleManager: Shutting down and abandoning module SandboxFile (4)
[2017.08.11-00.48.23:301][189]LogModuleManager: Shutting down and abandoning module PakFile (2)
[2017.08.11-00.48.23:305][189]LogExit: Exiting.
[2017.08.11-00.48.23:326][189]Log file closed, 08/11/17 09:48:23
