Log file open, 08/15/17 11:16:23
LogInit:Display: Running engine for game: Speedy
LogPlatformFile: Not using cached read wrapper
LogInit:Display: RandInit(-197140535) SRandInit(-197140535).
LogTaskGraph: Started task graph with 5 named threads and 6 total threads with 1 sets of task threads.
LogStats: Stats thread started at 0.062171
LogInit: Using libcurl 7.47.1
LogInit:  - built for x86_64-pc-win32
LogInit:  - supports SSL with OpenSSL/1.0.2g
LogInit:  - supports HTTP deflate (compression) using libz 1.2.8
LogInit:  - other features:
LogInit:      CURL_VERSION_SSL
LogInit:      CURL_VERSION_LIBZ
LogInit:      CURL_VERSION_IPV6
LogInit:      CURL_VERSION_ASYNCHDNS
LogInit:      CURL_VERSION_LARGEFILE
LogInit:      CURL_VERSION_IDN
LogInit:  CurlRequestOptions (configurable via config and command line):
LogInit:  - bVerifyPeer = false  - Libcurl will NOT verify peer certificate
LogInit:  - bUseHttpProxy = false  - Libcurl will NOT use HTTP proxy
LogInit:  - bDontReuseConnections = false  - Libcurl will reuse connections
LogInit:  - CertBundlePath = nullptr  - Libcurl will use whatever was configured at build time.
LogInit: Build: ++UE4+Release-4.16-CL-3561208
LogInit: Engine Version: 4.16.3-3561208+++UE4+Release-4.16
LogInit: Compatible Engine Version: 4.16.0-3452394+++UE4+Release-4.16
LogInit: Net CL: 3452394
LogDevObjectVersion: Number of dev versions registered: 16
LogDevObjectVersion:   Dev-Blueprints (B0D832E4-1F89-4F0D-ACCF-7EB736FD4AA2): 9
LogDevObjectVersion:   Dev-Build (E1C64328-A22C-4D53-A36C-8E866417BD8C): 0
LogDevObjectVersion:   Dev-Core (375EC13C-06E4-48FB-B500-84F0262A717E): 2
LogDevObjectVersion:   Dev-Editor (E4B068ED-F494-42E9-A231-DA0B2E46BB41): 17
LogDevObjectVersion:   Dev-Framework (CFFC743F-43B0-4480-9391-14DF171D2073): 23
LogDevObjectVersion:   Dev-Mobile (B02B49B5-BB20-44E9-A304-32B752E40360): 0
LogDevObjectVersion:   Dev-Networking (A4E4105C-59A1-49B5-A7C5-40C4547EDFEE): 0
LogDevObjectVersion:   Dev-Online (39C831C9-5AE6-47DC-9A44-9C173E1C8E7C): 0
LogDevObjectVersion:   Dev-Physics (78F01B33-EBEA-4F98-B9B4-84EACCB95AA2): 0
LogDevObjectVersion:   Dev-Platform (6631380F-2D4D-43E0-8009-CF276956A95A): 0
LogDevObjectVersion:   Dev-Rendering (12F88B9F-8875-4AFC-A67C-D90C383ABD29): 15
LogDevObjectVersion:   Dev-Sequencer (7B5AE74C-D270-4C10-A958-57980B212A5A): 4
LogDevObjectVersion:   Dev-VR (D7296918-1DD6-4BDD-9DE2-64A83CC13884): 0
LogDevObjectVersion:   Dev-LoadTimes (C2A15278-BFE7-4AFE-6C17-90FF531DF755): 1
LogDevObjectVersion:   Private-Geometry (6EACA3D4-40EC-4CC1-B786-8BED09428FC5): 1
LogDevObjectVersion:   Dev-AnimPhys (29E575DD-E0A3-4627-9D10-D276232CDCEA): 3
LogInit: Compiled (64-bit): Jul 28 2017 11:49:47
LogInit: Compiled with Visual C++: 19.00.24215.01
LogInit: Build Configuration: Development
LogInit: Branch Name: ++UE4+Release-4.16
LogInit: Command line:  
LogInit: Base directory: D:/UE_4.16/Engine/Binaries/Win64/
LogInit: Installed Engine Build: 1
LogInit: Presizing for max 8388607 objects, including 0 objects not considered by GC, pre-allocating 0 bytes for permanent pool.
LogInit: Object subsystem initialized
[2017.08.15-02.16.24:200][  0]LogInit: Selected Device Profile: [Windows]
[2017.08.15-02.16.24:200][  0]LogInit: Applying CVar settings loaded from the selected device profile: [Windows]
[2017.08.15-02.16.24:209][  0]LogInit: Computer: DESKTOP-RM5SNBE
[2017.08.15-02.16.24:209][  0]LogInit: User: user
[2017.08.15-02.16.24:209][  0]LogInit: CPU Page size=4096, Cores=2
[2017.08.15-02.16.24:209][  0]LogInit: High frequency timer resolution =2.648442 MHz
[2017.08.15-02.16.24:209][  0]LogMemory: Memory total: Physical=7.9GB (8GB approx)
[2017.08.15-02.16.24:209][  0]LogMemory: Platform Memory Stats for Windows
[2017.08.15-02.16.24:209][  0]LogMemory: Process Physical Memory: 273.99 MB used, 273.99 MB peak
[2017.08.15-02.16.24:209][  0]LogMemory: Process Virtual Memory: 266.25 MB used, 266.25 MB peak
[2017.08.15-02.16.24:209][  0]LogMemory: Physical Memory: 3479.77 MB used,  4599.17 MB free, 8078.94 MB total
[2017.08.15-02.16.24:209][  0]LogMemory: Virtual Memory: 641.68 MB used,  4599.17 MB free, 134217728.00 MB total
[2017.08.15-02.16.24:263][  0]LogInit: Using OS detected language (ko-KR).
[2017.08.15-02.16.24:263][  0]LogInit: Using OS detected locale (ko-KR).
[2017.08.15-02.16.24:267][  0]LogTextLocalizationManager: No specific localization for 'ko-KR' exists, so the 'ko' localization will be used.
[2017.08.15-02.16.25:112][  0]LogD3D11RHI: D3D11 adapters:
[2017.08.15-02.16.25:138][  0]LogD3D11RHI:    0. 'NVIDIA GeForce 940MX' (Feature Level 11_0)
[2017.08.15-02.16.25:138][  0]LogD3D11RHI:       2019/0/4039 MB DedicatedVideo/DedicatedSystem/SharedSystem, Outputs:1, VendorId:0x10de
[2017.08.15-02.16.25:147][  0]LogD3D11RHI:    1. 'Intel(R) HD Graphics 620' (Feature Level 11_0)
[2017.08.15-02.16.25:147][  0]LogD3D11RHI:       128/0/4039 MB DedicatedVideo/DedicatedSystem/SharedSystem, Outputs:0, VendorId:0x8086
[2017.08.15-02.16.25:149][  0]LogD3D11RHI:    2. 'Microsoft Basic Render Driver' (Feature Level 11_0)
[2017.08.15-02.16.25:149][  0]LogD3D11RHI:       0/0/4039 MB DedicatedVideo/DedicatedSystem/SharedSystem, Outputs:0, VendorId:0x1414
[2017.08.15-02.16.25:149][  0]LogD3D11RHI: Chosen D3D11 Adapter: 0
[2017.08.15-02.16.25:153][  0]LogD3D11RHI: Creating new Direct3DDevice
[2017.08.15-02.16.25:154][  0]LogD3D11RHI:     GPU DeviceId: 0x134d (for the marketing name, search the web for "GPU Device Id")
[2017.08.15-02.16.25:154][  0]LogWindows: EnumDisplayDevices:
[2017.08.15-02.16.25:154][  0]LogWindows:    0. 'Intel(R) HD Graphics 620' (P:1 D:1)
[2017.08.15-02.16.25:154][  0]LogWindows:    1. 'Intel(R) HD Graphics 620' (P:0 D:0)
[2017.08.15-02.16.25:154][  0]LogWindows:    2. 'Intel(R) HD Graphics 620' (P:0 D:0)
[2017.08.15-02.16.25:154][  0]LogWindows: DebugString: PrimaryIsNotTheChoosenAdapter PrimaryIsNotTheChoosenAdapter PrimaryIsNotTheChoosenAdapter FoundDriverCount:0 
[2017.08.15-02.16.25:154][  0]LogD3D11RHI:     Adapter Name: NVIDIA GeForce 940MX
[2017.08.15-02.16.25:154][  0]LogD3D11RHI:   Driver Version: Unknown (internal:Unknown, unified:Unknown)
[2017.08.15-02.16.25:154][  0]LogD3D11RHI:      Driver Date: Unknown
[2017.08.15-02.16.25:154][  0]LogRHI: Texture pool is 1361 MB (70% of 1945 MB)
[2017.08.15-02.16.25:169][  0]LogD3D11RHI: Async texture creation enabled
[2017.08.15-02.16.25:188][  0]LogD3D11RHI: GPU Timing Frequency: 1000.000000 (Debug: 2 2)
[2017.08.15-02.16.25:192][  0]LogShaderCompilers: Guid format shader working directory is 0 characters bigger than the processId version (C:/Users/user/Documents/Unreal Projects/Speedy/Intermediate/Shaders/WorkingDirectory/480/).
[2017.08.15-02.16.25:193][  0]LogShaderCompilers: Cleaned the shader compiler working directory 'C:/Users/user/AppData/Local/Temp/UnrealShaderWorkingDir/02533C6349D62C15EF5529BACF91CEE9/'.
[2017.08.15-02.16.25:193][  0]LogShaderCompilers:Display: Using Local Shader Compiler.
[2017.08.15-02.16.26:622][  0]LogTemp:Display: Loaded TP AllDesktopTargetPlatform
[2017.08.15-02.16.26:662][  0]LogTemp:Display: Loaded TP MacClientTargetPlatform
[2017.08.15-02.16.26:701][  0]LogTemp:Display: Loaded TP MacNoEditorTargetPlatform
[2017.08.15-02.16.26:741][  0]LogTemp:Display: Loaded TP MacServerTargetPlatform
[2017.08.15-02.16.26:781][  0]LogTemp:Display: Loaded TP MacTargetPlatform
[2017.08.15-02.16.26:821][  0]LogTemp:Display: Loaded TP WindowsClientTargetPlatform
[2017.08.15-02.16.26:867][  0]LogTemp:Display: Loaded TP WindowsNoEditorTargetPlatform
[2017.08.15-02.16.26:907][  0]LogTemp:Display: Loaded TP WindowsServerTargetPlatform
[2017.08.15-02.16.26:940][  0]LogTemp:Display: Loaded TP WindowsTargetPlatform
[2017.08.15-02.16.26:979][  0]LogTemp:Display: Loaded TP AndroidTargetPlatform
[2017.08.15-02.16.27:018][  0]LogTemp:Display: Loaded TP Android_ASTCTargetPlatform
[2017.08.15-02.16.27:057][  0]LogTemp:Display: Loaded TP Android_ATCTargetPlatform
[2017.08.15-02.16.27:097][  0]LogTemp:Display: Loaded TP Android_DXTTargetPlatform
[2017.08.15-02.16.27:136][  0]LogTemp:Display: Loaded TP Android_ETC1TargetPlatform
[2017.08.15-02.16.27:177][  0]LogTemp:Display: Loaded TP Android_ETC2TargetPlatform
[2017.08.15-02.16.27:256][  0]LogTemp:Display: Loaded TP Android_MultiTargetPlatform
[2017.08.15-02.16.27:256][  0]LogTemp:Display: Loaded TP Android_PVRTCTargetPlatform
[2017.08.15-02.16.27:285][  0]LogTemp:Display: Loaded TP HTML5TargetPlatform
[2017.08.15-02.16.27:371][  0]LogTemp:Display: Loaded TP IOSTargetPlatform
[2017.08.15-02.16.27:397][  0]LogTemp:Display: Loaded TP TVOSTargetPlatform
[2017.08.15-02.16.27:447][  0]LogTemp:Display: Loaded TP LinuxClientTargetPlatform
[2017.08.15-02.16.27:494][  0]LogTemp:Display: Loaded TP LinuxNoEditorTargetPlatform
[2017.08.15-02.16.27:548][  0]LogTemp:Display: Loaded TP LinuxServerTargetPlatform
[2017.08.15-02.16.27:592][  0]LogTemp:Display: Loaded TP LinuxTargetPlatform
[2017.08.15-02.16.27:592][  0]LogTargetPlatformManager:Display: Building Assets For Windows
[2017.08.15-02.16.27:948][  0]LogDerivedDataCache:Display: Max Cache Size: 512 MB
[2017.08.15-02.16.28:050][  0]LogDerivedDataCache: Loaded boot cache 0.10s 90MB C:/Users/user/AppData/Local/UnrealEngine/4.16/DerivedDataCache/Boot.ddc.
[2017.08.15-02.16.28:050][  0]LogDerivedDataCache:Display: Loaded Boot cache: C:/Users/user/AppData/Local/UnrealEngine/4.16/DerivedDataCache/Boot.ddc
[2017.08.15-02.16.28:051][  0]LogDerivedDataCache: FDerivedDataBackendGraph:  Pak pak cache file C:/Users/user/Documents/Unreal Projects/Speedy/DerivedDataCache/DDC.ddp not found, will not use a pak cache.
[2017.08.15-02.16.28:051][  0]LogDerivedDataCache: Unable to find inner node Pak for hierarchical cache Hierarchy.
[2017.08.15-02.16.28:051][  0]LogDerivedDataCache: FDerivedDataBackendGraph:  CompressedPak pak cache file C:/Users/user/Documents/Unreal Projects/Speedy/DerivedDataCache/Compressed.ddp not found, will not use a pak cache.
[2017.08.15-02.16.28:051][  0]LogDerivedDataCache: Unable to find inner node CompressedPak for hierarchical cache Hierarchy.
[2017.08.15-02.16.28:067][  0]LogDerivedDataCache:Display: Pak cache opened for reading ../../../Engine/DerivedDataCache/Compressed.ddp.
[2017.08.15-02.16.28:080][  0]LogDerivedDataCache: Using Local data cache path C:/Users/user/AppData/Local/UnrealEngine/Common/DerivedDataCache: Writable
[2017.08.15-02.16.28:090][  0]LogMaterial: Verifying Global Shaders for PCD3D_SM5
[2017.08.15-02.16.28:090][  0]LogSlate: Using Freetype 2.6.0
[2017.08.15-02.16.28:091][  0]LogSlate: SlateFontCache - WITH_FREETYPE: 1, WITH_HARFBUZZ: 1
[2017.08.15-02.16.28:091][  0]LogSlate: SlateFontCache - WITH_FREETYPE: 1, WITH_HARFBUZZ: 1
[2017.08.15-02.16.28:447][  0]LogInit: Selected Device Profile: [Windows]
[2017.08.15-02.16.28:538][  0]LogContentStreaming: Texture pool size is 0.00 MB
[2017.08.15-02.16.28:694][  0]LogMeshUtilities: Using QuadricMeshReduction for automatic static mesh reduction
[2017.08.15-02.16.28:726][  0]LogSimplygon: Simplygon DLL not present - disabling.
[2017.08.15-02.16.28:762][  0]LogMeshUtilities: Using SimplygonSwarm for distributed automatic mesh merging
[2017.08.15-02.16.28:762][  0]LogMeshUtilities: No automatic skeletal mesh reduction module available
[2017.08.15-02.16.28:762][  0]LogMeshUtilities: No automatic mesh merging module available
[2017.08.15-02.16.29:310][  0]LogNetVersion: Speedy , NetCL: 3452394, EngineNetVer: 2, GameNetVer: 0 (Checksum: 418536735)
[2017.08.15-02.16.29:372][  0]LogAssetRegistry: FAssetRegistry took 0.0261 seconds to start up
[2017.08.15-02.16.29:437][  0]LogPackageLocalizationCache: Processed 4 localized package path(s) for 2 prioritized culture(s) in 0.045870 seconds
[2017.08.15-02.16.29:443][  0]LogUObjectArray: 34194 objects as part of root set at end of initial load.
[2017.08.15-02.16.29:443][  0]LogUObjectAllocator: 7260424 out of 0 bytes used by permanent object pool.
[2017.08.15-02.16.29:443][  0]LogUObjectArray: CloseDisregardForGC: 0/0 objects in disregard for GC pool
[2017.08.15-02.16.29:485][  0]LogInit: WinSock: version 1.1 (2.2), MaxSocks=32767, MaxUdp=65467
[2017.08.15-02.16.31:650][  0]LogTcpMessaging: Initializing TcpMessaging bridge
[2017.08.15-02.16.31:688][  0]LogUdpMessaging: Initializing bridge on interface 0.0.0.0:0 to multicast group 230.0.0.1:6666.
[2017.08.15-02.16.32:131][  0]LogMaterial: Uniform references updated for custom material expression Custom.
[2017.08.15-02.16.32:458][  0]SourceControl: 정보 소스 콘트롤이 꺼졌습니다.
[2017.08.15-02.16.32:459][  0]SourceControl: 정보 소스 콘트롤이 꺼졌습니다.
[2017.08.15-02.16.32:495][  0]SourceControl: 정보 소스 콘트롤이 꺼졌습니다.
[2017.08.15-02.16.32:533][  0]SourceControl: 정보 소스 콘트롤이 꺼졌습니다.
[2017.08.15-02.16.33:051][  0]LogAndroidPermission: UAndroidPermissionCallbackProxy::GetInstance
[2017.08.15-02.16.33:517][  0]LogEngine: Initializing Engine...
[2017.08.15-02.16.33:517][  0]LogHMD: Failed to initialize OpenVR with code 110
[2017.08.15-02.16.33:740][  0]LogStats: UGameplayTagsManager::ConstructGameplayTagTree: Construct from data asset -  0.000 s
[2017.08.15-02.16.33:740][  0]LogStats: UGameplayTagsManager::ConstructGameplayTagTree: GameplayTagTreeChangedEvent.Broadcast -  0.000 s
[2017.08.15-02.16.33:860][  0]LogAIModule: Creating AISystem for world Untitled
[2017.08.15-02.16.33:868][  0]LogInit: XAudio2 using 'Speakers(Realtek High Definition Audio)' : 2 channels at 48 kHz using 32 bits per sample (channel mask 0x3)
[2017.08.15-02.16.33:897][  0]LogInit: FAudioDevice initialized.
[2017.08.15-02.16.33:955][  0]LogDerivedDataCache: Saved boot cache 0.06s 90MB C:/Users/user/AppData/Local/UnrealEngine/4.16/DerivedDataCache/Boot.ddc.
[2017.08.15-02.16.33:963][  0]LogInit: Texture streaming: Enabled
[2017.08.15-02.16.34:028][  0]LogEngineSessionManager: EngineSessionManager initialized
[2017.08.15-02.16.34:187][  0]LogInit: Transaction tracking system initialized
[2017.08.15-02.16.34:414][  0]BlueprintLog: New page: 에디터 로드
[2017.08.15-02.16.35:102][  0]LocalizationService: 정보 현지화 서비스가 비활성화되었습니다.
[2017.08.15-02.16.35:606][  0]LogConsoleResponse:Display: 
[2017.08.15-02.16.35:752][  0]LogCook:Display: Max memory allowance for cook 16384mb min free memory 0mb
[2017.08.15-02.16.35:752][  0]LogCook:Display: Mobile HDR setting 0
[2017.08.15-02.16.36:532][  0]LogFileCache: Scanning file cache for directory 'C:/Users/user/Documents/Unreal Projects/Speedy/Content/' took 0.01s
[2017.08.15-02.16.36:532][  0]SourceControl: 정보 소스 콘트롤이 꺼졌습니다.
[2017.08.15-02.16.36:532][  0]Cmd: MAP LOAD FILE="C:/Users/user/Documents/Unreal Projects/Speedy/Content/2DSideScrollerBP/Maps/2DSideScrollerExampleMap.umap" TEMPLATE=0 SHOWPROGRESS=1 FEATURELEVEL=3
[2017.08.15-02.16.36:532][  0]LightingResults: New page: 라이팅 빌드
[2017.08.15-02.16.36:568][  0]MapCheck: New page: 맵 체크
[2017.08.15-02.16.36:568][  0]LightingResults: New page: 라이팅 빌드
[2017.08.15-02.16.36:765][  0]LogAIModule: Creating AISystem for world 2DSideScrollerExampleMap
[2017.08.15-02.16.36:770][  0]LogEditorServer: Finished looking for orphan Actors (0.000 secs)
[2017.08.15-02.16.36:791][  0]Cmd: MAP CHECKDEP NOCLEARLOG
[2017.08.15-02.16.36:849][  0]MapCheck: 정보 맵 체크 완료: 오류 0 회, 경고 0 회, 소요 시간 57.768ms.
[2017.08.15-02.16.36:849][  0]LogFileHelpers: Loading map '2DSideScrollerExampleMap' took 0.317
[2017.08.15-02.16.36:920][  0]LogWindowsTextInputMethodSystem:Display: IME system now activated using TSF (Microsoft 입력기).
[2017.08.15-02.16.37:008][  0]LogCollectionManager: Loaded 0 collections in 0.001078 seconds
[2017.08.15-02.16.37:076][  0]LogFileCache: Scanning file cache for directory 'C:/Users/user/Documents/Unreal Projects/Speedy/Saved/Collections/' took 0.01s
[2017.08.15-02.16.37:076][  0]LogFileCache: Scanning file cache for directory 'C:/Users/user/Documents/Unreal Projects/Speedy/Content/Developers/user/Collections/' took 0.01s
[2017.08.15-02.16.37:076][  0]LogFileCache: Scanning file cache for directory 'C:/Users/user/Documents/Unreal Projects/Speedy/Content/Collections/' took 0.01s
[2017.08.15-02.16.37:076][  0]LogCollectionManager: Rebuilt the GUID cache for 0 collections in 0.000002 seconds
[2017.08.15-02.16.37:085][  0]LogContentBrowser: Native class hierarchy populated in 0.0084 seconds. Added 2329 classes and 491 folders.
[2017.08.15-02.16.37:131][  0]LogContentBrowser: Native class hierarchy updated for 'WidgetCarousel' in 0.0006 seconds. Added 0 classes and 0 folders.
[2017.08.15-02.16.37:169][  0]LogContentBrowser: Native class hierarchy updated for 'AddContentDialog' in 0.0006 seconds. Added 0 classes and 0 folders.
[2017.08.15-02.16.37:202][  0]LogContentBrowser: Native class hierarchy updated for 'SceneOutliner' in 0.0006 seconds. Added 1 classes and 2 folders.
[2017.08.15-02.16.37:237][  0]LogCrashTracker: Crashtracker disabled due to settings.
[2017.08.15-02.16.37:244][  0]LogSlate: Took 0.000259 seconds to synchronously load lazily loaded font '../../../Engine/Content/Slate/Fonts/Roboto-Regular.ttf' (155K)
[2017.08.15-02.16.37:250][  0]LogSlate: Took 0.004657 seconds to synchronously load lazily loaded font '../../../Engine/Content/Slate/Fonts/NanumGothic.ttf' (4243K)
[2017.08.15-02.16.37:251][  0]LogSlate: Took 0.000246 seconds to synchronously load lazily loaded font '../../../Engine/Content/Slate/Fonts/Roboto-Bold.ttf' (160K)
[2017.08.15-02.16.37:255][  0]LogSlate: Took 0.000253 seconds to synchronously load lazily loaded font '../../../Engine/Content/Editor/Slate/Fonts/FontAwesome.ttf' (139K)
[2017.08.15-02.16.37:352][  0]LogRenderer: Reallocating scene render targets to support 964x436 NumSamples 1 (Frame:1).
[2017.08.15-02.16.37:474][  0]LogUObjectGlobals:Warning: 'Class 없음.' 오브젝트를 찾는 데 실패했습니다.
[2017.08.15-02.16.37:541][  0]LogContentBrowser: Native class hierarchy updated for 'HierarchicalLODOutliner' in 0.0006 seconds. Added 1 classes and 2 folders.
[2017.08.15-02.16.37:541][  0]LogLoad: (Engine Initialization) Total time: 14.61 seconds
[2017.08.15-02.16.37:541][  0]LogLoad: (Engine Initialization) Total Blueprint compile time: 0.05 seconds
[2017.08.15-02.16.37:541][  0]LogExternalProfiler: No external profilers were discovered.  External profiling features will not be available.
[2017.08.15-02.16.37:554][  0]LogOcInput: OculusInput pre-init called
[2017.08.15-02.16.37:554][  0]LogHMD: Starting GearVRController plugin
[2017.08.15-02.16.37:573][  0]LogContentStreaming: Texture pool size now 1000 MB
[2017.08.15-02.16.37:590][  0]LogSlate: Took 0.000223 seconds to synchronously load lazily loaded font '../../../Engine/Content/Slate/Fonts/Roboto-Light.ttf' (159K)
[2017.08.15-02.16.37:606][  1]LogAssetRegistry: Asset discovery search completed in 8.2551 seconds
[2017.08.15-02.16.37:608][  1]LogCollectionManager: Rebuilt the object cache for 0 collections in 0.000001 seconds (found 0 objects)
[2017.08.15-02.16.37:608][  1]LogCollectionManager: Fixed up redirectors for 0 collections in 0.000040 seconds (updated 0 objects)
[2017.08.15-02.16.38:565][ 99]LogSlate: Took 0.000306 seconds to synchronously load lazily loaded font '../../../Engine/Content/Slate/Fonts/Roboto-Light.ttf' (159K)
[2017.08.15-02.18.51:092][584]LogEditorViewport: Clicking on Actor (LMB): PaperSpriteActor (Background_Sprite)
[2017.08.15-02.18.52:181][690]LogEditorViewport: Clicking Background
[2017.08.15-02.18.53:367][818]LogEditorViewport: Clicking on Actor (LMB): PaperSpriteActor (LeftEdge)
[2017.08.15-02.18.54:131][893]LogEditorViewport: Clicking on Actor (LMB): 2DSideScrollerCharacter_C (2DSideScrollerCharacter)
[2017.08.15-02.18.58:838][330]LogEditorViewport: Clicking on Actor (context menu): 2DSideScrollerCharacter_C (2DSideScrollerCharacter)
[2017.08.15-02.19.00:937][532]LogSlate: Took 0.000217 seconds to synchronously load lazily loaded font '../../../Engine/Content/Slate/Fonts/Roboto-Light.ttf' (159K)
[2017.08.15-02.19.01:379][532]LogContentBrowser: Native class hierarchy updated for 'BlueprintGraph' in 0.0009 seconds. Added 112 classes and 0 folders.
[2017.08.15-02.19.01:920][532]LogSlate: Took 0.000220 seconds to synchronously load lazily loaded font '../../../Engine/Content/Slate/Fonts/Roboto-Regular.ttf' (155K)
[2017.08.15-02.19.01:983][532]LogSlate: Took 0.000230 seconds to synchronously load lazily loaded font '../../../Engine/Content/Editor/Slate/Fonts/Roboto-BoldCondensed.ttf' (158K)
[2017.08.15-02.19.04:738][696]LogSlate: Took 0.001033 seconds to synchronously load lazily loaded font '../../../Engine/Content/Editor/Slate/Fonts/Roboto-Italic.ttf' (157K)
[2017.08.15-02.19.54:339][446]LogTemp: Repeting last play command: 선택된 뷰포트
[2017.08.15-02.19.54:382][446]LogBlueprintUserMessages: Early PlayInEditor Detection: Level '/Game/2DSideScrollerBP/Maps/2DSideScrollerExampleMap.2DSideScrollerExampleMap:PersistentLevel' has LevelScriptBlueprint '/Game/2DSideScrollerBP/Maps/2DSideScrollerExampleMap.2DSideScrollerExampleMap:PersistentLevel.2DSideScrollerExampleMap' with GeneratedClass '/Game/2DSideScrollerBP/Maps/2DSideScrollerExampleMap.2DSideScrollerExampleMap_C' with ClassGeneratedBy '/Game/2DSideScrollerBP/Maps/2DSideScrollerExampleMap.2DSideScrollerExampleMap:PersistentLevel.2DSideScrollerExampleMap'
[2017.08.15-02.19.54:382][446]BlueprintLog: New page: 플레이 전 자동 컴파일
[2017.08.15-02.19.54:382][446]LogPlayLevel: [PlayLevel] Compiling 2DSideScrollerCharacter before play...
[2017.08.15-02.19.54:403][446]LogUObjectGlobals:Warning: Guid referenced by CapsuleComponent /Game/2DSideScrollerBP/Maps/2DSideScrollerExampleMap.2DSideScrollerExampleMap:PersistentLevel.2DSideScrollerCharacter_254.CollisionCylinder is already used by CapsuleComponent /Game/2DSideScrollerBP/Maps/2DSideScrollerExampleMap.2DSideScrollerExampleMap:PersistentLevel.REINST_2DSideScrollerCharacter_C_0.CollisionCylinder, which should never happen in the editor but could happen at runtime with duplicate level loading or PIE
[2017.08.15-02.19.54:404][446]LogUObjectGlobals:Warning: Guid referenced by ArrowComponent /Game/2DSideScrollerBP/Maps/2DSideScrollerExampleMap.2DSideScrollerExampleMap:PersistentLevel.2DSideScrollerCharacter_254.Arrow is already used by ArrowComponent /Game/2DSideScrollerBP/Maps/2DSideScrollerExampleMap.2DSideScrollerExampleMap:PersistentLevel.REINST_2DSideScrollerCharacter_C_0.Arrow, which should never happen in the editor but could happen at runtime with duplicate level loading or PIE
[2017.08.15-02.19.54:404][446]LogUObjectGlobals:Warning: Guid referenced by CharacterMovementComponent /Game/2DSideScrollerBP/Maps/2DSideScrollerExampleMap.2DSideScrollerExampleMap:PersistentLevel.2DSideScrollerCharacter_254.CharMoveComp is already used by CharacterMovementComponent /Game/2DSideScrollerBP/Maps/2DSideScrollerExampleMap.2DSideScrollerExampleMap:PersistentLevel.REINST_2DSideScrollerCharacter_C_0.CharMoveComp, which should never happen in the editor but could happen at runtime with duplicate level loading or PIE
[2017.08.15-02.19.54:404][446]LogUObjectGlobals:Warning: Guid referenced by PaperFlipbookComponent /Game/2DSideScrollerBP/Maps/2DSideScrollerExampleMap.2DSideScrollerExampleMap:PersistentLevel.2DSideScrollerCharacter_254.Sprite0 is already used by PaperFlipbookComponent /Game/2DSideScrollerBP/Maps/2DSideScrollerExampleMap.2DSideScrollerExampleMap:PersistentLevel.REINST_2DSideScrollerCharacter_C_0.Sprite0, which should never happen in the editor but could happen at runtime with duplicate level loading or PIE
[2017.08.15-02.19.54:712][446]LogPlayLevel: PlayLevel: Blueprint regeneration took 330 ms (1 blueprints)
[2017.08.15-02.19.54:712][446]PIE: New page: PIE 세션: 2DSideScrollerExampleMap (2017. 8. 15. 오후 8:19:54)
[2017.08.15-02.19.54:712][446]LogPlayLevel: Creating play world package: /Game/2DSideScrollerBP/Maps/UEDPIE_0_2DSideScrollerExampleMap
[2017.08.15-02.19.54:714][446]LogPlayLevel: PIE: StaticDuplicateObject took: (0.001857s)
[2017.08.15-02.19.54:715][446]LogAIModule: Creating AISystem for world 2DSideScrollerExampleMap
[2017.08.15-02.19.54:715][446]LogPlayLevel: PIE: World Init took: (0.000618s)
[2017.08.15-02.19.54:715][446]LogPlayLevel: PIE: Created PIE world by copying editor world from /Game/2DSideScrollerBP/Maps/2DSideScrollerExampleMap.2DSideScrollerExampleMap to /Game/2DSideScrollerBP/Maps/UEDPIE_0_2DSideScrollerExampleMap.2DSideScrollerExampleMap (0.002642s)
[2017.08.15-02.19.54:776][446]LogInit: XAudio2 using 'Speakers(Realtek High Definition Audio)' : 2 channels at 48 kHz using 32 bits per sample (channel mask 0x3)
[2017.08.15-02.19.54:799][446]LogInit: FAudioDevice initialized.
[2017.08.15-02.19.54:842][446]LogLoad: Game class is '2DSideScrollerGameMode_C'
[2017.08.15-02.19.54:843][446]LogWorld: Bringing World /Game/2DSideScrollerBP/Maps/UEDPIE_0_2DSideScrollerExampleMap.2DSideScrollerExampleMap up for play (max tick rate 0) at 2017.08.15-11.19.54
[2017.08.15-02.19.54:844][446]LogWorld: Bringing up level for play took: 0.001323
[2017.08.15-02.19.54:880][446]LogContentBrowser: Native class hierarchy updated for 'MovieSceneCapture' in 0.0006 seconds. Added 11 classes and 0 folders.
[2017.08.15-02.19.54:881][446]PIE: 정보 /Game/2DSideScrollerBP/Maps/UEDPIE_0_2DSideScrollerExampleMap 에 대한 에디터에서 플레이 시작 시간: 0.866
[2017.08.15-02.19.54:881][446]LogBlueprintUserMessages: Late PlayInEditor Detection: Level '/Game/2DSideScrollerBP/Maps/2DSideScrollerExampleMap.2DSideScrollerExampleMap:PersistentLevel' has LevelScriptBlueprint '/Game/2DSideScrollerBP/Maps/2DSideScrollerExampleMap.2DSideScrollerExampleMap:PersistentLevel.2DSideScrollerExampleMap' with GeneratedClass '/Game/2DSideScrollerBP/Maps/2DSideScrollerExampleMap.2DSideScrollerExampleMap_C' with ClassGeneratedBy '/Game/2DSideScrollerBP/Maps/2DSideScrollerExampleMap.2DSideScrollerExampleMap:PersistentLevel.2DSideScrollerExampleMap'
[2017.08.15-02.20.24:276][940]Set new viewmode: Wireframe
[2017.08.15-02.20.27:753][357]LogBlueprintUserMessages: Early EndPlayMap Detection: Level '/Game/2DSideScrollerBP/Maps/2DSideScrollerExampleMap.2DSideScrollerExampleMap:PersistentLevel' has LevelScriptBlueprint '/Game/2DSideScrollerBP/Maps/2DSideScrollerExampleMap.2DSideScrollerExampleMap:PersistentLevel.2DSideScrollerExampleMap' with GeneratedClass '/Game/2DSideScrollerBP/Maps/2DSideScrollerExampleMap.2DSideScrollerExampleMap_C' with ClassGeneratedBy '/Game/2DSideScrollerBP/Maps/2DSideScrollerExampleMap.2DSideScrollerExampleMap:PersistentLevel.2DSideScrollerExampleMap'
[2017.08.15-02.20.27:835][357]LogBlueprintUserMessages: Late EndPlayMap Detection: Level '/Game/2DSideScrollerBP/Maps/2DSideScrollerExampleMap.2DSideScrollerExampleMap:PersistentLevel' has LevelScriptBlueprint '/Game/2DSideScrollerBP/Maps/2DSideScrollerExampleMap.2DSideScrollerExampleMap:PersistentLevel.2DSideScrollerExampleMap' with GeneratedClass '/Game/2DSideScrollerBP/Maps/2DSideScrollerExampleMap.2DSideScrollerExampleMap_C' with ClassGeneratedBy '/Game/2DSideScrollerBP/Maps/2DSideScrollerExampleMap.2DSideScrollerExampleMap:PersistentLevel.2DSideScrollerExampleMap'
[2017.08.15-02.20.28:097][361]Cmd: SELECT NONE
[2017.08.15-02.22.07:167][273]LogEditorViewport: Clicking Background
[2017.08.15-02.22.57:628][648]LogEditorViewport: Clicking on Actor (context menu): PaperSpriteActor (Background_Sprite)
[2017.08.15-02.23.01:497][978]LogEditorViewport: Clicking Background
[2017.08.15-02.24.11:037][737]LogEditorViewport: Clicking on Actor (LMB): 2DSideScrollerCharacter_C (2DSideScrollerCharacter)
[2017.08.15-02.24.11:215][741]LogEditorViewport: Clicking on Component (LMB): PaperFlipbookComponent (Sprite0)
[2017.08.15-02.24.20:119][586]LogEditorViewport: Clicking Background
[2017.08.15-02.24.22:942][890]Cmd: TRANSACTION UNDO
[2017.08.15-02.24.22:942][890]LogEditorTransaction: Undo 배경 클릭
[2017.08.15-02.24.23:448][933]Cmd: TRANSACTION UNDO
[2017.08.15-02.24.23:448][933]LogEditorTransaction: Undo 컴포넌트 이동
[2017.08.15-02.24.23:451][933]LogActorComponent: ~FComponentReregisterContext: (/Game/2DSideScrollerBP/Maps/2DSideScrollerExampleMap.2DSideScrollerExampleMap:PersistentLevel.2DSideScrollerCharacter_254.CollisionCylinder) Component already registered.
[2017.08.15-02.24.24:101][999]Cmd: TRANSACTION UNDO
[2017.08.15-02.24.24:101][999]LogEditorTransaction: Undo 컴포넌트 이동
[2017.08.15-02.24.24:115][999]LogActorComponent: ~FComponentReregisterContext: (/Game/2DSideScrollerBP/Maps/2DSideScrollerExampleMap.2DSideScrollerExampleMap:PersistentLevel.2DSideScrollerCharacter_254.CollisionCylinder) Component already registered.
[2017.08.15-02.24.24:670][ 57]Cmd: TRANSACTION UNDO
[2017.08.15-02.24.24:670][ 57]LogEditorTransaction: Undo 컴포넌트에 클릭
[2017.08.15-02.24.25:287][106]Cmd: TRANSACTION UNDO
[2017.08.15-02.24.25:287][106]LogEditorTransaction: Undo 액터 클릭
[2017.08.15-02.24.26:498][227]LogEditorViewport: Clicking on Actor (LMB): 2DSideScrollerCharacter_C (2DSideScrollerCharacter)
[2017.08.15-02.24.30:593][602]LogEditorViewport: Clicking Background
[2017.08.15-02.24.32:255][778]LogTemp: Repeting last play command: 선택된 뷰포트
[2017.08.15-02.24.32:271][778]LogBlueprintUserMessages: Early PlayInEditor Detection: Level '/Game/2DSideScrollerBP/Maps/2DSideScrollerExampleMap.2DSideScrollerExampleMap:PersistentLevel' has LevelScriptBlueprint '/Game/2DSideScrollerBP/Maps/2DSideScrollerExampleMap.2DSideScrollerExampleMap:PersistentLevel.2DSideScrollerExampleMap' with GeneratedClass '/Game/2DSideScrollerBP/Maps/2DSideScrollerExampleMap.2DSideScrollerExampleMap_C' with ClassGeneratedBy '/Game/2DSideScrollerBP/Maps/2DSideScrollerExampleMap.2DSideScrollerExampleMap:PersistentLevel.2DSideScrollerExampleMap'
[2017.08.15-02.24.32:271][778]BlueprintLog: New page: 플레이 전 자동 컴파일
[2017.08.15-02.24.32:271][778]LogPlayLevel: [PlayLevel] Compiling 2DSideScrollerCharacter before play...
[2017.08.15-02.24.32:292][778]LogUObjectGlobals:Warning: Guid referenced by CapsuleComponent /Game/2DSideScrollerBP/Maps/2DSideScrollerExampleMap.2DSideScrollerExampleMap:PersistentLevel.2DSideScrollerCharacter_254.CollisionCylinder is already used by CapsuleComponent /Game/2DSideScrollerBP/Maps/2DSideScrollerExampleMap.2DSideScrollerExampleMap:PersistentLevel.REINST_2DSideScrollerCharacter_C_1.CollisionCylinder, which should never happen in the editor but could happen at runtime with duplicate level loading or PIE
[2017.08.15-02.24.32:292][778]LogUObjectGlobals:Warning: Guid referenced by ArrowComponent /Game/2DSideScrollerBP/Maps/2DSideScrollerExampleMap.2DSideScrollerExampleMap:PersistentLevel.2DSideScrollerCharacter_254.Arrow is already used by ArrowComponent /Game/2DSideScrollerBP/Maps/2DSideScrollerExampleMap.2DSideScrollerExampleMap:PersistentLevel.REINST_2DSideScrollerCharacter_C_1.Arrow, which should never happen in the editor but could happen at runtime with duplicate level loading or PIE
[2017.08.15-02.24.32:292][778]LogUObjectGlobals:Warning: Guid referenced by CharacterMovementComponent /Game/2DSideScrollerBP/Maps/2DSideScrollerExampleMap.2DSideScrollerExampleMap:PersistentLevel.2DSideScrollerCharacter_254.CharMoveComp is already used by CharacterMovementComponent /Game/2DSideScrollerBP/Maps/2DSideScrollerExampleMap.2DSideScrollerExampleMap:PersistentLevel.REINST_2DSideScrollerCharacter_C_1.CharMoveComp, which should never happen in the editor but could happen at runtime with duplicate level loading or PIE
[2017.08.15-02.24.32:292][778]LogUObjectGlobals:Warning: Guid referenced by PaperFlipbookComponent /Game/2DSideScrollerBP/Maps/2DSideScrollerExampleMap.2DSideScrollerExampleMap:PersistentLevel.2DSideScrollerCharacter_254.Sprite0 is already used by PaperFlipbookComponent /Game/2DSideScrollerBP/Maps/2DSideScrollerExampleMap.2DSideScrollerExampleMap:PersistentLevel.REINST_2DSideScrollerCharacter_C_1.Sprite0, which should never happen in the editor but could happen at runtime with duplicate level loading or PIE
[2017.08.15-02.24.32:489][778]LogPlayLevel: PlayLevel: Blueprint regeneration took 218 ms (1 blueprints)
[2017.08.15-02.24.32:489][778]PIE: New page: PIE 세션: 2DSideScrollerExampleMap (2017. 8. 15. 오후 8:24:32)
[2017.08.15-02.24.32:490][778]LogPlayLevel: Creating play world package: /Game/2DSideScrollerBP/Maps/UEDPIE_0_2DSideScrollerExampleMap
[2017.08.15-02.24.32:492][778]LogPlayLevel: PIE: StaticDuplicateObject took: (0.002859s)
[2017.08.15-02.24.32:493][778]LogAIModule: Creating AISystem for world 2DSideScrollerExampleMap
[2017.08.15-02.24.32:493][778]LogPlayLevel: PIE: World Init took: (0.000836s)
[2017.08.15-02.24.32:494][778]LogPlayLevel: PIE: Created PIE world by copying editor world from /Game/2DSideScrollerBP/Maps/2DSideScrollerExampleMap.2DSideScrollerExampleMap to /Game/2DSideScrollerBP/Maps/UEDPIE_0_2DSideScrollerExampleMap.2DSideScrollerExampleMap (0.004078s)
[2017.08.15-02.24.32:523][778]LogInit: XAudio2 using 'Speakers(Realtek High Definition Audio)' : 2 channels at 48 kHz using 32 bits per sample (channel mask 0x3)
[2017.08.15-02.24.32:549][778]LogInit: FAudioDevice initialized.
[2017.08.15-02.24.32:592][778]LogLoad: Game class is '2DSideScrollerGameMode_C'
[2017.08.15-02.24.32:597][778]LogWorld: Bringing World /Game/2DSideScrollerBP/Maps/UEDPIE_0_2DSideScrollerExampleMap.2DSideScrollerExampleMap up for play (max tick rate 0) at 2017.08.15-11.24.32
[2017.08.15-02.24.32:599][778]LogWorld: Bringing up level for play took: 0.005235
[2017.08.15-02.24.32:601][778]PIE: 정보 /Game/2DSideScrollerBP/Maps/UEDPIE_0_2DSideScrollerExampleMap 에 대한 에디터에서 플레이 시작 시간: 0.586
[2017.08.15-02.24.32:602][778]LogBlueprintUserMessages: Late PlayInEditor Detection: Level '/Game/2DSideScrollerBP/Maps/2DSideScrollerExampleMap.2DSideScrollerExampleMap:PersistentLevel' has LevelScriptBlueprint '/Game/2DSideScrollerBP/Maps/2DSideScrollerExampleMap.2DSideScrollerExampleMap:PersistentLevel.2DSideScrollerExampleMap' with GeneratedClass '/Game/2DSideScrollerBP/Maps/2DSideScrollerExampleMap.2DSideScrollerExampleMap_C' with ClassGeneratedBy '/Game/2DSideScrollerBP/Maps/2DSideScrollerExampleMap.2DSideScrollerExampleMap:PersistentLevel.2DSideScrollerExampleMap'
[2017.08.15-02.24.39:494][588]LogBlueprintUserMessages: Early EndPlayMap Detection: Level '/Game/2DSideScrollerBP/Maps/2DSideScrollerExampleMap.2DSideScrollerExampleMap:PersistentLevel' has LevelScriptBlueprint '/Game/2DSideScrollerBP/Maps/2DSideScrollerExampleMap.2DSideScrollerExampleMap:PersistentLevel.2DSideScrollerExampleMap' with GeneratedClass '/Game/2DSideScrollerBP/Maps/2DSideScrollerExampleMap.2DSideScrollerExampleMap_C' with ClassGeneratedBy '/Game/2DSideScrollerBP/Maps/2DSideScrollerExampleMap.2DSideScrollerExampleMap:PersistentLevel.2DSideScrollerExampleMap'
[2017.08.15-02.24.39:532][588]LogBlueprintUserMessages: Late EndPlayMap Detection: Level '/Game/2DSideScrollerBP/Maps/2DSideScrollerExampleMap.2DSideScrollerExampleMap:PersistentLevel' has LevelScriptBlueprint '/Game/2DSideScrollerBP/Maps/2DSideScrollerExampleMap.2DSideScrollerExampleMap:PersistentLevel.2DSideScrollerExampleMap' with GeneratedClass '/Game/2DSideScrollerBP/Maps/2DSideScrollerExampleMap.2DSideScrollerExampleMap_C' with ClassGeneratedBy '/Game/2DSideScrollerBP/Maps/2DSideScrollerExampleMap.2DSideScrollerExampleMap:PersistentLevel.2DSideScrollerExampleMap'
[2017.08.15-02.24.44:525][ 43]LogEditorViewport: Clicking on Actor (context menu): PaperSpriteActor (Background_Sprite)
[2017.08.15-02.25.21:385][537]LogEditorViewport: Clicking on Actor (LMB): 2DSideScrollerCharacter_C (2DSideScrollerCharacter)
[2017.08.15-02.25.23:645][738]LogEditorViewport: Clicking on Actor (LMB): 2DSideScrollerCharacter_C (2DSideScrollerCharacter)
[2017.08.15-02.25.24:545][819]LogEditorViewport: Clicking on Actor (LMB): 2DSideScrollerCharacter_C (2DSideScrollerCharacter)
[2017.08.15-02.25.24:901][850]LogEditorViewport: Clicking on Component (LMB): PaperFlipbookComponent (Sprite0)
[2017.08.15-02.25.30:109][341]Cmd: TRANSACTION UNDO
[2017.08.15-02.25.30:109][341]LogEditorTransaction: Undo 컴포넌트 이동
[2017.08.15-02.25.30:126][341]LogActorComponent: ~FComponentReregisterContext: (/Game/2DSideScrollerBP/Maps/2DSideScrollerExampleMap.2DSideScrollerExampleMap:PersistentLevel.2DSideScrollerCharacter_254.CollisionCylinder) Component already registered.
[2017.08.15-02.25.35:562][846]Cmd: TRANSACTION UNDO
[2017.08.15-02.25.35:562][846]LogEditorTransaction: Undo 컴포넌트 이동
[2017.08.15-02.25.35:574][846]LogActorComponent: ~FComponentReregisterContext: (/Game/2DSideScrollerBP/Maps/2DSideScrollerExampleMap.2DSideScrollerExampleMap:PersistentLevel.2DSideScrollerCharacter_254.CollisionCylinder) Component already registered.
[2017.08.15-02.25.38:412][104]LogEditorViewport: Clicking on Component (LMB): PaperFlipbookComponent (Sprite0)
[2017.08.15-02.25.40:843][332]Cmd: TRANSACTION UNDO
[2017.08.15-02.25.40:843][332]LogEditorTransaction: Undo 컴포넌트 이동
[2017.08.15-02.25.40:853][332]LogActorComponent: ~FComponentReregisterContext: (/Game/2DSideScrollerBP/Maps/2DSideScrollerExampleMap.2DSideScrollerExampleMap:PersistentLevel.2DSideScrollerCharacter_254.CollisionCylinder) Component already registered.
[2017.08.15-02.25.42:251][460]LogEditorViewport: Clicking on Component (LMB): CapsuleComponent (CollisionCylinder)
[2017.08.15-02.25.49:599][141]LogTemp: Repeting last play command: 선택된 뷰포트
[2017.08.15-02.25.49:615][141]LogBlueprintUserMessages: Early PlayInEditor Detection: Level '/Game/2DSideScrollerBP/Maps/2DSideScrollerExampleMap.2DSideScrollerExampleMap:PersistentLevel' has LevelScriptBlueprint '/Game/2DSideScrollerBP/Maps/2DSideScrollerExampleMap.2DSideScrollerExampleMap:PersistentLevel.2DSideScrollerExampleMap' with GeneratedClass '/Game/2DSideScrollerBP/Maps/2DSideScrollerExampleMap.2DSideScrollerExampleMap_C' with ClassGeneratedBy '/Game/2DSideScrollerBP/Maps/2DSideScrollerExampleMap.2DSideScrollerExampleMap:PersistentLevel.2DSideScrollerExampleMap'
[2017.08.15-02.25.49:615][141]BlueprintLog: New page: 플레이 전 자동 컴파일
[2017.08.15-02.25.49:615][141]LogPlayLevel: [PlayLevel] Compiling 2DSideScrollerCharacter before play...
[2017.08.15-02.25.49:864][141]LogPlayLevel: PlayLevel: Blueprint regeneration took 248 ms (1 blueprints)
[2017.08.15-02.25.49:864][141]PIE: New page: PIE 세션: 2DSideScrollerExampleMap (2017. 8. 15. 오후 8:25:49)
[2017.08.15-02.25.49:864][141]LogPlayLevel: Creating play world package: /Game/2DSideScrollerBP/Maps/UEDPIE_0_2DSideScrollerExampleMap
[2017.08.15-02.25.49:866][141]LogPlayLevel: PIE: StaticDuplicateObject took: (0.002028s)
[2017.08.15-02.25.49:866][141]LogAIModule: Creating AISystem for world 2DSideScrollerExampleMap
[2017.08.15-02.25.49:867][141]LogPlayLevel: PIE: World Init took: (0.000782s)
[2017.08.15-02.25.49:867][141]LogPlayLevel: PIE: Created PIE world by copying editor world from /Game/2DSideScrollerBP/Maps/2DSideScrollerExampleMap.2DSideScrollerExampleMap to /Game/2DSideScrollerBP/Maps/UEDPIE_0_2DSideScrollerExampleMap.2DSideScrollerExampleMap (0.003038s)
[2017.08.15-02.25.49:896][141]LogInit: XAudio2 using 'Speakers(Realtek High Definition Audio)' : 2 channels at 48 kHz using 32 bits per sample (channel mask 0x3)
[2017.08.15-02.25.49:918][141]LogInit: FAudioDevice initialized.
[2017.08.15-02.25.49:953][141]LogLoad: Game class is '2DSideScrollerGameMode_C'
[2017.08.15-02.25.49:955][141]LogWorld: Bringing World /Game/2DSideScrollerBP/Maps/UEDPIE_0_2DSideScrollerExampleMap.2DSideScrollerExampleMap up for play (max tick rate 0) at 2017.08.15-11.25.49
[2017.08.15-02.25.49:955][141]LogWorld: Bringing up level for play took: 0.001446
[2017.08.15-02.25.49:956][141]PIE: 정보 /Game/2DSideScrollerBP/Maps/UEDPIE_0_2DSideScrollerExampleMap 에 대한 에디터에서 플레이 시작 시간: -0.059
[2017.08.15-02.25.49:956][141]LogBlueprintUserMessages: Late PlayInEditor Detection: Level '/Game/2DSideScrollerBP/Maps/2DSideScrollerExampleMap.2DSideScrollerExampleMap:PersistentLevel' has LevelScriptBlueprint '/Game/2DSideScrollerBP/Maps/2DSideScrollerExampleMap.2DSideScrollerExampleMap:PersistentLevel.2DSideScrollerExampleMap' with GeneratedClass '/Game/2DSideScrollerBP/Maps/2DSideScrollerExampleMap.2DSideScrollerExampleMap_C' with ClassGeneratedBy '/Game/2DSideScrollerBP/Maps/2DSideScrollerExampleMap.2DSideScrollerExampleMap:PersistentLevel.2DSideScrollerExampleMap'
[2017.08.15-02.26.00:108][329]LogBlueprintUserMessages: Early EndPlayMap Detection: Level '/Game/2DSideScrollerBP/Maps/2DSideScrollerExampleMap.2DSideScrollerExampleMap:PersistentLevel' has LevelScriptBlueprint '/Game/2DSideScrollerBP/Maps/2DSideScrollerExampleMap.2DSideScrollerExampleMap:PersistentLevel.2DSideScrollerExampleMap' with GeneratedClass '/Game/2DSideScrollerBP/Maps/2DSideScrollerExampleMap.2DSideScrollerExampleMap_C' with ClassGeneratedBy '/Game/2DSideScrollerBP/Maps/2DSideScrollerExampleMap.2DSideScrollerExampleMap:PersistentLevel.2DSideScrollerExampleMap'
[2017.08.15-02.26.00:198][329]LogBlueprintUserMessages: Late EndPlayMap Detection: Level '/Game/2DSideScrollerBP/Maps/2DSideScrollerExampleMap.2DSideScrollerExampleMap:PersistentLevel' has LevelScriptBlueprint '/Game/2DSideScrollerBP/Maps/2DSideScrollerExampleMap.2DSideScrollerExampleMap:PersistentLevel.2DSideScrollerExampleMap' with GeneratedClass '/Game/2DSideScrollerBP/Maps/2DSideScrollerExampleMap.2DSideScrollerExampleMap_C' with ClassGeneratedBy '/Game/2DSideScrollerBP/Maps/2DSideScrollerExampleMap.2DSideScrollerExampleMap:PersistentLevel.2DSideScrollerExampleMap'
[2017.08.15-02.26.06:998][894]LogEditorViewport: Clicking on Actor (context menu): 2DSideScrollerCharacter_C (2DSideScrollerCharacter)
[2017.08.15-02.26.57:108][111]LogEditorViewport: Clicking on Actor (LMB): 2DSideScrollerCharacter_C (2DSideScrollerCharacter)
[2017.08.15-02.27.04:400][793]LogTemp: Repeting last play command: 선택된 뷰포트
[2017.08.15-02.27.04:415][793]LogBlueprintUserMessages: Early PlayInEditor Detection: Level '/Game/2DSideScrollerBP/Maps/2DSideScrollerExampleMap.2DSideScrollerExampleMap:PersistentLevel' has LevelScriptBlueprint '/Game/2DSideScrollerBP/Maps/2DSideScrollerExampleMap.2DSideScrollerExampleMap:PersistentLevel.2DSideScrollerExampleMap' with GeneratedClass '/Game/2DSideScrollerBP/Maps/2DSideScrollerExampleMap.2DSideScrollerExampleMap_C' with ClassGeneratedBy '/Game/2DSideScrollerBP/Maps/2DSideScrollerExampleMap.2DSideScrollerExampleMap:PersistentLevel.2DSideScrollerExampleMap'
[2017.08.15-02.27.04:415][793]BlueprintLog: New page: 플레이 전 자동 컴파일
[2017.08.15-02.27.04:415][793]LogPlayLevel: [PlayLevel] Compiling 2DSideScrollerCharacter before play...
[2017.08.15-02.27.04:441][793]LogUObjectGlobals:Warning: Guid referenced by CapsuleComponent /Game/2DSideScrollerBP/Maps/2DSideScrollerExampleMap.2DSideScrollerExampleMap:PersistentLevel.2DSideScrollerCharacter_254.CollisionCylinder is already used by CapsuleComponent /Game/2DSideScrollerBP/Maps/2DSideScrollerExampleMap.2DSideScrollerExampleMap:PersistentLevel.REINST_2DSideScrollerCharacter_C_3.CollisionCylinder, which should never happen in the editor but could happen at runtime with duplicate level loading or PIE
[2017.08.15-02.27.04:441][793]LogUObjectGlobals:Warning: Guid referenced by ArrowComponent /Game/2DSideScrollerBP/Maps/2DSideScrollerExampleMap.2DSideScrollerExampleMap:PersistentLevel.2DSideScrollerCharacter_254.Arrow is already used by ArrowComponent /Game/2DSideScrollerBP/Maps/2DSideScrollerExampleMap.2DSideScrollerExampleMap:PersistentLevel.REINST_2DSideScrollerCharacter_C_3.Arrow, which should never happen in the editor but could happen at runtime with duplicate level loading or PIE
[2017.08.15-02.27.04:441][793]LogUObjectGlobals:Warning: Guid referenced by CharacterMovementComponent /Game/2DSideScrollerBP/Maps/2DSideScrollerExampleMap.2DSideScrollerExampleMap:PersistentLevel.2DSideScrollerCharacter_254.CharMoveComp is already used by CharacterMovementComponent /Game/2DSideScrollerBP/Maps/2DSideScrollerExampleMap.2DSideScrollerExampleMap:PersistentLevel.REINST_2DSideScrollerCharacter_C_3.CharMoveComp, which should never happen in the editor but could happen at runtime with duplicate level loading or PIE
[2017.08.15-02.27.04:441][793]LogUObjectGlobals:Warning: Guid referenced by PaperFlipbookComponent /Game/2DSideScrollerBP/Maps/2DSideScrollerExampleMap.2DSideScrollerExampleMap:PersistentLevel.2DSideScrollerCharacter_254.Sprite0 is already used by PaperFlipbookComponent /Game/2DSideScrollerBP/Maps/2DSideScrollerExampleMap.2DSideScrollerExampleMap:PersistentLevel.REINST_2DSideScrollerCharacter_C_3.Sprite0, which should never happen in the editor but could happen at runtime with duplicate level loading or PIE
[2017.08.15-02.27.04:736][793]LogPlayLevel: PlayLevel: Blueprint regeneration took 321 ms (1 blueprints)
[2017.08.15-02.27.04:736][793]PIE: New page: PIE 세션: 2DSideScrollerExampleMap (2017. 8. 15. 오후 8:27:04)
[2017.08.15-02.27.04:736][793]LogPlayLevel: Creating play world package: /Game/2DSideScrollerBP/Maps/UEDPIE_0_2DSideScrollerExampleMap
[2017.08.15-02.27.04:738][793]LogPlayLevel: PIE: StaticDuplicateObject took: (0.001753s)
[2017.08.15-02.27.04:738][793]LogAIModule: Creating AISystem for world 2DSideScrollerExampleMap
[2017.08.15-02.27.04:738][793]LogPlayLevel: PIE: World Init took: (0.000854s)
[2017.08.15-02.27.04:739][793]LogPlayLevel: PIE: Created PIE world by copying editor world from /Game/2DSideScrollerBP/Maps/2DSideScrollerExampleMap.2DSideScrollerExampleMap to /Game/2DSideScrollerBP/Maps/UEDPIE_0_2DSideScrollerExampleMap.2DSideScrollerExampleMap (0.002915s)
[2017.08.15-02.27.04:797][793]LogInit: XAudio2 using 'Speakers(Realtek High Definition Audio)' : 2 channels at 48 kHz using 32 bits per sample (channel mask 0x3)
[2017.08.15-02.27.04:819][793]LogInit: FAudioDevice initialized.
[2017.08.15-02.27.04:852][793]LogLoad: Game class is '2DSideScrollerGameMode_C'
[2017.08.15-02.27.04:854][793]LogWorld: Bringing World /Game/2DSideScrollerBP/Maps/UEDPIE_0_2DSideScrollerExampleMap.2DSideScrollerExampleMap up for play (max tick rate 0) at 2017.08.15-11.27.04
[2017.08.15-02.27.04:855][793]LogWorld: Bringing up level for play took: 0.001543
[2017.08.15-02.27.04:855][793]PIE: 정보 /Game/2DSideScrollerBP/Maps/UEDPIE_0_2DSideScrollerExampleMap 에 대한 에디터에서 플레이 시작 시간: 0.84
[2017.08.15-02.27.04:856][793]LogBlueprintUserMessages: Late PlayInEditor Detection: Level '/Game/2DSideScrollerBP/Maps/2DSideScrollerExampleMap.2DSideScrollerExampleMap:PersistentLevel' has LevelScriptBlueprint '/Game/2DSideScrollerBP/Maps/2DSideScrollerExampleMap.2DSideScrollerExampleMap:PersistentLevel.2DSideScrollerExampleMap' with GeneratedClass '/Game/2DSideScrollerBP/Maps/2DSideScrollerExampleMap.2DSideScrollerExampleMap_C' with ClassGeneratedBy '/Game/2DSideScrollerBP/Maps/2DSideScrollerExampleMap.2DSideScrollerExampleMap:PersistentLevel.2DSideScrollerExampleMap'
[2017.08.15-02.27.21:201][732]LogBlueprintUserMessages: Early EndPlayMap Detection: Level '/Game/2DSideScrollerBP/Maps/2DSideScrollerExampleMap.2DSideScrollerExampleMap:PersistentLevel' has LevelScriptBlueprint '/Game/2DSideScrollerBP/Maps/2DSideScrollerExampleMap.2DSideScrollerExampleMap:PersistentLevel.2DSideScrollerExampleMap' with GeneratedClass '/Game/2DSideScrollerBP/Maps/2DSideScrollerExampleMap.2DSideScrollerExampleMap_C' with ClassGeneratedBy '/Game/2DSideScrollerBP/Maps/2DSideScrollerExampleMap.2DSideScrollerExampleMap:PersistentLevel.2DSideScrollerExampleMap'
[2017.08.15-02.27.21:289][732]LogBlueprintUserMessages: Late EndPlayMap Detection: Level '/Game/2DSideScrollerBP/Maps/2DSideScrollerExampleMap.2DSideScrollerExampleMap:PersistentLevel' has LevelScriptBlueprint '/Game/2DSideScrollerBP/Maps/2DSideScrollerExampleMap.2DSideScrollerExampleMap:PersistentLevel.2DSideScrollerExampleMap' with GeneratedClass '/Game/2DSideScrollerBP/Maps/2DSideScrollerExampleMap.2DSideScrollerExampleMap_C' with ClassGeneratedBy '/Game/2DSideScrollerBP/Maps/2DSideScrollerExampleMap.2DSideScrollerExampleMap:PersistentLevel.2DSideScrollerExampleMap'
[2017.08.15-02.27.39:361][410]LogEditorViewport: Clicking on Actor (context menu): 2DSideScrollerCharacter_C (2DSideScrollerCharacter)
[2017.08.15-02.28.42:551][360]LogEditorViewport: Clicking on Actor (LMB): 2DSideScrollerCharacter_C (2DSideScrollerCharacter)
[2017.08.15-02.28.46:584][739]Cmd: TRANSACTION UNDO
[2017.08.15-02.28.46:584][739]LogEditorTransaction: Undo 액터 이동
[2017.08.15-02.28.47:008][770]Cmd: TRANSACTION UNDO
[2017.08.15-02.28.47:008][770]LogEditorTransaction: Undo 액터 이동
[2017.08.15-02.28.53:792][406]LogTemp: Repeting last play command: 선택된 뷰포트
[2017.08.15-02.28.53:803][406]LogBlueprintUserMessages: Early PlayInEditor Detection: Level '/Game/2DSideScrollerBP/Maps/2DSideScrollerExampleMap.2DSideScrollerExampleMap:PersistentLevel' has LevelScriptBlueprint '/Game/2DSideScrollerBP/Maps/2DSideScrollerExampleMap.2DSideScrollerExampleMap:PersistentLevel.2DSideScrollerExampleMap' with GeneratedClass '/Game/2DSideScrollerBP/Maps/2DSideScrollerExampleMap.2DSideScrollerExampleMap_C' with ClassGeneratedBy '/Game/2DSideScrollerBP/Maps/2DSideScrollerExampleMap.2DSideScrollerExampleMap:PersistentLevel.2DSideScrollerExampleMap'
[2017.08.15-02.28.53:804][406]BlueprintLog: New page: 플레이 전 자동 컴파일
[2017.08.15-02.28.53:804][406]LogPlayLevel: [PlayLevel] Compiling 2DSideScrollerCharacter before play...
[2017.08.15-02.28.53:828][406]LogUObjectGlobals:Warning: Guid referenced by CapsuleComponent /Game/2DSideScrollerBP/Maps/2DSideScrollerExampleMap.2DSideScrollerExampleMap:PersistentLevel.2DSideScrollerCharacter_254.CollisionCylinder is already used by CapsuleComponent /Game/2DSideScrollerBP/Maps/2DSideScrollerExampleMap.2DSideScrollerExampleMap:PersistentLevel.REINST_2DSideScrollerCharacter_C_4.CollisionCylinder, which should never happen in the editor but could happen at runtime with duplicate level loading or PIE
[2017.08.15-02.28.53:828][406]LogUObjectGlobals:Warning: Guid referenced by ArrowComponent /Game/2DSideScrollerBP/Maps/2DSideScrollerExampleMap.2DSideScrollerExampleMap:PersistentLevel.2DSideScrollerCharacter_254.Arrow is already used by ArrowComponent /Game/2DSideScrollerBP/Maps/2DSideScrollerExampleMap.2DSideScrollerExampleMap:PersistentLevel.REINST_2DSideScrollerCharacter_C_4.Arrow, which should never happen in the editor but could happen at runtime with duplicate level loading or PIE
[2017.08.15-02.28.53:828][406]LogUObjectGlobals:Warning: Guid referenced by CharacterMovementComponent /Game/2DSideScrollerBP/Maps/2DSideScrollerExampleMap.2DSideScrollerExampleMap:PersistentLevel.2DSideScrollerCharacter_254.CharMoveComp is already used by CharacterMovementComponent /Game/2DSideScrollerBP/Maps/2DSideScrollerExampleMap.2DSideScrollerExampleMap:PersistentLevel.REINST_2DSideScrollerCharacter_C_4.CharMoveComp, which should never happen in the editor but could happen at runtime with duplicate level loading or PIE
[2017.08.15-02.28.53:828][406]LogUObjectGlobals:Warning: Guid referenced by PaperFlipbookComponent /Game/2DSideScrollerBP/Maps/2DSideScrollerExampleMap.2DSideScrollerExampleMap:PersistentLevel.2DSideScrollerCharacter_254.Sprite0 is already used by PaperFlipbookComponent /Game/2DSideScrollerBP/Maps/2DSideScrollerExampleMap.2DSideScrollerExampleMap:PersistentLevel.REINST_2DSideScrollerCharacter_C_4.Sprite0, which should never happen in the editor but could happen at runtime with duplicate level loading or PIE
[2017.08.15-02.28.54:162][406]LogPlayLevel: PlayLevel: Blueprint regeneration took 357 ms (1 blueprints)
[2017.08.15-02.28.54:162][406]PIE: New page: PIE 세션: 2DSideScrollerExampleMap (2017. 8. 15. 오후 8:28:54)
[2017.08.15-02.28.54:162][406]LogPlayLevel: Creating play world package: /Game/2DSideScrollerBP/Maps/UEDPIE_0_2DSideScrollerExampleMap
[2017.08.15-02.28.54:164][406]LogPlayLevel: PIE: StaticDuplicateObject took: (0.001923s)
[2017.08.15-02.28.54:164][406]LogAIModule: Creating AISystem for world 2DSideScrollerExampleMap
[2017.08.15-02.28.54:164][406]LogPlayLevel: PIE: World Init took: (0.000603s)
[2017.08.15-02.28.54:165][406]LogPlayLevel: PIE: Created PIE world by copying editor world from /Game/2DSideScrollerBP/Maps/2DSideScrollerExampleMap.2DSideScrollerExampleMap to /Game/2DSideScrollerBP/Maps/UEDPIE_0_2DSideScrollerExampleMap.2DSideScrollerExampleMap (0.003020s)
[2017.08.15-02.28.54:225][406]LogInit: XAudio2 using 'Speakers(Realtek High Definition Audio)' : 2 channels at 48 kHz using 32 bits per sample (channel mask 0x3)
[2017.08.15-02.28.54:256][406]LogInit: FAudioDevice initialized.
[2017.08.15-02.28.54:290][406]LogLoad: Game class is '2DSideScrollerGameMode_C'
[2017.08.15-02.28.54:292][406]LogWorld: Bringing World /Game/2DSideScrollerBP/Maps/UEDPIE_0_2DSideScrollerExampleMap.2DSideScrollerExampleMap up for play (max tick rate 0) at 2017.08.15-11.28.54
[2017.08.15-02.28.54:292][406]LogWorld: Bringing up level for play took: 0.001317
[2017.08.15-02.28.54:293][406]PIE: 정보 /Game/2DSideScrollerBP/Maps/UEDPIE_0_2DSideScrollerExampleMap 에 대한 에디터에서 플레이 시작 시간: 0.279
[2017.08.15-02.28.54:293][406]LogBlueprintUserMessages: Late PlayInEditor Detection: Level '/Game/2DSideScrollerBP/Maps/2DSideScrollerExampleMap.2DSideScrollerExampleMap:PersistentLevel' has LevelScriptBlueprint '/Game/2DSideScrollerBP/Maps/2DSideScrollerExampleMap.2DSideScrollerExampleMap:PersistentLevel.2DSideScrollerExampleMap' with GeneratedClass '/Game/2DSideScrollerBP/Maps/2DSideScrollerExampleMap.2DSideScrollerExampleMap_C' with ClassGeneratedBy '/Game/2DSideScrollerBP/Maps/2DSideScrollerExampleMap.2DSideScrollerExampleMap:PersistentLevel.2DSideScrollerExampleMap'
[2017.08.15-02.28.55:805][573]Set new viewmode: ShaderComplexity
[2017.08.15-02.28.57:718][801]Set new viewmode: ShaderComplexity
[2017.08.15-02.29.01:488][253]LogBlueprintUserMessages: Early EndPlayMap Detection: Level '/Game/2DSideScrollerBP/Maps/2DSideScrollerExampleMap.2DSideScrollerExampleMap:PersistentLevel' has LevelScriptBlueprint '/Game/2DSideScrollerBP/Maps/2DSideScrollerExampleMap.2DSideScrollerExampleMap:PersistentLevel.2DSideScrollerExampleMap' with GeneratedClass '/Game/2DSideScrollerBP/Maps/2DSideScrollerExampleMap.2DSideScrollerExampleMap_C' with ClassGeneratedBy '/Game/2DSideScrollerBP/Maps/2DSideScrollerExampleMap.2DSideScrollerExampleMap:PersistentLevel.2DSideScrollerExampleMap'
[2017.08.15-02.29.01:569][253]LogBlueprintUserMessages: Late EndPlayMap Detection: Level '/Game/2DSideScrollerBP/Maps/2DSideScrollerExampleMap.2DSideScrollerExampleMap:PersistentLevel' has LevelScriptBlueprint '/Game/2DSideScrollerBP/Maps/2DSideScrollerExampleMap.2DSideScrollerExampleMap:PersistentLevel.2DSideScrollerExampleMap' with GeneratedClass '/Game/2DSideScrollerBP/Maps/2DSideScrollerExampleMap.2DSideScrollerExampleMap_C' with ClassGeneratedBy '/Game/2DSideScrollerBP/Maps/2DSideScrollerExampleMap.2DSideScrollerExampleMap:PersistentLevel.2DSideScrollerExampleMap'
[2017.08.15-02.29.07:320][744]Cmd: EDCALLBACK SELECTEDPROPS
[2017.08.15-02.29.08:527][857]LogTemp: Repeting last play command: 선택된 뷰포트
[2017.08.15-02.29.08:541][857]LogBlueprintUserMessages: Early PlayInEditor Detection: Level '/Game/2DSideScrollerBP/Maps/2DSideScrollerExampleMap.2DSideScrollerExampleMap:PersistentLevel' has LevelScriptBlueprint '/Game/2DSideScrollerBP/Maps/2DSideScrollerExampleMap.2DSideScrollerExampleMap:PersistentLevel.2DSideScrollerExampleMap' with GeneratedClass '/Game/2DSideScrollerBP/Maps/2DSideScrollerExampleMap.2DSideScrollerExampleMap_C' with ClassGeneratedBy '/Game/2DSideScrollerBP/Maps/2DSideScrollerExampleMap.2DSideScrollerExampleMap:PersistentLevel.2DSideScrollerExampleMap'
[2017.08.15-02.29.08:541][857]LogPlayLevel: PlayLevel: No blueprints needed recompiling
[2017.08.15-02.29.08:541][857]PIE: New page: PIE 세션: 2DSideScrollerExampleMap (2017. 8. 15. 오후 8:29:08)
[2017.08.15-02.29.08:541][857]LogPlayLevel: Creating play world package: /Game/2DSideScrollerBP/Maps/UEDPIE_0_2DSideScrollerExampleMap
[2017.08.15-02.29.08:544][857]LogPlayLevel: PIE: StaticDuplicateObject took: (0.002454s)
[2017.08.15-02.29.08:545][857]LogAIModule: Creating AISystem for world 2DSideScrollerExampleMap
[2017.08.15-02.29.08:545][857]LogPlayLevel: PIE: World Init took: (0.000944s)
[2017.08.15-02.29.08:545][857]LogPlayLevel: PIE: Created PIE world by copying editor world from /Game/2DSideScrollerBP/Maps/2DSideScrollerExampleMap.2DSideScrollerExampleMap to /Game/2DSideScrollerBP/Maps/UEDPIE_0_2DSideScrollerExampleMap.2DSideScrollerExampleMap (0.003696s)
[2017.08.15-02.29.08:606][857]LogInit: XAudio2 using 'Speakers(Realtek High Definition Audio)' : 2 channels at 48 kHz using 32 bits per sample (channel mask 0x3)
[2017.08.15-02.29.08:632][857]LogInit: FAudioDevice initialized.
[2017.08.15-02.29.08:667][857]LogLoad: Game class is '2DSideScrollerGameMode_C'
[2017.08.15-02.29.08:668][857]LogWorld: Bringing World /Game/2DSideScrollerBP/Maps/UEDPIE_0_2DSideScrollerExampleMap.2DSideScrollerExampleMap up for play (max tick rate 0) at 2017.08.15-11.29.08
[2017.08.15-02.29.08:669][857]LogWorld: Bringing up level for play took: 0.001484
[2017.08.15-02.29.08:669][857]PIE: 정보 /Game/2DSideScrollerBP/Maps/UEDPIE_0_2DSideScrollerExampleMap 에 대한 에디터에서 플레이 시작 시간: 0.655
[2017.08.15-02.29.08:670][857]LogBlueprintUserMessages: Late PlayInEditor Detection: Level '/Game/2DSideScrollerBP/Maps/2DSideScrollerExampleMap.2DSideScrollerExampleMap:PersistentLevel' has LevelScriptBlueprint '/Game/2DSideScrollerBP/Maps/2DSideScrollerExampleMap.2DSideScrollerExampleMap:PersistentLevel.2DSideScrollerExampleMap' with GeneratedClass '/Game/2DSideScrollerBP/Maps/2DSideScrollerExampleMap.2DSideScrollerExampleMap_C' with ClassGeneratedBy '/Game/2DSideScrollerBP/Maps/2DSideScrollerExampleMap.2DSideScrollerExampleMap:PersistentLevel.2DSideScrollerExampleMap'
[2017.08.15-02.29.12:043][232]LogBlueprintUserMessages: Early EndPlayMap Detection: Level '/Game/2DSideScrollerBP/Maps/2DSideScrollerExampleMap.2DSideScrollerExampleMap:PersistentLevel' has LevelScriptBlueprint '/Game/2DSideScrollerBP/Maps/2DSideScrollerExampleMap.2DSideScrollerExampleMap:PersistentLevel.2DSideScrollerExampleMap' with GeneratedClass '/Game/2DSideScrollerBP/Maps/2DSideScrollerExampleMap.2DSideScrollerExampleMap_C' with ClassGeneratedBy '/Game/2DSideScrollerBP/Maps/2DSideScrollerExampleMap.2DSideScrollerExampleMap:PersistentLevel.2DSideScrollerExampleMap'
[2017.08.15-02.29.12:127][232]LogBlueprintUserMessages: Late EndPlayMap Detection: Level '/Game/2DSideScrollerBP/Maps/2DSideScrollerExampleMap.2DSideScrollerExampleMap:PersistentLevel' has LevelScriptBlueprint '/Game/2DSideScrollerBP/Maps/2DSideScrollerExampleMap.2DSideScrollerExampleMap:PersistentLevel.2DSideScrollerExampleMap' with GeneratedClass '/Game/2DSideScrollerBP/Maps/2DSideScrollerExampleMap.2DSideScrollerExampleMap_C' with ClassGeneratedBy '/Game/2DSideScrollerBP/Maps/2DSideScrollerExampleMap.2DSideScrollerExampleMap:PersistentLevel.2DSideScrollerExampleMap'
[2017.08.15-02.29.23:809][748]Cmd: TRANSACTION UNDO
[2017.08.15-02.29.23:809][748]LogEditorTransaction: Undo 액터 이동
[2017.08.15-02.29.23:822][748]LogUObjectGlobals:Warning: Guid referenced by CapsuleComponent /Game/2DSideScrollerBP/Maps/2DSideScrollerExampleMap.2DSideScrollerExampleMap:PersistentLevel.2DSideScrollerCharacter_254.CollisionCylinder is already used by CapsuleComponent /Game/2DSideScrollerBP/Maps/2DSideScrollerExampleMap.2DSideScrollerExampleMap:PersistentLevel.REINST_2DSideScrollerCharacter_C_4.CollisionCylinder, which should never happen in the editor but could happen at runtime with duplicate level loading or PIE
[2017.08.15-02.29.24:335][787]Cmd: TRANSACTION UNDO
[2017.08.15-02.29.24:335][787]LogEditorTransaction: Undo 액터 클릭
[2017.08.15-02.29.24:726][823]Cmd: TRANSACTION UNDO
[2017.08.15-02.29.24:726][823]LogEditorTransaction: Undo Capsule Radius 편집
[2017.08.15-02.29.25:022][845]Cmd: TRANSACTION UNDO
[2017.08.15-02.29.25:022][845]LogEditorTransaction: Undo Capsule Half Height 편집
[2017.08.15-02.29.25:382][875]Cmd: TRANSACTION UNDO
[2017.08.15-02.29.25:382][875]LogEditorTransaction: Undo 액터 스케일을 설정합니다.
[2017.08.15-02.29.25:663][897]Cmd: TRANSACTION UNDO
[2017.08.15-02.29.25:663][897]LogEditorTransaction: Undo 액터 스케일을 설정합니다.
[2017.08.15-02.29.26:131][939]Cmd: TRANSACTION UNDO
[2017.08.15-02.29.26:131][939]LogEditorTransaction: Undo 액터 스케일을 설정합니다.
[2017.08.15-02.29.26:491][971]Cmd: TRANSACTION UNDO
[2017.08.15-02.29.26:491][971]LogEditorTransaction: Undo 액터 클릭 (맥락 메뉴)
[2017.08.15-02.29.26:829][  0]Cmd: TRANSACTION UNDO
[2017.08.15-02.29.26:829][  0]LogEditorTransaction: Undo 액터 이동
[2017.08.15-02.29.27:214][ 33]Cmd: TRANSACTION UNDO
[2017.08.15-02.29.27:214][ 33]LogEditorTransaction: Undo 액터 클릭
[2017.08.15-02.29.27:637][ 72]Cmd: TRANSACTION UNDO
[2017.08.15-02.29.27:637][ 72]LogEditorTransaction: Undo Capsule Radius 편집
[2017.08.15-02.29.27:977][100]Cmd: TRANSACTION UNDO
[2017.08.15-02.29.27:977][100]LogEditorTransaction: Undo Capsule Half Height 편집
[2017.08.15-02.29.28:334][131]Cmd: TRANSACTION UNDO
[2017.08.15-02.29.28:334][131]LogEditorTransaction: Undo 액터 스케일을 설정합니다.
[2017.08.15-02.29.28:772][168]Cmd: TRANSACTION UNDO
[2017.08.15-02.29.28:772][168]LogEditorTransaction: Undo 액터 스케일을 설정합니다.
[2017.08.15-02.29.29:174][204]Cmd: TRANSACTION UNDO
[2017.08.15-02.29.29:174][204]LogEditorTransaction: Undo 액터 스케일을 설정합니다.
[2017.08.15-02.29.29:621][244]Cmd: TRANSACTION UNDO
[2017.08.15-02.29.29:621][244]LogEditorTransaction: Undo 액터 클릭 (맥락 메뉴)
[2017.08.15-02.29.30:001][276]Cmd: TRANSACTION UNDO
[2017.08.15-02.29.30:001][276]LogEditorTransaction: Undo 컴포넌트 이동
[2017.08.15-02.29.30:373][308]Cmd: TRANSACTION UNDO
[2017.08.15-02.29.30:373][308]LogEditorTransaction: Undo 컴포넌트 이동
[2017.08.15-02.29.30:646][332]Cmd: TRANSACTION UNDO
[2017.08.15-02.29.30:646][332]LogEditorTransaction: Undo 컴포넌트에 클릭
[2017.08.15-02.29.30:967][356]Cmd: TRANSACTION UNDO
[2017.08.15-02.29.30:967][356]LogEditorTransaction: Undo 컴포넌트에 클릭
[2017.08.15-02.29.31:228][378]Cmd: TRANSACTION UNDO
[2017.08.15-02.29.31:228][378]LogEditorTransaction: Undo 컴포넌트에 클릭
[2017.08.15-02.29.31:590][379]Cmd: TRANSACTION UNDO
[2017.08.15-02.29.31:590][379]LogEditorTransaction: Undo 액터 클릭
[2017.08.15-02.29.31:862][383]Cmd: TRANSACTION UNDO
[2017.08.15-02.29.31:862][383]LogEditorTransaction: Undo 액터 클릭
[2017.08.15-02.29.32:103][403]Cmd: TRANSACTION UNDO
[2017.08.15-02.29.32:103][403]LogEditorTransaction: Undo 액터 클릭
[2017.08.15-02.29.34:319][601]LogEditorViewport: Clicking on Actor (LMB): 2DSideScrollerCharacter_C (2DSideScrollerCharacter)
[2017.08.15-02.29.46:999][151]Cmd: QUIT_EDITOR
[2017.08.15-02.29.47:157][151]LogWindowsTextInputMethodSystem:Display: IME system now activated using TSF (Microsoft 입력기).
[2017.08.15-02.29.47:169][151]LogExit: Preparing to exit.
[2017.08.15-02.29.47:464][151]LogExit: Editor shut down
[2017.08.15-02.29.47:473][151]LogExit: Transaction tracking system shut down
[2017.08.15-02.29.47:629][151]LogObj: Freed 0b from 0 cluster array pools.
[2017.08.15-02.29.47:629][151]LogExit: Object subsystem successfully closed.
[2017.08.15-02.29.47:650][151]LogD3D11RHI: Shutdown
[2017.08.15-02.29.47:651][151]LogD3D11RHI: CleanupD3DDevice
[2017.08.15-02.29.47:762][151]LogD3D11RHI: ~FD3D11DynamicRHI
[2017.08.15-02.29.47:775][151]LogModuleManager: Shutting down and abandoning module MovieSceneCapture (530)
[2017.08.15-02.29.47:775][151]LogModuleManager: Shutting down and abandoning module BlueprintGraph (528)
[2017.08.15-02.29.47:775][151]LogModuleManager: Shutting down and abandoning module BlueprintProfiler (526)
[2017.08.15-02.29.47:775][151]LogModuleManager: Shutting down and abandoning module HierarchicalLODOutliner (524)
[2017.08.15-02.29.47:775][151]LogModuleManager: Shutting down and abandoning module CrashTracker (522)
[2017.08.15-02.29.47:775][151]LogModuleManager: Shutting down and abandoning module SceneOutliner (520)
[2017.08.15-02.29.47:775][151]LogModuleManager: Shutting down and abandoning module AddContentDialog (518)
[2017.08.15-02.29.47:775][151]LogDirectoryWatcher: A directory notification for 'D:/UE_4.16/FeaturePacks/' was aborted.
[2017.08.15-02.29.47:777][151]LogModuleManager: Shutting down and abandoning module WidgetCarousel (517)
[2017.08.15-02.29.47:777][151]LogModuleManager: Shutting down and abandoning module EditorWidgets (514)
[2017.08.15-02.29.47:777][151]LogModuleManager: Shutting down and abandoning module CollectionManager (512)
[2017.08.15-02.29.47:777][151]LogDirectoryWatcher: A directory notification for 'C:/Users/user/Documents/Unreal Projects/Speedy/Content/Collections/' was aborted.
[2017.08.15-02.29.47:777][151]LogDirectoryWatcher: A directory notification for 'C:/Users/user/Documents/Unreal Projects/Speedy/Content/Developers/user/Collections/' was aborted.
[2017.08.15-02.29.47:777][151]LogDirectoryWatcher: A directory notification for 'C:/Users/user/Documents/Unreal Projects/Speedy/Saved/Collections/' was aborted.
[2017.08.15-02.29.47:778][151]LogModuleManager: Shutting down and abandoning module StatsViewer (510)
[2017.08.15-02.29.47:778][151]LogModuleManager: Shutting down and abandoning module FoliageEdit (508)
[2017.08.15-02.29.47:778][151]LogModuleManager: Shutting down and abandoning module LandscapeEditor (506)
[2017.08.15-02.29.47:778][151]LogModuleManager: Shutting down and abandoning module MeshPaintMode (504)
[2017.08.15-02.29.47:778][151]LogModuleManager: Shutting down and abandoning module SceneDepthPickerMode (502)
[2017.08.15-02.29.47:778][151]LogModuleManager: Shutting down and abandoning module ActorPickerMode (500)
[2017.08.15-02.29.47:778][151]LogModuleManager: Shutting down and abandoning module GeometryMode (498)
[2017.08.15-02.29.47:778][151]LogModuleManager: Shutting down and abandoning module TextureAlignMode (496)
[2017.08.15-02.29.47:778][151]LogModuleManager: Shutting down and abandoning module BspMode (494)
[2017.08.15-02.29.47:778][151]LogModuleManager: Shutting down and abandoning module HardwareSurvey (492)
[2017.08.15-02.29.47:778][151]LogModuleManager: Shutting down and abandoning module SequenceRecorderSections (490)
[2017.08.15-02.29.47:778][151]LogModuleManager: Shutting down and abandoning module AutomationWorker (488)
[2017.08.15-02.29.47:778][151]LogModuleManager: Shutting down and abandoning module MatineeToLevelSequence (486)
[2017.08.15-02.29.47:778][151]LogModuleManager: Shutting down and abandoning module LevelSequenceEditor (484)
[2017.08.15-02.29.47:778][151]LogModuleManager: Shutting down and abandoning module PlacementMode (483)
[2017.08.15-02.29.47:778][151]LogModuleManager: Shutting down and abandoning module WmfMediaFactory (480)
[2017.08.15-02.29.47:778][151]LogModuleManager: Shutting down and abandoning module WmfMediaEditor (478)
[2017.08.15-02.29.47:778][151]LogModuleManager: Shutting down and abandoning module AvfMediaFactory (476)
[2017.08.15-02.29.47:778][151]LogModuleManager: Shutting down and abandoning module AvfMediaEditor (474)
[2017.08.15-02.29.47:778][151]LogModuleManager: Shutting down and abandoning module AndroidMediaFactory (472)
[2017.08.15-02.29.47:778][151]LogModuleManager: Shutting down and abandoning module Media (471)
[2017.08.15-02.29.47:778][151]LogModuleManager: Shutting down and abandoning module AndroidMediaEditor (468)
[2017.08.15-02.29.47:778][151]LogModuleManager: Shutting down and abandoning module CharacterAI (466)
[2017.08.15-02.29.47:778][151]LogModuleManager: Shutting down and abandoning module AudioCapture (464)
[2017.08.15-02.29.47:778][151]LogModuleManager: Shutting down and abandoning module SequenceRecorder (463)
[2017.08.15-02.29.47:778][151]LogModuleManager: Shutting down and abandoning module SmartSnapping (460)
[2017.08.15-02.29.47:778][151]LogModuleManager: Shutting down and abandoning module SessionServices (458)
[2017.08.15-02.29.47:778][151]LogModuleManager: Shutting down and abandoning module ViewportSnapping (456)
[2017.08.15-02.29.47:778][151]LogModuleManager: Shutting down and abandoning module ViewportInteraction (454)
[2017.08.15-02.29.47:778][151]LogModuleManager: Shutting down and abandoning module ClothPainter (452)
[2017.08.15-02.29.47:778][151]LogModuleManager: Shutting down and abandoning module LogVisualizer (450)
[2017.08.15-02.29.47:779][151]LogModuleManager: Shutting down and abandoning module IntroTutorials (448)
[2017.08.15-02.29.47:779][151]LogModuleManager: Shutting down and abandoning module GameProjectGeneration (447)
[2017.08.15-02.29.47:779][151]LogModuleManager: Shutting down and abandoning module EditorLiveStreaming (444)
[2017.08.15-02.29.47:779][151]LogModuleManager: Shutting down and abandoning module IOSPlatformEditor (442)
[2017.08.15-02.29.47:779][151]LogModuleManager: Shutting down and abandoning module HTML5PlatformEditor (440)
[2017.08.15-02.29.47:779][151]LogModuleManager: Shutting down and abandoning module AndroidPlatformEditor (438)
[2017.08.15-02.29.47:779][151]LogModuleManager: Shutting down and abandoning module AndroidDeviceDetection (437)
[2017.08.15-02.29.48:640][151]LogModuleManager: Shutting down and abandoning module IOSRuntimeSettings (434)
[2017.08.15-02.29.48:640][151]LogModuleManager: Shutting down and abandoning module AndroidRuntimeSettings (432)
[2017.08.15-02.29.48:640][151]LogModuleManager: Shutting down and abandoning module InputBindingEditor (430)
[2017.08.15-02.29.48:641][151]LogModuleManager: Shutting down and abandoning module MergeActors (428)
[2017.08.15-02.29.48:641][151]LogModuleManager: Shutting down and abandoning module SizeMap (426)
[2017.08.15-02.29.48:641][151]LogModuleManager: Shutting down and abandoning module TreeMap (424)
[2017.08.15-02.29.48:641][151]LogModuleManager: Shutting down and abandoning module ReferenceViewer (422)
[2017.08.15-02.29.48:641][151]LogModuleManager: Shutting down and abandoning module LocalizationDashboard (420)
[2017.08.15-02.29.48:641][151]LogModuleManager: Shutting down and abandoning module LocalizationService (419)
[2017.08.15-02.29.48:641][151]LogModuleManager: Shutting down and abandoning module HardwareTargeting (416)
[2017.08.15-02.29.48:641][151]LogModuleManager: Shutting down and abandoning module DeviceProfileEditor (414)
[2017.08.15-02.29.48:641][151]LogModuleManager: Shutting down and abandoning module UndoHistory (412)
[2017.08.15-02.29.48:641][151]LogModuleManager: Shutting down and abandoning module UserFeedback (410)
[2017.08.15-02.29.48:641][151]LogModuleManager: Shutting down and abandoning module XmlParser (408)
[2017.08.15-02.29.48:641][151]LogModuleManager: Shutting down and abandoning module Blutility (406)
[2017.08.15-02.29.48:641][151]LogModuleManager: Shutting down and abandoning module ProjectSettingsViewer (404)
[2017.08.15-02.29.48:641][151]LogModuleManager: Shutting down and abandoning module ProjectTargetPlatformEditor (403)
[2017.08.15-02.29.48:641][151]LogModuleManager: Shutting down and abandoning module EditorSettingsViewer (400)
[2017.08.15-02.29.48:641][151]LogModuleManager: Shutting down and abandoning module SettingsEditor (398)
[2017.08.15-02.29.48:641][151]LogModuleManager: Shutting down and abandoning module ProjectLauncher (396)
[2017.08.15-02.29.48:641][151]LogModuleManager: Shutting down and abandoning module SessionFrontend (394)
[2017.08.15-02.29.48:641][151]LogModuleManager: Shutting down and abandoning module ProfilerClient (392)
[2017.08.15-02.29.48:641][151]LogModuleManager: Shutting down and abandoning module DeviceManager (390)
[2017.08.15-02.29.48:641][151]LogModuleManager: Shutting down and abandoning module TargetDeviceServices (389)
[2017.08.15-02.29.48:693][151]LogModuleManager: Shutting down and abandoning module AutomationController (386)
[2017.08.15-02.29.48:693][151]LogModuleManager: Shutting down and abandoning module AutomationWindow (384)
[2017.08.15-02.29.48:693][151]LogModuleManager: Shutting down and abandoning module Layers (382)
[2017.08.15-02.29.48:693][151]LogModuleManager: Shutting down and abandoning module ComponentVisualizers (380)
[2017.08.15-02.29.48:693][151]LogModuleManager: Shutting down and abandoning module DetailCustomizations (378)
[2017.08.15-02.29.48:693][151]LogModuleManager: Shutting down and abandoning module PackagesDialog (376)
[2017.08.15-02.29.48:694][151]LogModuleManager: Shutting down and abandoning module Persona (374)
[2017.08.15-02.29.48:694][151]LogModuleManager: Shutting down and abandoning module AdvancedPreviewScene (373)
[2017.08.15-02.29.48:694][151]LogModuleManager: Shutting down and abandoning module AnimGraph (371)
[2017.08.15-02.29.48:694][151]LogModuleManager: Shutting down and abandoning module Kismet (368)
[2017.08.15-02.29.48:705][151]LogModuleManager: Shutting down and abandoning module ClassViewer (366)
[2017.08.15-02.29.48:708][151]LogModuleManager: Shutting down and abandoning module Toolbox (364)
[2017.08.15-02.29.48:708][151]LogModuleManager: Shutting down and abandoning module ModuleUI (362)
[2017.08.15-02.29.48:708][151]LogModuleManager: Shutting down and abandoning module MovieSceneTools (360)
[2017.08.15-02.29.48:708][151]LogModuleManager: Shutting down and abandoning module OutputLog (358)
[2017.08.15-02.29.48:708][151]LogModuleManager: Shutting down and abandoning module GammaUI (356)
[2017.08.15-02.29.48:708][151]LogModuleManager: Shutting down and abandoning module Documentation (354)
[2017.08.15-02.29.48:708][151]LogModuleManager: Shutting down and abandoning module MovieSceneTracks (352)
[2017.08.15-02.29.48:708][151]LogModuleManager: Shutting down and abandoning module MovieScene (350)
[2017.08.15-02.29.48:708][151]LogModuleManager: Shutting down and abandoning module Niagara (348)
[2017.08.15-02.29.48:708][151]LogModuleManager: Shutting down and abandoning module NiagaraEditor (347)
[2017.08.15-02.29.48:708][151]LogModuleManager: Shutting down and abandoning module StreamingPauseRendering (344)
[2017.08.15-02.29.48:708][151]LogModuleManager: Shutting down and abandoning module AnalyticsET (342)
[2017.08.15-02.29.48:708][151]LogModuleManager: Shutting down and abandoning module PortalServices (340)
[2017.08.15-02.29.48:708][151]LogModuleManager: Shutting down and abandoning module PortalRpc (338)
[2017.08.15-02.29.48:708][151]LogModuleManager: Shutting down and abandoning module MessagingRpc (336)
[2017.08.15-02.29.48:708][151]LogModuleManager: Shutting down and abandoning module AIModule (334)
[2017.08.15-02.29.48:708][151]LogModuleManager: Shutting down and abandoning module GameplayDebugger (333)
[2017.08.15-02.29.48:708][151]LogModuleManager: Shutting down and abandoning module AITestSuite (331)
[2017.08.15-02.29.48:708][151]LogModuleManager: Shutting down and abandoning module ProfilerService (328)
[2017.08.15-02.29.48:773][151]LogModuleManager: Shutting down and abandoning module TaskGraph (326)
[2017.08.15-02.29.48:773][151]LogModuleManager: Shutting down and abandoning module SteamVRController (324)
[2017.08.15-02.29.48:773][151]LogModuleManager: Shutting down and abandoning module SteamVR (322)
[2017.08.15-02.29.48:773][151]LogModuleManager: Shutting down and abandoning module ProceduralMeshComponentEditor (320)
[2017.08.15-02.29.48:773][151]LogModuleManager: Shutting down and abandoning module ProceduralMeshComponent (318)
[2017.08.15-02.29.48:773][151]LogModuleManager: Shutting down and abandoning module OculusLibrary (316)
[2017.08.15-02.29.48:773][151]LogModuleManager: Shutting down and abandoning module OculusInput (314)
[2017.08.15-02.29.48:773][151]LogModuleManager: Shutting down and abandoning module MobilePatchingUtils (312)
[2017.08.15-02.29.48:773][151]LogModuleManager: Shutting down and abandoning module CustomMeshComponent (310)
[2017.08.15-02.29.48:773][151]LogModuleManager: Shutting down and abandoning module CableComponent (308)
[2017.08.15-02.29.48:773][151]LogModuleManager: Shutting down and abandoning module ArchVisCharacter (306)
[2017.08.15-02.29.48:773][151]LogModuleManager: Shutting down and abandoning module AndroidPermission (304)
[2017.08.15-02.29.48:773][151]LogModuleManager: Shutting down and abandoning module MediaPlayerEditor (300)
[2017.08.15-02.29.48:773][151]LogModuleManager: Shutting down and abandoning module HTML5Networking (298)
[2017.08.15-02.29.48:773][151]LogModuleManager: Shutting down and abandoning module AlembicImporter (296)
[2017.08.15-02.29.48:773][151]LogModuleManager: Shutting down and abandoning module AlembicLibrary (295)
[2017.08.15-02.29.48:773][151]LogModuleManager: Shutting down and abandoning module GeometryCache (294)
[2017.08.15-02.29.48:773][151]LogModuleManager: Shutting down and abandoning module GeometryCacheEd (293)
[2017.08.15-02.29.48:773][151]LogModuleManager: Shutting down and abandoning module SuperSearchEditor (288)
[2017.08.15-02.29.48:773][151]LogModuleManager: Shutting down and abandoning module SuperSearch (287)
[2017.08.15-02.29.48:773][151]LogModuleManager: Shutting down and abandoning module SpeedTreeImporter (284)
[2017.08.15-02.29.48:773][151]LogModuleManager: Shutting down and abandoning module PluginBrowser (282)
[2017.08.15-02.29.48:773][151]LogModuleManager: Shutting down and abandoning module MobileLauncherProfileWizard (280)
[2017.08.15-02.29.48:773][151]LogModuleManager: Shutting down and abandoning module VisualStudioSourceCodeAccess (278)
[2017.08.15-02.29.48:773][151]LogModuleManager: Shutting down and abandoning module DesktopPlatform (277)
[2017.08.15-02.29.48:773][151]LogModuleManager: Shutting down and abandoning module UObjectPlugin (274)
[2017.08.15-02.29.48:773][151]LogModuleManager: Shutting down and abandoning module SubversionSourceControl (272)
[2017.08.15-02.29.48:773][151]LogModuleManager: Shutting down and abandoning module PerforceSourceControl (270)
[2017.08.15-02.29.48:773][151]LogModuleManager: Shutting down and abandoning module GitSourceControl (268)
[2017.08.15-02.29.48:773][151]LogModuleManager: Shutting down and abandoning module SourceControl (267)
[2017.08.15-02.29.48:773][151]LogModuleManager: Shutting down and abandoning module LightPropagationVolumeEditor (264)
[2017.08.15-02.29.48:773][151]LogModuleManager: Shutting down and abandoning module PaperTiledImporter (262)
[2017.08.15-02.29.48:773][151]LogModuleManager: Shutting down and abandoning module PaperSpriteSheetImporter (260)
[2017.08.15-02.29.48:773][151]LogModuleManager: Shutting down and abandoning module Paper2DEditor (258)
[2017.08.15-02.29.48:773][151]LogModuleManager: Shutting down and abandoning module MeshPaint (257)
[2017.08.15-02.29.48:773][151]LogModuleManager: Shutting down and abandoning module LevelEditor (255)
[2017.08.15-02.29.48:774][151]LogModuleManager: Shutting down and abandoning module PixelInspectorModule (254)
[2017.08.15-02.29.48:774][151]LogModuleManager: Shutting down and abandoning module MainFrame (252)
[2017.08.15-02.29.48:774][151]LogModuleManager: Shutting down and abandoning module HotReload (251)
[2017.08.15-02.29.48:775][151]LogModuleManager: Shutting down and abandoning module PhysXVehiclesEditor (246)
[2017.08.15-02.29.48:775][151]LogModuleManager: Shutting down and abandoning module PhysXVehicles (244)
[2017.08.15-02.29.48:775][151]LogModuleManager: Shutting down and abandoning module LocationServicesBPLibrary (242)
[2017.08.15-02.29.48:775][151]LogModuleManager: Shutting down and abandoning module ImmediatePhysicsEditor (240)
[2017.08.15-02.29.48:775][151]LogModuleManager: Shutting down and abandoning module ImmediatePhysics (238)
[2017.08.15-02.29.48:775][151]LogModuleManager: Shutting down and abandoning module UdpMessaging (236)
[2017.08.15-02.29.48:876][151]LogModuleManager: Shutting down and abandoning module TcpMessaging (234)
[2017.08.15-02.29.48:977][151]LogModuleManager: Shutting down and abandoning module GameplayTagsEditor (232)
[2017.08.15-02.29.48:977][151]LogModuleManager: Shutting down and abandoning module FacialAnimationEditor (230)
[2017.08.15-02.29.48:977][151]LogModuleManager: Shutting down and abandoning module FacialAnimation (228)
[2017.08.15-02.29.48:977][151]LogModuleManager: Shutting down and abandoning module AssetManagerEditor (226)
[2017.08.15-02.29.48:977][151]LogModuleManager: Shutting down and abandoning module GraphEditor (225)
[2017.08.15-02.29.48:977][151]LogModuleManager: Shutting down and abandoning module ContentBrowser (223)
[2017.08.15-02.29.48:978][151]LogModuleManager: Shutting down and abandoning module LightPropagationVolumeRuntime (220)
[2017.08.15-02.29.48:978][151]LogModuleManager: Shutting down and abandoning module Paper2D (218)
[2017.08.15-02.29.48:978][151]LogModuleManager: Shutting down and abandoning module WindowsMoviePlayer (216)
[2017.08.15-02.29.48:978][151]LogModuleManager: Shutting down and abandoning module WmfMedia (214)
[2017.08.15-02.29.48:978][151]LogModuleManager: Shutting down and abandoning module ClothingSystemEditor (212)
[2017.08.15-02.29.48:978][151]LogModuleManager: Shutting down and abandoning module ClothingSystemRuntime (210)
[2017.08.15-02.29.48:978][151]LogModuleManager: Shutting down and abandoning module MediaAssets (208)
[2017.08.15-02.29.48:978][151]LogModuleManager: Shutting down and abandoning module GameLiveStreaming (206)
[2017.08.15-02.29.48:978][151]LogModuleManager: Shutting down and abandoning module VREditor (204)
[2017.08.15-02.29.48:978][151]LogModuleManager: Shutting down and abandoning module StringTableEditor (202)
[2017.08.15-02.29.48:978][151]LogModuleManager: Shutting down and abandoning module GameplayTasksEditor (200)
[2017.08.15-02.29.48:978][151]LogModuleManager: Shutting down and abandoning module BehaviorTreeEditor (198)
[2017.08.15-02.29.48:978][151]LogModuleManager: Shutting down and abandoning module FunctionalTesting (196)
[2017.08.15-02.29.48:978][151]LogModuleManager: Shutting down and abandoning module CollisionAnalyzer (194)
[2017.08.15-02.29.48:978][151]LogModuleManager: Shutting down and abandoning module UMG (192)
[2017.08.15-02.29.48:978][151]LogModuleManager: Shutting down and abandoning module UMGEditor (191)
[2017.08.15-02.29.48:978][151]LogModuleManager: Shutting down and abandoning module Sequencer (190)
[2017.08.15-02.29.48:978][151]LogModuleManager: Shutting down and abandoning module AssetTools (188)
[2017.08.15-02.29.48:978][151]LogModuleManager: Shutting down and abandoning module MessageLog (187)
[2017.08.15-02.29.48:978][151]LogModuleManager: Shutting down and abandoning module WorkspaceMenuStructure (186)
[2017.08.15-02.29.48:978][151]LogModuleManager: Shutting down and abandoning module SlateReflector (180)
[2017.08.15-02.29.48:978][151]LogModuleManager: Shutting down and abandoning module Slate (178)
[2017.08.15-02.29.48:978][151]LogModuleManager: Shutting down and abandoning module EditorStyle (176)
[2017.08.15-02.29.48:981][151]LogModuleManager: Shutting down and abandoning module SourceCodeAccess (174)
[2017.08.15-02.29.48:981][151]LogModuleManager: Shutting down and abandoning module HeadMountedDisplay (172)
[2017.08.15-02.29.48:981][151]LogModuleManager: Shutting down and abandoning module XAudio2 (170)
[2017.08.15-02.29.48:981][151]LogModuleManager: Shutting down and abandoning module Networking (168)
[2017.08.15-02.29.48:981][151]LogModuleManager: Shutting down and abandoning module Core (164)
[2017.08.15-02.29.48:981][151]LogModuleManager: Shutting down and abandoning module AssetRegistry (162)
[2017.08.15-02.29.49:131][151]LogDirectoryWatcher: A directory notification for '../../../Engine/Content/' was aborted.
[2017.08.15-02.29.49:132][151]LogDirectoryWatcher: A directory notification for 'C:/Users/user/Documents/Unreal Projects/Speedy/Content/' was aborted.
[2017.08.15-02.29.49:132][151]LogDirectoryWatcher: A directory notification for '../../../Engine/Plugins/2D/Paper2D/Content/' was aborted.
[2017.08.15-02.29.49:132][151]LogDirectoryWatcher: A directory notification for '../../../Engine/Plugins/Runtime/GearVR/Content/' was aborted.
[2017.08.15-02.29.49:135][151]LogModuleManager: Shutting down and abandoning module DirectoryWatcher (161)
[2017.08.15-02.29.49:139][151]LogModuleManager: Shutting down and abandoning module KismetCompiler (158)
[2017.08.15-02.29.49:139][151]LogModuleManager: Shutting down and abandoning module LevelSequence (156)
[2017.08.15-02.29.49:139][151]LogModuleManager: Shutting down and abandoning module PhysXFormats (154)
[2017.08.15-02.29.49:139][151]LogModuleManager: Shutting down and abandoning module MeshUtilities (152)
[2017.08.15-02.29.49:139][151]LogModuleManager: Shutting down and abandoning module SimplygonSwarm (151)
[2017.08.15-02.29.49:139][151]LogModuleManager: Shutting down and abandoning module SimplygonMeshReduction (149)
[2017.08.15-02.29.49:139][151]LogModuleManager: Shutting down and abandoning module QuadricMeshReduction (147)
[2017.08.15-02.29.49:139][151]LogModuleManager: Shutting down and abandoning module DerivedDataCache (144)
[2017.08.15-02.29.49:195][151]LogDerivedDataCache: Shutdown
[2017.08.15-02.29.49:195][151]LogModuleManager: Shutting down and abandoning module TargetPlatform (142)
[2017.08.15-02.29.49:195][151]LogModuleManager: Shutting down and abandoning module VulkanShaderFormat (141)
[2017.08.15-02.29.49:195][151]LogModuleManager: Shutting down and abandoning module ShaderFormatVectorVM (139)
[2017.08.15-02.29.49:196][151]LogModuleManager: Shutting down and abandoning module ShaderFormatOpenGL (137)
[2017.08.15-02.29.49:196][151]LogModuleManager: Shutting down and abandoning module ShaderFormatD3D (135)
[2017.08.15-02.29.49:196][151]LogModuleManager: Shutting down and abandoning module MetalShaderFormat (133)
[2017.08.15-02.29.49:196][151]LogModuleManager: Shutting down and abandoning module TextureFormatUncompressed (131)
[2017.08.15-02.29.49:196][151]LogModuleManager: Shutting down and abandoning module TextureFormatPVR (129)
[2017.08.15-02.29.49:196][151]LogModuleManager: Shutting down and abandoning module TextureFormatDXT (127)
[2017.08.15-02.29.49:196][151]LogModuleManager: Shutting down and abandoning module TextureFormatIntelISPCTexComp (125)
[2017.08.15-02.29.49:196][151]LogModuleManager: Shutting down and abandoning module TextureFormatASTC (123)
[2017.08.15-02.29.49:196][151]LogModuleManager: Shutting down and abandoning module ImageWrapper (122)
[2017.08.15-02.29.49:196][151]LogModuleManager: Shutting down and abandoning module TextureFormatAndroid (119)
[2017.08.15-02.29.49:196][151]LogModuleManager: Shutting down and abandoning module AudioFormatOpus (117)
[2017.08.15-02.29.49:196][151]LogModuleManager: Shutting down and abandoning module AudioFormatOgg (115)
[2017.08.15-02.29.49:196][151]LogModuleManager: Shutting down and abandoning module AudioFormatADPCM (113)
[2017.08.15-02.29.49:196][151]LogModuleManager: Shutting down and abandoning module LinuxTargetPlatform (111)
[2017.08.15-02.29.49:196][151]LogModuleManager: Shutting down and abandoning module LinuxServerTargetPlatform (109)
[2017.08.15-02.29.49:196][151]LogModuleManager: Shutting down and abandoning module LinuxNoEditorTargetPlatform (107)
[2017.08.15-02.29.49:196][151]LogModuleManager: Shutting down and abandoning module LinuxClientTargetPlatform (105)
[2017.08.15-02.29.49:196][151]LogModuleManager: Shutting down and abandoning module TVOSTargetPlatform (103)
[2017.08.15-02.29.49:196][151]LogModuleManager: Shutting down and abandoning module Messaging (101)
[2017.08.15-02.29.49:196][151]LogModuleManager: Shutting down and abandoning module IOSTargetPlatform (99)
[2017.08.15-02.29.49:196][151]LogModuleManager: Shutting down and abandoning module HTML5TargetPlatform (97)
[2017.08.15-02.29.49:196][151]LogModuleManager: Shutting down and abandoning module Android_PVRTCTargetPlatform (95)
[2017.08.15-02.29.49:196][151]LogModuleManager: Shutting down and abandoning module Android_MultiTargetPlatform (93)
[2017.08.15-02.29.49:196][151]LogModuleManager: Shutting down and abandoning module Android_ETC2TargetPlatform (91)
[2017.08.15-02.29.49:196][151]LogModuleManager: Shutting down and abandoning module Android_ETC1TargetPlatform (89)
[2017.08.15-02.29.49:196][151]LogModuleManager: Shutting down and abandoning module Android_DXTTargetPlatform (87)
[2017.08.15-02.29.49:196][151]LogModuleManager: Shutting down and abandoning module Android_ATCTargetPlatform (85)
[2017.08.15-02.29.49:196][151]LogModuleManager: Shutting down and abandoning module Android_ASTCTargetPlatform (83)
[2017.08.15-02.29.49:196][151]LogModuleManager: Shutting down and abandoning module AndroidTargetPlatform (81)
[2017.08.15-02.29.49:196][151]LogModuleManager: Shutting down and abandoning module WindowsTargetPlatform (79)
[2017.08.15-02.29.49:196][151]LogModuleManager: Shutting down and abandoning module WindowsServerTargetPlatform (77)
[2017.08.15-02.29.49:196][151]LogModuleManager: Shutting down and abandoning module WindowsNoEditorTargetPlatform (75)
[2017.08.15-02.29.49:196][151]LogModuleManager: Shutting down and abandoning module WindowsClientTargetPlatform (73)
[2017.08.15-02.29.49:196][151]LogModuleManager: Shutting down and abandoning module MacTargetPlatform (71)
[2017.08.15-02.29.49:196][151]LogModuleManager: Shutting down and abandoning module MacServerTargetPlatform (69)
[2017.08.15-02.29.49:196][151]LogModuleManager: Shutting down and abandoning module MacNoEditorTargetPlatform (67)
[2017.08.15-02.29.49:196][151]LogModuleManager: Shutting down and abandoning module MacClientTargetPlatform (65)
[2017.08.15-02.29.49:196][151]LogModuleManager: Shutting down and abandoning module AllDesktopTargetPlatform (63)
[2017.08.15-02.29.49:196][151]LogModuleManager: Shutting down and abandoning module InputCore (60)
[2017.08.15-02.29.49:196][151]LogModuleManager: Shutting down and abandoning module Settings (58)
[2017.08.15-02.29.49:196][151]LogModuleManager: Shutting down and abandoning module OculusRift (56)
[2017.08.15-02.29.49:196][151]LogModuleManager: Shutting down and abandoning module GearVRController (54)
[2017.08.15-02.29.49:196][151]LogModuleManager: Shutting down and abandoning module GearVR (52)
[2017.08.15-02.29.49:196][151]LogModuleManager: Shutting down and abandoning module ExampleDeviceProfileSelector (50)
[2017.08.15-02.29.49:196][151]LogModuleManager: Shutting down and abandoning module OnlineBlueprintSupport (48)
[2017.08.15-02.29.49:196][151]LogModuleManager: Shutting down and abandoning module OnlineSubsystem (44)
[2017.08.15-02.29.49:196][151]LogOnline:Display: Unloading online subsystem: NULL
[2017.08.15-02.29.49:196][151]LogModuleManager: Shutting down and abandoning module XMPP (43)
[2017.08.15-02.29.49:196][151]LogModuleManager: Shutting down and abandoning module HTTP (41)
[2017.08.15-02.29.49:196][151]LogHttp:Display: Http module shutting down, but needs to wait on 1 outstanding Http requests:
[2017.08.15-02.29.49:196][151]LogHttp:Display: 	verb=[POST] url=[https://datarouter.ol.epicgames.com/datarouter/api/v1/public/data?SessionID=%7B41CB9529-462E-2A1B-060C-8A9CA1EBAD6D%7D&AppID=UEEditor.Rocket.Release&AppVersion=4.16.3-3561208%2B%2B%2BUE4%2BRelease-4.16&UserID=d32318d6443c82eb45d804811fdeaea0%7Ceefdd4ab262c4db284bee4401cb30bf5%7Cc01a5bb9-2f54-4422-ad79-7f6ef5dfa6ae&AppEnvironment=datacollector-binary&UploadType=eteventstream] status=Processing
[2017.08.15-02.29.49:207][151]LogModuleManager: Shutting down and abandoning module SSL (40)
[2017.08.15-02.29.49:209][151]LogModuleManager: Shutting down and abandoning module HTTPChunkInstaller (36)
[2017.08.15-02.29.49:209][151]LogModuleManager: Shutting down and abandoning module AnimationModifiers (34)
[2017.08.15-02.29.49:209][151]LogModuleManager: Shutting down and abandoning module PropertyEditor (33)
[2017.08.15-02.29.49:209][151]LogModuleManager: Shutting down and abandoning module AudioEditor (30)
[2017.08.15-02.29.49:209][151]LogModuleManager: Shutting down and abandoning module TextureCompressor (28)
[2017.08.15-02.29.49:209][151]LogModuleManager: Shutting down and abandoning module ShaderCore (26)
[2017.08.15-02.29.49:209][151]LogModuleManager: Shutting down and abandoning module Landscape (24)
[2017.08.15-02.29.49:209][151]LogModuleManager: Shutting down and abandoning module SlateRHIRenderer (22)
[2017.08.15-02.29.49:213][151]LogModuleManager: Shutting down and abandoning module OpenGLDrv (20)
[2017.08.15-02.29.49:213][151]LogModuleManager: Shutting down and abandoning module D3D11RHI (18)
[2017.08.15-02.29.49:213][151]LogModuleManager: Shutting down and abandoning module AnimGraphRuntime (16)
[2017.08.15-02.29.49:213][151]LogModuleManager: Shutting down and abandoning module Renderer (14)
[2017.08.15-02.29.49:213][151]LogModuleManager: Shutting down and abandoning module Engine (12)
[2017.08.15-02.29.49:213][151]LogModuleManager: Shutting down and abandoning module CoreUObject (10)
[2017.08.15-02.29.49:213][151]LogModuleManager: Shutting down and abandoning module NetworkFile (8)
[2017.08.15-02.29.49:213][151]LogModuleManager: Shutting down and abandoning module StreamingFile (6)
[2017.08.15-02.29.49:213][151]LogModuleManager: Shutting down and abandoning module SandboxFile (4)
[2017.08.15-02.29.49:213][151]LogModuleManager: Shutting down and abandoning module PakFile (2)
[2017.08.15-02.29.49:214][151]LogExit: Exiting.
[2017.08.15-02.29.49:231][151]Log file closed, 08/15/17 11:29:49
