Log file open, 10/06/17 11:17:23
LogInit:Display: Running engine for game: Speedy
LogPlatformFile: Not using cached read wrapper
LogInit:Display: RandInit(1804975186) SRandInit(1804975186).
LogTaskGraph: Started task graph with 5 named threads and 6 total threads with 1 sets of task threads.
LogStats: Stats thread started at 0.091061
LogInit: Using libcurl 7.47.1
LogInit:  - built for x86_64-pc-win32
LogInit:  - supports SSL with OpenSSL/1.0.2g
LogInit:  - supports HTTP deflate (compression) using libz 1.2.8
LogInit:  - other features:
LogInit:      CURL_VERSION_SSL
LogInit:      CURL_VERSION_LIBZ
LogInit:      CURL_VERSION_IPV6
LogInit:      CURL_VERSION_ASYNCHDNS
LogInit:      CURL_VERSION_LARGEFILE
LogInit:      CURL_VERSION_IDN
LogInit:  CurlRequestOptions (configurable via config and command line):
LogInit:  - bVerifyPeer = false  - Libcurl will NOT verify peer certificate
LogInit:  - bUseHttpProxy = false  - Libcurl will NOT use HTTP proxy
LogInit:  - bDontReuseConnections = false  - Libcurl will reuse connections
LogInit:  - CertBundlePath = nullptr  - Libcurl will use whatever was configured at build time.
LogInit: Build: ++UE4+Release-4.16-CL-3561208
LogInit: Engine Version: 4.16.3-3561208+++UE4+Release-4.16
LogInit: Compatible Engine Version: 4.16.0-3452394+++UE4+Release-4.16
LogInit: Net CL: 3452394
LogDevObjectVersion: Number of dev versions registered: 16
LogDevObjectVersion:   Dev-Blueprints (B0D832E4-1F89-4F0D-ACCF-7EB736FD4AA2): 9
LogDevObjectVersion:   Dev-Build (E1C64328-A22C-4D53-A36C-8E866417BD8C): 0
LogDevObjectVersion:   Dev-Core (375EC13C-06E4-48FB-B500-84F0262A717E): 2
LogDevObjectVersion:   Dev-Editor (E4B068ED-F494-42E9-A231-DA0B2E46BB41): 17
LogDevObjectVersion:   Dev-Framework (CFFC743F-43B0-4480-9391-14DF171D2073): 23
LogDevObjectVersion:   Dev-Mobile (B02B49B5-BB20-44E9-A304-32B752E40360): 0
LogDevObjectVersion:   Dev-Networking (A4E4105C-59A1-49B5-A7C5-40C4547EDFEE): 0
LogDevObjectVersion:   Dev-Online (39C831C9-5AE6-47DC-9A44-9C173E1C8E7C): 0
LogDevObjectVersion:   Dev-Physics (78F01B33-EBEA-4F98-B9B4-84EACCB95AA2): 0
LogDevObjectVersion:   Dev-Platform (6631380F-2D4D-43E0-8009-CF276956A95A): 0
LogDevObjectVersion:   Dev-Rendering (12F88B9F-8875-4AFC-A67C-D90C383ABD29): 15
LogDevObjectVersion:   Dev-Sequencer (7B5AE74C-D270-4C10-A958-57980B212A5A): 4
LogDevObjectVersion:   Dev-VR (D7296918-1DD6-4BDD-9DE2-64A83CC13884): 0
LogDevObjectVersion:   Dev-LoadTimes (C2A15278-BFE7-4AFE-6C17-90FF531DF755): 1
LogDevObjectVersion:   Private-Geometry (6EACA3D4-40EC-4CC1-B786-8BED09428FC5): 1
LogDevObjectVersion:   Dev-AnimPhys (29E575DD-E0A3-4627-9D10-D276232CDCEA): 3
LogInit: Compiled (64-bit): Jul 28 2017 11:49:47
LogInit: Compiled with Visual C++: 19.00.24215.01
LogInit: Build Configuration: Development
LogInit: Branch Name: ++UE4+Release-4.16
LogInit: Command line:  
LogInit: Base directory: C:/Program Files/Epic Games/UE_4.16/Engine/Binaries/Win64/
LogInit: Installed Engine Build: 1
LogInit: Presizing for max 8388607 objects, including 0 objects not considered by GC, pre-allocating 0 bytes for permanent pool.
LogInit: Object subsystem initialized
[2017.10.06-02.17.24:173][  0]LogInit: Selected Device Profile: [Windows]
[2017.10.06-02.17.24:173][  0]LogInit: Applying CVar settings loaded from the selected device profile: [Windows]
[2017.10.06-02.17.24:186][  0]LogInit: Computer: PAPERBOX
[2017.10.06-02.17.24:186][  0]LogInit: User: 정민
[2017.10.06-02.17.24:186][  0]LogInit: CPU Page size=4096, Cores=2
[2017.10.06-02.17.24:186][  0]LogInit: High frequency timer resolution =2.628195 MHz
[2017.10.06-02.17.24:186][  0]LogMemory: Memory total: Physical=7.9GB (8GB approx)
[2017.10.06-02.17.24:186][  0]LogMemory: Platform Memory Stats for Windows
[2017.10.06-02.17.24:186][  0]LogMemory: Process Physical Memory: 276.28 MB used, 276.28 MB peak
[2017.10.06-02.17.24:186][  0]LogMemory: Process Virtual Memory: 266.80 MB used, 266.80 MB peak
[2017.10.06-02.17.24:186][  0]LogMemory: Physical Memory: 3147.60 MB used,  4926.64 MB free, 8074.24 MB total
[2017.10.06-02.17.24:186][  0]LogMemory: Virtual Memory: 680.61 MB used,  4926.64 MB free, 134217728.00 MB total
[2017.10.06-02.17.24:381][  0]LogInit: Using OS detected language (ko-KR).
[2017.10.06-02.17.24:381][  0]LogInit: Using OS detected locale (ko-KR).
[2017.10.06-02.17.24:387][  0]LogTextLocalizationManager: No specific localization for 'ko-KR' exists, so the 'ko' localization will be used.
[2017.10.06-02.17.25:686][  0]LogD3D11RHI: D3D11 adapters:
[2017.10.06-02.17.25:768][  0]LogD3D11RHI:    0. 'NVIDIA NVS 4200M' (Feature Level 11_0)
[2017.10.06-02.17.25:768][  0]LogD3D11RHI:       979/0/4037 MB DedicatedVideo/DedicatedSystem/SharedSystem, Outputs:1, VendorId:0x10de
[2017.10.06-02.17.25:807][  0]LogD3D11RHI:    1. 'NVIDIA NVS 4200M' (Feature Level 11_0)
[2017.10.06-02.17.25:807][  0]LogD3D11RHI:       979/0/4037 MB DedicatedVideo/DedicatedSystem/SharedSystem, Outputs:0, VendorId:0x10de
[2017.10.06-02.17.25:817][  0]LogD3D11RHI:    2. 'Microsoft Basic Render Driver' (Feature Level 11_0)
[2017.10.06-02.17.25:817][  0]LogD3D11RHI:       979/0/4037 MB DedicatedVideo/DedicatedSystem/SharedSystem, Outputs:0, VendorId:0x1414
[2017.10.06-02.17.25:817][  0]LogD3D11RHI: Chosen D3D11 Adapter: 0
[2017.10.06-02.17.25:828][  0]LogD3D11RHI: Creating new Direct3DDevice
[2017.10.06-02.17.25:828][  0]LogD3D11RHI:     GPU DeviceId: 0x1056 (for the marketing name, search the web for "GPU Device Id")
[2017.10.06-02.17.25:828][  0]LogWindows: EnumDisplayDevices:
[2017.10.06-02.17.25:829][  0]LogWindows:    0. 'Intel(R) HD Graphics 3000' (P:1 D:1)
[2017.10.06-02.17.25:829][  0]LogWindows:    1. 'Intel(R) HD Graphics 3000' (P:0 D:0)
[2017.10.06-02.17.25:829][  0]LogWindows:    2. 'NVIDIA NVS 4200M' (P:0 D:0)
[2017.10.06-02.17.25:829][  0]LogWindows:    3. 'NVIDIA NVS 4200M' (P:0 D:0)
[2017.10.06-02.17.25:830][  0]LogWindows: DebugString: GetVideoDriverDetailsInvalid PrimaryIsNotTheChoosenAdapter GetVideoDriverDetailsInvalid PrimaryIsNotTheChoosenAdapter GetVideoDriverDetailsInvalid PrimaryIsNotTheChoosenAdapter GetVideoDriverDetailsInvalid PrimaryIsNotTheChoosenAdapter FoundDriverCount:0 
[2017.10.06-02.17.25:830][  0]LogD3D11RHI:     Adapter Name: NVIDIA NVS 4200M
[2017.10.06-02.17.25:830][  0]LogD3D11RHI:   Driver Version: Unknown (internal:Unknown, unified:Unknown)
[2017.10.06-02.17.25:830][  0]LogD3D11RHI:      Driver Date: Unknown
[2017.10.06-02.17.25:830][  0]LogRHI: Texture pool is 685 MB (70% of 979 MB)
[2017.10.06-02.17.25:866][  0]LogD3D11RHI:Display: Timestamp queries are currently disabled on this hardware due to instability. Realtime GPU stats will not be available. You can override this behaviour by setting r.NVIDIATimestampWorkaround to 0
[2017.10.06-02.17.25:867][  0]LogD3D11RHI: Async texture creation enabled
[2017.10.06-02.17.25:883][  0]LogD3D11RHI: GPU Timing Frequency: 1000.000000 (Debug: 2 1)
[2017.10.06-02.17.25:884][  0]LogShaderCompilers: Guid format shader working directory is -14 characters bigger than the processId version (../../../../../../Users/정민/Documents/GitHub/speedy/Speedy/Intermediate/Shaders/WorkingDirectory/8280/).
[2017.10.06-02.17.25:885][  0]LogShaderCompilers: Cleaned the shader compiler working directory 'C:/Users/정민/AppData/Local/Temp/UnrealShaderWorkingDir/138894AD4F66C4F83A21B89ABD7082C5/'.
[2017.10.06-02.17.25:885][  0]LogShaderCompilers:Display: Using Local Shader Compiler.
[2017.10.06-02.17.27:534][  0]LogTemp:Display: Loaded TP AllDesktopTargetPlatform
[2017.10.06-02.17.27:662][  0]LogTemp:Display: Loaded TP MacClientTargetPlatform
[2017.10.06-02.17.27:794][  0]LogTemp:Display: Loaded TP MacNoEditorTargetPlatform
[2017.10.06-02.17.27:919][  0]LogTemp:Display: Loaded TP MacServerTargetPlatform
[2017.10.06-02.17.28:051][  0]LogTemp:Display: Loaded TP MacTargetPlatform
[2017.10.06-02.17.28:176][  0]LogTemp:Display: Loaded TP WindowsClientTargetPlatform
[2017.10.06-02.17.28:305][  0]LogTemp:Display: Loaded TP WindowsNoEditorTargetPlatform
[2017.10.06-02.17.28:431][  0]LogTemp:Display: Loaded TP WindowsServerTargetPlatform
[2017.10.06-02.17.28:550][  0]LogTemp:Display: Loaded TP WindowsTargetPlatform
[2017.10.06-02.17.28:674][  0]LogTemp:Display: Loaded TP AndroidTargetPlatform
[2017.10.06-02.17.28:799][  0]LogTemp:Display: Loaded TP Android_ASTCTargetPlatform
[2017.10.06-02.17.28:928][  0]LogTemp:Display: Loaded TP Android_ATCTargetPlatform
[2017.10.06-02.17.29:058][  0]LogTemp:Display: Loaded TP Android_DXTTargetPlatform
[2017.10.06-02.17.29:181][  0]LogTemp:Display: Loaded TP Android_ETC1TargetPlatform
[2017.10.06-02.17.29:304][  0]LogTemp:Display: Loaded TP Android_ETC2TargetPlatform
[2017.10.06-02.17.29:551][  0]LogTemp:Display: Loaded TP Android_MultiTargetPlatform
[2017.10.06-02.17.29:551][  0]LogTemp:Display: Loaded TP Android_PVRTCTargetPlatform
[2017.10.06-02.17.29:662][  0]LogTemp:Display: Loaded TP HTML5TargetPlatform
[2017.10.06-02.17.29:871][  0]LogTemp:Display: Loaded TP IOSTargetPlatform
[2017.10.06-02.17.29:947][  0]LogTemp:Display: Loaded TP TVOSTargetPlatform
[2017.10.06-02.17.30:073][  0]LogTemp:Display: Loaded TP LinuxClientTargetPlatform
[2017.10.06-02.17.30:196][  0]LogTemp:Display: Loaded TP LinuxNoEditorTargetPlatform
[2017.10.06-02.17.30:319][  0]LogTemp:Display: Loaded TP LinuxServerTargetPlatform
[2017.10.06-02.17.30:443][  0]LogTemp:Display: Loaded TP LinuxTargetPlatform
[2017.10.06-02.17.30:443][  0]LogTargetPlatformManager:Display: Building Assets For Windows
[2017.10.06-02.17.31:806][  0]LogDerivedDataCache:Display: Max Cache Size: 512 MB
[2017.10.06-02.17.31:906][  0]LogDerivedDataCache: Loaded boot cache 0.10s 90MB C:/Users/정민/AppData/Local/UnrealEngine/4.16/DerivedDataCache/Boot.ddc.
[2017.10.06-02.17.31:906][  0]LogDerivedDataCache:Display: Loaded Boot cache: C:/Users/정민/AppData/Local/UnrealEngine/4.16/DerivedDataCache/Boot.ddc
[2017.10.06-02.17.31:906][  0]LogDerivedDataCache: FDerivedDataBackendGraph:  Pak pak cache file ../../../../../../Users/정민/Documents/GitHub/speedy/Speedy/DerivedDataCache/DDC.ddp not found, will not use a pak cache.
[2017.10.06-02.17.31:906][  0]LogDerivedDataCache: Unable to find inner node Pak for hierarchical cache Hierarchy.
[2017.10.06-02.17.31:906][  0]LogDerivedDataCache: FDerivedDataBackendGraph:  CompressedPak pak cache file ../../../../../../Users/정민/Documents/GitHub/speedy/Speedy/DerivedDataCache/Compressed.ddp not found, will not use a pak cache.
[2017.10.06-02.17.31:906][  0]LogDerivedDataCache: Unable to find inner node CompressedPak for hierarchical cache Hierarchy.
[2017.10.06-02.17.31:926][  0]LogDerivedDataCache:Display: Pak cache opened for reading ../../../Engine/DerivedDataCache/Compressed.ddp.
[2017.10.06-02.17.31:940][  0]LogDerivedDataCache: Using Local data cache path C:/Users/정민/AppData/Local/UnrealEngine/Common/DerivedDataCache: Writable
[2017.10.06-02.17.31:953][  0]LogMaterial: Verifying Global Shaders for PCD3D_SM5
[2017.10.06-02.17.31:953][  0]LogSlate: Using Freetype 2.6.0
[2017.10.06-02.17.31:954][  0]LogSlate: SlateFontCache - WITH_FREETYPE: 1, WITH_HARFBUZZ: 1
[2017.10.06-02.17.31:954][  0]LogSlate: SlateFontCache - WITH_FREETYPE: 1, WITH_HARFBUZZ: 1
[2017.10.06-02.17.32:467][  0]LogInit: Selected Device Profile: [Windows]
[2017.10.06-02.17.32:567][  0]LogContentStreaming: Texture pool size is 0.00 MB
[2017.10.06-02.17.32:881][  0]LogMeshUtilities: Using QuadricMeshReduction for automatic static mesh reduction
[2017.10.06-02.17.33:007][  0]LogSimplygon: Simplygon DLL not present - disabling.
[2017.10.06-02.17.33:134][  0]LogMeshUtilities: Using SimplygonSwarm for distributed automatic mesh merging
[2017.10.06-02.17.33:134][  0]LogMeshUtilities: No automatic skeletal mesh reduction module available
[2017.10.06-02.17.33:134][  0]LogMeshUtilities: No automatic mesh merging module available
[2017.10.06-02.17.34:200][  0]LogNetVersion: Speedy , NetCL: 3452394, EngineNetVer: 2, GameNetVer: 0 (Checksum: 418536735)
[2017.10.06-02.17.34:312][  0]LogAssetRegistry: FAssetRegistry took 0.0274 seconds to start up
[2017.10.06-02.17.34:453][  0]LogPackageLocalizationCache: Processed 4 localized package path(s) for 2 prioritized culture(s) in 0.065259 seconds
[2017.10.06-02.17.34:460][  0]LogUObjectArray: 34194 objects as part of root set at end of initial load.
[2017.10.06-02.17.34:460][  0]LogUObjectAllocator: 7260424 out of 0 bytes used by permanent object pool.
[2017.10.06-02.17.34:460][  0]LogUObjectArray: CloseDisregardForGC: 0/0 objects in disregard for GC pool
[2017.10.06-02.17.34:655][  0]LogInit: WinSock: version 1.1 (2.2), MaxSocks=32767, MaxUdp=65467
[2017.10.06-02.17.39:813][  0]LogTcpMessaging: Initializing TcpMessaging bridge
[2017.10.06-02.17.39:907][  0]LogUdpMessaging: Initializing bridge on interface 0.0.0.0:0 to multicast group 230.0.0.1:6666.
[2017.10.06-02.17.41:176][  0]LogMaterial: Uniform references updated for custom material expression Custom.
[2017.10.06-02.17.42:151][  0]SourceControl: 정보 소스 콘트롤이 꺼졌습니다.
[2017.10.06-02.17.42:243][  0]SourceControl: 정보 소스 콘트롤이 꺼졌습니다.
[2017.10.06-02.17.42:381][  0]SourceControl: 정보 소스 콘트롤이 꺼졌습니다.
[2017.10.06-02.17.42:511][  0]SourceControl: 정보 소스 콘트롤이 꺼졌습니다.
[2017.10.06-02.17.44:381][  0]LogAndroidPermission: UAndroidPermissionCallbackProxy::GetInstance
[2017.10.06-02.17.45:988][  0]LogEngine: Initializing Engine...
[2017.10.06-02.17.45:989][  0]LogHMD: Failed to initialize OpenVR with code 110
[2017.10.06-02.17.46:283][  0]LogStats: UGameplayTagsManager::ConstructGameplayTagTree: Construct from data asset -  0.000 s
[2017.10.06-02.17.46:283][  0]LogStats: UGameplayTagsManager::ConstructGameplayTagTree: GameplayTagTreeChangedEvent.Broadcast -  0.000 s
[2017.10.06-02.17.46:630][  0]LogAIModule: Creating AISystem for world Untitled
[2017.10.06-02.17.46:639][  0]LogInit: XAudio2 using '스피커(Conexant 20672 SmartAudio HD)' : 2 channels at 48 kHz using 16 bits per sample (channel mask 0x3)
[2017.10.06-02.17.46:672][  0]LogInit: FAudioDevice initialized.
[2017.10.06-02.17.46:723][  0]LogDerivedDataCache: Saved boot cache 0.05s 90MB C:/Users/정민/AppData/Local/UnrealEngine/4.16/DerivedDataCache/Boot.ddc.
[2017.10.06-02.17.46:740][  0]LogInit: Texture streaming: Enabled
[2017.10.06-02.17.47:035][  0]LogEngineSessionManager: EngineSessionManager initialized
[2017.10.06-02.17.47:638][  0]LogInit: Transaction tracking system initialized
[2017.10.06-02.17.48:549][  0]BlueprintLog: New page: 에디터 로드
[2017.10.06-02.17.51:288][  0]LocalizationService: 정보 현지화 서비스가 비활성화되었습니다.
[2017.10.06-02.17.53:509][  0]LogConsoleResponse:Display: 
[2017.10.06-02.17.53:802][  0]LogCook:Display: Max memory allowance for cook 16384mb min free memory 0mb
[2017.10.06-02.17.53:802][  0]LogCook:Display: Mobile HDR setting 0
[2017.10.06-02.17.53:987][  0]LogFileCache: Scanning file cache for directory 'C:/Users/정민/Documents/GitHub/speedy/Speedy/Content/' took 0.02s
[2017.10.06-02.17.56:780][  0]SourceControl: 정보 소스 콘트롤이 꺼졌습니다.
[2017.10.06-02.17.56:780][  0]Cmd: MAP LOAD FILE="../../../../../../Users/정민/Documents/GitHub/speedy/Speedy/Content/2DSideScrollerBP/Maps/2DSideScrollerExampleMap.umap" TEMPLATE=0 SHOWPROGRESS=1 FEATURELEVEL=3
[2017.10.06-02.17.56:781][  0]LightingResults: New page: 라이팅 빌드
[2017.10.06-02.17.56:903][  0]MapCheck: New page: 맵 체크
[2017.10.06-02.17.56:903][  0]LightingResults: New page: 라이팅 빌드
[2017.10.06-02.17.57:178][  0]LogAIModule: Creating AISystem for world 2DSideScrollerExampleMap
[2017.10.06-02.17.57:184][  0]LogEditorServer: Finished looking for orphan Actors (0.000 secs)
[2017.10.06-02.17.57:212][  0]Cmd: MAP CHECKDEP NOCLEARLOG
[2017.10.06-02.17.57:328][  0]MapCheck: 정보 맵 체크 완료: 오류 0 회, 경고 0 회, 소요 시간 115.717ms.
[2017.10.06-02.17.57:328][  0]LogFileHelpers: Loading map '2DSideScrollerExampleMap' took 0.548
[2017.10.06-02.17.57:410][  0]LogWindowsTextInputMethodSystem:Display: IME system now activated using TSF (Microsoft 입력기).
[2017.10.06-02.17.57:558][  0]LogCollectionManager: Loaded 0 collections in 0.002810 seconds
[2017.10.06-02.17.57:716][  0]LogFileCache: Scanning file cache for directory 'C:/Users/정민/Documents/GitHub/speedy/Speedy/Saved/Collections/' took 0.01s
[2017.10.06-02.17.57:716][  0]LogFileCache: Scanning file cache for directory 'C:/Users/정민/Documents/GitHub/speedy/Speedy/Content/Developers/정민/Collections/' took 0.01s
[2017.10.06-02.17.57:716][  0]LogFileCache: Scanning file cache for directory 'C:/Users/정민/Documents/GitHub/speedy/Speedy/Content/Collections/' took 0.01s
[2017.10.06-02.17.57:716][  0]LogCollectionManager: Rebuilt the GUID cache for 0 collections in 0.000002 seconds
[2017.10.06-02.17.57:728][  0]LogContentBrowser: Native class hierarchy populated in 0.0122 seconds. Added 2329 classes and 491 folders.
[2017.10.06-02.17.57:914][  0]LogContentBrowser: Native class hierarchy updated for 'WidgetCarousel' in 0.0008 seconds. Added 0 classes and 0 folders.
[2017.10.06-02.17.57:997][  0]LogContentBrowser: Native class hierarchy updated for 'AddContentDialog' in 0.0007 seconds. Added 0 classes and 0 folders.
[2017.10.06-02.17.58:113][  0]LogContentBrowser: Native class hierarchy updated for 'SceneOutliner' in 0.0008 seconds. Added 1 classes and 2 folders.
[2017.10.06-02.17.58:268][  0]LogCrashTracker: Crashtracker disabled due to settings.
[2017.10.06-02.17.58:287][  0]LogSlate: Took 0.000510 seconds to synchronously load lazily loaded font '../../../Engine/Content/Slate/Fonts/Roboto-Regular.ttf' (155K)
[2017.10.06-02.17.58:297][  0]LogSlate: Took 0.005919 seconds to synchronously load lazily loaded font '../../../Engine/Content/Slate/Fonts/NanumGothic.ttf' (4243K)
[2017.10.06-02.17.58:299][  0]LogSlate: Took 0.000436 seconds to synchronously load lazily loaded font '../../../Engine/Content/Slate/Fonts/Roboto-Bold.ttf' (160K)
[2017.10.06-02.17.58:306][  0]LogSlate: Took 0.000427 seconds to synchronously load lazily loaded font '../../../Engine/Content/Editor/Slate/Fonts/FontAwesome.ttf' (139K)
[2017.10.06-02.17.58:468][  0]LogRenderer: Reallocating scene render targets to support 1004x456 NumSamples 1 (Frame:1).
[2017.10.06-02.17.58:712][  0]LogUObjectGlobals:Warning: 'Class 없음.' 오브젝트를 찾는 데 실패했습니다.
[2017.10.06-02.17.58:857][  0]LogContentBrowser: Native class hierarchy updated for 'HierarchicalLODOutliner' in 0.0008 seconds. Added 1 classes and 2 folders.
[2017.10.06-02.17.58:857][  0]LogLoad: (Engine Initialization) Total time: 37.73 seconds
[2017.10.06-02.17.58:857][  0]LogLoad: (Engine Initialization) Total Blueprint compile time: 0.15 seconds
[2017.10.06-02.17.58:857][  0]LogExternalProfiler: No external profilers were discovered.  External profiling features will not be available.
