Log file open, 10/08/17 10:14:31
LogInit:Display: Running engine for game: Speedy
LogPlatformFile: Not using cached read wrapper
LogInit:Display: RandInit(-2004988351) SRandInit(-2004988351).
LogTaskGraph: Started task graph with 5 named threads and 6 total threads with 1 sets of task threads.
LogStats: Stats thread started at 0.386491
LogInit: Using libcurl 7.47.1
LogInit:  - built for x86_64-pc-win32
LogInit:  - supports SSL with OpenSSL/1.0.2g
LogInit:  - supports HTTP deflate (compression) using libz 1.2.8
LogInit:  - other features:
LogInit:      CURL_VERSION_SSL
LogInit:      CURL_VERSION_LIBZ
LogInit:      CURL_VERSION_IPV6
LogInit:      CURL_VERSION_ASYNCHDNS
LogInit:      CURL_VERSION_LARGEFILE
LogInit:      CURL_VERSION_IDN
LogInit:  CurlRequestOptions (configurable via config and command line):
LogInit:  - bVerifyPeer = false  - Libcurl will NOT verify peer certificate
LogInit:  - bUseHttpProxy = false  - Libcurl will NOT use HTTP proxy
LogInit:  - bDontReuseConnections = false  - Libcurl will reuse connections
LogInit:  - CertBundlePath = nullptr  - Libcurl will use whatever was configured at build time.
LogInit: Build: ++UE4+Release-4.16-CL-3561208
LogInit: Engine Version: 4.16.3-3561208+++UE4+Release-4.16
LogInit: Compatible Engine Version: 4.16.0-3452394+++UE4+Release-4.16
LogInit: Net CL: 3452394
LogDevObjectVersion: Number of dev versions registered: 16
LogDevObjectVersion:   Dev-Blueprints (B0D832E4-1F89-4F0D-ACCF-7EB736FD4AA2): 9
LogDevObjectVersion:   Dev-Build (E1C64328-A22C-4D53-A36C-8E866417BD8C): 0
LogDevObjectVersion:   Dev-Core (375EC13C-06E4-48FB-B500-84F0262A717E): 2
LogDevObjectVersion:   Dev-Editor (E4B068ED-F494-42E9-A231-DA0B2E46BB41): 17
LogDevObjectVersion:   Dev-Framework (CFFC743F-43B0-4480-9391-14DF171D2073): 23
LogDevObjectVersion:   Dev-Mobile (B02B49B5-BB20-44E9-A304-32B752E40360): 0
LogDevObjectVersion:   Dev-Networking (A4E4105C-59A1-49B5-A7C5-40C4547EDFEE): 0
LogDevObjectVersion:   Dev-Online (39C831C9-5AE6-47DC-9A44-9C173E1C8E7C): 0
LogDevObjectVersion:   Dev-Physics (78F01B33-EBEA-4F98-B9B4-84EACCB95AA2): 0
LogDevObjectVersion:   Dev-Platform (6631380F-2D4D-43E0-8009-CF276956A95A): 0
LogDevObjectVersion:   Dev-Rendering (12F88B9F-8875-4AFC-A67C-D90C383ABD29): 15
LogDevObjectVersion:   Dev-Sequencer (7B5AE74C-D270-4C10-A958-57980B212A5A): 4
LogDevObjectVersion:   Dev-VR (D7296918-1DD6-4BDD-9DE2-64A83CC13884): 0
LogDevObjectVersion:   Dev-LoadTimes (C2A15278-BFE7-4AFE-6C17-90FF531DF755): 1
LogDevObjectVersion:   Private-Geometry (6EACA3D4-40EC-4CC1-B786-8BED09428FC5): 1
LogDevObjectVersion:   Dev-AnimPhys (29E575DD-E0A3-4627-9D10-D276232CDCEA): 3
LogInit: Compiled (64-bit): Jul 28 2017 11:49:47
LogInit: Compiled with Visual C++: 19.00.24215.01
LogInit: Build Configuration: Development
LogInit: Branch Name: ++UE4+Release-4.16
LogInit: Command line:  
LogInit: Base directory: D:/UE_4.16/Engine/Binaries/Win64/
LogInit: Installed Engine Build: 1
LogInit: Presizing for max 8388607 objects, including 0 objects not considered by GC, pre-allocating 0 bytes for permanent pool.
LogInit: Object subsystem initialized
[2017.10.08-01.14.31:625][  0]LogInit: Selected Device Profile: [Windows]
[2017.10.08-01.14.31:625][  0]LogInit: Applying CVar settings loaded from the selected device profile: [Windows]
[2017.10.08-01.14.31:635][  0]LogInit: Computer: DESKTOP-RM5SNBE
[2017.10.08-01.14.31:635][  0]LogInit: User: user
[2017.10.08-01.14.31:635][  0]LogInit: CPU Page size=4096, Cores=2
[2017.10.08-01.14.31:635][  0]LogInit: High frequency timer resolution =2.648442 MHz
[2017.10.08-01.14.31:635][  0]LogMemory: Memory total: Physical=7.9GB (8GB approx)
[2017.10.08-01.14.31:635][  0]LogMemory: Platform Memory Stats for Windows
[2017.10.08-01.14.31:635][  0]LogMemory: Process Physical Memory: 274.07 MB used, 274.07 MB peak
[2017.10.08-01.14.31:636][  0]LogMemory: Process Virtual Memory: 266.64 MB used, 266.64 MB peak
[2017.10.08-01.14.31:636][  0]LogMemory: Physical Memory: 2732.41 MB used,  5346.53 MB free, 8078.94 MB total
[2017.10.08-01.14.31:636][  0]LogMemory: Virtual Memory: 641.70 MB used,  5346.53 MB free, 134217728.00 MB total
[2017.10.08-01.14.32:053][  0]LogInit: Using OS detected language (ko-KR).
[2017.10.08-01.14.32:053][  0]LogInit: Using OS detected locale (ko-KR).
[2017.10.08-01.14.32:064][  0]LogTextLocalizationManager: No specific localization for 'ko-KR' exists, so the 'ko' localization will be used.
[2017.10.08-01.14.33:324][  0]LogD3D11RHI: D3D11 adapters:
[2017.10.08-01.14.33:354][  0]LogD3D11RHI:    0. 'NVIDIA GeForce 940MX' (Feature Level 11_0)
[2017.10.08-01.14.33:354][  0]LogD3D11RHI:       2019/0/4039 MB DedicatedVideo/DedicatedSystem/SharedSystem, Outputs:1, VendorId:0x10de
[2017.10.08-01.14.33:362][  0]LogD3D11RHI:    1. 'Intel(R) HD Graphics 620' (Feature Level 11_0)
[2017.10.08-01.14.33:362][  0]LogD3D11RHI:       128/0/4039 MB DedicatedVideo/DedicatedSystem/SharedSystem, Outputs:0, VendorId:0x8086
[2017.10.08-01.14.33:364][  0]LogD3D11RHI:    2. 'Microsoft Basic Render Driver' (Feature Level 11_0)
[2017.10.08-01.14.33:364][  0]LogD3D11RHI:       0/0/4039 MB DedicatedVideo/DedicatedSystem/SharedSystem, Outputs:0, VendorId:0x1414
[2017.10.08-01.14.33:364][  0]LogD3D11RHI: Chosen D3D11 Adapter: 0
[2017.10.08-01.14.33:369][  0]LogD3D11RHI: Creating new Direct3DDevice
[2017.10.08-01.14.33:369][  0]LogD3D11RHI:     GPU DeviceId: 0x134d (for the marketing name, search the web for "GPU Device Id")
[2017.10.08-01.14.33:369][  0]LogWindows: EnumDisplayDevices:
[2017.10.08-01.14.33:370][  0]LogWindows:    0. 'Intel(R) HD Graphics 620' (P:1 D:1)
[2017.10.08-01.14.33:370][  0]LogWindows:    1. 'Intel(R) HD Graphics 620' (P:0 D:0)
[2017.10.08-01.14.33:370][  0]LogWindows:    2. 'Intel(R) HD Graphics 620' (P:0 D:0)
[2017.10.08-01.14.33:370][  0]LogWindows: DebugString: PrimaryIsNotTheChoosenAdapter PrimaryIsNotTheChoosenAdapter PrimaryIsNotTheChoosenAdapter FoundDriverCount:0 
[2017.10.08-01.14.33:370][  0]LogD3D11RHI:     Adapter Name: NVIDIA GeForce 940MX
[2017.10.08-01.14.33:370][  0]LogD3D11RHI:   Driver Version: Unknown (internal:Unknown, unified:Unknown)
[2017.10.08-01.14.33:370][  0]LogD3D11RHI:      Driver Date: Unknown
[2017.10.08-01.14.33:370][  0]LogRHI: Texture pool is 1361 MB (70% of 1945 MB)
[2017.10.08-01.14.33:386][  0]LogD3D11RHI: Async texture creation enabled
[2017.10.08-01.14.33:404][  0]LogD3D11RHI: GPU Timing Frequency: 1000.000000 (Debug: 2 2)
[2017.10.08-01.14.33:404][  0]LogShaderCompilers: Guid format shader working directory is -2 characters bigger than the processId version (C:/Users/user/Documents/Unreal Projects/Speedy/Intermediate/Shaders/WorkingDirectory/10632/).
[2017.10.08-01.14.33:404][  0]LogShaderCompilers: Cleaned the shader compiler working directory 'C:/Users/user/AppData/Local/Temp/UnrealShaderWorkingDir/07553A2B49F3F36DEAE96E8B9FEDA705/'.
[2017.10.08-01.14.33:404][  0]LogShaderCompilers:Display: Using Local Shader Compiler.
[2017.10.08-01.14.34:870][  0]LogTemp:Display: Loaded TP AllDesktopTargetPlatform
[2017.10.08-01.14.34:909][  0]LogTemp:Display: Loaded TP MacClientTargetPlatform
[2017.10.08-01.14.34:948][  0]LogTemp:Display: Loaded TP MacNoEditorTargetPlatform
[2017.10.08-01.14.34:988][  0]LogTemp:Display: Loaded TP MacServerTargetPlatform
[2017.10.08-01.14.35:028][  0]LogTemp:Display: Loaded TP MacTargetPlatform
[2017.10.08-01.14.35:069][  0]LogTemp:Display: Loaded TP WindowsClientTargetPlatform
[2017.10.08-01.14.35:109][  0]LogTemp:Display: Loaded TP WindowsNoEditorTargetPlatform
[2017.10.08-01.14.35:149][  0]LogTemp:Display: Loaded TP WindowsServerTargetPlatform
[2017.10.08-01.14.35:183][  0]LogTemp:Display: Loaded TP WindowsTargetPlatform
[2017.10.08-01.14.35:223][  0]LogTemp:Display: Loaded TP AndroidTargetPlatform
[2017.10.08-01.14.35:261][  0]LogTemp:Display: Loaded TP Android_ASTCTargetPlatform
[2017.10.08-01.14.35:301][  0]LogTemp:Display: Loaded TP Android_ATCTargetPlatform
[2017.10.08-01.14.35:340][  0]LogTemp:Display: Loaded TP Android_DXTTargetPlatform
[2017.10.08-01.14.35:378][  0]LogTemp:Display: Loaded TP Android_ETC1TargetPlatform
[2017.10.08-01.14.35:417][  0]LogTemp:Display: Loaded TP Android_ETC2TargetPlatform
[2017.10.08-01.14.35:495][  0]LogTemp:Display: Loaded TP Android_MultiTargetPlatform
[2017.10.08-01.14.35:495][  0]LogTemp:Display: Loaded TP Android_PVRTCTargetPlatform
[2017.10.08-01.14.35:526][  0]LogTemp:Display: Loaded TP HTML5TargetPlatform
[2017.10.08-01.14.35:628][  0]LogTemp:Display: Loaded TP IOSTargetPlatform
[2017.10.08-01.14.35:652][  0]LogTemp:Display: Loaded TP TVOSTargetPlatform
[2017.10.08-01.14.35:691][  0]LogTemp:Display: Loaded TP LinuxClientTargetPlatform
[2017.10.08-01.14.35:729][  0]LogTemp:Display: Loaded TP LinuxNoEditorTargetPlatform
[2017.10.08-01.14.35:770][  0]LogTemp:Display: Loaded TP LinuxServerTargetPlatform
[2017.10.08-01.14.35:810][  0]LogTemp:Display: Loaded TP LinuxTargetPlatform
[2017.10.08-01.14.35:810][  0]LogTargetPlatformManager:Display: Building Assets For Windows
[2017.10.08-01.14.36:332][  0]LogDerivedDataCache:Display: Max Cache Size: 512 MB
[2017.10.08-01.14.36:432][  0]LogDerivedDataCache: Loaded boot cache 0.10s 90MB C:/Users/user/AppData/Local/UnrealEngine/4.16/DerivedDataCache/Boot.ddc.
[2017.10.08-01.14.36:432][  0]LogDerivedDataCache:Display: Loaded Boot cache: C:/Users/user/AppData/Local/UnrealEngine/4.16/DerivedDataCache/Boot.ddc
[2017.10.08-01.14.36:432][  0]LogDerivedDataCache: FDerivedDataBackendGraph:  Pak pak cache file C:/Users/user/Documents/Unreal Projects/Speedy/DerivedDataCache/DDC.ddp not found, will not use a pak cache.
[2017.10.08-01.14.36:432][  0]LogDerivedDataCache: Unable to find inner node Pak for hierarchical cache Hierarchy.
[2017.10.08-01.14.36:432][  0]LogDerivedDataCache: FDerivedDataBackendGraph:  CompressedPak pak cache file C:/Users/user/Documents/Unreal Projects/Speedy/DerivedDataCache/Compressed.ddp not found, will not use a pak cache.
[2017.10.08-01.14.36:432][  0]LogDerivedDataCache: Unable to find inner node CompressedPak for hierarchical cache Hierarchy.
[2017.10.08-01.14.36:533][  0]LogDerivedDataCache:Display: Pak cache opened for reading ../../../Engine/DerivedDataCache/Compressed.ddp.
[2017.10.08-01.14.36:546][  0]LogDerivedDataCache: Using Local data cache path C:/Users/user/AppData/Local/UnrealEngine/Common/DerivedDataCache: Writable
[2017.10.08-01.14.36:555][  0]LogMaterial: Verifying Global Shaders for PCD3D_SM5
[2017.10.08-01.14.36:555][  0]LogSlate: Using Freetype 2.6.0
[2017.10.08-01.14.36:557][  0]LogSlate: SlateFontCache - WITH_FREETYPE: 1, WITH_HARFBUZZ: 1
[2017.10.08-01.14.36:557][  0]LogSlate: SlateFontCache - WITH_FREETYPE: 1, WITH_HARFBUZZ: 1
[2017.10.08-01.14.38:315][  0]LogInit: Selected Device Profile: [Windows]
[2017.10.08-01.14.38:399][  0]LogContentStreaming: Texture pool size is 0.00 MB
[2017.10.08-01.14.38:612][  0]LogMeshUtilities: Using QuadricMeshReduction for automatic static mesh reduction
[2017.10.08-01.14.38:668][  0]LogSimplygon: Simplygon DLL not present - disabling.
[2017.10.08-01.14.38:704][  0]LogMeshUtilities: Using SimplygonSwarm for distributed automatic mesh merging
[2017.10.08-01.14.38:704][  0]LogMeshUtilities: No automatic skeletal mesh reduction module available
[2017.10.08-01.14.38:704][  0]LogMeshUtilities: No automatic mesh merging module available
[2017.10.08-01.14.39:231][  0]LogNetVersion: Speedy , NetCL: 3452394, EngineNetVer: 2, GameNetVer: 0 (Checksum: 418536735)
[2017.10.08-01.14.39:290][  0]LogAssetRegistry: FAssetRegistry took 0.0273 seconds to start up
[2017.10.08-01.14.39:350][  0]LogPackageLocalizationCache: Processed 4 localized package path(s) for 2 prioritized culture(s) in 0.043986 seconds
[2017.10.08-01.14.39:356][  0]LogUObjectArray: 34194 objects as part of root set at end of initial load.
[2017.10.08-01.14.39:356][  0]LogUObjectAllocator: 7260416 out of 0 bytes used by permanent object pool.
[2017.10.08-01.14.39:356][  0]LogUObjectArray: CloseDisregardForGC: 0/0 objects in disregard for GC pool
[2017.10.08-01.14.39:398][  0]LogInit: WinSock: version 1.1 (2.2), MaxSocks=32767, MaxUdp=65467
[2017.10.08-01.14.42:204][  0]LogTcpMessaging: Initializing TcpMessaging bridge
[2017.10.08-01.14.42:236][  0]LogUdpMessaging: Initializing bridge on interface 0.0.0.0:0 to multicast group 230.0.0.1:6666.
[2017.10.08-01.14.42:685][  0]LogMaterial: Uniform references updated for custom material expression Custom.
[2017.10.08-01.14.43:011][  0]SourceControl: 정보 소스 콘트롤이 꺼졌습니다.
[2017.10.08-01.14.43:013][  0]SourceControl: 정보 소스 콘트롤이 꺼졌습니다.
[2017.10.08-01.14.43:049][  0]SourceControl: 정보 소스 콘트롤이 꺼졌습니다.
[2017.10.08-01.14.43:085][  0]SourceControl: 정보 소스 콘트롤이 꺼졌습니다.
[2017.10.08-01.14.43:601][  0]LogAndroidPermission: UAndroidPermissionCallbackProxy::GetInstance
[2017.10.08-01.14.44:090][  0]LogEngine: Initializing Engine...
[2017.10.08-01.14.44:091][  0]LogHMD: Failed to initialize OpenVR with code 110
[2017.10.08-01.14.44:306][  0]LogStats: UGameplayTagsManager::ConstructGameplayTagTree: Construct from data asset -  0.000 s
[2017.10.08-01.14.44:306][  0]LogStats: UGameplayTagsManager::ConstructGameplayTagTree: GameplayTagTreeChangedEvent.Broadcast -  0.000 s
[2017.10.08-01.14.44:425][  0]LogAIModule: Creating AISystem for world Untitled
[2017.10.08-01.14.44:434][  0]LogInit: XAudio2 using 'Speakers(Realtek High Definition Audio)' : 2 channels at 48 kHz using 32 bits per sample (channel mask 0x3)
[2017.10.08-01.14.44:517][  0]LogInit: FAudioDevice initialized.
[2017.10.08-01.14.44:564][  0]LogDerivedDataCache: Saved boot cache 0.05s 90MB C:/Users/user/AppData/Local/UnrealEngine/4.16/DerivedDataCache/Boot.ddc.
[2017.10.08-01.14.44:578][  0]LogInit: Texture streaming: Enabled
[2017.10.08-01.14.44:644][  0]LogEngineSessionManager: EngineSessionManager initialized
[2017.10.08-01.14.44:808][  0]LogInit: Transaction tracking system initialized
[2017.10.08-01.14.45:034][  0]BlueprintLog: New page: 에디터 로드
[2017.10.08-01.14.45:713][  0]LocalizationService: 정보 현지화 서비스가 비활성화되었습니다.
[2017.10.08-01.14.46:223][  0]LogConsoleResponse:Display: 
[2017.10.08-01.14.46:372][  0]LogCook:Display: Max memory allowance for cook 16384mb min free memory 0mb
[2017.10.08-01.14.46:372][  0]LogCook:Display: Mobile HDR setting 0
[2017.10.08-01.14.47:151][  0]LogFileCache: Scanning file cache for directory 'C:/Users/user/Documents/Unreal Projects/Speedy/Content/' took 0.02s
[2017.10.08-01.14.47:152][  0]SourceControl: 정보 소스 콘트롤이 꺼졌습니다.
[2017.10.08-01.14.47:152][  0]Cmd: MAP LOAD FILE="C:/Users/user/Documents/Unreal Projects/Speedy/Content/2DSideScrollerBP/Maps/2DSideScrollerExampleMap.umap" TEMPLATE=0 SHOWPROGRESS=1 FEATURELEVEL=3
[2017.10.08-01.14.47:152][  0]LightingResults: New page: 라이팅 빌드
[2017.10.08-01.14.47:183][  0]MapCheck: New page: 맵 체크
[2017.10.08-01.14.47:183][  0]LightingResults: New page: 라이팅 빌드
[2017.10.08-01.14.47:376][  0]LogAIModule: Creating AISystem for world 2DSideScrollerExampleMap
[2017.10.08-01.14.47:382][  0]LogEditorServer: Finished looking for orphan Actors (0.000 secs)
[2017.10.08-01.14.47:408][  0]Cmd: MAP CHECKDEP NOCLEARLOG
[2017.10.08-01.14.47:468][  0]MapCheck: 정보 맵 체크 완료: 오류 0 회, 경고 0 회, 소요 시간 59.538ms.
[2017.10.08-01.14.47:468][  0]LogFileHelpers: Loading map '2DSideScrollerExampleMap' took 0.317
[2017.10.08-01.14.47:549][  0]LogWindowsTextInputMethodSystem:Display: IME system now activated using TSF (Microsoft 입력기).
[2017.10.08-01.14.47:639][  0]LogCollectionManager: Loaded 0 collections in 0.001027 seconds
[2017.10.08-01.14.47:711][  0]LogFileCache: Scanning file cache for directory 'C:/Users/user/Documents/Unreal Projects/Speedy/Saved/Collections/' took 0.01s
[2017.10.08-01.14.47:711][  0]LogFileCache: Scanning file cache for directory 'C:/Users/user/Documents/Unreal Projects/Speedy/Content/Developers/user/Collections/' took 0.01s
[2017.10.08-01.14.47:711][  0]LogFileCache: Scanning file cache for directory 'C:/Users/user/Documents/Unreal Projects/Speedy/Content/Collections/' took 0.01s
[2017.10.08-01.14.47:711][  0]LogCollectionManager: Rebuilt the GUID cache for 0 collections in 0.000002 seconds
[2017.10.08-01.14.47:720][  0]LogContentBrowser: Native class hierarchy populated in 0.0086 seconds. Added 2329 classes and 491 folders.
[2017.10.08-01.14.47:770][  0]LogContentBrowser: Native class hierarchy updated for 'WidgetCarousel' in 0.0006 seconds. Added 0 classes and 0 folders.
[2017.10.08-01.14.47:849][  0]LogContentBrowser: Native class hierarchy updated for 'AddContentDialog' in 0.0006 seconds. Added 0 classes and 0 folders.
[2017.10.08-01.14.47:883][  0]LogContentBrowser: Native class hierarchy updated for 'SceneOutliner' in 0.0006 seconds. Added 1 classes and 2 folders.
[2017.10.08-01.14.47:917][  0]LogCrashTracker: Crashtracker disabled due to settings.
[2017.10.08-01.14.47:923][  0]LogSlate: Took 0.000340 seconds to synchronously load lazily loaded font '../../../Engine/Content/Slate/Fonts/Roboto-Regular.ttf' (155K)
[2017.10.08-01.14.47:932][  0]LogSlate: Took 0.007145 seconds to synchronously load lazily loaded font '../../../Engine/Content/Slate/Fonts/NanumGothic.ttf' (4243K)
[2017.10.08-01.14.47:934][  0]LogSlate: Took 0.000833 seconds to synchronously load lazily loaded font '../../../Engine/Content/Slate/Fonts/Roboto-Bold.ttf' (160K)
[2017.10.08-01.14.47:938][  0]LogSlate: Took 0.000662 seconds to synchronously load lazily loaded font '../../../Engine/Content/Editor/Slate/Fonts/FontAwesome.ttf' (139K)
[2017.10.08-01.14.48:032][  0]LogRenderer: Reallocating scene render targets to support 964x436 NumSamples 1 (Frame:1).
[2017.10.08-01.14.48:233][  0]LogUObjectGlobals:Warning: 'Class 없음.' 오브젝트를 찾는 데 실패했습니다.
[2017.10.08-01.14.48:302][  0]LogContentBrowser: Native class hierarchy updated for 'HierarchicalLODOutliner' in 0.0006 seconds. Added 1 classes and 2 folders.
[2017.10.08-01.14.48:302][  0]LogLoad: (Engine Initialization) Total time: 18.91 seconds
[2017.10.08-01.14.48:302][  0]LogLoad: (Engine Initialization) Total Blueprint compile time: 0.06 seconds
[2017.10.08-01.14.48:302][  0]LogExternalProfiler: No external profilers were discovered.  External profiling features will not be available.
[2017.10.08-01.14.48:315][  0]LogOcInput: OculusInput pre-init called
[2017.10.08-01.14.48:315][  0]LogHMD: Starting GearVRController plugin
[2017.10.08-01.14.48:329][  0]LogAssetRegistry: Asset discovery search completed in 9.0617 seconds
[2017.10.08-01.14.48:331][  0]LogCollectionManager: Rebuilt the object cache for 0 collections in 0.000000 seconds (found 0 objects)
[2017.10.08-01.14.48:331][  0]LogCollectionManager: Fixed up redirectors for 0 collections in 0.000028 seconds (updated 0 objects)
[2017.10.08-01.14.48:332][  0]LogContentStreaming: Texture pool size now 1000 MB
[2017.10.08-01.14.48:355][  0]LogSlate: Took 0.000289 seconds to synchronously load lazily loaded font '../../../Engine/Content/Slate/Fonts/Roboto-Light.ttf' (159K)
[2017.10.08-01.15.32:718][535]LogSlate: Took 0.297041 seconds to synchronously load lazily loaded font '../../../Engine/Content/Slate/Fonts/Roboto-Light.ttf' (159K)
[2017.10.08-01.15.32:748][535]LogAIModule: Creating AISystem for world main
[2017.10.08-01.15.32:777][535]Cmd: MAP LOAD FILE="C:/Users/user/Documents/Unreal Projects/Speedy/Content/Blueprints/main.umap" TEMPLATE=0 SHOWPROGRESS=1 FEATURELEVEL=3
[2017.10.08-01.15.32:777][535]LightingResults: New page: 라이팅 빌드
[2017.10.08-01.15.32:778][535]LoadErrors: New page: 맵 로드중: main.umap
[2017.10.08-01.15.32:779][535]MapCheck: New page: 맵 체크
[2017.10.08-01.15.32:779][535]LightingResults: New page: 라이팅 빌드
[2017.10.08-01.15.32:797][535]LogEditorServer: Finished looking for orphan Actors (0.000 secs)
[2017.10.08-01.15.32:860][535]Cmd: MAP CHECKDEP NOCLEARLOG
[2017.10.08-01.15.32:919][535]MapCheck: 정보 맵 체크 완료: 오류 0 회, 경고 0 회, 소요 시간 58.899ms.
[2017.10.08-01.15.32:919][535]LogFileHelpers: Loading map 'main' took 0.143
[2017.10.08-01.16.12:634][232]LogAIModule: Creating AISystem for world 2DSideScrollerExampleMap
[2017.10.08-01.16.12:657][232]Cmd: MAP LOAD FILE="C:/Users/user/Documents/Unreal Projects/Speedy/Content/2DSideScrollerBP/Maps/2DSideScrollerExampleMap.umap" TEMPLATE=0 SHOWPROGRESS=1 FEATURELEVEL=3
[2017.10.08-01.16.12:657][232]LightingResults: New page: 라이팅 빌드
[2017.10.08-01.16.12:657][232]LoadErrors: New page: 맵 로드중: 2DSideScrollerExampleMap.umap
[2017.10.08-01.16.12:658][232]MapCheck: New page: 맵 체크
[2017.10.08-01.16.12:658][232]LightingResults: New page: 라이팅 빌드
[2017.10.08-01.16.12:678][232]LogEditorServer: Finished looking for orphan Actors (0.000 secs)
[2017.10.08-01.16.12:713][232]Cmd: MAP CHECKDEP NOCLEARLOG
[2017.10.08-01.16.12:782][232]MapCheck: 정보 맵 체크 완료: 오류 0 회, 경고 0 회, 소요 시간 68.798ms.
[2017.10.08-01.16.12:782][232]LogFileHelpers: Loading map '2DSideScrollerExampleMap' took 0.126
[2017.10.08-01.16.18:861][776]LogContentBrowser: Native class hierarchy updated for 'BlueprintGraph' in 0.0009 seconds. Added 112 classes and 0 folders.
[2017.10.08-01.16.19:396][776]LogSlate: Took 0.000214 seconds to synchronously load lazily loaded font '../../../Engine/Content/Slate/Fonts/Roboto-Regular.ttf' (155K)
[2017.10.08-01.16.19:468][776]LogSlate: Took 0.000278 seconds to synchronously load lazily loaded font '../../../Engine/Content/Editor/Slate/Fonts/Roboto-BoldCondensed.ttf' (158K)
[2017.10.08-01.16.19:693][777]LogSlate: Took 0.000325 seconds to synchronously load lazily loaded font '../../../Engine/Content/Editor/Slate/Fonts/Roboto-Italic.ttf' (157K)
[2017.10.08-01.17.19:698][725]BlueprintLog: New page: 2DSideScrollerCharacter 컴파일
[2017.10.08-01.17.21:070][760]LogSavePackage: Save=97.86ms
[2017.10.08-01.17.21:070][760]LogSavePackage: Moving 'C:/Users/user/Documents/Unreal Projects/Speedy/Saved/2DSideScrollerCharacter638571AE45CC855D53A47BABA955BAF4.tmp' to 'C:/Users/user/Documents/Unreal Projects/Speedy/Content/2DSideScrollerBP/Blueprints/2DSideScrollerCharacter.uasset'
[2017.10.08-01.17.21:074][760]LogSavePackage:Display: Finished SavePackage C:/Users/user/Documents/Unreal Projects/Speedy/Content/2DSideScrollerBP/Blueprints/2DSideScrollerCharacter.uasset
[2017.10.08-01.19.55:613][111]BlueprintLog: New page: 2DSideScrollerCharacter 컴파일
[2017.10.08-01.19.57:362][199]LogSavePackage: Save=80.84ms
[2017.10.08-01.19.57:362][199]LogSavePackage: Moving 'C:/Users/user/Documents/Unreal Projects/Speedy/Saved/2DSideScrollerCharacter31BFA40D42209F15F5845C9F05574E15.tmp' to 'C:/Users/user/Documents/Unreal Projects/Speedy/Content/2DSideScrollerBP/Blueprints/2DSideScrollerCharacter.uasset'
[2017.10.08-01.19.57:376][199]LogSavePackage:Display: Finished SavePackage C:/Users/user/Documents/Unreal Projects/Speedy/Content/2DSideScrollerBP/Blueprints/2DSideScrollerCharacter.uasset
[2017.10.08-01.20.00:031][360]LogSavePackage: Save=80.83ms
[2017.10.08-01.20.00:031][360]LogSavePackage: Moving 'C:/Users/user/Documents/Unreal Projects/Speedy/Saved/2DSideScrollerCharacterAF0507F94050E4F778104090A84D53EA.tmp' to 'C:/Users/user/Documents/Unreal Projects/Speedy/Content/2DSideScrollerBP/Blueprints/2DSideScrollerCharacter.uasset'
[2017.10.08-01.20.00:035][360]LogSavePackage:Display: Finished SavePackage C:/Users/user/Documents/Unreal Projects/Speedy/Content/2DSideScrollerBP/Blueprints/2DSideScrollerCharacter.uasset
[2017.10.08-01.20.05:894][852]LogTemp: Repeting last play command: 선택된 뷰포트
[2017.10.08-01.20.05:943][852]LogBlueprintUserMessages: Early PlayInEditor Detection: Level '/Game/2DSideScrollerBP/Maps/2DSideScrollerExampleMap.2DSideScrollerExampleMap:PersistentLevel' has LevelScriptBlueprint '/Game/2DSideScrollerBP/Maps/2DSideScrollerExampleMap.2DSideScrollerExampleMap:PersistentLevel.2DSideScrollerExampleMap' with GeneratedClass '/Game/2DSideScrollerBP/Maps/2DSideScrollerExampleMap.2DSideScrollerExampleMap_C' with ClassGeneratedBy '/Game/2DSideScrollerBP/Maps/2DSideScrollerExampleMap.2DSideScrollerExampleMap:PersistentLevel.2DSideScrollerExampleMap'
[2017.10.08-01.20.05:943][852]LogPlayLevel: PlayLevel: No blueprints needed recompiling
[2017.10.08-01.20.05:943][852]PIE: New page: PIE 세션: 2DSideScrollerExampleMap (2017. 10. 8. 오후 7:20:05)
[2017.10.08-01.20.05:943][852]LogPlayLevel: Creating play world package: /Game/2DSideScrollerBP/Maps/UEDPIE_0_2DSideScrollerExampleMap
[2017.10.08-01.20.05:946][852]LogPlayLevel: PIE: StaticDuplicateObject took: (0.002725s)
[2017.10.08-01.20.05:947][852]LogAIModule: Creating AISystem for world 2DSideScrollerExampleMap
[2017.10.08-01.20.05:947][852]LogPlayLevel: PIE: World Init took: (0.000649s)
[2017.10.08-01.20.05:947][852]LogPlayLevel: PIE: Created PIE world by copying editor world from /Game/2DSideScrollerBP/Maps/2DSideScrollerExampleMap.2DSideScrollerExampleMap to /Game/2DSideScrollerBP/Maps/UEDPIE_0_2DSideScrollerExampleMap.2DSideScrollerExampleMap (0.003634s)
[2017.10.08-01.20.05:979][852]LogInit: XAudio2 using 'Speakers(Realtek High Definition Audio)' : 2 channels at 48 kHz using 32 bits per sample (channel mask 0x3)
[2017.10.08-01.20.06:001][852]LogInit: FAudioDevice initialized.
[2017.10.08-01.20.06:042][852]LogLoad: Game class is '2DSideScrollerGameMode_C'
[2017.10.08-01.20.06:044][852]LogWorld: Bringing World /Game/2DSideScrollerBP/Maps/UEDPIE_0_2DSideScrollerExampleMap.2DSideScrollerExampleMap up for play (max tick rate 0) at 2017.10.08-10.20.06
[2017.10.08-01.20.06:044][852]LogWorld: Bringing up level for play took: 0.001436
[2017.10.08-01.20.06:081][852]LogContentBrowser: Native class hierarchy updated for 'MovieSceneCapture' in 0.0006 seconds. Added 11 classes and 0 folders.
[2017.10.08-01.20.06:082][852]LogBlueprintUserMessages: [2DSideScrollerCharacter_254] player
[2017.10.08-01.20.06:082][852]PIE: 정보 /Game/2DSideScrollerBP/Maps/UEDPIE_0_2DSideScrollerExampleMap 에 대한 에디터에서 플레이 시작 시간: 0.201
[2017.10.08-01.20.06:082][852]LogBlueprintUserMessages: Late PlayInEditor Detection: Level '/Game/2DSideScrollerBP/Maps/2DSideScrollerExampleMap.2DSideScrollerExampleMap:PersistentLevel' has LevelScriptBlueprint '/Game/2DSideScrollerBP/Maps/2DSideScrollerExampleMap.2DSideScrollerExampleMap:PersistentLevel.2DSideScrollerExampleMap' with GeneratedClass '/Game/2DSideScrollerBP/Maps/2DSideScrollerExampleMap.2DSideScrollerExampleMap_C' with ClassGeneratedBy '/Game/2DSideScrollerBP/Maps/2DSideScrollerExampleMap.2DSideScrollerExampleMap:PersistentLevel.2DSideScrollerExampleMap'
[2017.10.08-01.30.36:400][171]Set new viewmode: ShaderComplexity
[2017.10.08-01.30.40:817][436]Set new viewmode: ShaderComplexity
[2017.10.08-01.30.44:885][680]LogBlueprintUserMessages: Early EndPlayMap Detection: Level '/Game/2DSideScrollerBP/Maps/2DSideScrollerExampleMap.2DSideScrollerExampleMap:PersistentLevel' has LevelScriptBlueprint '/Game/2DSideScrollerBP/Maps/2DSideScrollerExampleMap.2DSideScrollerExampleMap:PersistentLevel.2DSideScrollerExampleMap' with GeneratedClass '/Game/2DSideScrollerBP/Maps/2DSideScrollerExampleMap.2DSideScrollerExampleMap_C' with ClassGeneratedBy '/Game/2DSideScrollerBP/Maps/2DSideScrollerExampleMap.2DSideScrollerExampleMap:PersistentLevel.2DSideScrollerExampleMap'
[2017.10.08-01.30.44:932][680]LogBlueprintUserMessages: Late EndPlayMap Detection: Level '/Game/2DSideScrollerBP/Maps/2DSideScrollerExampleMap.2DSideScrollerExampleMap:PersistentLevel' has LevelScriptBlueprint '/Game/2DSideScrollerBP/Maps/2DSideScrollerExampleMap.2DSideScrollerExampleMap:PersistentLevel.2DSideScrollerExampleMap' with GeneratedClass '/Game/2DSideScrollerBP/Maps/2DSideScrollerExampleMap.2DSideScrollerExampleMap_C' with ClassGeneratedBy '/Game/2DSideScrollerBP/Maps/2DSideScrollerExampleMap.2DSideScrollerExampleMap:PersistentLevel.2DSideScrollerExampleMap'
[2017.10.08-01.30.52:977][833]Cmd: QUIT_EDITOR
[2017.10.08-01.30.53:425][833]LogWindowsTextInputMethodSystem:Display: IME system now activated using TSF (Microsoft 입력기).
[2017.10.08-01.30.53:448][833]LogExit: Preparing to exit.
[2017.10.08-01.30.53:897][833]LogExit: Editor shut down
[2017.10.08-01.30.53:901][833]LogExit: Transaction tracking system shut down
[2017.10.08-01.30.53:983][833]LogObj: Freed 0b from 0 cluster array pools.
[2017.10.08-01.30.53:983][833]LogExit: Object subsystem successfully closed.
[2017.10.08-01.30.53:995][833]LogD3D11RHI: Shutdown
[2017.10.08-01.30.53:995][833]LogD3D11RHI: CleanupD3DDevice
[2017.10.08-01.30.54:064][833]LogD3D11RHI: ~FD3D11DynamicRHI
[2017.10.08-01.30.54:071][833]LogModuleManager: Shutting down and abandoning module MovieSceneCapture (530)
[2017.10.08-01.30.54:071][833]LogModuleManager: Shutting down and abandoning module BlueprintGraph (528)
[2017.10.08-01.30.54:071][833]LogModuleManager: Shutting down and abandoning module BlueprintProfiler (526)
[2017.10.08-01.30.54:071][833]LogModuleManager: Shutting down and abandoning module HierarchicalLODOutliner (524)
[2017.10.08-01.30.54:071][833]LogModuleManager: Shutting down and abandoning module CrashTracker (522)
[2017.10.08-01.30.54:071][833]LogModuleManager: Shutting down and abandoning module SceneOutliner (520)
[2017.10.08-01.30.54:071][833]LogModuleManager: Shutting down and abandoning module AddContentDialog (518)
[2017.10.08-01.30.54:071][833]LogDirectoryWatcher: A directory notification for 'D:/UE_4.16/FeaturePacks/' was aborted.
[2017.10.08-01.30.54:072][833]LogModuleManager: Shutting down and abandoning module WidgetCarousel (517)
[2017.10.08-01.30.54:072][833]LogModuleManager: Shutting down and abandoning module EditorWidgets (514)
[2017.10.08-01.30.54:072][833]LogModuleManager: Shutting down and abandoning module CollectionManager (512)
[2017.10.08-01.30.54:072][833]LogDirectoryWatcher: A directory notification for 'C:/Users/user/Documents/Unreal Projects/Speedy/Content/Collections/' was aborted.
[2017.10.08-01.30.54:072][833]LogDirectoryWatcher: A directory notification for 'C:/Users/user/Documents/Unreal Projects/Speedy/Content/Developers/user/Collections/' was aborted.
[2017.10.08-01.30.54:072][833]LogDirectoryWatcher: A directory notification for 'C:/Users/user/Documents/Unreal Projects/Speedy/Saved/Collections/' was aborted.
[2017.10.08-01.30.54:073][833]LogModuleManager: Shutting down and abandoning module StatsViewer (510)
[2017.10.08-01.30.54:073][833]LogModuleManager: Shutting down and abandoning module FoliageEdit (508)
[2017.10.08-01.30.54:073][833]LogModuleManager: Shutting down and abandoning module LandscapeEditor (506)
[2017.10.08-01.30.54:073][833]LogModuleManager: Shutting down and abandoning module MeshPaintMode (504)
[2017.10.08-01.30.54:073][833]LogModuleManager: Shutting down and abandoning module SceneDepthPickerMode (502)
[2017.10.08-01.30.54:073][833]LogModuleManager: Shutting down and abandoning module ActorPickerMode (500)
[2017.10.08-01.30.54:073][833]LogModuleManager: Shutting down and abandoning module GeometryMode (498)
[2017.10.08-01.30.54:073][833]LogModuleManager: Shutting down and abandoning module TextureAlignMode (496)
[2017.10.08-01.30.54:073][833]LogModuleManager: Shutting down and abandoning module BspMode (494)
[2017.10.08-01.30.54:073][833]LogModuleManager: Shutting down and abandoning module HardwareSurvey (492)
[2017.10.08-01.30.54:073][833]LogModuleManager: Shutting down and abandoning module SequenceRecorderSections (490)
[2017.10.08-01.30.54:073][833]LogModuleManager: Shutting down and abandoning module AutomationWorker (488)
[2017.10.08-01.30.54:073][833]LogModuleManager: Shutting down and abandoning module MatineeToLevelSequence (486)
[2017.10.08-01.30.54:073][833]LogModuleManager: Shutting down and abandoning module LevelSequenceEditor (484)
[2017.10.08-01.30.54:073][833]LogModuleManager: Shutting down and abandoning module PlacementMode (483)
[2017.10.08-01.30.54:073][833]LogModuleManager: Shutting down and abandoning module WmfMediaFactory (480)
[2017.10.08-01.30.54:073][833]LogModuleManager: Shutting down and abandoning module WmfMediaEditor (478)
[2017.10.08-01.30.54:073][833]LogModuleManager: Shutting down and abandoning module AvfMediaFactory (476)
[2017.10.08-01.30.54:073][833]LogModuleManager: Shutting down and abandoning module AvfMediaEditor (474)
[2017.10.08-01.30.54:073][833]LogModuleManager: Shutting down and abandoning module AndroidMediaFactory (472)
[2017.10.08-01.30.54:073][833]LogModuleManager: Shutting down and abandoning module Media (471)
[2017.10.08-01.30.54:073][833]LogModuleManager: Shutting down and abandoning module AndroidMediaEditor (468)
[2017.10.08-01.30.54:073][833]LogModuleManager: Shutting down and abandoning module CharacterAI (466)
[2017.10.08-01.30.54:073][833]LogModuleManager: Shutting down and abandoning module AudioCapture (464)
[2017.10.08-01.30.54:073][833]LogModuleManager: Shutting down and abandoning module SequenceRecorder (463)
[2017.10.08-01.30.54:073][833]LogModuleManager: Shutting down and abandoning module SmartSnapping (460)
[2017.10.08-01.30.54:073][833]LogModuleManager: Shutting down and abandoning module SessionServices (458)
[2017.10.08-01.30.54:073][833]LogModuleManager: Shutting down and abandoning module ViewportSnapping (456)
[2017.10.08-01.30.54:073][833]LogModuleManager: Shutting down and abandoning module ViewportInteraction (454)
[2017.10.08-01.30.54:073][833]LogModuleManager: Shutting down and abandoning module ClothPainter (452)
[2017.10.08-01.30.54:073][833]LogModuleManager: Shutting down and abandoning module LogVisualizer (450)
[2017.10.08-01.30.54:073][833]LogModuleManager: Shutting down and abandoning module IntroTutorials (448)
[2017.10.08-01.30.54:073][833]LogModuleManager: Shutting down and abandoning module GameProjectGeneration (447)
[2017.10.08-01.30.54:073][833]LogModuleManager: Shutting down and abandoning module EditorLiveStreaming (444)
[2017.10.08-01.30.54:073][833]LogModuleManager: Shutting down and abandoning module IOSPlatformEditor (442)
[2017.10.08-01.30.54:073][833]LogModuleManager: Shutting down and abandoning module HTML5PlatformEditor (440)
[2017.10.08-01.30.54:073][833]LogModuleManager: Shutting down and abandoning module AndroidPlatformEditor (438)
[2017.10.08-01.30.54:073][833]LogModuleManager: Shutting down and abandoning module AndroidDeviceDetection (437)
[2017.10.08-01.30.54:374][833]LogModuleManager: Shutting down and abandoning module IOSRuntimeSettings (434)
[2017.10.08-01.30.54:374][833]LogModuleManager: Shutting down and abandoning module AndroidRuntimeSettings (432)
[2017.10.08-01.30.54:374][833]LogModuleManager: Shutting down and abandoning module InputBindingEditor (430)
[2017.10.08-01.30.54:374][833]LogModuleManager: Shutting down and abandoning module MergeActors (428)
[2017.10.08-01.30.54:374][833]LogModuleManager: Shutting down and abandoning module SizeMap (426)
[2017.10.08-01.30.54:374][833]LogModuleManager: Shutting down and abandoning module TreeMap (424)
[2017.10.08-01.30.54:374][833]LogModuleManager: Shutting down and abandoning module ReferenceViewer (422)
[2017.10.08-01.30.54:374][833]LogModuleManager: Shutting down and abandoning module LocalizationDashboard (420)
[2017.10.08-01.30.54:374][833]LogModuleManager: Shutting down and abandoning module LocalizationService (419)
[2017.10.08-01.30.54:375][833]LogModuleManager: Shutting down and abandoning module HardwareTargeting (416)
[2017.10.08-01.30.54:375][833]LogModuleManager: Shutting down and abandoning module DeviceProfileEditor (414)
[2017.10.08-01.30.54:375][833]LogModuleManager: Shutting down and abandoning module UndoHistory (412)
[2017.10.08-01.30.54:375][833]LogModuleManager: Shutting down and abandoning module UserFeedback (410)
[2017.10.08-01.30.54:375][833]LogModuleManager: Shutting down and abandoning module XmlParser (408)
[2017.10.08-01.30.54:375][833]LogModuleManager: Shutting down and abandoning module Blutility (406)
[2017.10.08-01.30.54:375][833]LogModuleManager: Shutting down and abandoning module ProjectSettingsViewer (404)
[2017.10.08-01.30.54:375][833]LogModuleManager: Shutting down and abandoning module ProjectTargetPlatformEditor (403)
[2017.10.08-01.30.54:376][833]LogModuleManager: Shutting down and abandoning module EditorSettingsViewer (400)
[2017.10.08-01.30.54:376][833]LogModuleManager: Shutting down and abandoning module SettingsEditor (398)
[2017.10.08-01.30.54:376][833]LogModuleManager: Shutting down and abandoning module ProjectLauncher (396)
[2017.10.08-01.30.54:376][833]LogModuleManager: Shutting down and abandoning module SessionFrontend (394)
[2017.10.08-01.30.54:376][833]LogModuleManager: Shutting down and abandoning module ProfilerClient (392)
[2017.10.08-01.30.54:376][833]LogModuleManager: Shutting down and abandoning module DeviceManager (390)
[2017.10.08-01.30.54:376][833]LogModuleManager: Shutting down and abandoning module TargetDeviceServices (389)
[2017.10.08-01.30.54:429][833]LogModuleManager: Shutting down and abandoning module AutomationController (386)
[2017.10.08-01.30.54:429][833]LogModuleManager: Shutting down and abandoning module AutomationWindow (384)
[2017.10.08-01.30.54:429][833]LogModuleManager: Shutting down and abandoning module Layers (382)
[2017.10.08-01.30.54:429][833]LogModuleManager: Shutting down and abandoning module ComponentVisualizers (380)
[2017.10.08-01.30.54:429][833]LogModuleManager: Shutting down and abandoning module DetailCustomizations (378)
[2017.10.08-01.30.54:430][833]LogModuleManager: Shutting down and abandoning module PackagesDialog (376)
[2017.10.08-01.30.54:431][833]LogModuleManager: Shutting down and abandoning module Persona (374)
[2017.10.08-01.30.54:431][833]LogModuleManager: Shutting down and abandoning module AdvancedPreviewScene (373)
[2017.10.08-01.30.54:431][833]LogModuleManager: Shutting down and abandoning module AnimGraph (371)
[2017.10.08-01.30.54:431][833]LogModuleManager: Shutting down and abandoning module Kismet (368)
[2017.10.08-01.30.54:449][833]LogModuleManager: Shutting down and abandoning module ClassViewer (366)
[2017.10.08-01.30.54:449][833]LogModuleManager: Shutting down and abandoning module Toolbox (364)
[2017.10.08-01.30.54:449][833]LogModuleManager: Shutting down and abandoning module ModuleUI (362)
[2017.10.08-01.30.54:449][833]LogModuleManager: Shutting down and abandoning module MovieSceneTools (360)
[2017.10.08-01.30.54:449][833]LogModuleManager: Shutting down and abandoning module OutputLog (358)
[2017.10.08-01.30.54:449][833]LogModuleManager: Shutting down and abandoning module GammaUI (356)
[2017.10.08-01.30.54:450][833]LogModuleManager: Shutting down and abandoning module Documentation (354)
[2017.10.08-01.30.54:450][833]LogModuleManager: Shutting down and abandoning module MovieSceneTracks (352)
[2017.10.08-01.30.54:450][833]LogModuleManager: Shutting down and abandoning module MovieScene (350)
[2017.10.08-01.30.54:450][833]LogModuleManager: Shutting down and abandoning module Niagara (348)
[2017.10.08-01.30.54:450][833]LogModuleManager: Shutting down and abandoning module NiagaraEditor (347)
[2017.10.08-01.30.54:450][833]LogModuleManager: Shutting down and abandoning module StreamingPauseRendering (344)
[2017.10.08-01.30.54:450][833]LogModuleManager: Shutting down and abandoning module AnalyticsET (342)
[2017.10.08-01.30.54:450][833]LogModuleManager: Shutting down and abandoning module PortalServices (340)
[2017.10.08-01.30.54:450][833]LogModuleManager: Shutting down and abandoning module PortalRpc (338)
[2017.10.08-01.30.54:450][833]LogModuleManager: Shutting down and abandoning module MessagingRpc (336)
[2017.10.08-01.30.54:450][833]LogModuleManager: Shutting down and abandoning module AIModule (334)
[2017.10.08-01.30.54:450][833]LogModuleManager: Shutting down and abandoning module GameplayDebugger (333)
[2017.10.08-01.30.54:450][833]LogModuleManager: Shutting down and abandoning module AITestSuite (331)
[2017.10.08-01.30.54:450][833]LogModuleManager: Shutting down and abandoning module ProfilerService (328)
[2017.10.08-01.30.54:478][833]LogModuleManager: Shutting down and abandoning module TaskGraph (326)
[2017.10.08-01.30.54:478][833]LogModuleManager: Shutting down and abandoning module SteamVRController (324)
[2017.10.08-01.30.54:478][833]LogModuleManager: Shutting down and abandoning module SteamVR (322)
[2017.10.08-01.30.54:478][833]LogModuleManager: Shutting down and abandoning module ProceduralMeshComponentEditor (320)
[2017.10.08-01.30.54:478][833]LogModuleManager: Shutting down and abandoning module ProceduralMeshComponent (318)
[2017.10.08-01.30.54:478][833]LogModuleManager: Shutting down and abandoning module OculusLibrary (316)
[2017.10.08-01.30.54:478][833]LogModuleManager: Shutting down and abandoning module OculusInput (314)
[2017.10.08-01.30.54:478][833]LogModuleManager: Shutting down and abandoning module MobilePatchingUtils (312)
[2017.10.08-01.30.54:478][833]LogModuleManager: Shutting down and abandoning module CustomMeshComponent (310)
[2017.10.08-01.30.54:478][833]LogModuleManager: Shutting down and abandoning module CableComponent (308)
[2017.10.08-01.30.54:478][833]LogModuleManager: Shutting down and abandoning module ArchVisCharacter (306)
[2017.10.08-01.30.54:479][833]LogModuleManager: Shutting down and abandoning module AndroidPermission (304)
[2017.10.08-01.30.54:479][833]LogModuleManager: Shutting down and abandoning module MediaPlayerEditor (300)
[2017.10.08-01.30.54:479][833]LogModuleManager: Shutting down and abandoning module HTML5Networking (298)
[2017.10.08-01.30.54:479][833]LogModuleManager: Shutting down and abandoning module AlembicImporter (296)
[2017.10.08-01.30.54:479][833]LogModuleManager: Shutting down and abandoning module AlembicLibrary (295)
[2017.10.08-01.30.54:479][833]LogModuleManager: Shutting down and abandoning module GeometryCache (294)
[2017.10.08-01.30.54:479][833]LogModuleManager: Shutting down and abandoning module GeometryCacheEd (293)
[2017.10.08-01.30.54:479][833]LogModuleManager: Shutting down and abandoning module SuperSearchEditor (288)
[2017.10.08-01.30.54:479][833]LogModuleManager: Shutting down and abandoning module SuperSearch (287)
[2017.10.08-01.30.54:479][833]LogModuleManager: Shutting down and abandoning module SpeedTreeImporter (284)
[2017.10.08-01.30.54:479][833]LogModuleManager: Shutting down and abandoning module PluginBrowser (282)
[2017.10.08-01.30.54:479][833]LogModuleManager: Shutting down and abandoning module MobileLauncherProfileWizard (280)
[2017.10.08-01.30.54:479][833]LogModuleManager: Shutting down and abandoning module VisualStudioSourceCodeAccess (278)
[2017.10.08-01.30.54:479][833]LogModuleManager: Shutting down and abandoning module DesktopPlatform (277)
[2017.10.08-01.30.54:479][833]LogModuleManager: Shutting down and abandoning module UObjectPlugin (274)
[2017.10.08-01.30.54:479][833]LogModuleManager: Shutting down and abandoning module SubversionSourceControl (272)
[2017.10.08-01.30.54:479][833]LogModuleManager: Shutting down and abandoning module PerforceSourceControl (270)
[2017.10.08-01.30.54:479][833]LogModuleManager: Shutting down and abandoning module GitSourceControl (268)
[2017.10.08-01.30.54:479][833]LogModuleManager: Shutting down and abandoning module SourceControl (267)
[2017.10.08-01.30.54:479][833]LogModuleManager: Shutting down and abandoning module LightPropagationVolumeEditor (264)
[2017.10.08-01.30.54:479][833]LogModuleManager: Shutting down and abandoning module PaperTiledImporter (262)
[2017.10.08-01.30.54:479][833]LogModuleManager: Shutting down and abandoning module PaperSpriteSheetImporter (260)
[2017.10.08-01.30.54:479][833]LogModuleManager: Shutting down and abandoning module Paper2DEditor (258)
[2017.10.08-01.30.54:479][833]LogModuleManager: Shutting down and abandoning module MeshPaint (257)
[2017.10.08-01.30.54:479][833]LogModuleManager: Shutting down and abandoning module LevelEditor (255)
[2017.10.08-01.30.54:480][833]LogModuleManager: Shutting down and abandoning module PixelInspectorModule (254)
[2017.10.08-01.30.54:480][833]LogModuleManager: Shutting down and abandoning module MainFrame (252)
[2017.10.08-01.30.54:480][833]LogModuleManager: Shutting down and abandoning module HotReload (251)
[2017.10.08-01.30.54:481][833]LogModuleManager: Shutting down and abandoning module PhysXVehiclesEditor (246)
[2017.10.08-01.30.54:481][833]LogModuleManager: Shutting down and abandoning module PhysXVehicles (244)
[2017.10.08-01.30.54:481][833]LogModuleManager: Shutting down and abandoning module LocationServicesBPLibrary (242)
[2017.10.08-01.30.54:481][833]LogModuleManager: Shutting down and abandoning module ImmediatePhysicsEditor (240)
[2017.10.08-01.30.54:481][833]LogModuleManager: Shutting down and abandoning module ImmediatePhysics (238)
[2017.10.08-01.30.54:481][833]LogModuleManager: Shutting down and abandoning module UdpMessaging (236)
[2017.10.08-01.30.54:582][833]LogModuleManager: Shutting down and abandoning module TcpMessaging (234)
[2017.10.08-01.30.54:683][833]LogModuleManager: Shutting down and abandoning module GameplayTagsEditor (232)
[2017.10.08-01.30.54:683][833]LogModuleManager: Shutting down and abandoning module FacialAnimationEditor (230)
[2017.10.08-01.30.54:683][833]LogModuleManager: Shutting down and abandoning module FacialAnimation (228)
[2017.10.08-01.30.54:683][833]LogModuleManager: Shutting down and abandoning module AssetManagerEditor (226)
[2017.10.08-01.30.54:683][833]LogModuleManager: Shutting down and abandoning module GraphEditor (225)
[2017.10.08-01.30.54:683][833]LogModuleManager: Shutting down and abandoning module ContentBrowser (223)
[2017.10.08-01.30.54:684][833]LogModuleManager: Shutting down and abandoning module LightPropagationVolumeRuntime (220)
[2017.10.08-01.30.54:684][833]LogModuleManager: Shutting down and abandoning module Paper2D (218)
[2017.10.08-01.30.54:684][833]LogModuleManager: Shutting down and abandoning module WindowsMoviePlayer (216)
[2017.10.08-01.30.54:684][833]LogModuleManager: Shutting down and abandoning module WmfMedia (214)
[2017.10.08-01.30.54:684][833]LogModuleManager: Shutting down and abandoning module ClothingSystemEditor (212)
[2017.10.08-01.30.54:684][833]LogModuleManager: Shutting down and abandoning module ClothingSystemRuntime (210)
[2017.10.08-01.30.54:684][833]LogModuleManager: Shutting down and abandoning module MediaAssets (208)
[2017.10.08-01.30.54:684][833]LogModuleManager: Shutting down and abandoning module GameLiveStreaming (206)
[2017.10.08-01.30.54:684][833]LogModuleManager: Shutting down and abandoning module VREditor (204)
[2017.10.08-01.30.54:684][833]LogModuleManager: Shutting down and abandoning module StringTableEditor (202)
[2017.10.08-01.30.54:684][833]LogModuleManager: Shutting down and abandoning module GameplayTasksEditor (200)
[2017.10.08-01.30.54:684][833]LogModuleManager: Shutting down and abandoning module BehaviorTreeEditor (198)
[2017.10.08-01.30.54:684][833]LogModuleManager: Shutting down and abandoning module FunctionalTesting (196)
[2017.10.08-01.30.54:684][833]LogModuleManager: Shutting down and abandoning module CollisionAnalyzer (194)
[2017.10.08-01.30.54:684][833]LogModuleManager: Shutting down and abandoning module UMG (192)
[2017.10.08-01.30.54:684][833]LogModuleManager: Shutting down and abandoning module UMGEditor (191)
[2017.10.08-01.30.54:684][833]LogModuleManager: Shutting down and abandoning module Sequencer (190)
[2017.10.08-01.30.54:684][833]LogModuleManager: Shutting down and abandoning module AssetTools (188)
[2017.10.08-01.30.54:684][833]LogModuleManager: Shutting down and abandoning module MessageLog (187)
[2017.10.08-01.30.54:684][833]LogModuleManager: Shutting down and abandoning module WorkspaceMenuStructure (186)
[2017.10.08-01.30.54:684][833]LogModuleManager: Shutting down and abandoning module SlateReflector (180)
[2017.10.08-01.30.54:684][833]LogModuleManager: Shutting down and abandoning module Slate (178)
[2017.10.08-01.30.54:684][833]LogModuleManager: Shutting down and abandoning module EditorStyle (176)
[2017.10.08-01.30.54:686][833]LogModuleManager: Shutting down and abandoning module SourceCodeAccess (174)
[2017.10.08-01.30.54:686][833]LogModuleManager: Shutting down and abandoning module HeadMountedDisplay (172)
[2017.10.08-01.30.54:686][833]LogModuleManager: Shutting down and abandoning module XAudio2 (170)
[2017.10.08-01.30.54:686][833]LogModuleManager: Shutting down and abandoning module Networking (168)
[2017.10.08-01.30.54:686][833]LogModuleManager: Shutting down and abandoning module Core (164)
[2017.10.08-01.30.54:686][833]LogModuleManager: Shutting down and abandoning module AssetRegistry (162)
[2017.10.08-01.30.54:722][833]LogDirectoryWatcher: A directory notification for '../../../Engine/Content/' was aborted.
[2017.10.08-01.30.54:723][833]LogDirectoryWatcher: A directory notification for 'C:/Users/user/Documents/Unreal Projects/Speedy/Content/' was aborted.
[2017.10.08-01.30.54:723][833]LogDirectoryWatcher: A directory notification for '../../../Engine/Plugins/2D/Paper2D/Content/' was aborted.
[2017.10.08-01.30.54:723][833]LogDirectoryWatcher: A directory notification for '../../../Engine/Plugins/Runtime/GearVR/Content/' was aborted.
[2017.10.08-01.30.54:726][833]LogModuleManager: Shutting down and abandoning module DirectoryWatcher (161)
[2017.10.08-01.30.54:726][833]LogModuleManager: Shutting down and abandoning module KismetCompiler (158)
[2017.10.08-01.30.54:726][833]LogModuleManager: Shutting down and abandoning module LevelSequence (156)
[2017.10.08-01.30.54:726][833]LogModuleManager: Shutting down and abandoning module PhysXFormats (154)
[2017.10.08-01.30.54:726][833]LogModuleManager: Shutting down and abandoning module MeshUtilities (152)
[2017.10.08-01.30.54:726][833]LogModuleManager: Shutting down and abandoning module SimplygonSwarm (151)
[2017.10.08-01.30.54:726][833]LogModuleManager: Shutting down and abandoning module SimplygonMeshReduction (149)
[2017.10.08-01.30.54:726][833]LogModuleManager: Shutting down and abandoning module QuadricMeshReduction (147)
[2017.10.08-01.30.54:726][833]LogModuleManager: Shutting down and abandoning module DerivedDataCache (144)
[2017.10.08-01.30.54:781][833]LogDerivedDataCache: Shutdown
[2017.10.08-01.30.54:781][833]LogModuleManager: Shutting down and abandoning module TargetPlatform (142)
[2017.10.08-01.30.54:781][833]LogModuleManager: Shutting down and abandoning module VulkanShaderFormat (141)
[2017.10.08-01.30.54:781][833]LogModuleManager: Shutting down and abandoning module ShaderFormatVectorVM (139)
[2017.10.08-01.30.54:781][833]LogModuleManager: Shutting down and abandoning module ShaderFormatOpenGL (137)
[2017.10.08-01.30.54:781][833]LogModuleManager: Shutting down and abandoning module ShaderFormatD3D (135)
[2017.10.08-01.30.54:781][833]LogModuleManager: Shutting down and abandoning module MetalShaderFormat (133)
[2017.10.08-01.30.54:781][833]LogModuleManager: Shutting down and abandoning module TextureFormatUncompressed (131)
[2017.10.08-01.30.54:781][833]LogModuleManager: Shutting down and abandoning module TextureFormatPVR (129)
[2017.10.08-01.30.54:781][833]LogModuleManager: Shutting down and abandoning module TextureFormatDXT (127)
[2017.10.08-01.30.54:781][833]LogModuleManager: Shutting down and abandoning module TextureFormatIntelISPCTexComp (125)
[2017.10.08-01.30.54:781][833]LogModuleManager: Shutting down and abandoning module TextureFormatASTC (123)
[2017.10.08-01.30.54:781][833]LogModuleManager: Shutting down and abandoning module ImageWrapper (122)
[2017.10.08-01.30.54:781][833]LogModuleManager: Shutting down and abandoning module TextureFormatAndroid (119)
[2017.10.08-01.30.54:781][833]LogModuleManager: Shutting down and abandoning module AudioFormatOpus (117)
[2017.10.08-01.30.54:781][833]LogModuleManager: Shutting down and abandoning module AudioFormatOgg (115)
[2017.10.08-01.30.54:781][833]LogModuleManager: Shutting down and abandoning module AudioFormatADPCM (113)
[2017.10.08-01.30.54:781][833]LogModuleManager: Shutting down and abandoning module LinuxTargetPlatform (111)
[2017.10.08-01.30.54:781][833]LogModuleManager: Shutting down and abandoning module LinuxServerTargetPlatform (109)
[2017.10.08-01.30.54:781][833]LogModuleManager: Shutting down and abandoning module LinuxNoEditorTargetPlatform (107)
[2017.10.08-01.30.54:781][833]LogModuleManager: Shutting down and abandoning module LinuxClientTargetPlatform (105)
[2017.10.08-01.30.54:781][833]LogModuleManager: Shutting down and abandoning module TVOSTargetPlatform (103)
[2017.10.08-01.30.54:781][833]LogModuleManager: Shutting down and abandoning module Messaging (101)
[2017.10.08-01.30.54:781][833]LogModuleManager: Shutting down and abandoning module IOSTargetPlatform (99)
[2017.10.08-01.30.54:781][833]LogModuleManager: Shutting down and abandoning module HTML5TargetPlatform (97)
[2017.10.08-01.30.54:781][833]LogModuleManager: Shutting down and abandoning module Android_PVRTCTargetPlatform (95)
[2017.10.08-01.30.54:781][833]LogModuleManager: Shutting down and abandoning module Android_MultiTargetPlatform (93)
[2017.10.08-01.30.54:782][833]LogModuleManager: Shutting down and abandoning module Android_ETC2TargetPlatform (91)
[2017.10.08-01.30.54:782][833]LogModuleManager: Shutting down and abandoning module Android_ETC1TargetPlatform (89)
[2017.10.08-01.30.54:782][833]LogModuleManager: Shutting down and abandoning module Android_DXTTargetPlatform (87)
[2017.10.08-01.30.54:782][833]LogModuleManager: Shutting down and abandoning module Android_ATCTargetPlatform (85)
[2017.10.08-01.30.54:782][833]LogModuleManager: Shutting down and abandoning module Android_ASTCTargetPlatform (83)
[2017.10.08-01.30.54:782][833]LogModuleManager: Shutting down and abandoning module AndroidTargetPlatform (81)
[2017.10.08-01.30.54:782][833]LogModuleManager: Shutting down and abandoning module WindowsTargetPlatform (79)
[2017.10.08-01.30.54:782][833]LogModuleManager: Shutting down and abandoning module WindowsServerTargetPlatform (77)
[2017.10.08-01.30.54:782][833]LogModuleManager: Shutting down and abandoning module WindowsNoEditorTargetPlatform (75)
[2017.10.08-01.30.54:782][833]LogModuleManager: Shutting down and abandoning module WindowsClientTargetPlatform (73)
[2017.10.08-01.30.54:782][833]LogModuleManager: Shutting down and abandoning module MacTargetPlatform (71)
[2017.10.08-01.30.54:782][833]LogModuleManager: Shutting down and abandoning module MacServerTargetPlatform (69)
[2017.10.08-01.30.54:782][833]LogModuleManager: Shutting down and abandoning module MacNoEditorTargetPlatform (67)
[2017.10.08-01.30.54:782][833]LogModuleManager: Shutting down and abandoning module MacClientTargetPlatform (65)
[2017.10.08-01.30.54:782][833]LogModuleManager: Shutting down and abandoning module AllDesktopTargetPlatform (63)
[2017.10.08-01.30.54:782][833]LogModuleManager: Shutting down and abandoning module InputCore (60)
[2017.10.08-01.30.54:782][833]LogModuleManager: Shutting down and abandoning module Settings (58)
[2017.10.08-01.30.54:782][833]LogModuleManager: Shutting down and abandoning module OculusRift (56)
[2017.10.08-01.30.54:782][833]LogModuleManager: Shutting down and abandoning module GearVRController (54)
[2017.10.08-01.30.54:782][833]LogModuleManager: Shutting down and abandoning module GearVR (52)
[2017.10.08-01.30.54:782][833]LogModuleManager: Shutting down and abandoning module ExampleDeviceProfileSelector (50)
[2017.10.08-01.30.54:782][833]LogModuleManager: Shutting down and abandoning module OnlineBlueprintSupport (48)
[2017.10.08-01.30.54:782][833]LogModuleManager: Shutting down and abandoning module OnlineSubsystem (44)
[2017.10.08-01.30.54:782][833]LogOnline:Display: Unloading online subsystem: NULL
[2017.10.08-01.30.54:782][833]LogModuleManager: Shutting down and abandoning module XMPP (43)
[2017.10.08-01.30.54:782][833]LogModuleManager: Shutting down and abandoning module HTTP (41)
[2017.10.08-01.30.54:782][833]LogHttp:Display: Http module shutting down, but needs to wait on 1 outstanding Http requests:
[2017.10.08-01.30.54:782][833]LogHttp:Display: 	verb=[POST] url=[https://datarouter.ol.epicgames.com/datarouter/api/v1/public/data?SessionID=%7BC4A458E6-493C-FA05-0DA4-BFABD8229091%7D&AppID=UEEditor.Rocket.Release&AppVersion=4.16.3-3561208%2B%2B%2BUE4%2BRelease-4.16&UserID=d32318d6443c82eb45d804811fdeaea0%7Ceefdd4ab262c4db284bee4401cb30bf5%7Cc01a5bb9-2f54-4422-ad79-7f6ef5dfa6ae&AppEnvironment=datacollector-binary&UploadType=eteventstream] status=Processing
[2017.10.08-01.30.54:799][833]LogModuleManager: Shutting down and abandoning module SSL (40)
[2017.10.08-01.30.54:801][833]LogModuleManager: Shutting down and abandoning module HTTPChunkInstaller (36)
[2017.10.08-01.30.54:801][833]LogModuleManager: Shutting down and abandoning module AnimationModifiers (34)
[2017.10.08-01.30.54:801][833]LogModuleManager: Shutting down and abandoning module PropertyEditor (33)
[2017.10.08-01.30.54:801][833]LogModuleManager: Shutting down and abandoning module AudioEditor (30)
[2017.10.08-01.30.54:802][833]LogModuleManager: Shutting down and abandoning module TextureCompressor (28)
[2017.10.08-01.30.54:802][833]LogModuleManager: Shutting down and abandoning module ShaderCore (26)
[2017.10.08-01.30.54:802][833]LogModuleManager: Shutting down and abandoning module Landscape (24)
[2017.10.08-01.30.54:802][833]LogModuleManager: Shutting down and abandoning module SlateRHIRenderer (22)
[2017.10.08-01.30.54:806][833]LogModuleManager: Shutting down and abandoning module OpenGLDrv (20)
[2017.10.08-01.30.54:806][833]LogModuleManager: Shutting down and abandoning module D3D11RHI (18)
[2017.10.08-01.30.54:806][833]LogModuleManager: Shutting down and abandoning module AnimGraphRuntime (16)
[2017.10.08-01.30.54:806][833]LogModuleManager: Shutting down and abandoning module Renderer (14)
[2017.10.08-01.30.54:806][833]LogModuleManager: Shutting down and abandoning module Engine (12)
[2017.10.08-01.30.54:806][833]LogModuleManager: Shutting down and abandoning module CoreUObject (10)
[2017.10.08-01.30.54:806][833]LogModuleManager: Shutting down and abandoning module NetworkFile (8)
[2017.10.08-01.30.54:806][833]LogModuleManager: Shutting down and abandoning module StreamingFile (6)
[2017.10.08-01.30.54:806][833]LogModuleManager: Shutting down and abandoning module SandboxFile (4)
[2017.10.08-01.30.54:806][833]LogModuleManager: Shutting down and abandoning module PakFile (2)
[2017.10.08-01.30.54:808][833]LogExit: Exiting.
[2017.10.08-01.30.54:827][833]Log file closed, 10/08/17 10:30:54
