<<<<<<< HEAD
﻿Log file open, 08/15/17 11:14:28
LogInit:Display: Running engine for game: Sample
LogPlatformFile: Not using cached read wrapper
LogInit:Display: RandInit(-503421076) SRandInit(-503421076).
LogTaskGraph: Started task graph with 5 named threads and 6 total threads with 1 sets of task threads.
LogStats: Stats thread started at 0.063573
=======
﻿Log file open, 08/11/17 10:43:52
LogInit:Display: Running engine for game: Sample
LogPlatformFile: Not using cached read wrapper
LogInit:Display: RandInit(-201518596) SRandInit(-201518596).
LogTaskGraph: Started task graph with 5 named threads and 6 total threads with 1 sets of task threads.
LogStats: Stats thread started at 0.091510
>>>>>>> bdb4c0fd5bacf2e02ee0ec90022a2ed5dd5827f0
LogInit: Using libcurl 7.47.1
LogInit:  - built for x86_64-pc-win32
LogInit:  - supports SSL with OpenSSL/1.0.2g
LogInit:  - supports HTTP deflate (compression) using libz 1.2.8
LogInit:  - other features:
LogInit:      CURL_VERSION_SSL
LogInit:      CURL_VERSION_LIBZ
LogInit:      CURL_VERSION_IPV6
LogInit:      CURL_VERSION_ASYNCHDNS
LogInit:      CURL_VERSION_LARGEFILE
LogInit:      CURL_VERSION_IDN
LogInit:  CurlRequestOptions (configurable via config and command line):
LogInit:  - bVerifyPeer = false  - Libcurl will NOT verify peer certificate
LogInit:  - bUseHttpProxy = false  - Libcurl will NOT use HTTP proxy
LogInit:  - bDontReuseConnections = false  - Libcurl will reuse connections
LogInit:  - CertBundlePath = nullptr  - Libcurl will use whatever was configured at build time.
LogInit: Build: ++UE4+Release-4.16-CL-3561208
LogInit: Engine Version: 4.16.3-3561208+++UE4+Release-4.16
LogInit: Compatible Engine Version: 4.16.0-3452394+++UE4+Release-4.16
LogInit: Net CL: 3452394
LogDevObjectVersion: Number of dev versions registered: 16
LogDevObjectVersion:   Dev-Blueprints (B0D832E4-1F89-4F0D-ACCF-7EB736FD4AA2): 9
LogDevObjectVersion:   Dev-Build (E1C64328-A22C-4D53-A36C-8E866417BD8C): 0
LogDevObjectVersion:   Dev-Core (375EC13C-06E4-48FB-B500-84F0262A717E): 2
LogDevObjectVersion:   Dev-Editor (E4B068ED-F494-42E9-A231-DA0B2E46BB41): 17
LogDevObjectVersion:   Dev-Framework (CFFC743F-43B0-4480-9391-14DF171D2073): 23
LogDevObjectVersion:   Dev-Mobile (B02B49B5-BB20-44E9-A304-32B752E40360): 0
LogDevObjectVersion:   Dev-Networking (A4E4105C-59A1-49B5-A7C5-40C4547EDFEE): 0
LogDevObjectVersion:   Dev-Online (39C831C9-5AE6-47DC-9A44-9C173E1C8E7C): 0
LogDevObjectVersion:   Dev-Physics (78F01B33-EBEA-4F98-B9B4-84EACCB95AA2): 0
LogDevObjectVersion:   Dev-Platform (6631380F-2D4D-43E0-8009-CF276956A95A): 0
LogDevObjectVersion:   Dev-Rendering (12F88B9F-8875-4AFC-A67C-D90C383ABD29): 15
LogDevObjectVersion:   Dev-Sequencer (7B5AE74C-D270-4C10-A958-57980B212A5A): 4
LogDevObjectVersion:   Dev-VR (D7296918-1DD6-4BDD-9DE2-64A83CC13884): 0
LogDevObjectVersion:   Dev-LoadTimes (C2A15278-BFE7-4AFE-6C17-90FF531DF755): 1
LogDevObjectVersion:   Private-Geometry (6EACA3D4-40EC-4CC1-B786-8BED09428FC5): 1
LogDevObjectVersion:   Dev-AnimPhys (29E575DD-E0A3-4627-9D10-D276232CDCEA): 3
LogInit: Compiled (64-bit): Jul 28 2017 11:49:47
LogInit: Compiled with Visual C++: 19.00.24215.01
LogInit: Build Configuration: Development
LogInit: Branch Name: ++UE4+Release-4.16
LogInit: Command line:  
LogInit: Base directory: C:/Program Files/Epic Games/UE_4.16/Engine/Binaries/Win64/
LogInit: Installed Engine Build: 1
LogInit: Presizing for max 8388607 objects, including 0 objects not considered by GC, pre-allocating 0 bytes for permanent pool.
LogInit: Object subsystem initialized
<<<<<<< HEAD
[2017.08.15-02.14.28:614][  0]LogInit: Selected Device Profile: [Windows]
[2017.08.15-02.14.28:614][  0]LogInit: Applying CVar settings loaded from the selected device profile: [Windows]
[2017.08.15-02.14.28:632][  0]LogInit: Computer: DESKTOP-RM5SNBE
[2017.08.15-02.14.28:632][  0]LogInit: User: user
[2017.08.15-02.14.28:632][  0]LogInit: CPU Page size=4096, Cores=2
[2017.08.15-02.14.28:632][  0]LogInit: High frequency timer resolution =2.648442 MHz
[2017.08.15-02.14.28:632][  0]LogMemory: Memory total: Physical=7.9GB (8GB approx)
[2017.08.15-02.14.28:632][  0]LogMemory: Platform Memory Stats for Windows
[2017.08.15-02.14.28:632][  0]LogMemory: Process Physical Memory: 273.60 MB used, 273.60 MB peak
[2017.08.15-02.14.28:632][  0]LogMemory: Process Virtual Memory: 266.32 MB used, 266.32 MB peak
[2017.08.15-02.14.28:632][  0]LogMemory: Physical Memory: 3995.48 MB used,  4083.46 MB free, 8078.94 MB total
[2017.08.15-02.14.28:632][  0]LogMemory: Virtual Memory: 641.68 MB used,  4083.46 MB free, 134217728.00 MB total
[2017.08.15-02.14.28:696][  0]LogInit: Using OS detected language (ko-KR).
[2017.08.15-02.14.28:696][  0]LogInit: Using OS detected locale (ko-KR).
[2017.08.15-02.14.28:700][  0]LogTextLocalizationManager: No specific localization for 'ko-KR' exists, so the 'ko' localization will be used.
[2017.08.15-02.14.29:542][  0]LogD3D11RHI: D3D11 adapters:
[2017.08.15-02.14.29:579][  0]LogD3D11RHI:    0. 'NVIDIA GeForce 940MX' (Feature Level 11_0)
[2017.08.15-02.14.29:579][  0]LogD3D11RHI:       2019/0/4039 MB DedicatedVideo/DedicatedSystem/SharedSystem, Outputs:1, VendorId:0x10de
[2017.08.15-02.14.29:589][  0]LogD3D11RHI:    1. 'Intel(R) HD Graphics 620' (Feature Level 11_0)
[2017.08.15-02.14.29:589][  0]LogD3D11RHI:       128/0/4039 MB DedicatedVideo/DedicatedSystem/SharedSystem, Outputs:0, VendorId:0x8086
[2017.08.15-02.14.29:591][  0]LogD3D11RHI:    2. 'Microsoft Basic Render Driver' (Feature Level 11_0)
[2017.08.15-02.14.29:591][  0]LogD3D11RHI:       0/0/4039 MB DedicatedVideo/DedicatedSystem/SharedSystem, Outputs:0, VendorId:0x1414
[2017.08.15-02.14.29:591][  0]LogD3D11RHI: Chosen D3D11 Adapter: 0
[2017.08.15-02.14.29:596][  0]LogD3D11RHI: Creating new Direct3DDevice
[2017.08.15-02.14.29:596][  0]LogD3D11RHI:     GPU DeviceId: 0x134d (for the marketing name, search the web for "GPU Device Id")
[2017.08.15-02.14.29:596][  0]LogWindows: EnumDisplayDevices:
[2017.08.15-02.14.29:596][  0]LogWindows:    0. 'Intel(R) HD Graphics 620' (P:1 D:1)
[2017.08.15-02.14.29:596][  0]LogWindows:    1. 'Intel(R) HD Graphics 620' (P:0 D:0)
[2017.08.15-02.14.29:597][  0]LogWindows:    2. 'Intel(R) HD Graphics 620' (P:0 D:0)
[2017.08.15-02.14.29:597][  0]LogWindows: DebugString: PrimaryIsNotTheChoosenAdapter PrimaryIsNotTheChoosenAdapter PrimaryIsNotTheChoosenAdapter FoundDriverCount:0 
[2017.08.15-02.14.29:597][  0]LogD3D11RHI:     Adapter Name: NVIDIA GeForce 940MX
[2017.08.15-02.14.29:597][  0]LogD3D11RHI:   Driver Version: Unknown (internal:Unknown, unified:Unknown)
[2017.08.15-02.14.29:597][  0]LogD3D11RHI:      Driver Date: Unknown
[2017.08.15-02.14.29:597][  0]LogRHI: Texture pool is 1361 MB (70% of 1945 MB)
[2017.08.15-02.14.29:613][  0]LogD3D11RHI: Async texture creation enabled
[2017.08.15-02.14.29:625][  0]LogD3D11RHI: GPU Timing Frequency: 1000.000000 (Debug: 2 1)
[2017.08.15-02.14.29:629][  0]LogShaderCompilers: Guid format shader working directory is -1 characters bigger than the processId version (C:/Users/user/Documents/Unreal Projects/Sample/Intermediate/Shaders/WorkingDirectory/2712/).
[2017.08.15-02.14.29:629][  0]LogShaderCompilers: Cleaned the shader compiler working directory 'C:/Users/user/AppData/Local/Temp/UnrealShaderWorkingDir/8BE7E09141D7C91E071675892CBC6589/'.
[2017.08.15-02.14.29:629][  0]LogShaderCompilers:Display: Using Local Shader Compiler.
[2017.08.15-02.14.31:110][  0]LogTemp:Display: Loaded TP AllDesktopTargetPlatform
[2017.08.15-02.14.31:151][  0]LogTemp:Display: Loaded TP MacClientTargetPlatform
[2017.08.15-02.14.31:193][  0]LogTemp:Display: Loaded TP MacNoEditorTargetPlatform
[2017.08.15-02.14.31:254][  0]LogTemp:Display: Loaded TP MacServerTargetPlatform
[2017.08.15-02.14.31:309][  0]LogTemp:Display: Loaded TP MacTargetPlatform
[2017.08.15-02.14.31:359][  0]LogTemp:Display: Loaded TP WindowsClientTargetPlatform
[2017.08.15-02.14.31:407][  0]LogTemp:Display: Loaded TP WindowsNoEditorTargetPlatform
[2017.08.15-02.14.31:461][  0]LogTemp:Display: Loaded TP WindowsServerTargetPlatform
[2017.08.15-02.14.31:507][  0]LogTemp:Display: Loaded TP WindowsTargetPlatform
[2017.08.15-02.14.31:562][  0]LogTemp:Display: Loaded TP AndroidTargetPlatform
[2017.08.15-02.14.31:613][  0]LogTemp:Display: Loaded TP Android_ASTCTargetPlatform
[2017.08.15-02.14.31:656][  0]LogTemp:Display: Loaded TP Android_ATCTargetPlatform
[2017.08.15-02.14.31:695][  0]LogTemp:Display: Loaded TP Android_DXTTargetPlatform
[2017.08.15-02.14.31:734][  0]LogTemp:Display: Loaded TP Android_ETC1TargetPlatform
[2017.08.15-02.14.31:773][  0]LogTemp:Display: Loaded TP Android_ETC2TargetPlatform
[2017.08.15-02.14.31:853][  0]LogTemp:Display: Loaded TP Android_MultiTargetPlatform
[2017.08.15-02.14.31:853][  0]LogTemp:Display: Loaded TP Android_PVRTCTargetPlatform
[2017.08.15-02.14.31:887][  0]LogTemp:Display: Loaded TP HTML5TargetPlatform
[2017.08.15-02.14.31:964][  0]LogTemp:Display: Loaded TP IOSTargetPlatform
[2017.08.15-02.14.31:988][  0]LogTemp:Display: Loaded TP TVOSTargetPlatform
[2017.08.15-02.14.32:028][  0]LogTemp:Display: Loaded TP LinuxClientTargetPlatform
[2017.08.15-02.14.32:069][  0]LogTemp:Display: Loaded TP LinuxNoEditorTargetPlatform
[2017.08.15-02.14.32:109][  0]LogTemp:Display: Loaded TP LinuxServerTargetPlatform
[2017.08.15-02.14.32:149][  0]LogTemp:Display: Loaded TP LinuxTargetPlatform
[2017.08.15-02.14.32:149][  0]LogTargetPlatformManager:Display: Building Assets For Windows
[2017.08.15-02.14.32:547][  0]LogDerivedDataCache:Display: Max Cache Size: 512 MB
[2017.08.15-02.14.32:654][  0]LogDerivedDataCache: Loaded boot cache 0.11s 90MB C:/Users/user/AppData/Local/UnrealEngine/4.16/DerivedDataCache/Boot.ddc.
[2017.08.15-02.14.32:654][  0]LogDerivedDataCache:Display: Loaded Boot cache: C:/Users/user/AppData/Local/UnrealEngine/4.16/DerivedDataCache/Boot.ddc
[2017.08.15-02.14.32:655][  0]LogDerivedDataCache: FDerivedDataBackendGraph:  Pak pak cache file C:/Users/user/Documents/Unreal Projects/Sample/DerivedDataCache/DDC.ddp not found, will not use a pak cache.
[2017.08.15-02.14.32:655][  0]LogDerivedDataCache: Unable to find inner node Pak for hierarchical cache Hierarchy.
[2017.08.15-02.14.32:655][  0]LogDerivedDataCache: FDerivedDataBackendGraph:  CompressedPak pak cache file C:/Users/user/Documents/Unreal Projects/Sample/DerivedDataCache/Compressed.ddp not found, will not use a pak cache.
[2017.08.15-02.14.32:655][  0]LogDerivedDataCache: Unable to find inner node CompressedPak for hierarchical cache Hierarchy.
[2017.08.15-02.14.32:671][  0]LogDerivedDataCache:Display: Pak cache opened for reading ../../../Engine/DerivedDataCache/Compressed.ddp.
[2017.08.15-02.14.32:684][  0]LogDerivedDataCache: Using Local data cache path C:/Users/user/AppData/Local/UnrealEngine/Common/DerivedDataCache: Writable
[2017.08.15-02.14.32:704][  0]LogMaterial: Verifying Global Shaders for PCD3D_SM5
[2017.08.15-02.14.32:704][  0]LogSlate: Using Freetype 2.6.0
[2017.08.15-02.14.32:705][  0]LogSlate: SlateFontCache - WITH_FREETYPE: 1, WITH_HARFBUZZ: 1
[2017.08.15-02.14.32:705][  0]LogSlate: SlateFontCache - WITH_FREETYPE: 1, WITH_HARFBUZZ: 1
[2017.08.15-02.14.33:037][  0]LogInit: Selected Device Profile: [Windows]
[2017.08.15-02.14.33:123][  0]LogContentStreaming: Texture pool size is 0.00 MB
[2017.08.15-02.14.33:267][  0]LogMeshUtilities: Using QuadricMeshReduction for automatic static mesh reduction
[2017.08.15-02.14.33:300][  0]LogSimplygon: Simplygon DLL not present - disabling.
[2017.08.15-02.14.33:335][  0]LogMeshUtilities: Using SimplygonSwarm for distributed automatic mesh merging
[2017.08.15-02.14.33:335][  0]LogMeshUtilities: No automatic skeletal mesh reduction module available
[2017.08.15-02.14.33:335][  0]LogMeshUtilities: No automatic mesh merging module available
[2017.08.15-02.14.33:869][  0]LogNetVersion: Sample , NetCL: 3452394, EngineNetVer: 2, GameNetVer: 0 (Checksum: 1131301962)
[2017.08.15-02.14.33:925][  0]LogAssetRegistry: FAssetRegistry took 0.0256 seconds to start up
[2017.08.15-02.14.34:009][  0]LogPackageLocalizationCache: Processed 4 localized package path(s) for 2 prioritized culture(s) in 0.061430 seconds
[2017.08.15-02.14.34:015][  0]LogUObjectArray: 34194 objects as part of root set at end of initial load.
[2017.08.15-02.14.34:016][  0]LogUObjectAllocator: 7260416 out of 0 bytes used by permanent object pool.
[2017.08.15-02.14.34:016][  0]LogUObjectArray: CloseDisregardForGC: 0/0 objects in disregard for GC pool
[2017.08.15-02.14.34:074][  0]LogInit: WinSock: version 1.1 (2.2), MaxSocks=32767, MaxUdp=65467
[2017.08.15-02.14.36:438][  0]LogTcpMessaging: Initializing TcpMessaging bridge
[2017.08.15-02.14.36:479][  0]LogUdpMessaging: Initializing bridge on interface 0.0.0.0:0 to multicast group 230.0.0.1:6666.
[2017.08.15-02.14.36:918][  0]LogMaterial: Uniform references updated for custom material expression Custom.
[2017.08.15-02.14.37:252][  0]SourceControl: 정보 소스 콘트롤이 꺼졌습니다.
[2017.08.15-02.14.37:253][  0]SourceControl: 정보 소스 콘트롤이 꺼졌습니다.
[2017.08.15-02.14.37:289][  0]SourceControl: 정보 소스 콘트롤이 꺼졌습니다.
[2017.08.15-02.14.37:324][  0]SourceControl: 정보 소스 콘트롤이 꺼졌습니다.
[2017.08.15-02.14.37:841][  0]LogAndroidPermission: UAndroidPermissionCallbackProxy::GetInstance
[2017.08.15-02.14.38:312][  0]LogEngine: Initializing Engine...
[2017.08.15-02.14.38:314][  0]LogHMD: Failed to initialize OpenVR with code 110
[2017.08.15-02.14.38:534][  0]LogStats: UGameplayTagsManager::ConstructGameplayTagTree: Construct from data asset -  0.000 s
[2017.08.15-02.14.38:534][  0]LogStats: UGameplayTagsManager::ConstructGameplayTagTree: GameplayTagTreeChangedEvent.Broadcast -  0.000 s
[2017.08.15-02.14.38:661][  0]LogAIModule: Creating AISystem for world Untitled
[2017.08.15-02.14.38:669][  0]LogInit: XAudio2 using 'Speakers(Realtek High Definition Audio)' : 2 channels at 48 kHz using 32 bits per sample (channel mask 0x3)
[2017.08.15-02.14.38:698][  0]LogInit: FAudioDevice initialized.
[2017.08.15-02.14.38:748][  0]LogDerivedDataCache: Saved boot cache 0.05s 90MB C:/Users/user/AppData/Local/UnrealEngine/4.16/DerivedDataCache/Boot.ddc.
[2017.08.15-02.14.38:755][  0]LogInit: Texture streaming: Enabled
[2017.08.15-02.14.38:820][  0]LogEngineSessionManager: EngineSessionManager initialized
[2017.08.15-02.14.38:986][  0]LogInit: Transaction tracking system initialized
[2017.08.15-02.14.39:218][  0]BlueprintLog: New page: 에디터 로드
[2017.08.15-02.14.39:925][  0]LocalizationService: 정보 현지화 서비스가 비활성화되었습니다.
[2017.08.15-02.14.40:452][  0]LogConsoleResponse:Display: 
[2017.08.15-02.14.40:618][  0]LogCook:Display: Max memory allowance for cook 16384mb min free memory 0mb
[2017.08.15-02.14.40:618][  0]LogCook:Display: Mobile HDR setting 1
[2017.08.15-02.14.41:360][  0]LogFileCache: Scanning file cache for directory 'C:/Users/user/Documents/Unreal Projects/Sample/Content/' took 0.01s
[2017.08.15-02.14.41:394][  0]SourceControl: 정보 소스 콘트롤이 꺼졌습니다.
[2017.08.15-02.14.41:394][  0]Cmd: MAP LOAD FILE="C:/Users/user/Documents/Unreal Projects/Sample/Content/2DSideScrollerBP/Maps/2DSideScrollerExampleMap.umap" TEMPLATE=0 SHOWPROGRESS=1 FEATURELEVEL=3
[2017.08.15-02.14.41:406][  0]LightingResults: New page: 라이팅 빌드
[2017.08.15-02.14.41:443][  0]MapCheck: New page: 맵 체크
[2017.08.15-02.14.41:443][  0]LightingResults: New page: 라이팅 빌드
[2017.08.15-02.14.41:797][  0]LogAIModule: Creating AISystem for world 2DSideScrollerExampleMap
[2017.08.15-02.14.41:801][  0]LogEditorServer: Finished looking for orphan Actors (0.000 secs)
[2017.08.15-02.14.41:823][  0]Cmd: MAP CHECKDEP NOCLEARLOG
[2017.08.15-02.14.41:880][  0]MapCheck: 정보 맵 체크 완료: 오류 0 회, 경고 0 회, 소요 시간 57.164ms.
[2017.08.15-02.14.41:880][  0]LogFileHelpers: Loading map '2DSideScrollerExampleMap' took 0.486
[2017.08.15-02.14.41:949][  0]LogWindowsTextInputMethodSystem:Display: IME system now activated using TSF (Microsoft 입력기).
[2017.08.15-02.14.42:036][  0]LogCollectionManager: Loaded 0 collections in 0.001018 seconds
[2017.08.15-02.14.42:104][  0]LogFileCache: Scanning file cache for directory 'C:/Users/user/Documents/Unreal Projects/Sample/Saved/Collections/' took 0.01s
[2017.08.15-02.14.42:104][  0]LogFileCache: Scanning file cache for directory 'C:/Users/user/Documents/Unreal Projects/Sample/Content/Developers/user/Collections/' took 0.01s
[2017.08.15-02.14.42:104][  0]LogFileCache: Scanning file cache for directory 'C:/Users/user/Documents/Unreal Projects/Sample/Content/Collections/' took 0.01s
[2017.08.15-02.14.42:104][  0]LogCollectionManager: Rebuilt the GUID cache for 0 collections in 0.000001 seconds
[2017.08.15-02.14.42:113][  0]LogContentBrowser: Native class hierarchy populated in 0.0087 seconds. Added 2329 classes and 491 folders.
[2017.08.15-02.14.42:159][  0]LogContentBrowser: Native class hierarchy updated for 'WidgetCarousel' in 0.0006 seconds. Added 0 classes and 0 folders.
[2017.08.15-02.14.42:201][  0]LogContentBrowser: Native class hierarchy updated for 'AddContentDialog' in 0.0008 seconds. Added 0 classes and 0 folders.
[2017.08.15-02.14.42:238][  0]LogContentBrowser: Native class hierarchy updated for 'SceneOutliner' in 0.0006 seconds. Added 1 classes and 2 folders.
[2017.08.15-02.14.42:272][  0]LogCrashTracker: Crashtracker disabled due to settings.
[2017.08.15-02.14.42:278][  0]LogSlate: Took 0.000297 seconds to synchronously load lazily loaded font '../../../Engine/Content/Slate/Fonts/Roboto-Regular.ttf' (155K)
[2017.08.15-02.14.42:283][  0]LogSlate: Took 0.002963 seconds to synchronously load lazily loaded font '../../../Engine/Content/Slate/Fonts/NanumGothic.ttf' (4243K)
[2017.08.15-02.14.42:283][  0]LogSlate: Took 0.000219 seconds to synchronously load lazily loaded font '../../../Engine/Content/Slate/Fonts/Roboto-Bold.ttf' (160K)
[2017.08.15-02.14.42:287][  0]LogSlate: Took 0.000213 seconds to synchronously load lazily loaded font '../../../Engine/Content/Editor/Slate/Fonts/FontAwesome.ttf' (139K)
[2017.08.15-02.14.42:383][  0]LogRenderer: Reallocating scene render targets to support 964x436 NumSamples 1 (Frame:1).
[2017.08.15-02.14.42:543][  0]LogUObjectGlobals:Warning: 'Class 없음.' 오브젝트를 찾는 데 실패했습니다.
[2017.08.15-02.14.42:607][  0]LogContentBrowser: Native class hierarchy updated for 'HierarchicalLODOutliner' in 0.0007 seconds. Added 1 classes and 2 folders.
[2017.08.15-02.14.42:607][  0]LogLoad: (Engine Initialization) Total time: 15.32 seconds
[2017.08.15-02.14.42:607][  0]LogLoad: (Engine Initialization) Total Blueprint compile time: 0.10 seconds
[2017.08.15-02.14.42:607][  0]LogExternalProfiler: No external profilers were discovered.  External profiling features will not be available.
[2017.08.15-02.14.42:620][  0]LogOcInput: OculusInput pre-init called
[2017.08.15-02.14.42:620][  0]LogHMD: Starting GearVRController plugin
[2017.08.15-02.14.42:637][  0]LogContentStreaming: Texture pool size now 1000 MB
[2017.08.15-02.14.42:653][  0]LogSlate: Took 0.000217 seconds to synchronously load lazily loaded font '../../../Engine/Content/Slate/Fonts/Roboto-Light.ttf' (159K)
[2017.08.15-02.14.42:676][  1]LogAssetRegistry: Asset discovery search completed in 8.7725 seconds
[2017.08.15-02.14.42:678][  1]LogCollectionManager: Rebuilt the object cache for 0 collections in 0.000000 seconds (found 0 objects)
[2017.08.15-02.14.42:678][  1]LogCollectionManager: Fixed up redirectors for 0 collections in 0.000038 seconds (updated 0 objects)
[2017.08.15-02.14.43:638][ 97]LogSlate: Took 0.000313 seconds to synchronously load lazily loaded font '../../../Engine/Content/Slate/Fonts/Roboto-Light.ttf' (159K)
[2017.08.15-02.15.06:980][570]LogSlate: Took 0.000248 seconds to synchronously load lazily loaded font '../../../Engine/Content/Slate/Fonts/Roboto-Light.ttf' (159K)
[2017.08.15-02.15.07:386][570]LogContentBrowser: Native class hierarchy updated for 'BlueprintGraph' in 0.0009 seconds. Added 112 classes and 0 folders.
[2017.08.15-02.15.07:934][570]LogSlate: Took 0.000222 seconds to synchronously load lazily loaded font '../../../Engine/Content/Slate/Fonts/Roboto-Regular.ttf' (155K)
[2017.08.15-02.15.07:997][570]LogSlate: Took 0.000271 seconds to synchronously load lazily loaded font '../../../Engine/Content/Editor/Slate/Fonts/Roboto-BoldCondensed.ttf' (158K)
[2017.08.15-02.15.09:572][675]LogSlate: Took 0.000258 seconds to synchronously load lazily loaded font '../../../Engine/Content/Editor/Slate/Fonts/Roboto-Italic.ttf' (157K)
[2017.08.15-02.38.21:957][746]LogEditorViewport: Clicking on Actor (LMB): PaperSpriteActor (Background_Sprite)
[2017.08.15-02.39.45:502][880]LogWindowsTextInputMethodSystem:Display: IME system now activated using TSF (Microsoft 입력기).
[2017.08.15-02.39.45:687][881]Cmd: QUIT_EDITOR
[2017.08.15-02.39.45:720][881]LogExit: Preparing to exit.
[2017.08.15-02.39.46:868][881]LogExit: Editor shut down
[2017.08.15-02.39.46:872][881]LogExit: Transaction tracking system shut down
[2017.08.15-02.39.46:954][881]LogObj: Freed 0b from 0 cluster array pools.
[2017.08.15-02.39.46:955][881]LogExit: Object subsystem successfully closed.
[2017.08.15-02.39.46:973][881]LogD3D11RHI: Shutdown
[2017.08.15-02.39.46:973][881]LogD3D11RHI: CleanupD3DDevice
[2017.08.15-02.39.47:051][881]LogD3D11RHI: ~FD3D11DynamicRHI
[2017.08.15-02.39.47:058][881]LogModuleManager: Shutting down and abandoning module BlueprintGraph (528)
[2017.08.15-02.39.47:059][881]LogModuleManager: Shutting down and abandoning module BlueprintProfiler (526)
[2017.08.15-02.39.47:059][881]LogModuleManager: Shutting down and abandoning module HierarchicalLODOutliner (524)
[2017.08.15-02.39.47:059][881]LogModuleManager: Shutting down and abandoning module CrashTracker (522)
[2017.08.15-02.39.47:059][881]LogModuleManager: Shutting down and abandoning module SceneOutliner (520)
[2017.08.15-02.39.47:059][881]LogModuleManager: Shutting down and abandoning module AddContentDialog (518)
[2017.08.15-02.39.47:059][881]LogDirectoryWatcher: A directory notification for 'D:/UE_4.16/FeaturePacks/' was aborted.
[2017.08.15-02.39.47:060][881]LogModuleManager: Shutting down and abandoning module WidgetCarousel (517)
[2017.08.15-02.39.47:060][881]LogModuleManager: Shutting down and abandoning module EditorWidgets (514)
[2017.08.15-02.39.47:060][881]LogModuleManager: Shutting down and abandoning module CollectionManager (512)
[2017.08.15-02.39.47:060][881]LogDirectoryWatcher: A directory notification for 'C:/Users/user/Documents/Unreal Projects/Sample/Content/Collections/' was aborted.
[2017.08.15-02.39.47:060][881]LogDirectoryWatcher: A directory notification for 'C:/Users/user/Documents/Unreal Projects/Sample/Content/Developers/user/Collections/' was aborted.
[2017.08.15-02.39.47:060][881]LogDirectoryWatcher: A directory notification for 'C:/Users/user/Documents/Unreal Projects/Sample/Saved/Collections/' was aborted.
[2017.08.15-02.39.47:060][881]LogModuleManager: Shutting down and abandoning module StatsViewer (510)
[2017.08.15-02.39.47:060][881]LogModuleManager: Shutting down and abandoning module FoliageEdit (508)
[2017.08.15-02.39.47:060][881]LogModuleManager: Shutting down and abandoning module LandscapeEditor (506)
[2017.08.15-02.39.47:060][881]LogModuleManager: Shutting down and abandoning module MeshPaintMode (504)
[2017.08.15-02.39.47:060][881]LogModuleManager: Shutting down and abandoning module SceneDepthPickerMode (502)
[2017.08.15-02.39.47:060][881]LogModuleManager: Shutting down and abandoning module ActorPickerMode (500)
[2017.08.15-02.39.47:060][881]LogModuleManager: Shutting down and abandoning module GeometryMode (498)
[2017.08.15-02.39.47:060][881]LogModuleManager: Shutting down and abandoning module TextureAlignMode (496)
[2017.08.15-02.39.47:060][881]LogModuleManager: Shutting down and abandoning module BspMode (494)
[2017.08.15-02.39.47:060][881]LogModuleManager: Shutting down and abandoning module HardwareSurvey (492)
[2017.08.15-02.39.47:060][881]LogModuleManager: Shutting down and abandoning module SequenceRecorderSections (490)
[2017.08.15-02.39.47:060][881]LogModuleManager: Shutting down and abandoning module AutomationWorker (488)
[2017.08.15-02.39.47:060][881]LogModuleManager: Shutting down and abandoning module MatineeToLevelSequence (486)
[2017.08.15-02.39.47:060][881]LogModuleManager: Shutting down and abandoning module LevelSequenceEditor (484)
[2017.08.15-02.39.47:060][881]LogModuleManager: Shutting down and abandoning module PlacementMode (483)
[2017.08.15-02.39.47:060][881]LogModuleManager: Shutting down and abandoning module WmfMediaFactory (480)
[2017.08.15-02.39.47:060][881]LogModuleManager: Shutting down and abandoning module WmfMediaEditor (478)
[2017.08.15-02.39.47:060][881]LogModuleManager: Shutting down and abandoning module AvfMediaFactory (476)
[2017.08.15-02.39.47:060][881]LogModuleManager: Shutting down and abandoning module AvfMediaEditor (474)
[2017.08.15-02.39.47:060][881]LogModuleManager: Shutting down and abandoning module AndroidMediaFactory (472)
[2017.08.15-02.39.47:060][881]LogModuleManager: Shutting down and abandoning module Media (471)
[2017.08.15-02.39.47:060][881]LogModuleManager: Shutting down and abandoning module AndroidMediaEditor (468)
[2017.08.15-02.39.47:060][881]LogModuleManager: Shutting down and abandoning module CharacterAI (466)
[2017.08.15-02.39.47:060][881]LogModuleManager: Shutting down and abandoning module AudioCapture (464)
[2017.08.15-02.39.47:060][881]LogModuleManager: Shutting down and abandoning module SequenceRecorder (463)
[2017.08.15-02.39.47:060][881]LogModuleManager: Shutting down and abandoning module SmartSnapping (460)
[2017.08.15-02.39.47:060][881]LogModuleManager: Shutting down and abandoning module SessionServices (458)
[2017.08.15-02.39.47:060][881]LogModuleManager: Shutting down and abandoning module ViewportSnapping (456)
[2017.08.15-02.39.47:060][881]LogModuleManager: Shutting down and abandoning module ViewportInteraction (454)
[2017.08.15-02.39.47:060][881]LogModuleManager: Shutting down and abandoning module ClothPainter (452)
[2017.08.15-02.39.47:060][881]LogModuleManager: Shutting down and abandoning module LogVisualizer (450)
[2017.08.15-02.39.47:060][881]LogModuleManager: Shutting down and abandoning module IntroTutorials (448)
[2017.08.15-02.39.47:060][881]LogModuleManager: Shutting down and abandoning module GameProjectGeneration (447)
[2017.08.15-02.39.47:060][881]LogModuleManager: Shutting down and abandoning module EditorLiveStreaming (444)
[2017.08.15-02.39.47:060][881]LogModuleManager: Shutting down and abandoning module IOSPlatformEditor (442)
[2017.08.15-02.39.47:060][881]LogModuleManager: Shutting down and abandoning module HTML5PlatformEditor (440)
[2017.08.15-02.39.47:060][881]LogModuleManager: Shutting down and abandoning module AndroidPlatformEditor (438)
[2017.08.15-02.39.47:060][881]LogModuleManager: Shutting down and abandoning module AndroidDeviceDetection (437)
[2017.08.15-02.39.47:762][881]LogModuleManager: Shutting down and abandoning module IOSRuntimeSettings (434)
[2017.08.15-02.39.47:762][881]LogModuleManager: Shutting down and abandoning module AndroidRuntimeSettings (432)
[2017.08.15-02.39.47:762][881]LogModuleManager: Shutting down and abandoning module InputBindingEditor (430)
[2017.08.15-02.39.47:762][881]LogModuleManager: Shutting down and abandoning module MergeActors (428)
[2017.08.15-02.39.47:762][881]LogModuleManager: Shutting down and abandoning module SizeMap (426)
[2017.08.15-02.39.47:762][881]LogModuleManager: Shutting down and abandoning module TreeMap (424)
[2017.08.15-02.39.47:762][881]LogModuleManager: Shutting down and abandoning module ReferenceViewer (422)
[2017.08.15-02.39.47:762][881]LogModuleManager: Shutting down and abandoning module LocalizationDashboard (420)
[2017.08.15-02.39.47:763][881]LogModuleManager: Shutting down and abandoning module LocalizationService (419)
[2017.08.15-02.39.47:763][881]LogModuleManager: Shutting down and abandoning module HardwareTargeting (416)
[2017.08.15-02.39.47:763][881]LogModuleManager: Shutting down and abandoning module DeviceProfileEditor (414)
[2017.08.15-02.39.47:763][881]LogModuleManager: Shutting down and abandoning module UndoHistory (412)
[2017.08.15-02.39.47:763][881]LogModuleManager: Shutting down and abandoning module UserFeedback (410)
[2017.08.15-02.39.47:763][881]LogModuleManager: Shutting down and abandoning module XmlParser (408)
[2017.08.15-02.39.47:763][881]LogModuleManager: Shutting down and abandoning module Blutility (406)
[2017.08.15-02.39.47:763][881]LogModuleManager: Shutting down and abandoning module ProjectSettingsViewer (404)
[2017.08.15-02.39.47:763][881]LogModuleManager: Shutting down and abandoning module ProjectTargetPlatformEditor (403)
[2017.08.15-02.39.47:763][881]LogModuleManager: Shutting down and abandoning module EditorSettingsViewer (400)
[2017.08.15-02.39.47:763][881]LogModuleManager: Shutting down and abandoning module SettingsEditor (398)
[2017.08.15-02.39.47:763][881]LogModuleManager: Shutting down and abandoning module ProjectLauncher (396)
[2017.08.15-02.39.47:763][881]LogModuleManager: Shutting down and abandoning module SessionFrontend (394)
[2017.08.15-02.39.47:763][881]LogModuleManager: Shutting down and abandoning module ProfilerClient (392)
[2017.08.15-02.39.47:763][881]LogModuleManager: Shutting down and abandoning module DeviceManager (390)
[2017.08.15-02.39.47:763][881]LogModuleManager: Shutting down and abandoning module TargetDeviceServices (389)
[2017.08.15-02.39.47:816][881]LogModuleManager: Shutting down and abandoning module AutomationController (386)
[2017.08.15-02.39.47:817][881]LogModuleManager: Shutting down and abandoning module AutomationWindow (384)
[2017.08.15-02.39.47:817][881]LogModuleManager: Shutting down and abandoning module Layers (382)
[2017.08.15-02.39.47:817][881]LogModuleManager: Shutting down and abandoning module ComponentVisualizers (380)
[2017.08.15-02.39.47:817][881]LogModuleManager: Shutting down and abandoning module DetailCustomizations (378)
[2017.08.15-02.39.47:817][881]LogModuleManager: Shutting down and abandoning module PackagesDialog (376)
[2017.08.15-02.39.47:817][881]LogModuleManager: Shutting down and abandoning module Persona (374)
[2017.08.15-02.39.47:817][881]LogModuleManager: Shutting down and abandoning module AdvancedPreviewScene (373)
[2017.08.15-02.39.47:817][881]LogModuleManager: Shutting down and abandoning module AnimGraph (371)
[2017.08.15-02.39.47:817][881]LogModuleManager: Shutting down and abandoning module Kismet (368)
[2017.08.15-02.39.47:825][881]LogModuleManager: Shutting down and abandoning module ClassViewer (366)
[2017.08.15-02.39.47:825][881]LogModuleManager: Shutting down and abandoning module Toolbox (364)
[2017.08.15-02.39.47:825][881]LogModuleManager: Shutting down and abandoning module ModuleUI (362)
[2017.08.15-02.39.47:825][881]LogModuleManager: Shutting down and abandoning module MovieSceneTools (360)
[2017.08.15-02.39.47:825][881]LogModuleManager: Shutting down and abandoning module OutputLog (358)
[2017.08.15-02.39.47:825][881]LogModuleManager: Shutting down and abandoning module GammaUI (356)
[2017.08.15-02.39.47:825][881]LogModuleManager: Shutting down and abandoning module Documentation (354)
[2017.08.15-02.39.47:825][881]LogModuleManager: Shutting down and abandoning module MovieSceneTracks (352)
[2017.08.15-02.39.47:825][881]LogModuleManager: Shutting down and abandoning module MovieScene (350)
[2017.08.15-02.39.47:825][881]LogModuleManager: Shutting down and abandoning module Niagara (348)
[2017.08.15-02.39.47:825][881]LogModuleManager: Shutting down and abandoning module NiagaraEditor (347)
[2017.08.15-02.39.47:825][881]LogModuleManager: Shutting down and abandoning module StreamingPauseRendering (344)
[2017.08.15-02.39.47:825][881]LogModuleManager: Shutting down and abandoning module AnalyticsET (342)
[2017.08.15-02.39.47:825][881]LogModuleManager: Shutting down and abandoning module PortalServices (340)
[2017.08.15-02.39.47:825][881]LogModuleManager: Shutting down and abandoning module PortalRpc (338)
[2017.08.15-02.39.47:825][881]LogModuleManager: Shutting down and abandoning module MessagingRpc (336)
[2017.08.15-02.39.47:825][881]LogModuleManager: Shutting down and abandoning module AIModule (334)
[2017.08.15-02.39.47:825][881]LogModuleManager: Shutting down and abandoning module GameplayDebugger (333)
[2017.08.15-02.39.47:826][881]LogModuleManager: Shutting down and abandoning module AITestSuite (331)
[2017.08.15-02.39.47:826][881]LogModuleManager: Shutting down and abandoning module ProfilerService (328)
[2017.08.15-02.39.47:876][881]LogModuleManager: Shutting down and abandoning module TaskGraph (326)
[2017.08.15-02.39.47:876][881]LogModuleManager: Shutting down and abandoning module SteamVRController (324)
[2017.08.15-02.39.47:876][881]LogModuleManager: Shutting down and abandoning module SteamVR (322)
[2017.08.15-02.39.47:876][881]LogModuleManager: Shutting down and abandoning module ProceduralMeshComponentEditor (320)
[2017.08.15-02.39.47:876][881]LogModuleManager: Shutting down and abandoning module ProceduralMeshComponent (318)
[2017.08.15-02.39.47:876][881]LogModuleManager: Shutting down and abandoning module OculusLibrary (316)
[2017.08.15-02.39.47:876][881]LogModuleManager: Shutting down and abandoning module OculusInput (314)
[2017.08.15-02.39.47:876][881]LogModuleManager: Shutting down and abandoning module MobilePatchingUtils (312)
[2017.08.15-02.39.47:876][881]LogModuleManager: Shutting down and abandoning module CustomMeshComponent (310)
[2017.08.15-02.39.47:876][881]LogModuleManager: Shutting down and abandoning module CableComponent (308)
[2017.08.15-02.39.47:876][881]LogModuleManager: Shutting down and abandoning module ArchVisCharacter (306)
[2017.08.15-02.39.47:876][881]LogModuleManager: Shutting down and abandoning module AndroidPermission (304)
[2017.08.15-02.39.47:876][881]LogModuleManager: Shutting down and abandoning module MediaPlayerEditor (300)
[2017.08.15-02.39.47:876][881]LogModuleManager: Shutting down and abandoning module HTML5Networking (298)
[2017.08.15-02.39.47:876][881]LogModuleManager: Shutting down and abandoning module AlembicImporter (296)
[2017.08.15-02.39.47:876][881]LogModuleManager: Shutting down and abandoning module AlembicLibrary (295)
[2017.08.15-02.39.47:876][881]LogModuleManager: Shutting down and abandoning module GeometryCache (294)
[2017.08.15-02.39.47:876][881]LogModuleManager: Shutting down and abandoning module GeometryCacheEd (293)
[2017.08.15-02.39.47:876][881]LogModuleManager: Shutting down and abandoning module SuperSearchEditor (288)
[2017.08.15-02.39.47:876][881]LogModuleManager: Shutting down and abandoning module SuperSearch (287)
[2017.08.15-02.39.47:876][881]LogModuleManager: Shutting down and abandoning module SpeedTreeImporter (284)
[2017.08.15-02.39.47:876][881]LogModuleManager: Shutting down and abandoning module PluginBrowser (282)
[2017.08.15-02.39.47:876][881]LogModuleManager: Shutting down and abandoning module MobileLauncherProfileWizard (280)
[2017.08.15-02.39.47:876][881]LogModuleManager: Shutting down and abandoning module VisualStudioSourceCodeAccess (278)
[2017.08.15-02.39.47:876][881]LogModuleManager: Shutting down and abandoning module DesktopPlatform (277)
[2017.08.15-02.39.47:876][881]LogModuleManager: Shutting down and abandoning module UObjectPlugin (274)
[2017.08.15-02.39.47:876][881]LogModuleManager: Shutting down and abandoning module SubversionSourceControl (272)
[2017.08.15-02.39.47:876][881]LogModuleManager: Shutting down and abandoning module PerforceSourceControl (270)
[2017.08.15-02.39.47:876][881]LogModuleManager: Shutting down and abandoning module GitSourceControl (268)
[2017.08.15-02.39.47:876][881]LogModuleManager: Shutting down and abandoning module SourceControl (267)
[2017.08.15-02.39.47:876][881]LogModuleManager: Shutting down and abandoning module LightPropagationVolumeEditor (264)
[2017.08.15-02.39.47:876][881]LogModuleManager: Shutting down and abandoning module PaperTiledImporter (262)
[2017.08.15-02.39.47:876][881]LogModuleManager: Shutting down and abandoning module PaperSpriteSheetImporter (260)
[2017.08.15-02.39.47:876][881]LogModuleManager: Shutting down and abandoning module Paper2DEditor (258)
[2017.08.15-02.39.47:877][881]LogModuleManager: Shutting down and abandoning module MeshPaint (257)
[2017.08.15-02.39.47:877][881]LogModuleManager: Shutting down and abandoning module LevelEditor (255)
[2017.08.15-02.39.47:877][881]LogModuleManager: Shutting down and abandoning module PixelInspectorModule (254)
[2017.08.15-02.39.47:877][881]LogModuleManager: Shutting down and abandoning module MainFrame (252)
[2017.08.15-02.39.47:877][881]LogModuleManager: Shutting down and abandoning module HotReload (251)
[2017.08.15-02.39.47:878][881]LogModuleManager: Shutting down and abandoning module PhysXVehiclesEditor (246)
[2017.08.15-02.39.47:878][881]LogModuleManager: Shutting down and abandoning module PhysXVehicles (244)
[2017.08.15-02.39.47:878][881]LogModuleManager: Shutting down and abandoning module LocationServicesBPLibrary (242)
[2017.08.15-02.39.47:878][881]LogModuleManager: Shutting down and abandoning module ImmediatePhysicsEditor (240)
[2017.08.15-02.39.47:878][881]LogModuleManager: Shutting down and abandoning module ImmediatePhysics (238)
[2017.08.15-02.39.47:878][881]LogModuleManager: Shutting down and abandoning module UdpMessaging (236)
[2017.08.15-02.39.47:979][881]LogModuleManager: Shutting down and abandoning module TcpMessaging (234)
[2017.08.15-02.39.48:080][881]LogModuleManager: Shutting down and abandoning module GameplayTagsEditor (232)
[2017.08.15-02.39.48:080][881]LogModuleManager: Shutting down and abandoning module FacialAnimationEditor (230)
[2017.08.15-02.39.48:080][881]LogModuleManager: Shutting down and abandoning module FacialAnimation (228)
[2017.08.15-02.39.48:080][881]LogModuleManager: Shutting down and abandoning module AssetManagerEditor (226)
[2017.08.15-02.39.48:080][881]LogModuleManager: Shutting down and abandoning module GraphEditor (225)
[2017.08.15-02.39.48:080][881]LogModuleManager: Shutting down and abandoning module ContentBrowser (223)
[2017.08.15-02.39.48:081][881]LogModuleManager: Shutting down and abandoning module LightPropagationVolumeRuntime (220)
[2017.08.15-02.39.48:081][881]LogModuleManager: Shutting down and abandoning module Paper2D (218)
[2017.08.15-02.39.48:081][881]LogModuleManager: Shutting down and abandoning module WindowsMoviePlayer (216)
[2017.08.15-02.39.48:081][881]LogModuleManager: Shutting down and abandoning module WmfMedia (214)
[2017.08.15-02.39.48:081][881]LogModuleManager: Shutting down and abandoning module ClothingSystemEditor (212)
[2017.08.15-02.39.48:081][881]LogModuleManager: Shutting down and abandoning module ClothingSystemRuntime (210)
[2017.08.15-02.39.48:081][881]LogModuleManager: Shutting down and abandoning module MediaAssets (208)
[2017.08.15-02.39.48:081][881]LogModuleManager: Shutting down and abandoning module GameLiveStreaming (206)
[2017.08.15-02.39.48:081][881]LogModuleManager: Shutting down and abandoning module VREditor (204)
[2017.08.15-02.39.48:081][881]LogModuleManager: Shutting down and abandoning module StringTableEditor (202)
[2017.08.15-02.39.48:081][881]LogModuleManager: Shutting down and abandoning module GameplayTasksEditor (200)
[2017.08.15-02.39.48:081][881]LogModuleManager: Shutting down and abandoning module BehaviorTreeEditor (198)
[2017.08.15-02.39.48:081][881]LogModuleManager: Shutting down and abandoning module FunctionalTesting (196)
[2017.08.15-02.39.48:081][881]LogModuleManager: Shutting down and abandoning module CollisionAnalyzer (194)
[2017.08.15-02.39.48:081][881]LogModuleManager: Shutting down and abandoning module UMG (192)
[2017.08.15-02.39.48:081][881]LogModuleManager: Shutting down and abandoning module UMGEditor (191)
[2017.08.15-02.39.48:081][881]LogModuleManager: Shutting down and abandoning module Sequencer (190)
[2017.08.15-02.39.48:081][881]LogModuleManager: Shutting down and abandoning module AssetTools (188)
[2017.08.15-02.39.48:081][881]LogModuleManager: Shutting down and abandoning module MessageLog (187)
[2017.08.15-02.39.48:081][881]LogModuleManager: Shutting down and abandoning module WorkspaceMenuStructure (186)
[2017.08.15-02.39.48:081][881]LogModuleManager: Shutting down and abandoning module SlateReflector (180)
[2017.08.15-02.39.48:082][881]LogModuleManager: Shutting down and abandoning module Slate (178)
[2017.08.15-02.39.48:082][881]LogModuleManager: Shutting down and abandoning module EditorStyle (176)
[2017.08.15-02.39.48:086][881]LogModuleManager: Shutting down and abandoning module SourceCodeAccess (174)
[2017.08.15-02.39.48:087][881]LogModuleManager: Shutting down and abandoning module HeadMountedDisplay (172)
[2017.08.15-02.39.48:087][881]LogModuleManager: Shutting down and abandoning module XAudio2 (170)
[2017.08.15-02.39.48:087][881]LogModuleManager: Shutting down and abandoning module Networking (168)
[2017.08.15-02.39.48:087][881]LogModuleManager: Shutting down and abandoning module Core (164)
[2017.08.15-02.39.48:087][881]LogModuleManager: Shutting down and abandoning module AssetRegistry (162)
[2017.08.15-02.39.48:237][881]LogDirectoryWatcher: A directory notification for '../../../Engine/Content/' was aborted.
[2017.08.15-02.39.48:237][881]LogDirectoryWatcher: A directory notification for 'C:/Users/user/Documents/Unreal Projects/Sample/Content/' was aborted.
[2017.08.15-02.39.48:237][881]LogDirectoryWatcher: A directory notification for '../../../Engine/Plugins/2D/Paper2D/Content/' was aborted.
[2017.08.15-02.39.48:238][881]LogDirectoryWatcher: A directory notification for '../../../Engine/Plugins/Runtime/GearVR/Content/' was aborted.
[2017.08.15-02.39.48:243][881]LogModuleManager: Shutting down and abandoning module DirectoryWatcher (161)
[2017.08.15-02.39.48:244][881]LogModuleManager: Shutting down and abandoning module KismetCompiler (158)
[2017.08.15-02.39.48:244][881]LogModuleManager: Shutting down and abandoning module LevelSequence (156)
[2017.08.15-02.39.48:244][881]LogModuleManager: Shutting down and abandoning module PhysXFormats (154)
[2017.08.15-02.39.48:244][881]LogModuleManager: Shutting down and abandoning module MeshUtilities (152)
[2017.08.15-02.39.48:244][881]LogModuleManager: Shutting down and abandoning module SimplygonSwarm (151)
[2017.08.15-02.39.48:244][881]LogModuleManager: Shutting down and abandoning module SimplygonMeshReduction (149)
[2017.08.15-02.39.48:244][881]LogModuleManager: Shutting down and abandoning module QuadricMeshReduction (147)
[2017.08.15-02.39.48:244][881]LogModuleManager: Shutting down and abandoning module DerivedDataCache (144)
[2017.08.15-02.39.48:291][881]LogDerivedDataCache: Shutdown
[2017.08.15-02.39.48:291][881]LogModuleManager: Shutting down and abandoning module TargetPlatform (142)
[2017.08.15-02.39.48:291][881]LogModuleManager: Shutting down and abandoning module VulkanShaderFormat (141)
[2017.08.15-02.39.48:291][881]LogModuleManager: Shutting down and abandoning module ShaderFormatVectorVM (139)
[2017.08.15-02.39.48:291][881]LogModuleManager: Shutting down and abandoning module ShaderFormatOpenGL (137)
[2017.08.15-02.39.48:291][881]LogModuleManager: Shutting down and abandoning module ShaderFormatD3D (135)
[2017.08.15-02.39.48:291][881]LogModuleManager: Shutting down and abandoning module MetalShaderFormat (133)
[2017.08.15-02.39.48:291][881]LogModuleManager: Shutting down and abandoning module TextureFormatUncompressed (131)
[2017.08.15-02.39.48:291][881]LogModuleManager: Shutting down and abandoning module TextureFormatPVR (129)
[2017.08.15-02.39.48:291][881]LogModuleManager: Shutting down and abandoning module TextureFormatDXT (127)
[2017.08.15-02.39.48:291][881]LogModuleManager: Shutting down and abandoning module TextureFormatIntelISPCTexComp (125)
[2017.08.15-02.39.48:291][881]LogModuleManager: Shutting down and abandoning module TextureFormatASTC (123)
[2017.08.15-02.39.48:291][881]LogModuleManager: Shutting down and abandoning module ImageWrapper (122)
[2017.08.15-02.39.48:291][881]LogModuleManager: Shutting down and abandoning module TextureFormatAndroid (119)
[2017.08.15-02.39.48:291][881]LogModuleManager: Shutting down and abandoning module AudioFormatOpus (117)
[2017.08.15-02.39.48:291][881]LogModuleManager: Shutting down and abandoning module AudioFormatOgg (115)
[2017.08.15-02.39.48:291][881]LogModuleManager: Shutting down and abandoning module AudioFormatADPCM (113)
[2017.08.15-02.39.48:291][881]LogModuleManager: Shutting down and abandoning module LinuxTargetPlatform (111)
[2017.08.15-02.39.48:291][881]LogModuleManager: Shutting down and abandoning module LinuxServerTargetPlatform (109)
[2017.08.15-02.39.48:291][881]LogModuleManager: Shutting down and abandoning module LinuxNoEditorTargetPlatform (107)
[2017.08.15-02.39.48:291][881]LogModuleManager: Shutting down and abandoning module LinuxClientTargetPlatform (105)
[2017.08.15-02.39.48:291][881]LogModuleManager: Shutting down and abandoning module TVOSTargetPlatform (103)
[2017.08.15-02.39.48:291][881]LogModuleManager: Shutting down and abandoning module Messaging (101)
[2017.08.15-02.39.48:291][881]LogModuleManager: Shutting down and abandoning module IOSTargetPlatform (99)
[2017.08.15-02.39.48:291][881]LogModuleManager: Shutting down and abandoning module HTML5TargetPlatform (97)
[2017.08.15-02.39.48:291][881]LogModuleManager: Shutting down and abandoning module Android_PVRTCTargetPlatform (95)
[2017.08.15-02.39.48:291][881]LogModuleManager: Shutting down and abandoning module Android_MultiTargetPlatform (93)
[2017.08.15-02.39.48:291][881]LogModuleManager: Shutting down and abandoning module Android_ETC2TargetPlatform (91)
[2017.08.15-02.39.48:291][881]LogModuleManager: Shutting down and abandoning module Android_ETC1TargetPlatform (89)
[2017.08.15-02.39.48:291][881]LogModuleManager: Shutting down and abandoning module Android_DXTTargetPlatform (87)
[2017.08.15-02.39.48:291][881]LogModuleManager: Shutting down and abandoning module Android_ATCTargetPlatform (85)
[2017.08.15-02.39.48:291][881]LogModuleManager: Shutting down and abandoning module Android_ASTCTargetPlatform (83)
[2017.08.15-02.39.48:291][881]LogModuleManager: Shutting down and abandoning module AndroidTargetPlatform (81)
[2017.08.15-02.39.48:291][881]LogModuleManager: Shutting down and abandoning module WindowsTargetPlatform (79)
[2017.08.15-02.39.48:291][881]LogModuleManager: Shutting down and abandoning module WindowsServerTargetPlatform (77)
[2017.08.15-02.39.48:291][881]LogModuleManager: Shutting down and abandoning module WindowsNoEditorTargetPlatform (75)
[2017.08.15-02.39.48:291][881]LogModuleManager: Shutting down and abandoning module WindowsClientTargetPlatform (73)
[2017.08.15-02.39.48:291][881]LogModuleManager: Shutting down and abandoning module MacTargetPlatform (71)
[2017.08.15-02.39.48:291][881]LogModuleManager: Shutting down and abandoning module MacServerTargetPlatform (69)
[2017.08.15-02.39.48:291][881]LogModuleManager: Shutting down and abandoning module MacNoEditorTargetPlatform (67)
[2017.08.15-02.39.48:291][881]LogModuleManager: Shutting down and abandoning module MacClientTargetPlatform (65)
[2017.08.15-02.39.48:291][881]LogModuleManager: Shutting down and abandoning module AllDesktopTargetPlatform (63)
[2017.08.15-02.39.48:291][881]LogModuleManager: Shutting down and abandoning module InputCore (60)
[2017.08.15-02.39.48:291][881]LogModuleManager: Shutting down and abandoning module Settings (58)
[2017.08.15-02.39.48:291][881]LogModuleManager: Shutting down and abandoning module OculusRift (56)
[2017.08.15-02.39.48:291][881]LogModuleManager: Shutting down and abandoning module GearVRController (54)
[2017.08.15-02.39.48:291][881]LogModuleManager: Shutting down and abandoning module GearVR (52)
[2017.08.15-02.39.48:291][881]LogModuleManager: Shutting down and abandoning module ExampleDeviceProfileSelector (50)
[2017.08.15-02.39.48:291][881]LogModuleManager: Shutting down and abandoning module OnlineBlueprintSupport (48)
[2017.08.15-02.39.48:291][881]LogModuleManager: Shutting down and abandoning module OnlineSubsystem (44)
[2017.08.15-02.39.48:291][881]LogOnline:Display: Unloading online subsystem: NULL
[2017.08.15-02.39.48:291][881]LogModuleManager: Shutting down and abandoning module XMPP (43)
[2017.08.15-02.39.48:291][881]LogModuleManager: Shutting down and abandoning module HTTP (41)
[2017.08.15-02.39.48:291][881]LogHttp:Display: Http module shutting down, but needs to wait on 1 outstanding Http requests:
[2017.08.15-02.39.48:291][881]LogHttp:Display: 	verb=[POST] url=[https://datarouter.ol.epicgames.com/datarouter/api/v1/public/data?SessionID=%7B560FB0C4-4C61-CC65-A87A-0797CE4125E7%7D&AppID=UEEditor.Rocket.Release&AppVersion=4.16.3-3561208%2B%2B%2BUE4%2BRelease-4.16&UserID=d32318d6443c82eb45d804811fdeaea0%7Ceefdd4ab262c4db284bee4401cb30bf5%7Cc01a5bb9-2f54-4422-ad79-7f6ef5dfa6ae&AppEnvironment=datacollector-binary&UploadType=eteventstream] status=Processing
[2017.08.15-02.39.48:321][881]LogModuleManager: Shutting down and abandoning module SSL (40)
[2017.08.15-02.39.48:322][881]LogModuleManager: Shutting down and abandoning module HTTPChunkInstaller (36)
[2017.08.15-02.39.48:322][881]LogModuleManager: Shutting down and abandoning module AnimationModifiers (34)
[2017.08.15-02.39.48:322][881]LogModuleManager: Shutting down and abandoning module PropertyEditor (33)
[2017.08.15-02.39.48:323][881]LogModuleManager: Shutting down and abandoning module AudioEditor (30)
[2017.08.15-02.39.48:323][881]LogModuleManager: Shutting down and abandoning module TextureCompressor (28)
[2017.08.15-02.39.48:323][881]LogModuleManager: Shutting down and abandoning module ShaderCore (26)
[2017.08.15-02.39.48:323][881]LogModuleManager: Shutting down and abandoning module Landscape (24)
[2017.08.15-02.39.48:323][881]LogModuleManager: Shutting down and abandoning module SlateRHIRenderer (22)
[2017.08.15-02.39.48:326][881]LogModuleManager: Shutting down and abandoning module OpenGLDrv (20)
[2017.08.15-02.39.48:327][881]LogModuleManager: Shutting down and abandoning module D3D11RHI (18)
[2017.08.15-02.39.48:327][881]LogModuleManager: Shutting down and abandoning module AnimGraphRuntime (16)
[2017.08.15-02.39.48:327][881]LogModuleManager: Shutting down and abandoning module Renderer (14)
[2017.08.15-02.39.48:327][881]LogModuleManager: Shutting down and abandoning module Engine (12)
[2017.08.15-02.39.48:327][881]LogModuleManager: Shutting down and abandoning module CoreUObject (10)
[2017.08.15-02.39.48:327][881]LogModuleManager: Shutting down and abandoning module NetworkFile (8)
[2017.08.15-02.39.48:327][881]LogModuleManager: Shutting down and abandoning module StreamingFile (6)
[2017.08.15-02.39.48:327][881]LogModuleManager: Shutting down and abandoning module SandboxFile (4)
[2017.08.15-02.39.48:327][881]LogModuleManager: Shutting down and abandoning module PakFile (2)
[2017.08.15-02.39.48:328][881]LogExit: Exiting.
[2017.08.15-02.39.48:339][881]Log file closed, 08/15/17 11:39:48
=======
[2017.08.11-01.43.53:297][  0]LogInit: Selected Device Profile: [Windows]
[2017.08.11-01.43.53:297][  0]LogInit: Applying CVar settings loaded from the selected device profile: [Windows]
[2017.08.11-01.43.53:309][  0]LogInit: Computer: PAPERBOX
[2017.08.11-01.43.53:309][  0]LogInit: User: 정민
[2017.08.11-01.43.53:309][  0]LogInit: CPU Page size=4096, Cores=2
[2017.08.11-01.43.53:309][  0]LogInit: High frequency timer resolution =2.628194 MHz
[2017.08.11-01.43.53:309][  0]LogMemory: Memory total: Physical=7.9GB (8GB approx)
[2017.08.11-01.43.53:309][  0]LogMemory: Platform Memory Stats for Windows
[2017.08.11-01.43.53:309][  0]LogMemory: Process Physical Memory: 274.49 MB used, 274.49 MB peak
[2017.08.11-01.43.53:309][  0]LogMemory: Process Virtual Memory: 266.76 MB used, 266.76 MB peak
[2017.08.11-01.43.53:309][  0]LogMemory: Physical Memory: 3085.15 MB used,  4989.09 MB free, 8074.24 MB total
[2017.08.11-01.43.53:309][  0]LogMemory: Virtual Memory: 647.30 MB used,  4989.09 MB free, 134217728.00 MB total
[2017.08.11-01.43.53:499][  0]LogInit: Using OS detected language (ko-KR).
[2017.08.11-01.43.53:499][  0]LogInit: Using OS detected locale (ko-KR).
[2017.08.11-01.43.53:505][  0]LogTextLocalizationManager: No specific localization for 'ko-KR' exists, so the 'ko' localization will be used.
[2017.08.11-01.43.54:699][  0]LogD3D11RHI: D3D11 adapters:
[2017.08.11-01.43.54:751][  0]LogD3D11RHI:    0. 'NVIDIA NVS 4200M' (Feature Level 11_0)
[2017.08.11-01.43.54:751][  0]LogD3D11RHI:       979/0/4037 MB DedicatedVideo/DedicatedSystem/SharedSystem, Outputs:1, VendorId:0x10de
[2017.08.11-01.43.54:788][  0]LogD3D11RHI:    1. 'NVIDIA NVS 4200M' (Feature Level 11_0)
[2017.08.11-01.43.54:788][  0]LogD3D11RHI:       979/0/4037 MB DedicatedVideo/DedicatedSystem/SharedSystem, Outputs:0, VendorId:0x10de
[2017.08.11-01.43.54:794][  0]LogD3D11RHI:    2. 'Microsoft Basic Render Driver' (Feature Level 11_0)
[2017.08.11-01.43.54:794][  0]LogD3D11RHI:       979/0/4037 MB DedicatedVideo/DedicatedSystem/SharedSystem, Outputs:0, VendorId:0x1414
[2017.08.11-01.43.54:794][  0]LogD3D11RHI: Chosen D3D11 Adapter: 0
[2017.08.11-01.43.54:805][  0]LogD3D11RHI: Creating new Direct3DDevice
[2017.08.11-01.43.54:806][  0]LogD3D11RHI:     GPU DeviceId: 0x1056 (for the marketing name, search the web for "GPU Device Id")
[2017.08.11-01.43.54:806][  0]LogWindows: EnumDisplayDevices:
[2017.08.11-01.43.54:807][  0]LogWindows:    0. 'Intel(R) HD Graphics 3000' (P:1 D:1)
[2017.08.11-01.43.54:807][  0]LogWindows:    1. 'Intel(R) HD Graphics 3000' (P:0 D:0)
[2017.08.11-01.43.54:807][  0]LogWindows:    2. 'NVIDIA NVS 4200M' (P:0 D:0)
[2017.08.11-01.43.54:808][  0]LogWindows:    3. 'NVIDIA NVS 4200M' (P:0 D:0)
[2017.08.11-01.43.54:808][  0]LogWindows: DebugString: PrimaryIsNotTheChoosenAdapter PrimaryIsNotTheChoosenAdapter FoundDriverCount:2 
[2017.08.11-01.43.54:808][  0]LogD3D11RHI:     Adapter Name: NVIDIA NVS 4200M
[2017.08.11-01.43.54:808][  0]LogD3D11RHI:   Driver Version: 385.12 (internal:23.21.13.8512, unified:385.12)
[2017.08.11-01.43.54:808][  0]LogD3D11RHI:      Driver Date: 7-27-2017
[2017.08.11-01.43.54:808][  0]LogRHI: Texture pool is 685 MB (70% of 979 MB)
[2017.08.11-01.43.54:844][  0]LogD3D11RHI:Display: Timestamp queries are currently disabled on this hardware due to instability. Realtime GPU stats will not be available. You can override this behaviour by setting r.NVIDIATimestampWorkaround to 0
[2017.08.11-01.43.54:844][  0]LogD3D11RHI: Async texture creation enabled
[2017.08.11-01.43.54:858][  0]LogD3D11RHI: GPU Timing Frequency: 1000.000000 (Debug: 2 1)
[2017.08.11-01.43.54:859][  0]LogShaderCompilers: Guid format shader working directory is -14 characters bigger than the processId version (../../../../../../Users/정민/Documents/GitHub/speedy/Sample/Intermediate/Shaders/WorkingDirectory/6584/).
[2017.08.11-01.43.54:859][  0]LogShaderCompilers: Cleaned the shader compiler working directory 'C:/Users/정민/AppData/Local/Temp/UnrealShaderWorkingDir/7CC7204E4144079AC08DBABC10E393CF/'.
[2017.08.11-01.43.54:859][  0]LogShaderCompilers:Display: Using Local Shader Compiler.
[2017.08.11-01.43.56:388][  0]LogTemp:Display: Loaded TP AllDesktopTargetPlatform
[2017.08.11-01.43.56:507][  0]LogTemp:Display: Loaded TP MacClientTargetPlatform
[2017.08.11-01.43.56:647][  0]LogTemp:Display: Loaded TP MacNoEditorTargetPlatform
[2017.08.11-01.43.56:781][  0]LogTemp:Display: Loaded TP MacServerTargetPlatform
[2017.08.11-01.43.56:908][  0]LogTemp:Display: Loaded TP MacTargetPlatform
[2017.08.11-01.43.57:028][  0]LogTemp:Display: Loaded TP WindowsClientTargetPlatform
[2017.08.11-01.43.57:151][  0]LogTemp:Display: Loaded TP WindowsNoEditorTargetPlatform
[2017.08.11-01.43.57:270][  0]LogTemp:Display: Loaded TP WindowsServerTargetPlatform
[2017.08.11-01.43.57:384][  0]LogTemp:Display: Loaded TP WindowsTargetPlatform
[2017.08.11-01.43.57:502][  0]LogTemp:Display: Loaded TP AndroidTargetPlatform
[2017.08.11-01.43.57:622][  0]LogTemp:Display: Loaded TP Android_ASTCTargetPlatform
[2017.08.11-01.43.57:808][  0]LogTemp:Display: Loaded TP Android_ATCTargetPlatform
[2017.08.11-01.43.57:961][  0]LogTemp:Display: Loaded TP Android_DXTTargetPlatform
[2017.08.11-01.43.58:084][  0]LogTemp:Display: Loaded TP Android_ETC1TargetPlatform
[2017.08.11-01.43.58:211][  0]LogTemp:Display: Loaded TP Android_ETC2TargetPlatform
[2017.08.11-01.43.58:458][  0]LogTemp:Display: Loaded TP Android_MultiTargetPlatform
[2017.08.11-01.43.58:458][  0]LogTemp:Display: Loaded TP Android_PVRTCTargetPlatform
[2017.08.11-01.43.58:597][  0]LogTemp:Display: Loaded TP HTML5TargetPlatform
[2017.08.11-01.43.58:811][  0]LogTemp:Display: Loaded TP IOSTargetPlatform
[2017.08.11-01.43.58:890][  0]LogTemp:Display: Loaded TP TVOSTargetPlatform
[2017.08.11-01.43.59:036][  0]LogTemp:Display: Loaded TP LinuxClientTargetPlatform
[2017.08.11-01.43.59:207][  0]LogTemp:Display: Loaded TP LinuxNoEditorTargetPlatform
[2017.08.11-01.43.59:341][  0]LogTemp:Display: Loaded TP LinuxServerTargetPlatform
[2017.08.11-01.43.59:490][  0]LogTemp:Display: Loaded TP LinuxTargetPlatform
[2017.08.11-01.43.59:490][  0]LogTargetPlatformManager:Display: Building Assets For Windows
[2017.08.11-01.44.01:006][  0]LogDerivedDataCache:Display: Max Cache Size: 512 MB
[2017.08.11-01.44.01:127][  0]LogDerivedDataCache: Loaded boot cache 0.12s 90MB C:/Users/정민/AppData/Local/UnrealEngine/4.16/DerivedDataCache/Boot.ddc.
[2017.08.11-01.44.01:128][  0]LogDerivedDataCache:Display: Loaded Boot cache: C:/Users/정민/AppData/Local/UnrealEngine/4.16/DerivedDataCache/Boot.ddc
[2017.08.11-01.44.01:128][  0]LogDerivedDataCache: FDerivedDataBackendGraph:  Pak pak cache file ../../../../../../Users/정민/Documents/GitHub/speedy/Sample/DerivedDataCache/DDC.ddp not found, will not use a pak cache.
[2017.08.11-01.44.01:128][  0]LogDerivedDataCache: Unable to find inner node Pak for hierarchical cache Hierarchy.
[2017.08.11-01.44.01:128][  0]LogDerivedDataCache: FDerivedDataBackendGraph:  CompressedPak pak cache file ../../../../../../Users/정민/Documents/GitHub/speedy/Sample/DerivedDataCache/Compressed.ddp not found, will not use a pak cache.
[2017.08.11-01.44.01:128][  0]LogDerivedDataCache: Unable to find inner node CompressedPak for hierarchical cache Hierarchy.
[2017.08.11-01.44.01:147][  0]LogDerivedDataCache:Display: Pak cache opened for reading ../../../Engine/DerivedDataCache/Compressed.ddp.
[2017.08.11-01.44.01:161][  0]LogDerivedDataCache: Using Local data cache path C:/Users/정민/AppData/Local/UnrealEngine/Common/DerivedDataCache: Writable
[2017.08.11-01.44.01:174][  0]LogMaterial: Verifying Global Shaders for PCD3D_SM5
[2017.08.11-01.44.01:175][  0]LogSlate: Using Freetype 2.6.0
[2017.08.11-01.44.01:176][  0]LogSlate: SlateFontCache - WITH_FREETYPE: 1, WITH_HARFBUZZ: 1
[2017.08.11-01.44.01:176][  0]LogSlate: SlateFontCache - WITH_FREETYPE: 1, WITH_HARFBUZZ: 1
[2017.08.11-01.44.01:730][  0]LogInit: Selected Device Profile: [Windows]
[2017.08.11-01.44.01:831][  0]LogContentStreaming: Texture pool size is 0.00 MB
[2017.08.11-01.44.02:151][  0]LogMeshUtilities: Using QuadricMeshReduction for automatic static mesh reduction
[2017.08.11-01.44.02:275][  0]LogSimplygon: Simplygon DLL not present - disabling.
[2017.08.11-01.44.02:428][  0]LogMeshUtilities: Using SimplygonSwarm for distributed automatic mesh merging
[2017.08.11-01.44.02:428][  0]LogMeshUtilities: No automatic skeletal mesh reduction module available
[2017.08.11-01.44.02:428][  0]LogMeshUtilities: No automatic mesh merging module available
[2017.08.11-01.44.03:525][  0]LogNetVersion: Sample , NetCL: 3452394, EngineNetVer: 2, GameNetVer: 0 (Checksum: 1131301962)
[2017.08.11-01.44.03:642][  0]LogAssetRegistry: FAssetRegistry took 0.0272 seconds to start up
[2017.08.11-01.44.03:813][  0]LogPackageLocalizationCache: Processed 4 localized package path(s) for 2 prioritized culture(s) in 0.072584 seconds
[2017.08.11-01.44.03:823][  0]LogUObjectArray: 34194 objects as part of root set at end of initial load.
[2017.08.11-01.44.03:823][  0]LogUObjectAllocator: 7260424 out of 0 bytes used by permanent object pool.
[2017.08.11-01.44.03:823][  0]LogUObjectArray: CloseDisregardForGC: 0/0 objects in disregard for GC pool
[2017.08.11-01.44.04:085][  0]LogInit: WinSock: version 1.1 (2.2), MaxSocks=32767, MaxUdp=65467
[2017.08.11-01.44.10:210][  0]LogTcpMessaging: Initializing TcpMessaging bridge
[2017.08.11-01.44.10:332][  0]LogUdpMessaging: Initializing bridge on interface 0.0.0.0:0 to multicast group 230.0.0.1:6666.
[2017.08.11-01.44.11:782][  0]LogMaterial: Uniform references updated for custom material expression Custom.
[2017.08.11-01.44.12:856][  0]SourceControl: 정보 소스 콘트롤이 꺼졌습니다.
[2017.08.11-01.44.13:087][  0]SourceControl: 정보 소스 콘트롤이 꺼졌습니다.
[2017.08.11-01.44.13:366][  0]SourceControl: 정보 소스 콘트롤이 꺼졌습니다.
[2017.08.11-01.44.13:656][  0]SourceControl: 정보 소스 콘트롤이 꺼졌습니다.
[2017.08.11-01.44.15:912][  0]LogAndroidPermission: UAndroidPermissionCallbackProxy::GetInstance
[2017.08.11-01.44.17:395][  0]LogEngine: Initializing Engine...
[2017.08.11-01.44.17:396][  0]LogHMD: Failed to initialize OpenVR with code 110
[2017.08.11-01.44.17:644][  0]LogStats: UGameplayTagsManager::ConstructGameplayTagTree: Construct from data asset -  0.000 s
[2017.08.11-01.44.17:644][  0]LogStats: UGameplayTagsManager::ConstructGameplayTagTree: GameplayTagTreeChangedEvent.Broadcast -  0.000 s
[2017.08.11-01.44.17:978][  0]LogAIModule: Creating AISystem for world Untitled
[2017.08.11-01.44.17:986][  0]LogInit: XAudio2 using '스피커(Conexant 20672 SmartAudio HD)' : 2 channels at 48 kHz using 16 bits per sample (channel mask 0x3)
[2017.08.11-01.44.18:037][  0]LogInit: FAudioDevice initialized.
[2017.08.11-01.44.18:085][  0]LogDerivedDataCache: Saved boot cache 0.05s 90MB C:/Users/정민/AppData/Local/UnrealEngine/4.16/DerivedDataCache/Boot.ddc.
[2017.08.11-01.44.18:105][  0]LogInit: Texture streaming: Enabled
[2017.08.11-01.44.18:380][  0]LogEngineSessionManager: EngineSessionManager initialized
[2017.08.11-01.44.18:989][  0]LogInit: Transaction tracking system initialized
[2017.08.11-01.44.19:858][  0]BlueprintLog: New page: 에디터 로드
[2017.08.11-01.44.22:801][  0]LocalizationService: 정보 현지화 서비스가 비활성화되었습니다.
[2017.08.11-01.44.24:895][  0]LogConsoleResponse:Display: 
[2017.08.11-01.44.25:141][  0]LogCook:Display: Max memory allowance for cook 16384mb min free memory 0mb
[2017.08.11-01.44.25:142][  0]LogCook:Display: Mobile HDR setting 1
[2017.08.11-01.44.25:314][  0]LogFileCache: Scanning file cache for directory 'C:/Users/정민/Documents/GitHub/speedy/Sample/Content/' took 0.01s
[2017.08.11-01.44.27:904][  0]SourceControl: 정보 소스 콘트롤이 꺼졌습니다.
[2017.08.11-01.44.27:904][  0]Cmd: MAP LOAD FILE="../../../../../../Users/정민/Documents/GitHub/speedy/Sample/Content/2DSideScrollerBP/Maps/2DSideScrollerExampleMap.umap" TEMPLATE=0 SHOWPROGRESS=1 FEATURELEVEL=3
[2017.08.11-01.44.27:905][  0]LightingResults: New page: 라이팅 빌드
[2017.08.11-01.44.28:016][  0]MapCheck: New page: 맵 체크
[2017.08.11-01.44.28:016][  0]LightingResults: New page: 라이팅 빌드
[2017.08.11-01.44.28:281][  0]LogAIModule: Creating AISystem for world 2DSideScrollerExampleMap
[2017.08.11-01.44.28:287][  0]LogEditorServer: Finished looking for orphan Actors (0.000 secs)
[2017.08.11-01.44.28:312][  0]Cmd: MAP CHECKDEP NOCLEARLOG
[2017.08.11-01.44.28:426][  0]MapCheck: 정보 맵 체크 완료: 오류 0 회, 경고 0 회, 소요 시간 113.952ms.
[2017.08.11-01.44.28:426][  0]LogFileHelpers: Loading map '2DSideScrollerExampleMap' took 0.522
[2017.08.11-01.44.28:485][  0]LogWindowsTextInputMethodSystem:Display: IME system now activated using TSF (Microsoft 입력기).
[2017.08.11-01.44.28:626][  0]LogCollectionManager: Loaded 0 collections in 0.002276 seconds
[2017.08.11-01.44.28:784][  0]LogFileCache: Scanning file cache for directory 'C:/Users/정민/Documents/GitHub/speedy/Sample/Saved/Collections/' took 0.01s
[2017.08.11-01.44.28:784][  0]LogFileCache: Scanning file cache for directory 'C:/Users/정민/Documents/GitHub/speedy/Sample/Content/Developers/정민/Collections/' took 0.01s
[2017.08.11-01.44.28:784][  0]LogFileCache: Scanning file cache for directory 'C:/Users/정민/Documents/GitHub/speedy/Sample/Content/Collections/' took 0.01s
[2017.08.11-01.44.28:784][  0]LogCollectionManager: Rebuilt the GUID cache for 0 collections in 0.000002 seconds
[2017.08.11-01.44.28:796][  0]LogContentBrowser: Native class hierarchy populated in 0.0112 seconds. Added 2329 classes and 491 folders.
[2017.08.11-01.44.28:967][  0]LogContentBrowser: Native class hierarchy updated for 'WidgetCarousel' in 0.0007 seconds. Added 0 classes and 0 folders.
[2017.08.11-01.44.29:044][  0]LogContentBrowser: Native class hierarchy updated for 'AddContentDialog' in 0.0007 seconds. Added 0 classes and 0 folders.
[2017.08.11-01.44.29:154][  0]LogContentBrowser: Native class hierarchy updated for 'SceneOutliner' in 0.0008 seconds. Added 1 classes and 2 folders.
[2017.08.11-01.44.29:243][  0]LogCrashTracker: Crashtracker disabled due to settings.
[2017.08.11-01.44.29:255][  0]LogSlate: Took 0.000504 seconds to synchronously load lazily loaded font '../../../Engine/Content/Slate/Fonts/Roboto-Regular.ttf' (155K)
[2017.08.11-01.44.29:265][  0]LogSlate: Took 0.006541 seconds to synchronously load lazily loaded font '../../../Engine/Content/Slate/Fonts/NanumGothic.ttf' (4243K)
[2017.08.11-01.44.29:266][  0]LogSlate: Took 0.000363 seconds to synchronously load lazily loaded font '../../../Engine/Content/Slate/Fonts/Roboto-Bold.ttf' (160K)
[2017.08.11-01.44.29:272][  0]LogSlate: Took 0.000471 seconds to synchronously load lazily loaded font '../../../Engine/Content/Editor/Slate/Fonts/FontAwesome.ttf' (139K)
[2017.08.11-01.44.29:427][  0]LogRenderer: Reallocating scene render targets to support 1004x456 NumSamples 1 (Frame:1).
[2017.08.11-01.44.29:641][  0]LogUObjectGlobals:Warning: 'Class 없음.' 오브젝트를 찾는 데 실패했습니다.
[2017.08.11-01.44.29:798][  0]LogContentBrowser: Native class hierarchy updated for 'HierarchicalLODOutliner' in 0.0008 seconds. Added 1 classes and 2 folders.
[2017.08.11-01.44.29:798][  0]LogLoad: (Engine Initialization) Total time: 39.26 seconds
[2017.08.11-01.44.29:798][  0]LogLoad: (Engine Initialization) Total Blueprint compile time: 0.17 seconds
[2017.08.11-01.44.29:798][  0]LogExternalProfiler: No external profilers were discovered.  External profiling features will not be available.
[2017.08.11-01.44.29:824][  0]LogOcInput: OculusInput pre-init called
[2017.08.11-01.44.29:824][  0]LogHMD: Starting GearVRController plugin
[2017.08.11-01.44.29:844][  0]LogContentStreaming: Texture pool size now 400 MB
[2017.08.11-01.44.29:859][  0]LogSlate: Took 0.000345 seconds to synchronously load lazily loaded font '../../../Engine/Content/Slate/Fonts/Roboto-Light.ttf' (159K)
[2017.08.11-01.44.29:883][  1]LogAssetRegistry: Asset discovery search completed in 26.2620 seconds
[2017.08.11-01.44.29:885][  1]LogCollectionManager: Rebuilt the object cache for 0 collections in 0.000001 seconds (found 0 objects)
[2017.08.11-01.44.29:885][  1]LogCollectionManager: Fixed up redirectors for 0 collections in 0.000053 seconds (updated 0 objects)
[2017.08.11-01.44.30:849][ 26]LogSlate: Took 0.000446 seconds to synchronously load lazily loaded font '../../../Engine/Content/Slate/Fonts/Roboto-Light.ttf' (159K)
[2017.08.11-01.44.45:993][264]LogWindowsTextInputMethodSystem:Display: IME system now activated using TSF (Microsoft 입력기).
[2017.08.11-01.44.46:218][265]Cmd: QUIT_EDITOR
[2017.08.11-01.44.46:261][265]LogExit: Preparing to exit.
[2017.08.11-01.44.47:518][265]LogDirectoryWatcher: A directory notification for 'C:/Users/정민/Documents/GitHub/speedy/Sample/Content/' was aborted.
[2017.08.11-01.44.47:539][265]LogExit: Editor shut down
[2017.08.11-01.44.47:544][265]LogExit: Transaction tracking system shut down
[2017.08.11-01.44.47:613][265]LogObj: Freed 0b from 0 cluster array pools.
[2017.08.11-01.44.47:614][265]LogExit: Object subsystem successfully closed.
[2017.08.11-01.44.47:631][265]LogD3D11RHI: Shutdown
[2017.08.11-01.44.47:631][265]LogD3D11RHI: CleanupD3DDevice
[2017.08.11-01.44.47:717][265]LogD3D11RHI: ~FD3D11DynamicRHI
[2017.08.11-01.44.47:759][265]LogModuleManager: Shutting down and abandoning module HierarchicalLODOutliner (524)
[2017.08.11-01.44.47:759][265]LogModuleManager: Shutting down and abandoning module CrashTracker (522)
[2017.08.11-01.44.47:759][265]LogModuleManager: Shutting down and abandoning module SceneOutliner (520)
[2017.08.11-01.44.47:759][265]LogModuleManager: Shutting down and abandoning module AddContentDialog (518)
[2017.08.11-01.44.47:759][265]LogDirectoryWatcher: A directory notification for 'C:/Program Files/Epic Games/UE_4.16/FeaturePacks/' was aborted.
[2017.08.11-01.44.47:761][265]LogModuleManager: Shutting down and abandoning module WidgetCarousel (517)
[2017.08.11-01.44.47:761][265]LogModuleManager: Shutting down and abandoning module EditorWidgets (514)
[2017.08.11-01.44.47:761][265]LogModuleManager: Shutting down and abandoning module CollectionManager (512)
[2017.08.11-01.44.47:761][265]LogDirectoryWatcher: A directory notification for 'C:/Users/정민/Documents/GitHub/speedy/Sample/Content/Collections/' was aborted.
[2017.08.11-01.44.47:761][265]LogDirectoryWatcher: A directory notification for 'C:/Users/정민/Documents/GitHub/speedy/Sample/Content/Developers/정민/Collections/' was aborted.
[2017.08.11-01.44.47:761][265]LogDirectoryWatcher: A directory notification for 'C:/Users/정민/Documents/GitHub/speedy/Sample/Saved/Collections/' was aborted.
[2017.08.11-01.44.47:761][265]LogModuleManager: Shutting down and abandoning module StatsViewer (510)
[2017.08.11-01.44.47:761][265]LogModuleManager: Shutting down and abandoning module FoliageEdit (508)
[2017.08.11-01.44.47:761][265]LogModuleManager: Shutting down and abandoning module LandscapeEditor (506)
[2017.08.11-01.44.47:762][265]LogModuleManager: Shutting down and abandoning module MeshPaintMode (504)
[2017.08.11-01.44.47:762][265]LogModuleManager: Shutting down and abandoning module SceneDepthPickerMode (502)
[2017.08.11-01.44.47:762][265]LogModuleManager: Shutting down and abandoning module ActorPickerMode (500)
[2017.08.11-01.44.47:762][265]LogModuleManager: Shutting down and abandoning module GeometryMode (498)
[2017.08.11-01.44.47:762][265]LogModuleManager: Shutting down and abandoning module TextureAlignMode (496)
[2017.08.11-01.44.47:762][265]LogModuleManager: Shutting down and abandoning module BspMode (494)
[2017.08.11-01.44.47:762][265]LogModuleManager: Shutting down and abandoning module HardwareSurvey (492)
[2017.08.11-01.44.47:762][265]LogModuleManager: Shutting down and abandoning module SequenceRecorderSections (490)
[2017.08.11-01.44.47:762][265]LogModuleManager: Shutting down and abandoning module AutomationWorker (488)
[2017.08.11-01.44.47:762][265]LogModuleManager: Shutting down and abandoning module MatineeToLevelSequence (486)
[2017.08.11-01.44.47:762][265]LogModuleManager: Shutting down and abandoning module LevelSequenceEditor (484)
[2017.08.11-01.44.47:762][265]LogModuleManager: Shutting down and abandoning module PlacementMode (483)
[2017.08.11-01.44.47:762][265]LogModuleManager: Shutting down and abandoning module WmfMediaFactory (480)
[2017.08.11-01.44.47:762][265]LogModuleManager: Shutting down and abandoning module WmfMediaEditor (478)
[2017.08.11-01.44.47:762][265]LogModuleManager: Shutting down and abandoning module AvfMediaFactory (476)
[2017.08.11-01.44.47:762][265]LogModuleManager: Shutting down and abandoning module AvfMediaEditor (474)
[2017.08.11-01.44.47:762][265]LogModuleManager: Shutting down and abandoning module AndroidMediaFactory (472)
[2017.08.11-01.44.47:762][265]LogModuleManager: Shutting down and abandoning module Media (471)
[2017.08.11-01.44.47:762][265]LogModuleManager: Shutting down and abandoning module AndroidMediaEditor (468)
[2017.08.11-01.44.47:762][265]LogModuleManager: Shutting down and abandoning module CharacterAI (466)
[2017.08.11-01.44.47:762][265]LogModuleManager: Shutting down and abandoning module AudioCapture (464)
[2017.08.11-01.44.47:762][265]LogModuleManager: Shutting down and abandoning module SequenceRecorder (463)
[2017.08.11-01.44.47:762][265]LogModuleManager: Shutting down and abandoning module SmartSnapping (460)
[2017.08.11-01.44.47:762][265]LogModuleManager: Shutting down and abandoning module SessionServices (458)
[2017.08.11-01.44.47:762][265]LogModuleManager: Shutting down and abandoning module ViewportSnapping (456)
[2017.08.11-01.44.47:762][265]LogModuleManager: Shutting down and abandoning module ViewportInteraction (454)
[2017.08.11-01.44.47:762][265]LogModuleManager: Shutting down and abandoning module ClothPainter (452)
[2017.08.11-01.44.47:762][265]LogModuleManager: Shutting down and abandoning module LogVisualizer (450)
[2017.08.11-01.44.47:762][265]LogModuleManager: Shutting down and abandoning module IntroTutorials (448)
[2017.08.11-01.44.47:762][265]LogModuleManager: Shutting down and abandoning module GameProjectGeneration (447)
[2017.08.11-01.44.47:762][265]LogModuleManager: Shutting down and abandoning module EditorLiveStreaming (444)
[2017.08.11-01.44.47:762][265]LogModuleManager: Shutting down and abandoning module IOSPlatformEditor (442)
[2017.08.11-01.44.47:762][265]LogModuleManager: Shutting down and abandoning module HTML5PlatformEditor (440)
[2017.08.11-01.44.47:762][265]LogModuleManager: Shutting down and abandoning module AndroidPlatformEditor (438)
[2017.08.11-01.44.47:763][265]LogModuleManager: Shutting down and abandoning module AndroidDeviceDetection (437)
[2017.08.11-01.44.48:723][265]LogModuleManager: Shutting down and abandoning module IOSRuntimeSettings (434)
[2017.08.11-01.44.48:723][265]LogModuleManager: Shutting down and abandoning module AndroidRuntimeSettings (432)
[2017.08.11-01.44.48:723][265]LogModuleManager: Shutting down and abandoning module InputBindingEditor (430)
[2017.08.11-01.44.48:723][265]LogModuleManager: Shutting down and abandoning module MergeActors (428)
[2017.08.11-01.44.48:723][265]LogModuleManager: Shutting down and abandoning module SizeMap (426)
[2017.08.11-01.44.48:724][265]LogModuleManager: Shutting down and abandoning module TreeMap (424)
[2017.08.11-01.44.48:724][265]LogModuleManager: Shutting down and abandoning module ReferenceViewer (422)
[2017.08.11-01.44.48:724][265]LogModuleManager: Shutting down and abandoning module LocalizationDashboard (420)
[2017.08.11-01.44.48:724][265]LogModuleManager: Shutting down and abandoning module LocalizationService (419)
[2017.08.11-01.44.48:724][265]LogModuleManager: Shutting down and abandoning module HardwareTargeting (416)
[2017.08.11-01.44.48:724][265]LogModuleManager: Shutting down and abandoning module DeviceProfileEditor (414)
[2017.08.11-01.44.48:724][265]LogModuleManager: Shutting down and abandoning module UndoHistory (412)
[2017.08.11-01.44.48:724][265]LogModuleManager: Shutting down and abandoning module UserFeedback (410)
[2017.08.11-01.44.48:724][265]LogModuleManager: Shutting down and abandoning module XmlParser (408)
[2017.08.11-01.44.48:724][265]LogModuleManager: Shutting down and abandoning module Blutility (406)
[2017.08.11-01.44.48:724][265]LogModuleManager: Shutting down and abandoning module ProjectSettingsViewer (404)
[2017.08.11-01.44.48:724][265]LogModuleManager: Shutting down and abandoning module ProjectTargetPlatformEditor (403)
[2017.08.11-01.44.48:724][265]LogModuleManager: Shutting down and abandoning module EditorSettingsViewer (400)
[2017.08.11-01.44.48:724][265]LogModuleManager: Shutting down and abandoning module SettingsEditor (398)
[2017.08.11-01.44.48:724][265]LogModuleManager: Shutting down and abandoning module ProjectLauncher (396)
[2017.08.11-01.44.48:724][265]LogModuleManager: Shutting down and abandoning module SessionFrontend (394)
[2017.08.11-01.44.48:724][265]LogModuleManager: Shutting down and abandoning module ProfilerClient (392)
[2017.08.11-01.44.48:724][265]LogModuleManager: Shutting down and abandoning module DeviceManager (390)
[2017.08.11-01.44.48:724][265]LogModuleManager: Shutting down and abandoning module TargetDeviceServices (389)
[2017.08.11-01.44.48:790][265]LogModuleManager: Shutting down and abandoning module AutomationController (386)
[2017.08.11-01.44.48:790][265]LogModuleManager: Shutting down and abandoning module AutomationWindow (384)
[2017.08.11-01.44.48:790][265]LogModuleManager: Shutting down and abandoning module Layers (382)
[2017.08.11-01.44.48:790][265]LogModuleManager: Shutting down and abandoning module ComponentVisualizers (380)
[2017.08.11-01.44.48:790][265]LogModuleManager: Shutting down and abandoning module DetailCustomizations (378)
[2017.08.11-01.44.48:790][265]LogModuleManager: Shutting down and abandoning module PackagesDialog (376)
[2017.08.11-01.44.48:790][265]LogModuleManager: Shutting down and abandoning module Persona (374)
[2017.08.11-01.44.48:790][265]LogModuleManager: Shutting down and abandoning module AdvancedPreviewScene (373)
[2017.08.11-01.44.48:790][265]LogModuleManager: Shutting down and abandoning module AnimGraph (371)
[2017.08.11-01.44.48:791][265]LogModuleManager: Shutting down and abandoning module Kismet (368)
[2017.08.11-01.44.48:791][265]LogModuleManager: Shutting down and abandoning module ClassViewer (366)
[2017.08.11-01.44.48:792][265]LogModuleManager: Shutting down and abandoning module Toolbox (364)
[2017.08.11-01.44.48:792][265]LogModuleManager: Shutting down and abandoning module ModuleUI (362)
[2017.08.11-01.44.48:792][265]LogModuleManager: Shutting down and abandoning module MovieSceneTools (360)
[2017.08.11-01.44.48:792][265]LogModuleManager: Shutting down and abandoning module OutputLog (358)
[2017.08.11-01.44.48:792][265]LogModuleManager: Shutting down and abandoning module GammaUI (356)
[2017.08.11-01.44.48:792][265]LogModuleManager: Shutting down and abandoning module Documentation (354)
[2017.08.11-01.44.48:792][265]LogModuleManager: Shutting down and abandoning module MovieSceneTracks (352)
[2017.08.11-01.44.48:792][265]LogModuleManager: Shutting down and abandoning module MovieScene (350)
[2017.08.11-01.44.48:792][265]LogModuleManager: Shutting down and abandoning module Niagara (348)
[2017.08.11-01.44.48:792][265]LogModuleManager: Shutting down and abandoning module NiagaraEditor (347)
[2017.08.11-01.44.48:792][265]LogModuleManager: Shutting down and abandoning module StreamingPauseRendering (344)
[2017.08.11-01.44.48:792][265]LogModuleManager: Shutting down and abandoning module AnalyticsET (342)
[2017.08.11-01.44.48:792][265]LogModuleManager: Shutting down and abandoning module PortalServices (340)
[2017.08.11-01.44.48:792][265]LogModuleManager: Shutting down and abandoning module PortalRpc (338)
[2017.08.11-01.44.48:792][265]LogModuleManager: Shutting down and abandoning module MessagingRpc (336)
[2017.08.11-01.44.48:792][265]LogModuleManager: Shutting down and abandoning module AIModule (334)
[2017.08.11-01.44.48:793][265]LogModuleManager: Shutting down and abandoning module GameplayDebugger (333)
[2017.08.11-01.44.48:793][265]LogModuleManager: Shutting down and abandoning module AITestSuite (331)
[2017.08.11-01.44.48:793][265]LogModuleManager: Shutting down and abandoning module ProfilerService (328)
[2017.08.11-01.44.49:005][265]LogModuleManager: Shutting down and abandoning module TaskGraph (326)
[2017.08.11-01.44.49:005][265]LogModuleManager: Shutting down and abandoning module SteamVRController (324)
[2017.08.11-01.44.49:005][265]LogModuleManager: Shutting down and abandoning module SteamVR (322)
[2017.08.11-01.44.49:005][265]LogModuleManager: Shutting down and abandoning module ProceduralMeshComponentEditor (320)
[2017.08.11-01.44.49:006][265]LogModuleManager: Shutting down and abandoning module ProceduralMeshComponent (318)
[2017.08.11-01.44.49:006][265]LogModuleManager: Shutting down and abandoning module OculusLibrary (316)
[2017.08.11-01.44.49:006][265]LogModuleManager: Shutting down and abandoning module OculusInput (314)
[2017.08.11-01.44.49:006][265]LogModuleManager: Shutting down and abandoning module MobilePatchingUtils (312)
[2017.08.11-01.44.49:006][265]LogModuleManager: Shutting down and abandoning module CustomMeshComponent (310)
[2017.08.11-01.44.49:006][265]LogModuleManager: Shutting down and abandoning module CableComponent (308)
[2017.08.11-01.44.49:006][265]LogModuleManager: Shutting down and abandoning module ArchVisCharacter (306)
[2017.08.11-01.44.49:006][265]LogModuleManager: Shutting down and abandoning module AndroidPermission (304)
[2017.08.11-01.44.49:006][265]LogModuleManager: Shutting down and abandoning module MediaPlayerEditor (300)
[2017.08.11-01.44.49:006][265]LogModuleManager: Shutting down and abandoning module HTML5Networking (298)
[2017.08.11-01.44.49:006][265]LogModuleManager: Shutting down and abandoning module AlembicImporter (296)
[2017.08.11-01.44.49:006][265]LogModuleManager: Shutting down and abandoning module AlembicLibrary (295)
[2017.08.11-01.44.49:006][265]LogModuleManager: Shutting down and abandoning module GeometryCache (294)
[2017.08.11-01.44.49:006][265]LogModuleManager: Shutting down and abandoning module GeometryCacheEd (293)
[2017.08.11-01.44.49:006][265]LogModuleManager: Shutting down and abandoning module SuperSearchEditor (288)
[2017.08.11-01.44.49:006][265]LogModuleManager: Shutting down and abandoning module SuperSearch (287)
[2017.08.11-01.44.49:006][265]LogModuleManager: Shutting down and abandoning module SpeedTreeImporter (284)
[2017.08.11-01.44.49:006][265]LogModuleManager: Shutting down and abandoning module PluginBrowser (282)
[2017.08.11-01.44.49:006][265]LogModuleManager: Shutting down and abandoning module MobileLauncherProfileWizard (280)
[2017.08.11-01.44.49:006][265]LogModuleManager: Shutting down and abandoning module VisualStudioSourceCodeAccess (278)
[2017.08.11-01.44.49:007][265]LogModuleManager: Shutting down and abandoning module DesktopPlatform (277)
[2017.08.11-01.44.49:007][265]LogModuleManager: Shutting down and abandoning module UObjectPlugin (274)
[2017.08.11-01.44.49:007][265]LogModuleManager: Shutting down and abandoning module SubversionSourceControl (272)
[2017.08.11-01.44.49:007][265]LogModuleManager: Shutting down and abandoning module PerforceSourceControl (270)
[2017.08.11-01.44.49:007][265]LogModuleManager: Shutting down and abandoning module GitSourceControl (268)
[2017.08.11-01.44.49:007][265]LogModuleManager: Shutting down and abandoning module SourceControl (267)
[2017.08.11-01.44.49:007][265]LogModuleManager: Shutting down and abandoning module LightPropagationVolumeEditor (264)
[2017.08.11-01.44.49:007][265]LogModuleManager: Shutting down and abandoning module PaperTiledImporter (262)
[2017.08.11-01.44.49:007][265]LogModuleManager: Shutting down and abandoning module PaperSpriteSheetImporter (260)
[2017.08.11-01.44.49:007][265]LogModuleManager: Shutting down and abandoning module Paper2DEditor (258)
[2017.08.11-01.44.49:007][265]LogModuleManager: Shutting down and abandoning module MeshPaint (257)
[2017.08.11-01.44.49:007][265]LogModuleManager: Shutting down and abandoning module LevelEditor (255)
[2017.08.11-01.44.49:009][265]LogModuleManager: Shutting down and abandoning module PixelInspectorModule (254)
[2017.08.11-01.44.49:009][265]LogModuleManager: Shutting down and abandoning module MainFrame (252)
[2017.08.11-01.44.49:009][265]LogModuleManager: Shutting down and abandoning module HotReload (251)
[2017.08.11-01.44.49:012][265]LogModuleManager: Shutting down and abandoning module PhysXVehiclesEditor (246)
[2017.08.11-01.44.49:012][265]LogModuleManager: Shutting down and abandoning module PhysXVehicles (244)
[2017.08.11-01.44.49:012][265]LogModuleManager: Shutting down and abandoning module LocationServicesBPLibrary (242)
[2017.08.11-01.44.49:012][265]LogModuleManager: Shutting down and abandoning module ImmediatePhysicsEditor (240)
[2017.08.11-01.44.49:012][265]LogModuleManager: Shutting down and abandoning module ImmediatePhysics (238)
[2017.08.11-01.44.49:012][265]LogModuleManager: Shutting down and abandoning module UdpMessaging (236)
[2017.08.11-01.44.49:113][265]LogModuleManager: Shutting down and abandoning module TcpMessaging (234)
[2017.08.11-01.44.49:214][265]LogModuleManager: Shutting down and abandoning module GameplayTagsEditor (232)
[2017.08.11-01.44.49:214][265]LogModuleManager: Shutting down and abandoning module FacialAnimationEditor (230)
[2017.08.11-01.44.49:214][265]LogModuleManager: Shutting down and abandoning module FacialAnimation (228)
[2017.08.11-01.44.49:214][265]LogModuleManager: Shutting down and abandoning module AssetManagerEditor (226)
[2017.08.11-01.44.49:214][265]LogModuleManager: Shutting down and abandoning module GraphEditor (225)
[2017.08.11-01.44.49:214][265]LogModuleManager: Shutting down and abandoning module ContentBrowser (223)
[2017.08.11-01.44.49:215][265]LogModuleManager: Shutting down and abandoning module LightPropagationVolumeRuntime (220)
[2017.08.11-01.44.49:215][265]LogModuleManager: Shutting down and abandoning module Paper2D (218)
[2017.08.11-01.44.49:215][265]LogModuleManager: Shutting down and abandoning module WindowsMoviePlayer (216)
[2017.08.11-01.44.49:215][265]LogModuleManager: Shutting down and abandoning module WmfMedia (214)
[2017.08.11-01.44.49:215][265]LogModuleManager: Shutting down and abandoning module ClothingSystemEditor (212)
[2017.08.11-01.44.49:215][265]LogModuleManager: Shutting down and abandoning module ClothingSystemRuntime (210)
[2017.08.11-01.44.49:215][265]LogModuleManager: Shutting down and abandoning module MediaAssets (208)
[2017.08.11-01.44.49:215][265]LogModuleManager: Shutting down and abandoning module GameLiveStreaming (206)
[2017.08.11-01.44.49:215][265]LogModuleManager: Shutting down and abandoning module VREditor (204)
[2017.08.11-01.44.49:215][265]LogModuleManager: Shutting down and abandoning module StringTableEditor (202)
[2017.08.11-01.44.49:215][265]LogModuleManager: Shutting down and abandoning module GameplayTasksEditor (200)
[2017.08.11-01.44.49:215][265]LogModuleManager: Shutting down and abandoning module BehaviorTreeEditor (198)
[2017.08.11-01.44.49:215][265]LogModuleManager: Shutting down and abandoning module FunctionalTesting (196)
[2017.08.11-01.44.49:215][265]LogModuleManager: Shutting down and abandoning module CollisionAnalyzer (194)
[2017.08.11-01.44.49:215][265]LogModuleManager: Shutting down and abandoning module UMG (192)
[2017.08.11-01.44.49:215][265]LogModuleManager: Shutting down and abandoning module UMGEditor (191)
[2017.08.11-01.44.49:215][265]LogModuleManager: Shutting down and abandoning module Sequencer (190)
[2017.08.11-01.44.49:215][265]LogModuleManager: Shutting down and abandoning module AssetTools (188)
[2017.08.11-01.44.49:215][265]LogModuleManager: Shutting down and abandoning module MessageLog (187)
[2017.08.11-01.44.49:215][265]LogModuleManager: Shutting down and abandoning module WorkspaceMenuStructure (186)
[2017.08.11-01.44.49:215][265]LogModuleManager: Shutting down and abandoning module SlateReflector (180)
[2017.08.11-01.44.49:215][265]LogModuleManager: Shutting down and abandoning module Slate (178)
[2017.08.11-01.44.49:215][265]LogModuleManager: Shutting down and abandoning module EditorStyle (176)
[2017.08.11-01.44.49:219][265]LogModuleManager: Shutting down and abandoning module SourceCodeAccess (174)
[2017.08.11-01.44.49:219][265]LogModuleManager: Shutting down and abandoning module HeadMountedDisplay (172)
[2017.08.11-01.44.49:219][265]LogModuleManager: Shutting down and abandoning module XAudio2 (170)
[2017.08.11-01.44.49:219][265]LogModuleManager: Shutting down and abandoning module Networking (168)
[2017.08.11-01.44.49:219][265]LogModuleManager: Shutting down and abandoning module Core (164)
[2017.08.11-01.44.49:219][265]LogModuleManager: Shutting down and abandoning module AssetRegistry (162)
[2017.08.11-01.44.49:472][265]LogDirectoryWatcher: A directory notification for '../../../Engine/Content/' was aborted.
[2017.08.11-01.44.49:472][265]LogDirectoryWatcher: A directory notification for '../../../../../../Users/정민/Documents/GitHub/speedy/Sample/Content/' was aborted.
[2017.08.11-01.44.49:472][265]LogDirectoryWatcher: A directory notification for '../../../Engine/Plugins/2D/Paper2D/Content/' was aborted.
[2017.08.11-01.44.49:472][265]LogDirectoryWatcher: A directory notification for '../../../Engine/Plugins/Runtime/GearVR/Content/' was aborted.
[2017.08.11-01.44.49:475][265]LogModuleManager: Shutting down and abandoning module DirectoryWatcher (161)
[2017.08.11-01.44.49:476][265]LogModuleManager: Shutting down and abandoning module KismetCompiler (158)
[2017.08.11-01.44.49:476][265]LogModuleManager: Shutting down and abandoning module LevelSequence (156)
[2017.08.11-01.44.49:476][265]LogModuleManager: Shutting down and abandoning module PhysXFormats (154)
[2017.08.11-01.44.49:476][265]LogModuleManager: Shutting down and abandoning module MeshUtilities (152)
[2017.08.11-01.44.49:476][265]LogModuleManager: Shutting down and abandoning module SimplygonSwarm (151)
[2017.08.11-01.44.49:476][265]LogModuleManager: Shutting down and abandoning module SimplygonMeshReduction (149)
[2017.08.11-01.44.49:476][265]LogModuleManager: Shutting down and abandoning module QuadricMeshReduction (147)
[2017.08.11-01.44.49:476][265]LogModuleManager: Shutting down and abandoning module DerivedDataCache (144)
[2017.08.11-01.44.49:506][265]LogDerivedDataCache: Shutdown
[2017.08.11-01.44.49:506][265]LogModuleManager: Shutting down and abandoning module TargetPlatform (142)
[2017.08.11-01.44.49:506][265]LogModuleManager: Shutting down and abandoning module VulkanShaderFormat (141)
[2017.08.11-01.44.49:506][265]LogModuleManager: Shutting down and abandoning module ShaderFormatVectorVM (139)
[2017.08.11-01.44.49:506][265]LogModuleManager: Shutting down and abandoning module ShaderFormatOpenGL (137)
[2017.08.11-01.44.49:506][265]LogModuleManager: Shutting down and abandoning module ShaderFormatD3D (135)
[2017.08.11-01.44.49:506][265]LogModuleManager: Shutting down and abandoning module MetalShaderFormat (133)
[2017.08.11-01.44.49:506][265]LogModuleManager: Shutting down and abandoning module TextureFormatUncompressed (131)
[2017.08.11-01.44.49:506][265]LogModuleManager: Shutting down and abandoning module TextureFormatPVR (129)
[2017.08.11-01.44.49:506][265]LogModuleManager: Shutting down and abandoning module TextureFormatDXT (127)
[2017.08.11-01.44.49:506][265]LogModuleManager: Shutting down and abandoning module TextureFormatIntelISPCTexComp (125)
[2017.08.11-01.44.49:507][265]LogModuleManager: Shutting down and abandoning module TextureFormatASTC (123)
[2017.08.11-01.44.49:507][265]LogModuleManager: Shutting down and abandoning module ImageWrapper (122)
[2017.08.11-01.44.49:507][265]LogModuleManager: Shutting down and abandoning module TextureFormatAndroid (119)
[2017.08.11-01.44.49:507][265]LogModuleManager: Shutting down and abandoning module AudioFormatOpus (117)
[2017.08.11-01.44.49:507][265]LogModuleManager: Shutting down and abandoning module AudioFormatOgg (115)
[2017.08.11-01.44.49:507][265]LogModuleManager: Shutting down and abandoning module AudioFormatADPCM (113)
[2017.08.11-01.44.49:507][265]LogModuleManager: Shutting down and abandoning module LinuxTargetPlatform (111)
[2017.08.11-01.44.49:507][265]LogModuleManager: Shutting down and abandoning module LinuxServerTargetPlatform (109)
[2017.08.11-01.44.49:507][265]LogModuleManager: Shutting down and abandoning module LinuxNoEditorTargetPlatform (107)
[2017.08.11-01.44.49:507][265]LogModuleManager: Shutting down and abandoning module LinuxClientTargetPlatform (105)
[2017.08.11-01.44.49:507][265]LogModuleManager: Shutting down and abandoning module TVOSTargetPlatform (103)
[2017.08.11-01.44.49:507][265]LogModuleManager: Shutting down and abandoning module Messaging (101)
[2017.08.11-01.44.49:507][265]LogModuleManager: Shutting down and abandoning module IOSTargetPlatform (99)
[2017.08.11-01.44.49:507][265]LogModuleManager: Shutting down and abandoning module HTML5TargetPlatform (97)
[2017.08.11-01.44.49:507][265]LogModuleManager: Shutting down and abandoning module Android_PVRTCTargetPlatform (95)
[2017.08.11-01.44.49:507][265]LogModuleManager: Shutting down and abandoning module Android_MultiTargetPlatform (93)
[2017.08.11-01.44.49:507][265]LogModuleManager: Shutting down and abandoning module Android_ETC2TargetPlatform (91)
[2017.08.11-01.44.49:507][265]LogModuleManager: Shutting down and abandoning module Android_ETC1TargetPlatform (89)
[2017.08.11-01.44.49:507][265]LogModuleManager: Shutting down and abandoning module Android_DXTTargetPlatform (87)
[2017.08.11-01.44.49:507][265]LogModuleManager: Shutting down and abandoning module Android_ATCTargetPlatform (85)
[2017.08.11-01.44.49:507][265]LogModuleManager: Shutting down and abandoning module Android_ASTCTargetPlatform (83)
[2017.08.11-01.44.49:507][265]LogModuleManager: Shutting down and abandoning module AndroidTargetPlatform (81)
[2017.08.11-01.44.49:507][265]LogModuleManager: Shutting down and abandoning module WindowsTargetPlatform (79)
[2017.08.11-01.44.49:507][265]LogModuleManager: Shutting down and abandoning module WindowsServerTargetPlatform (77)
[2017.08.11-01.44.49:507][265]LogModuleManager: Shutting down and abandoning module WindowsNoEditorTargetPlatform (75)
[2017.08.11-01.44.49:507][265]LogModuleManager: Shutting down and abandoning module WindowsClientTargetPlatform (73)
[2017.08.11-01.44.49:507][265]LogModuleManager: Shutting down and abandoning module MacTargetPlatform (71)
[2017.08.11-01.44.49:507][265]LogModuleManager: Shutting down and abandoning module MacServerTargetPlatform (69)
[2017.08.11-01.44.49:507][265]LogModuleManager: Shutting down and abandoning module MacNoEditorTargetPlatform (67)
[2017.08.11-01.44.49:507][265]LogModuleManager: Shutting down and abandoning module MacClientTargetPlatform (65)
[2017.08.11-01.44.49:507][265]LogModuleManager: Shutting down and abandoning module AllDesktopTargetPlatform (63)
[2017.08.11-01.44.49:507][265]LogModuleManager: Shutting down and abandoning module InputCore (60)
[2017.08.11-01.44.49:507][265]LogModuleManager: Shutting down and abandoning module Settings (58)
[2017.08.11-01.44.49:507][265]LogModuleManager: Shutting down and abandoning module OculusRift (56)
[2017.08.11-01.44.49:507][265]LogModuleManager: Shutting down and abandoning module GearVRController (54)
[2017.08.11-01.44.49:507][265]LogModuleManager: Shutting down and abandoning module GearVR (52)
[2017.08.11-01.44.49:507][265]LogModuleManager: Shutting down and abandoning module ExampleDeviceProfileSelector (50)
[2017.08.11-01.44.49:507][265]LogModuleManager: Shutting down and abandoning module OnlineBlueprintSupport (48)
[2017.08.11-01.44.49:507][265]LogModuleManager: Shutting down and abandoning module OnlineSubsystem (44)
[2017.08.11-01.44.49:507][265]LogOnline:Display: Unloading online subsystem: NULL
[2017.08.11-01.44.49:507][265]LogModuleManager: Shutting down and abandoning module XMPP (43)
[2017.08.11-01.44.49:507][265]LogModuleManager: Shutting down and abandoning module HTTP (41)
[2017.08.11-01.44.49:507][265]LogHttp:Display: Http module shutting down, but needs to wait on 1 outstanding Http requests:
[2017.08.11-01.44.49:507][265]LogHttp:Display: 	verb=[POST] url=[https://datarouter.ol.epicgames.com/datarouter/api/v1/public/data?SessionID=%7BBF7358F8-4FE2-CC36-853C-17A0EC5F9CAF%7D&AppID=UEEditor.Rocket.Release&AppVersion=4.16.3-3561208%2B%2B%2BUE4%2BRelease-4.16&UserID=089b014d460af958650594a557e0de25%7C3713465ee2194eb6a1ad9798978b117a%7C0b409157-fe8c-49ed-91b6-c90b76a256c2&AppEnvironment=datacollector-binary&UploadType=eteventstream] status=Processing
[2017.08.11-01.44.49:512][265]LogModuleManager: Shutting down and abandoning module SSL (40)
[2017.08.11-01.44.49:514][265]LogModuleManager: Shutting down and abandoning module HTTPChunkInstaller (36)
[2017.08.11-01.44.49:514][265]LogModuleManager: Shutting down and abandoning module AnimationModifiers (34)
[2017.08.11-01.44.49:514][265]LogModuleManager: Shutting down and abandoning module PropertyEditor (33)
[2017.08.11-01.44.49:514][265]LogModuleManager: Shutting down and abandoning module AudioEditor (30)
[2017.08.11-01.44.49:514][265]LogModuleManager: Shutting down and abandoning module TextureCompressor (28)
[2017.08.11-01.44.49:514][265]LogModuleManager: Shutting down and abandoning module ShaderCore (26)
[2017.08.11-01.44.49:514][265]LogModuleManager: Shutting down and abandoning module Landscape (24)
[2017.08.11-01.44.49:514][265]LogModuleManager: Shutting down and abandoning module SlateRHIRenderer (22)
[2017.08.11-01.44.49:516][265]LogModuleManager: Shutting down and abandoning module OpenGLDrv (20)
[2017.08.11-01.44.49:516][265]LogModuleManager: Shutting down and abandoning module D3D11RHI (18)
[2017.08.11-01.44.49:516][265]LogModuleManager: Shutting down and abandoning module AnimGraphRuntime (16)
[2017.08.11-01.44.49:516][265]LogModuleManager: Shutting down and abandoning module Renderer (14)
[2017.08.11-01.44.49:516][265]LogModuleManager: Shutting down and abandoning module Engine (12)
[2017.08.11-01.44.49:516][265]LogModuleManager: Shutting down and abandoning module CoreUObject (10)
[2017.08.11-01.44.49:516][265]LogModuleManager: Shutting down and abandoning module NetworkFile (8)
[2017.08.11-01.44.49:516][265]LogModuleManager: Shutting down and abandoning module StreamingFile (6)
[2017.08.11-01.44.49:516][265]LogModuleManager: Shutting down and abandoning module SandboxFile (4)
[2017.08.11-01.44.49:516][265]LogModuleManager: Shutting down and abandoning module PakFile (2)
[2017.08.11-01.44.49:517][265]LogExit: Exiting.
[2017.08.11-01.44.49:526][265]Log file closed, 08/11/17 10:44:49
>>>>>>> bdb4c0fd5bacf2e02ee0ec90022a2ed5dd5827f0
